[0.018s] Invoking command in '/home/tribble/me696_2/build/turtlebot3_msgs': /usr/bin/cmake /home/tribble/me696_2/turtlebot3_drlnav/src/turtlebot3_msgs -DCMAKE_INSTALL_PREFIX=/home/tribble/me696_2/install/turtlebot3_msgs
[0.049s] -- The C compiler identification is GNU 9.4.0
[0.118s] -- The CXX compiler identification is GNU 9.4.0
[0.123s] -- Check for working C compiler: /usr/bin/cc
[0.184s] -- Check for working C compiler: /usr/bin/cc -- works
[0.185s] -- Detecting C compiler ABI info
[0.244s] -- Detecting C compiler ABI info - done
[0.252s] -- Detecting C compile features
[0.254s] -- Detecting C compile features - done
[0.254s] -- Check for working CXX compiler: /usr/bin/c++
[0.341s] -- Check for working CXX compiler: /usr/bin/c++ -- works
[0.341s] -- Detecting CXX compiler ABI info
[0.417s] -- Detecting CXX compiler ABI info - done
[0.425s] -- Detecting CXX compile features
[0.426s] -- Detecting CXX compile features - done
[0.433s] CMake Error at CMakeLists.txt:18 (find_package):
[0.433s]   By not providing "Findaction_msgs.cmake" in CMAKE_MODULE_PATH this project
[0.433s]   has asked CMake to find a package configuration file provided by
[0.433s]   "action_msgs", but CMake did not find one.
[0.433s] 
[0.433s]   Could not find a package configuration file provided by "action_msgs" with
[0.433s]   any of the following names:
[0.433s] 
[0.433s]     action_msgsConfig.cmake
[0.433s]     action_msgs-config.cmake
[0.433s] 
[0.433s]   Add the installation prefix of "action_msgs" to CMAKE_PREFIX_PATH or set
[0.434s]   "action_msgs_DIR" to a directory containing one of the above files.  If
[0.434s]   "action_msgs" provides a separate development package or SDK, be sure it
[0.434s]   has been installed.
[0.434s] 
[0.434s] 
[0.434s] -- Configuring incomplete, errors occurred!
[0.434s] See also "/home/tribble/me696_2/build/turtlebot3_msgs/CMakeFiles/CMakeOutput.log".
[0.437s] Invoked command in '/home/tribble/me696_2/build/turtlebot3_msgs' returned '1': /usr/bin/cmake /home/tribble/me696_2/turtlebot3_drlnav/src/turtlebot3_msgs -DCMAKE_INSTALL_PREFIX=/home/tribble/me696_2/install/turtlebot3_msgs
