[0.024s] Invoking command in '/home/tribble/me696_2/build/turtlebot3_gazebo': /usr/bin/cmake /home/tribble/me696_2/src/turtlebot3_drlnav/src/turtlebot3_simulations/turtlebot3_gazebo -DCMAKE_INSTALL_PREFIX=/home/tribble/me696_2/install/turtlebot3_gazebo
[0.063s] -- The C compiler identification is GNU 9.4.0
[0.089s] -- The CXX compiler identification is GNU 9.4.0
[0.091s] -- Check for working C compiler: /usr/bin/cc
[0.133s] -- Check for working C compiler: /usr/bin/cc -- works
[0.133s] -- Detecting C compiler ABI info
[0.168s] -- Detecting C compiler ABI info - done
[0.174s] -- Detecting C compile features
[0.174s] -- Detecting C compile features - done
[0.175s] -- Check for working CXX compiler: /usr/bin/c++
[0.216s] -- Check for working CXX compiler: /usr/bin/c++ -- works
[0.217s] -- Detecting CXX compiler ABI info
[0.259s] -- Detecting CXX compiler ABI info - done
[0.265s] -- Detecting CXX compile features
[0.265s] -- Detecting CXX compile features - done
[0.271s] CMake Error at CMakeLists.txt:22 (find_package):
[0.271s]   By not providing "Findament_cmake.cmake" in CMAKE_MODULE_PATH this project
[0.271s]   has asked CMake to find a package configuration file provided by
[0.271s]   "ament_cmake", but CMake did not find one.
[0.271s] 
[0.271s]   Could not find a package configuration file provided by "ament_cmake" with
[0.271s]   any of the following names:
[0.271s] 
[0.271s]     ament_cmakeConfig.cmake
[0.271s]     ament_cmake-config.cmake
[0.271s] 
[0.271s]   Add the installation prefix of "ament_cmake" to CMAKE_PREFIX_PATH or set
[0.271s]   "ament_cmake_DIR" to a directory containing one of the above files.  If
[0.271s]   "ament_cmake" provides a separate development package or SDK, be sure it
[0.271s]   has been installed.
[0.272s] 
[0.272s] 
[0.272s] -- Configuring incomplete, errors occurred!
[0.272s] See also "/home/tribble/me696_2/build/turtlebot3_gazebo/CMakeFiles/CMakeOutput.log".
