[0.186s] DEBUG:colcon:Command line arguments: ['/usr/bin/colcon', 'build']
[0.186s] DEBUG:colcon:Parsed command line arguments: Namespace(allow_overriding=[], ament_cmake_args=None, base_paths=['.'], build_base='build', catkin_cmake_args=None, catkin_skip_building_tests=False, cmake_args=None, cmake_clean_cache=False, cmake_clean_first=False, cmake_force_configure=False, cmake_target=None, cmake_target_skip_unavailable=False, continue_on_error=False, event_handlers=None, executor='parallel', ignore_user_meta=False, install_base='install', log_base=None, log_level=None, main=<bound method BuildVerb.main of <colcon_core.verb.build.BuildVerb object at 0x7f11d81e7310>>, merge_install=False, metas=['./colcon.meta'], packages_above=None, packages_above_and_dependencies=None, packages_above_depth=None, packages_end=None, packages_ignore=None, packages_ignore_regex=None, packages_select=None, packages_select_build_failed=False, packages_select_by_dep=None, packages_select_regex=None, packages_select_test_failures=False, packages_skip=None, packages_skip_build_finished=False, packages_skip_by_dep=None, packages_skip_regex=None, packages_skip_test_passed=False, packages_skip_up_to=None, packages_start=None, packages_up_to=None, packages_up_to_regex=None, parallel_workers=2, paths=None, symlink_install=False, test_result_base=None, verb_extension=<colcon_core.verb.build.BuildVerb object at 0x7f11d81e7310>, verb_name='build', verb_parser=<colcon_defaults.argument_parser.defaults.DefaultArgumentsDecorator object at 0x7f11d81e7850>)
[0.212s] Level 1:colcon.colcon_core.package_discovery:discover_packages(colcon_meta) check parameters
[0.212s] Level 1:colcon.colcon_core.package_discovery:discover_packages(recursive) check parameters
[0.212s] Level 1:colcon.colcon_core.package_discovery:discover_packages(ignore) check parameters
[0.212s] Level 1:colcon.colcon_core.package_discovery:discover_packages(path) check parameters
[0.212s] Level 1:colcon.colcon_core.package_discovery:discover_packages(colcon_meta) discover
[0.212s] Level 1:colcon.colcon_core.package_discovery:discover_packages(recursive) discover
[0.212s] INFO:colcon.colcon_core.package_discovery:Crawling recursively for packages in '/home/tribble/me696/ros2_ws/src/me696_hh2_ws'
[0.212s] Level 1:colcon.colcon_core.package_identification:_identify(.) by extensions ['ignore', 'ignore_ament_install']
[0.212s] Level 1:colcon.colcon_core.package_identification:_identify(.) by extension 'ignore'
[0.212s] Level 1:colcon.colcon_core.package_identification:_identify(.) by extension 'ignore_ament_install'
[0.212s] Level 1:colcon.colcon_core.package_identification:_identify(.) by extensions ['colcon_pkg']
[0.212s] Level 1:colcon.colcon_core.package_identification:_identify(.) by extension 'colcon_pkg'
[0.212s] Level 1:colcon.colcon_core.package_identification:_identify(.) by extensions ['colcon_meta']
[0.212s] Level 1:colcon.colcon_core.package_identification:_identify(.) by extension 'colcon_meta'
[0.212s] Level 1:colcon.colcon_core.package_identification:_identify(.) by extensions ['ros']
[0.212s] Level 1:colcon.colcon_core.package_identification:_identify(.) by extension 'ros'
[0.224s] Level 1:colcon.colcon_core.package_identification:_identify(.) by extensions ['cmake', 'python']
[0.224s] Level 1:colcon.colcon_core.package_identification:_identify(.) by extension 'cmake'
[0.224s] Level 1:colcon.colcon_core.package_identification:_identify(.) by extension 'python'
[0.224s] Level 1:colcon.colcon_core.package_identification:_identify(.) by extensions ['python_setup_py']
[0.224s] Level 1:colcon.colcon_core.package_identification:_identify(.) by extension 'python_setup_py'
[0.224s] Level 1:colcon.colcon_core.package_identification:_identify(build) by extensions ['ignore', 'ignore_ament_install']
[0.224s] Level 1:colcon.colcon_core.package_identification:_identify(build) by extension 'ignore'
[0.224s] Level 1:colcon.colcon_core.package_identification:_identify(build) ignored
[0.224s] Level 1:colcon.colcon_core.package_identification:_identify(holmes_nav) by extensions ['ignore', 'ignore_ament_install']
[0.225s] Level 1:colcon.colcon_core.package_identification:_identify(holmes_nav) by extension 'ignore'
[0.225s] Level 1:colcon.colcon_core.package_identification:_identify(holmes_nav) by extension 'ignore_ament_install'
[0.225s] Level 1:colcon.colcon_core.package_identification:_identify(holmes_nav) by extensions ['colcon_pkg']
[0.225s] Level 1:colcon.colcon_core.package_identification:_identify(holmes_nav) by extension 'colcon_pkg'
[0.225s] Level 1:colcon.colcon_core.package_identification:_identify(holmes_nav) by extensions ['colcon_meta']
[0.225s] Level 1:colcon.colcon_core.package_identification:_identify(holmes_nav) by extension 'colcon_meta'
[0.225s] Level 1:colcon.colcon_core.package_identification:_identify(holmes_nav) by extensions ['ros']
[0.225s] Level 1:colcon.colcon_core.package_identification:_identify(holmes_nav) by extension 'ros'
[0.227s] DEBUG:colcon.colcon_core.package_identification:Package 'holmes_nav' with type 'ros.ament_python' and name 'holmes_nav'
[0.227s] Level 1:colcon.colcon_core.package_identification:_identify(install) by extensions ['ignore', 'ignore_ament_install']
[0.227s] Level 1:colcon.colcon_core.package_identification:_identify(install) by extension 'ignore'
[0.227s] Level 1:colcon.colcon_core.package_identification:_identify(install) ignored
[0.227s] Level 1:colcon.colcon_core.package_identification:_identify(log) by extensions ['ignore', 'ignore_ament_install']
[0.227s] Level 1:colcon.colcon_core.package_identification:_identify(log) by extension 'ignore'
[0.227s] Level 1:colcon.colcon_core.package_identification:_identify(log) ignored
[0.227s] Level 1:colcon.colcon_core.package_identification:_identify(sample_maps) by extensions ['ignore', 'ignore_ament_install']
[0.227s] Level 1:colcon.colcon_core.package_identification:_identify(sample_maps) by extension 'ignore'
[0.227s] Level 1:colcon.colcon_core.package_identification:_identify(sample_maps) by extension 'ignore_ament_install'
[0.227s] Level 1:colcon.colcon_core.package_identification:_identify(sample_maps) by extensions ['colcon_pkg']
[0.227s] Level 1:colcon.colcon_core.package_identification:_identify(sample_maps) by extension 'colcon_pkg'
[0.227s] Level 1:colcon.colcon_core.package_identification:_identify(sample_maps) by extensions ['colcon_meta']
[0.227s] Level 1:colcon.colcon_core.package_identification:_identify(sample_maps) by extension 'colcon_meta'
[0.227s] Level 1:colcon.colcon_core.package_identification:_identify(sample_maps) by extensions ['ros']
[0.227s] Level 1:colcon.colcon_core.package_identification:_identify(sample_maps) by extension 'ros'
[0.227s] DEBUG:colcon.colcon_core.package_identification:Package 'sample_maps' with type 'ros.ament_python' and name 'sample_maps'
[0.227s] Level 1:colcon.colcon_core.package_discovery:discover_packages(recursive) using defaults
[0.227s] Level 1:colcon.colcon_core.package_discovery:discover_packages(ignore) discover
[0.227s] Level 1:colcon.colcon_core.package_discovery:discover_packages(ignore) using defaults
[0.227s] Level 1:colcon.colcon_core.package_discovery:discover_packages(path) discover
[0.227s] Level 1:colcon.colcon_core.package_discovery:discover_packages(path) using defaults
[0.242s] Level 1:colcon.colcon_core.package_discovery:discover_packages(prefix_path) check parameters
[0.242s] Level 1:colcon.colcon_core.package_discovery:discover_packages(prefix_path) discover
[0.245s] DEBUG:colcon.colcon_installed_package_information.package_discovery:Found 2 installed packages in /home/tribble/me696/ros2_ws/install
[0.245s] DEBUG:colcon.colcon_installed_package_information.package_discovery:Found 4 installed packages in /home/tribble/me696/ros2_ws/src/install
[0.246s] DEBUG:colcon.colcon_installed_package_information.package_discovery:Found 317 installed packages in /opt/ros/foxy
[0.247s] Level 1:colcon.colcon_core.package_discovery:discover_packages(prefix_path) using defaults
[0.293s] Level 5:colcon.colcon_core.verb:set package 'holmes_nav' build argument 'cmake_args' from command line to 'None'
[0.293s] Level 5:colcon.colcon_core.verb:set package 'holmes_nav' build argument 'cmake_target' from command line to 'None'
[0.293s] Level 5:colcon.colcon_core.verb:set package 'holmes_nav' build argument 'cmake_target_skip_unavailable' from command line to 'False'
[0.293s] Level 5:colcon.colcon_core.verb:set package 'holmes_nav' build argument 'cmake_clean_cache' from command line to 'False'
[0.293s] Level 5:colcon.colcon_core.verb:set package 'holmes_nav' build argument 'cmake_clean_first' from command line to 'False'
[0.293s] Level 5:colcon.colcon_core.verb:set package 'holmes_nav' build argument 'cmake_force_configure' from command line to 'False'
[0.293s] Level 5:colcon.colcon_core.verb:set package 'holmes_nav' build argument 'ament_cmake_args' from command line to 'None'
[0.293s] Level 5:colcon.colcon_core.verb:set package 'holmes_nav' build argument 'catkin_cmake_args' from command line to 'None'
[0.293s] Level 5:colcon.colcon_core.verb:set package 'holmes_nav' build argument 'catkin_skip_building_tests' from command line to 'False'
[0.293s] DEBUG:colcon.colcon_core.verb:Building package 'holmes_nav' with the following arguments: {'ament_cmake_args': None, 'build_base': '/home/tribble/me696/ros2_ws/src/me696_hh2_ws/build/holmes_nav', 'catkin_cmake_args': None, 'catkin_skip_building_tests': False, 'cmake_args': None, 'cmake_clean_cache': False, 'cmake_clean_first': False, 'cmake_force_configure': False, 'cmake_target': None, 'cmake_target_skip_unavailable': False, 'install_base': '/home/tribble/me696/ros2_ws/src/me696_hh2_ws/install/holmes_nav', 'merge_install': False, 'path': '/home/tribble/me696/ros2_ws/src/me696_hh2_ws/holmes_nav', 'symlink_install': False, 'test_result_base': None}
[0.294s] Level 5:colcon.colcon_core.verb:set package 'sample_maps' build argument 'cmake_args' from command line to 'None'
[0.294s] Level 5:colcon.colcon_core.verb:set package 'sample_maps' build argument 'cmake_target' from command line to 'None'
[0.294s] Level 5:colcon.colcon_core.verb:set package 'sample_maps' build argument 'cmake_target_skip_unavailable' from command line to 'False'
[0.294s] Level 5:colcon.colcon_core.verb:set package 'sample_maps' build argument 'cmake_clean_cache' from command line to 'False'
[0.294s] Level 5:colcon.colcon_core.verb:set package 'sample_maps' build argument 'cmake_clean_first' from command line to 'False'
[0.294s] Level 5:colcon.colcon_core.verb:set package 'sample_maps' build argument 'cmake_force_configure' from command line to 'False'
[0.294s] Level 5:colcon.colcon_core.verb:set package 'sample_maps' build argument 'ament_cmake_args' from command line to 'None'
[0.294s] Level 5:colcon.colcon_core.verb:set package 'sample_maps' build argument 'catkin_cmake_args' from command line to 'None'
[0.294s] Level 5:colcon.colcon_core.verb:set package 'sample_maps' build argument 'catkin_skip_building_tests' from command line to 'False'
[0.294s] DEBUG:colcon.colcon_core.verb:Building package 'sample_maps' with the following arguments: {'ament_cmake_args': None, 'build_base': '/home/tribble/me696/ros2_ws/src/me696_hh2_ws/build/sample_maps', 'catkin_cmake_args': None, 'catkin_skip_building_tests': False, 'cmake_args': None, 'cmake_clean_cache': False, 'cmake_clean_first': False, 'cmake_force_configure': False, 'cmake_target': None, 'cmake_target_skip_unavailable': False, 'install_base': '/home/tribble/me696/ros2_ws/src/me696_hh2_ws/install/sample_maps', 'merge_install': False, 'path': '/home/tribble/me696/ros2_ws/src/me696_hh2_ws/sample_maps', 'symlink_install': False, 'test_result_base': None}
[0.294s] INFO:colcon.colcon_core.executor:Executing jobs using 'parallel' executor
[0.296s] DEBUG:colcon.colcon_parallel_executor.executor.parallel:run_until_complete
[0.296s] INFO:colcon.colcon_ros.task.ament_python.build:Building ROS package in '/home/tribble/me696/ros2_ws/src/me696_hh2_ws/holmes_nav' with build type 'ament_python'
[0.296s] Level 1:colcon.colcon_core.shell:create_environment_hook('holmes_nav', 'ament_prefix_path')
[0.301s] INFO:colcon.colcon_core.plugin_system:Skipping extension 'colcon_core.shell.bat': Not used on non-Windows systems
[0.301s] INFO:colcon.colcon_core.shell:Creating environment hook '/home/tribble/me696/ros2_ws/src/me696_hh2_ws/install/holmes_nav/share/holmes_nav/hook/ament_prefix_path.ps1'
[0.302s] INFO:colcon.colcon_core.shell:Creating environment descriptor '/home/tribble/me696/ros2_ws/src/me696_hh2_ws/install/holmes_nav/share/holmes_nav/hook/ament_prefix_path.dsv'
[0.302s] INFO:colcon.colcon_core.shell:Creating environment hook '/home/tribble/me696/ros2_ws/src/me696_hh2_ws/install/holmes_nav/share/holmes_nav/hook/ament_prefix_path.sh'
[0.303s] INFO:colcon.colcon_core.shell:Skip shell extension 'powershell' for command environment: Not usable outside of PowerShell
[0.303s] DEBUG:colcon.colcon_core.shell:Skip shell extension 'dsv' for command environment
[0.308s] INFO:colcon.colcon_ros.task.ament_python.build:Building ROS package in '/home/tribble/me696/ros2_ws/src/me696_hh2_ws/sample_maps' with build type 'ament_python'
[0.308s] Level 1:colcon.colcon_core.shell:create_environment_hook('sample_maps', 'ament_prefix_path')
[0.308s] INFO:colcon.colcon_core.shell:Creating environment hook '/home/tribble/me696/ros2_ws/src/me696_hh2_ws/install/sample_maps/share/sample_maps/hook/ament_prefix_path.ps1'
[0.309s] INFO:colcon.colcon_core.shell:Creating environment descriptor '/home/tribble/me696/ros2_ws/src/me696_hh2_ws/install/sample_maps/share/sample_maps/hook/ament_prefix_path.dsv'
[0.310s] INFO:colcon.colcon_core.shell:Creating environment hook '/home/tribble/me696/ros2_ws/src/me696_hh2_ws/install/sample_maps/share/sample_maps/hook/ament_prefix_path.sh'
[0.311s] INFO:colcon.colcon_core.shell:Skip shell extension 'powershell' for command environment: Not usable outside of PowerShell
[0.311s] DEBUG:colcon.colcon_core.shell:Skip shell extension 'dsv' for command environment
[0.439s] INFO:colcon.colcon_core.task.python.build:Building Python package in '/home/tribble/me696/ros2_ws/src/me696_hh2_ws/holmes_nav'
[0.440s] INFO:colcon.colcon_core.shell:Skip shell extension 'powershell' for command environment: Not usable outside of PowerShell
[0.440s] DEBUG:colcon.colcon_core.shell:Skip shell extension 'dsv' for command environment
[0.555s] INFO:colcon.colcon_core.task.python.build:Building Python package in '/home/tribble/me696/ros2_ws/src/me696_hh2_ws/sample_maps'
[0.556s] INFO:colcon.colcon_core.shell:Skip shell extension 'powershell' for command environment: Not usable outside of PowerShell
[0.556s] DEBUG:colcon.colcon_core.shell:Skip shell extension 'dsv' for command environment
[0.812s] DEBUG:colcon.colcon_core.event_handler.log_command:Invoking command in '/home/tribble/me696/ros2_ws/src/me696_hh2_ws/holmes_nav': PYTHONPATH=/home/tribble/me696/ros2_ws/src/me696_hh2_ws/build/holmes_nav/prefix_override:/home/tribble/me696/ros2_ws/src/me696_hh2_ws/install/holmes_nav/lib/python3.8/site-packages:${PYTHONPATH} /usr/bin/python3 setup.py egg_info --egg-base ../build/holmes_nav build --build-base /home/tribble/me696/ros2_ws/src/me696_hh2_ws/build/holmes_nav/build install --record /home/tribble/me696/ros2_ws/src/me696_hh2_ws/build/holmes_nav/install.log --install-scripts $base/lib/holmes_nav --single-version-externally-managed
[0.817s] DEBUG:colcon.colcon_core.event_handler.log_command:Invoking command in '/home/tribble/me696/ros2_ws/src/me696_hh2_ws/sample_maps': PYTHONPATH=/home/tribble/me696/ros2_ws/src/me696_hh2_ws/build/sample_maps/prefix_override:/home/tribble/me696/ros2_ws/src/me696_hh2_ws/install/sample_maps/lib/python3.8/site-packages:${PYTHONPATH} /usr/bin/python3 setup.py egg_info --egg-base ../build/sample_maps build --build-base /home/tribble/me696/ros2_ws/src/me696_hh2_ws/build/sample_maps/build install --record /home/tribble/me696/ros2_ws/src/me696_hh2_ws/build/sample_maps/install.log --install-scripts $base/lib/sample_maps --single-version-externally-managed
[0.971s] DEBUG:colcon.colcon_core.event_handler.log_command:Invoked command in '/home/tribble/me696/ros2_ws/src/me696_hh2_ws/holmes_nav' returned '0': PYTHONPATH=/home/tribble/me696/ros2_ws/src/me696_hh2_ws/build/holmes_nav/prefix_override:/home/tribble/me696/ros2_ws/src/me696_hh2_ws/install/holmes_nav/lib/python3.8/site-packages:${PYTHONPATH} /usr/bin/python3 setup.py egg_info --egg-base ../build/holmes_nav build --build-base /home/tribble/me696/ros2_ws/src/me696_hh2_ws/build/holmes_nav/build install --record /home/tribble/me696/ros2_ws/src/me696_hh2_ws/build/holmes_nav/install.log --install-scripts $base/lib/holmes_nav --single-version-externally-managed
[0.976s] Level 1:colcon.colcon_core.environment:checking '/home/tribble/me696/ros2_ws/src/me696_hh2_ws/install/holmes_nav' for CMake module files
[0.976s] Level 1:colcon.colcon_core.environment:checking '/home/tribble/me696/ros2_ws/src/me696_hh2_ws/install/holmes_nav' for CMake config files
[0.977s] Level 1:colcon.colcon_core.environment:checking '/home/tribble/me696/ros2_ws/src/me696_hh2_ws/install/holmes_nav/lib'
[0.977s] Level 1:colcon.colcon_core.environment:checking '/home/tribble/me696/ros2_ws/src/me696_hh2_ws/install/holmes_nav/bin'
[0.977s] Level 1:colcon.colcon_core.environment:checking '/home/tribble/me696/ros2_ws/src/me696_hh2_ws/install/holmes_nav/lib/pkgconfig/holmes_nav.pc'
[0.977s] Level 1:colcon.colcon_core.environment:checking '/home/tribble/me696/ros2_ws/src/me696_hh2_ws/install/holmes_nav/lib/python3.8/site-packages'
[0.977s] Level 1:colcon.colcon_core.shell:create_environment_hook('holmes_nav', 'pythonpath')
[0.978s] INFO:colcon.colcon_core.shell:Creating environment hook '/home/tribble/me696/ros2_ws/src/me696_hh2_ws/install/holmes_nav/share/holmes_nav/hook/pythonpath.ps1'
[0.978s] INFO:colcon.colcon_core.shell:Creating environment descriptor '/home/tribble/me696/ros2_ws/src/me696_hh2_ws/install/holmes_nav/share/holmes_nav/hook/pythonpath.dsv'
[0.978s] INFO:colcon.colcon_core.shell:Creating environment hook '/home/tribble/me696/ros2_ws/src/me696_hh2_ws/install/holmes_nav/share/holmes_nav/hook/pythonpath.sh'
[0.979s] Level 1:colcon.colcon_core.environment:checking '/home/tribble/me696/ros2_ws/src/me696_hh2_ws/install/holmes_nav/bin'
[0.979s] Level 1:colcon.colcon_core.environment:create_environment_scripts_only(holmes_nav)
[0.979s] INFO:colcon.colcon_core.shell:Creating package script '/home/tribble/me696/ros2_ws/src/me696_hh2_ws/install/holmes_nav/share/holmes_nav/package.ps1'
[0.980s] INFO:colcon.colcon_core.shell:Creating package descriptor '/home/tribble/me696/ros2_ws/src/me696_hh2_ws/install/holmes_nav/share/holmes_nav/package.dsv'
[0.980s] INFO:colcon.colcon_core.shell:Creating package script '/home/tribble/me696/ros2_ws/src/me696_hh2_ws/install/holmes_nav/share/holmes_nav/package.sh'
[0.981s] INFO:colcon.colcon_core.shell:Creating package script '/home/tribble/me696/ros2_ws/src/me696_hh2_ws/install/holmes_nav/share/holmes_nav/package.bash'
[0.981s] INFO:colcon.colcon_core.shell:Creating package script '/home/tribble/me696/ros2_ws/src/me696_hh2_ws/install/holmes_nav/share/holmes_nav/package.zsh'
[0.982s] Level 1:colcon.colcon_core.environment:create_file_with_runtime_dependencies(/home/tribble/me696/ros2_ws/src/me696_hh2_ws/install/holmes_nav/share/colcon-core/packages/holmes_nav)
[0.984s] Level 1:colcon.colcon_core.environment:checking '/home/tribble/me696/ros2_ws/src/me696_hh2_ws/install/sample_maps' for CMake module files
[0.984s] DEBUG:colcon.colcon_core.event_handler.log_command:Invoked command in '/home/tribble/me696/ros2_ws/src/me696_hh2_ws/sample_maps' returned '0': PYTHONPATH=/home/tribble/me696/ros2_ws/src/me696_hh2_ws/build/sample_maps/prefix_override:/home/tribble/me696/ros2_ws/src/me696_hh2_ws/install/sample_maps/lib/python3.8/site-packages:${PYTHONPATH} /usr/bin/python3 setup.py egg_info --egg-base ../build/sample_maps build --build-base /home/tribble/me696/ros2_ws/src/me696_hh2_ws/build/sample_maps/build install --record /home/tribble/me696/ros2_ws/src/me696_hh2_ws/build/sample_maps/install.log --install-scripts $base/lib/sample_maps --single-version-externally-managed
[0.984s] Level 1:colcon.colcon_core.environment:checking '/home/tribble/me696/ros2_ws/src/me696_hh2_ws/install/sample_maps' for CMake config files
[0.985s] Level 1:colcon.colcon_core.environment:checking '/home/tribble/me696/ros2_ws/src/me696_hh2_ws/install/sample_maps/lib'
[0.985s] Level 1:colcon.colcon_core.environment:checking '/home/tribble/me696/ros2_ws/src/me696_hh2_ws/install/sample_maps/bin'
[0.985s] Level 1:colcon.colcon_core.environment:checking '/home/tribble/me696/ros2_ws/src/me696_hh2_ws/install/sample_maps/lib/pkgconfig/sample_maps.pc'
[0.985s] Level 1:colcon.colcon_core.environment:checking '/home/tribble/me696/ros2_ws/src/me696_hh2_ws/install/sample_maps/lib/python3.8/site-packages'
[0.985s] Level 1:colcon.colcon_core.shell:create_environment_hook('sample_maps', 'pythonpath')
[0.986s] INFO:colcon.colcon_core.shell:Creating environment hook '/home/tribble/me696/ros2_ws/src/me696_hh2_ws/install/sample_maps/share/sample_maps/hook/pythonpath.ps1'
[0.986s] INFO:colcon.colcon_core.shell:Creating environment descriptor '/home/tribble/me696/ros2_ws/src/me696_hh2_ws/install/sample_maps/share/sample_maps/hook/pythonpath.dsv'
[0.986s] INFO:colcon.colcon_core.shell:Creating environment hook '/home/tribble/me696/ros2_ws/src/me696_hh2_ws/install/sample_maps/share/sample_maps/hook/pythonpath.sh'
[0.986s] Level 1:colcon.colcon_core.environment:checking '/home/tribble/me696/ros2_ws/src/me696_hh2_ws/install/sample_maps/bin'
[0.986s] Level 1:colcon.colcon_core.environment:create_environment_scripts_only(sample_maps)
[0.987s] INFO:colcon.colcon_core.shell:Creating package script '/home/tribble/me696/ros2_ws/src/me696_hh2_ws/install/sample_maps/share/sample_maps/package.ps1'
[0.987s] INFO:colcon.colcon_core.shell:Creating package descriptor '/home/tribble/me696/ros2_ws/src/me696_hh2_ws/install/sample_maps/share/sample_maps/package.dsv'
[0.987s] INFO:colcon.colcon_core.shell:Creating package script '/home/tribble/me696/ros2_ws/src/me696_hh2_ws/install/sample_maps/share/sample_maps/package.sh'
[0.987s] INFO:colcon.colcon_core.shell:Creating package script '/home/tribble/me696/ros2_ws/src/me696_hh2_ws/install/sample_maps/share/sample_maps/package.bash'
[0.988s] INFO:colcon.colcon_core.shell:Creating package script '/home/tribble/me696/ros2_ws/src/me696_hh2_ws/install/sample_maps/share/sample_maps/package.zsh'
[0.988s] Level 1:colcon.colcon_core.environment:create_file_with_runtime_dependencies(/home/tribble/me696/ros2_ws/src/me696_hh2_ws/install/sample_maps/share/colcon-core/packages/sample_maps)
[0.988s] DEBUG:colcon.colcon_parallel_executor.executor.parallel:closing loop
[0.988s] DEBUG:colcon.colcon_parallel_executor.executor.parallel:loop closed
[0.988s] DEBUG:colcon.colcon_parallel_executor.executor.parallel:run_until_complete finished with '0'
[0.988s] DEBUG:colcon.colcon_core.event_reactor:joining thread
[0.995s] INFO:colcon.colcon_core.plugin_system:Skipping extension 'colcon_notification.desktop_notification.terminal_notifier': Not used on non-Darwin systems
[0.995s] INFO:colcon.colcon_core.plugin_system:Skipping extension 'colcon_notification.desktop_notification.win32': Not used on non-Windows systems
[0.995s] INFO:colcon.colcon_notification.desktop_notification:Sending desktop notification using 'notify2'
[1.009s] DEBUG:colcon.colcon_core.event_reactor:joined thread
[1.010s] INFO:colcon.colcon_core.shell:Creating prefix script '/home/tribble/me696/ros2_ws/src/me696_hh2_ws/install/local_setup.ps1'
[1.012s] INFO:colcon.colcon_core.shell:Creating prefix util module '/home/tribble/me696/ros2_ws/src/me696_hh2_ws/install/_local_setup_util_ps1.py'
[1.013s] INFO:colcon.colcon_core.shell:Creating prefix chain script '/home/tribble/me696/ros2_ws/src/me696_hh2_ws/install/setup.ps1'
[1.014s] INFO:colcon.colcon_core.shell:Creating prefix script '/home/tribble/me696/ros2_ws/src/me696_hh2_ws/install/local_setup.sh'
[1.014s] INFO:colcon.colcon_core.shell:Creating prefix util module '/home/tribble/me696/ros2_ws/src/me696_hh2_ws/install/_local_setup_util_sh.py'
[1.014s] INFO:colcon.colcon_core.shell:Creating prefix chain script '/home/tribble/me696/ros2_ws/src/me696_hh2_ws/install/setup.sh'
[1.016s] INFO:colcon.colcon_core.shell:Creating prefix script '/home/tribble/me696/ros2_ws/src/me696_hh2_ws/install/local_setup.bash'
[1.016s] INFO:colcon.colcon_core.shell:Creating prefix chain script '/home/tribble/me696/ros2_ws/src/me696_hh2_ws/install/setup.bash'
[1.017s] INFO:colcon.colcon_core.shell:Creating prefix script '/home/tribble/me696/ros2_ws/src/me696_hh2_ws/install/local_setup.zsh'
[1.018s] INFO:colcon.colcon_core.shell:Creating prefix chain script '/home/tribble/me696/ros2_ws/src/me696_hh2_ws/install/setup.zsh'
