[0.015s] Invoking command in '/home/tribble/me696_2/build/turtlebot3_gazebo': /usr/bin/cmake /home/tribble/me696_2/turtlebot3_drlnav/src/turtlebot3_simulations/turtlebot3_gazebo -DCMAKE_INSTALL_PREFIX=/home/tribble/me696_2/install/turtlebot3_gazebo
[0.068s] -- The C compiler identification is GNU 9.4.0
[0.112s] -- The CXX compiler identification is GNU 9.4.0
[0.121s] -- Check for working C compiler: /usr/bin/cc
[0.202s] -- Check for working C compiler: /usr/bin/cc -- works
[0.205s] -- Detecting C compiler ABI info
[0.294s] -- Detecting C compiler ABI info - done
[0.300s] -- Detecting C compile features
[0.300s] -- Detecting C compile features - done
[0.302s] -- Check for working CXX compiler: /usr/bin/c++
[0.405s] -- Check for working CXX compiler: /usr/bin/c++ -- works
[0.405s] -- Detecting CXX compiler ABI info
[0.495s] -- Detecting CXX compiler ABI info - done
[0.502s] -- Detecting CXX compile features
[0.502s] -- Detecting CXX compile features - done
[0.512s] CMake Error at CMakeLists.txt:22 (find_package):
[0.512s]   By not providing "Findament_cmake.cmake" in CMAKE_MODULE_PATH this project
[0.512s]   has asked CMake to find a package configuration file provided by
[0.512s]   "ament_cmake", but CMake did not find one.
[0.512s] 
[0.512s]   Could not find a package configuration file provided by "ament_cmake" with
[0.512s]   any of the following names:
[0.512s] 
[0.512s]     ament_cmakeConfig.cmake
[0.512s]     ament_cmake-config.cmake
[0.513s] 
[0.513s]   Add the installation prefix of "ament_cmake" to CMAKE_PREFIX_PATH or set
[0.513s]   "ament_cmake_DIR" to a directory containing one of the above files.  If
[0.513s]   "ament_cmake" provides a separate development package or SDK, be sure it
[0.513s]   has been installed.
[0.513s] 
[0.513s] 
[0.513s] -- Configuring incomplete, errors occurred!
[0.513s] See also "/home/tribble/me696_2/build/turtlebot3_gazebo/CMakeFiles/CMakeOutput.log".
