[0.342s] Invoking command in '/home/tribble/me696_2/src/turtlebot3_drlnav/src/turtlebot3_drl': AMENT_PREFIX_PATH=/home/tribble/me696_2/install/turtlebot3_msgs:${AMENT_PREFIX_PATH} CMAKE_PREFIX_PATH=/home/tribble/me696_2/install/turtlebot3_msgs LD_LIBRARY_PATH=/home/tribble/me696_2/install/turtlebot3_msgs/lib:${LD_LIBRARY_PATH} PYTHONPATH=/home/tribble/me696_2/build/turtlebot3_drl/prefix_override:/home/tribble/me696_2/install/turtlebot3_drl/lib/python3.8/site-packages:/home/tribble/me696_2/install/turtlebot3_msgs/lib/python3.8/site-packages:${PYTHONPATH} /usr/bin/python3 setup.py egg_info --egg-base ../../../../build/turtlebot3_drl build --build-base /home/tribble/me696_2/build/turtlebot3_drl/build install --record /home/tribble/me696_2/build/turtlebot3_drl/install.log --single-version-externally-managed
[0.442s] running egg_info
[0.442s] creating ../../../../build/turtlebot3_drl/turtlebot3_drl.egg-info
[0.442s] writing ../../../../build/turtlebot3_drl/turtlebot3_drl.egg-info/PKG-INFO
[0.443s] writing dependency_links to ../../../../build/turtlebot3_drl/turtlebot3_drl.egg-info/dependency_links.txt
[0.443s] writing entry points to ../../../../build/turtlebot3_drl/turtlebot3_drl.egg-info/entry_points.txt
[0.443s] writing requirements to ../../../../build/turtlebot3_drl/turtlebot3_drl.egg-info/requires.txt
[0.443s] writing top-level names to ../../../../build/turtlebot3_drl/turtlebot3_drl.egg-info/top_level.txt
[0.443s] writing manifest file '../../../../build/turtlebot3_drl/turtlebot3_drl.egg-info/SOURCES.txt'
[0.460s] reading manifest file '../../../../build/turtlebot3_drl/turtlebot3_drl.egg-info/SOURCES.txt'
[0.461s] writing manifest file '../../../../build/turtlebot3_drl/turtlebot3_drl.egg-info/SOURCES.txt'
[0.461s] running build
[0.461s] running build_py
[0.461s] creating /home/tribble/me696_2/build/turtlebot3_drl/build
[0.461s] creating /home/tribble/me696_2/build/turtlebot3_drl/build/lib
[0.461s] creating /home/tribble/me696_2/build/turtlebot3_drl/build/lib/turtlebot3_drl
[0.461s] copying turtlebot3_drl/__init__.py -> /home/tribble/me696_2/build/turtlebot3_drl/build/lib/turtlebot3_drl
[0.462s] creating /home/tribble/me696_2/build/turtlebot3_drl/build/lib/turtlebot3_drl/drl_gazebo
[0.462s] copying turtlebot3_drl/drl_gazebo/drl_gazebo.py -> /home/tribble/me696_2/build/turtlebot3_drl/build/lib/turtlebot3_drl/drl_gazebo
[0.462s] copying turtlebot3_drl/drl_gazebo/__init__.py -> /home/tribble/me696_2/build/turtlebot3_drl/build/lib/turtlebot3_drl/drl_gazebo
[0.462s] creating /home/tribble/me696_2/build/turtlebot3_drl/build/lib/turtlebot3_drl/common
[0.462s] copying turtlebot3_drl/common/graph.py -> /home/tribble/me696_2/build/turtlebot3_drl/build/lib/turtlebot3_drl/common
[0.463s] copying turtlebot3_drl/common/visual.py -> /home/tribble/me696_2/build/turtlebot3_drl/build/lib/turtlebot3_drl/common
[0.463s] copying turtlebot3_drl/common/settings.py -> /home/tribble/me696_2/build/turtlebot3_drl/build/lib/turtlebot3_drl/common
[0.463s] copying turtlebot3_drl/common/__init__.py -> /home/tribble/me696_2/build/turtlebot3_drl/build/lib/turtlebot3_drl/common
[0.463s] copying turtlebot3_drl/common/ounoise.py -> /home/tribble/me696_2/build/turtlebot3_drl/build/lib/turtlebot3_drl/common
[0.464s] copying turtlebot3_drl/common/logger.py -> /home/tribble/me696_2/build/turtlebot3_drl/build/lib/turtlebot3_drl/common
[0.464s] copying turtlebot3_drl/common/utilities.py -> /home/tribble/me696_2/build/turtlebot3_drl/build/lib/turtlebot3_drl/common
[0.464s] copying turtlebot3_drl/common/replaybuffer.py -> /home/tribble/me696_2/build/turtlebot3_drl/build/lib/turtlebot3_drl/common
[0.464s] copying turtlebot3_drl/common/storagemanager.py -> /home/tribble/me696_2/build/turtlebot3_drl/build/lib/turtlebot3_drl/common
[0.465s] creating /home/tribble/me696_2/build/turtlebot3_drl/build/lib/turtlebot3_drl/drl_environment
[0.465s] copying turtlebot3_drl/drl_environment/reward.py -> /home/tribble/me696_2/build/turtlebot3_drl/build/lib/turtlebot3_drl/drl_environment
[0.465s] copying turtlebot3_drl/drl_environment/__init__.py -> /home/tribble/me696_2/build/turtlebot3_drl/build/lib/turtlebot3_drl/drl_environment
[0.465s] copying turtlebot3_drl/drl_environment/drl_environment.py -> /home/tribble/me696_2/build/turtlebot3_drl/build/lib/turtlebot3_drl/drl_environment
[0.465s] creating /home/tribble/me696_2/build/turtlebot3_drl/build/lib/turtlebot3_drl/drl_agent
[0.465s] copying turtlebot3_drl/drl_agent/ddpg.py -> /home/tribble/me696_2/build/turtlebot3_drl/build/lib/turtlebot3_drl/drl_agent
[0.466s] copying turtlebot3_drl/drl_agent/td3.py -> /home/tribble/me696_2/build/turtlebot3_drl/build/lib/turtlebot3_drl/drl_agent
[0.466s] copying turtlebot3_drl/drl_agent/__init__.py -> /home/tribble/me696_2/build/turtlebot3_drl/build/lib/turtlebot3_drl/drl_agent
[0.466s] copying turtlebot3_drl/drl_agent/drl_agent.py -> /home/tribble/me696_2/build/turtlebot3_drl/build/lib/turtlebot3_drl/drl_agent
[0.466s] copying turtlebot3_drl/drl_agent/off_policy_agent.py -> /home/tribble/me696_2/build/turtlebot3_drl/build/lib/turtlebot3_drl/drl_agent
[0.466s] copying turtlebot3_drl/drl_agent/sac.py -> /home/tribble/me696_2/build/turtlebot3_drl/build/lib/turtlebot3_drl/drl_agent
[0.466s] copying turtlebot3_drl/drl_agent/dqn.py -> /home/tribble/me696_2/build/turtlebot3_drl/build/lib/turtlebot3_drl/drl_agent
[0.467s] running install
[0.467s] running install_lib
[0.468s] creating /home/tribble/me696_2/install/turtlebot3_drl/lib/python3.8/site-packages/turtlebot3_drl
[0.468s] creating /home/tribble/me696_2/install/turtlebot3_drl/lib/python3.8/site-packages/turtlebot3_drl/drl_gazebo
[0.468s] copying /home/tribble/me696_2/build/turtlebot3_drl/build/lib/turtlebot3_drl/drl_gazebo/drl_gazebo.py -> /home/tribble/me696_2/install/turtlebot3_drl/lib/python3.8/site-packages/turtlebot3_drl/drl_gazebo
[0.468s] copying /home/tribble/me696_2/build/turtlebot3_drl/build/lib/turtlebot3_drl/drl_gazebo/__init__.py -> /home/tribble/me696_2/install/turtlebot3_drl/lib/python3.8/site-packages/turtlebot3_drl/drl_gazebo
[0.468s] creating /home/tribble/me696_2/install/turtlebot3_drl/lib/python3.8/site-packages/turtlebot3_drl/common
[0.468s] copying /home/tribble/me696_2/build/turtlebot3_drl/build/lib/turtlebot3_drl/common/graph.py -> /home/tribble/me696_2/install/turtlebot3_drl/lib/python3.8/site-packages/turtlebot3_drl/common
[0.468s] copying /home/tribble/me696_2/build/turtlebot3_drl/build/lib/turtlebot3_drl/common/visual.py -> /home/tribble/me696_2/install/turtlebot3_drl/lib/python3.8/site-packages/turtlebot3_drl/common
[0.469s] copying /home/tribble/me696_2/build/turtlebot3_drl/build/lib/turtlebot3_drl/common/settings.py -> /home/tribble/me696_2/install/turtlebot3_drl/lib/python3.8/site-packages/turtlebot3_drl/common
[0.469s] copying /home/tribble/me696_2/build/turtlebot3_drl/build/lib/turtlebot3_drl/common/__init__.py -> /home/tribble/me696_2/install/turtlebot3_drl/lib/python3.8/site-packages/turtlebot3_drl/common
[0.469s] copying /home/tribble/me696_2/build/turtlebot3_drl/build/lib/turtlebot3_drl/common/ounoise.py -> /home/tribble/me696_2/install/turtlebot3_drl/lib/python3.8/site-packages/turtlebot3_drl/common
[0.469s] copying /home/tribble/me696_2/build/turtlebot3_drl/build/lib/turtlebot3_drl/common/logger.py -> /home/tribble/me696_2/install/turtlebot3_drl/lib/python3.8/site-packages/turtlebot3_drl/common
[0.469s] copying /home/tribble/me696_2/build/turtlebot3_drl/build/lib/turtlebot3_drl/common/utilities.py -> /home/tribble/me696_2/install/turtlebot3_drl/lib/python3.8/site-packages/turtlebot3_drl/common
[0.469s] copying /home/tribble/me696_2/build/turtlebot3_drl/build/lib/turtlebot3_drl/common/replaybuffer.py -> /home/tribble/me696_2/install/turtlebot3_drl/lib/python3.8/site-packages/turtlebot3_drl/common
[0.469s] copying /home/tribble/me696_2/build/turtlebot3_drl/build/lib/turtlebot3_drl/common/storagemanager.py -> /home/tribble/me696_2/install/turtlebot3_drl/lib/python3.8/site-packages/turtlebot3_drl/common
[0.469s] copying /home/tribble/me696_2/build/turtlebot3_drl/build/lib/turtlebot3_drl/__init__.py -> /home/tribble/me696_2/install/turtlebot3_drl/lib/python3.8/site-packages/turtlebot3_drl
[0.469s] creating /home/tribble/me696_2/install/turtlebot3_drl/lib/python3.8/site-packages/turtlebot3_drl/drl_environment
[0.469s] copying /home/tribble/me696_2/build/turtlebot3_drl/build/lib/turtlebot3_drl/drl_environment/reward.py -> /home/tribble/me696_2/install/turtlebot3_drl/lib/python3.8/site-packages/turtlebot3_drl/drl_environment
[0.469s] copying /home/tribble/me696_2/build/turtlebot3_drl/build/lib/turtlebot3_drl/drl_environment/__init__.py -> /home/tribble/me696_2/install/turtlebot3_drl/lib/python3.8/site-packages/turtlebot3_drl/drl_environment
[0.469s] copying /home/tribble/me696_2/build/turtlebot3_drl/build/lib/turtlebot3_drl/drl_environment/drl_environment.py -> /home/tribble/me696_2/install/turtlebot3_drl/lib/python3.8/site-packages/turtlebot3_drl/drl_environment
[0.469s] creating /home/tribble/me696_2/install/turtlebot3_drl/lib/python3.8/site-packages/turtlebot3_drl/drl_agent
[0.469s] copying /home/tribble/me696_2/build/turtlebot3_drl/build/lib/turtlebot3_drl/drl_agent/ddpg.py -> /home/tribble/me696_2/install/turtlebot3_drl/lib/python3.8/site-packages/turtlebot3_drl/drl_agent
[0.469s] copying /home/tribble/me696_2/build/turtlebot3_drl/build/lib/turtlebot3_drl/drl_agent/td3.py -> /home/tribble/me696_2/install/turtlebot3_drl/lib/python3.8/site-packages/turtlebot3_drl/drl_agent
[0.469s] copying /home/tribble/me696_2/build/turtlebot3_drl/build/lib/turtlebot3_drl/drl_agent/__init__.py -> /home/tribble/me696_2/install/turtlebot3_drl/lib/python3.8/site-packages/turtlebot3_drl/drl_agent
[0.469s] copying /home/tribble/me696_2/build/turtlebot3_drl/build/lib/turtlebot3_drl/drl_agent/drl_agent.py -> /home/tribble/me696_2/install/turtlebot3_drl/lib/python3.8/site-packages/turtlebot3_drl/drl_agent
[0.469s] copying /home/tribble/me696_2/build/turtlebot3_drl/build/lib/turtlebot3_drl/drl_agent/off_policy_agent.py -> /home/tribble/me696_2/install/turtlebot3_drl/lib/python3.8/site-packages/turtlebot3_drl/drl_agent
[0.469s] copying /home/tribble/me696_2/build/turtlebot3_drl/build/lib/turtlebot3_drl/drl_agent/sac.py -> /home/tribble/me696_2/install/turtlebot3_drl/lib/python3.8/site-packages/turtlebot3_drl/drl_agent
[0.469s] copying /home/tribble/me696_2/build/turtlebot3_drl/build/lib/turtlebot3_drl/drl_agent/dqn.py -> /home/tribble/me696_2/install/turtlebot3_drl/lib/python3.8/site-packages/turtlebot3_drl/drl_agent
[0.469s] byte-compiling /home/tribble/me696_2/install/turtlebot3_drl/lib/python3.8/site-packages/turtlebot3_drl/drl_gazebo/drl_gazebo.py to drl_gazebo.cpython-38.pyc
[0.471s] byte-compiling /home/tribble/me696_2/install/turtlebot3_drl/lib/python3.8/site-packages/turtlebot3_drl/drl_gazebo/__init__.py to __init__.cpython-38.pyc
[0.471s] byte-compiling /home/tribble/me696_2/install/turtlebot3_drl/lib/python3.8/site-packages/turtlebot3_drl/common/graph.py to graph.cpython-38.pyc
[0.471s] byte-compiling /home/tribble/me696_2/install/turtlebot3_drl/lib/python3.8/site-packages/turtlebot3_drl/common/visual.py to visual.cpython-38.pyc
[0.472s] byte-compiling /home/tribble/me696_2/install/turtlebot3_drl/lib/python3.8/site-packages/turtlebot3_drl/common/settings.py to settings.cpython-38.pyc
[0.472s] byte-compiling /home/tribble/me696_2/install/turtlebot3_drl/lib/python3.8/site-packages/turtlebot3_drl/common/__init__.py to __init__.cpython-38.pyc
[0.472s] byte-compiling /home/tribble/me696_2/install/turtlebot3_drl/lib/python3.8/site-packages/turtlebot3_drl/common/ounoise.py to ounoise.cpython-38.pyc
[0.472s] byte-compiling /home/tribble/me696_2/install/turtlebot3_drl/lib/python3.8/site-packages/turtlebot3_drl/common/logger.py to logger.cpython-38.pyc
[0.473s] byte-compiling /home/tribble/me696_2/install/turtlebot3_drl/lib/python3.8/site-packages/turtlebot3_drl/common/utilities.py to utilities.cpython-38.pyc
[0.473s] byte-compiling /home/tribble/me696_2/install/turtlebot3_drl/lib/python3.8/site-packages/turtlebot3_drl/common/replaybuffer.py to replaybuffer.cpython-38.pyc
[0.474s] byte-compiling /home/tribble/me696_2/install/turtlebot3_drl/lib/python3.8/site-packages/turtlebot3_drl/common/storagemanager.py to storagemanager.cpython-38.pyc
[0.474s] byte-compiling /home/tribble/me696_2/install/turtlebot3_drl/lib/python3.8/site-packages/turtlebot3_drl/__init__.py to __init__.cpython-38.pyc
[0.474s] byte-compiling /home/tribble/me696_2/install/turtlebot3_drl/lib/python3.8/site-packages/turtlebot3_drl/drl_environment/reward.py to reward.cpython-38.pyc
[0.475s] byte-compiling /home/tribble/me696_2/install/turtlebot3_drl/lib/python3.8/site-packages/turtlebot3_drl/drl_environment/__init__.py to __init__.cpython-38.pyc
[0.475s] byte-compiling /home/tribble/me696_2/install/turtlebot3_drl/lib/python3.8/site-packages/turtlebot3_drl/drl_environment/drl_environment.py to drl_environment.cpython-38.pyc
[0.476s] byte-compiling /home/tribble/me696_2/install/turtlebot3_drl/lib/python3.8/site-packages/turtlebot3_drl/drl_agent/ddpg.py to ddpg.cpython-38.pyc
[0.476s] byte-compiling /home/tribble/me696_2/install/turtlebot3_drl/lib/python3.8/site-packages/turtlebot3_drl/drl_agent/td3.py to td3.cpython-38.pyc
[0.477s] byte-compiling /home/tribble/me696_2/install/turtlebot3_drl/lib/python3.8/site-packages/turtlebot3_drl/drl_agent/__init__.py to __init__.cpython-38.pyc
[0.477s] byte-compiling /home/tribble/me696_2/install/turtlebot3_drl/lib/python3.8/site-packages/turtlebot3_drl/drl_agent/drl_agent.py to drl_agent.cpython-38.pyc
[0.478s] byte-compiling /home/tribble/me696_2/install/turtlebot3_drl/lib/python3.8/site-packages/turtlebot3_drl/drl_agent/off_policy_agent.py to off_policy_agent.cpython-38.pyc
[0.478s] byte-compiling /home/tribble/me696_2/install/turtlebot3_drl/lib/python3.8/site-packages/turtlebot3_drl/drl_agent/sac.py to sac.cpython-38.pyc
[0.479s] byte-compiling /home/tribble/me696_2/install/turtlebot3_drl/lib/python3.8/site-packages/turtlebot3_drl/drl_agent/dqn.py to dqn.cpython-38.pyc
[0.480s] running install_data
[0.480s] creating /home/tribble/me696_2/install/turtlebot3_drl/share/ament_index
[0.480s] creating /home/tribble/me696_2/install/turtlebot3_drl/share/ament_index/resource_index
[0.480s] creating /home/tribble/me696_2/install/turtlebot3_drl/share/ament_index/resource_index/packages
[0.480s] copying resource/turtlebot3_drl -> /home/tribble/me696_2/install/turtlebot3_drl/share/ament_index/resource_index/packages
[0.480s] copying package.xml -> /home/tribble/me696_2/install/turtlebot3_drl/share/turtlebot3_drl
[0.480s] creating /home/tribble/me696_2/install/turtlebot3_drl/share/turtlebot3_drl/launch
[0.480s] running install_egg_info
[0.481s] Copying ../../../../build/turtlebot3_drl/turtlebot3_drl.egg-info to /home/tribble/me696_2/install/turtlebot3_drl/lib/python3.8/site-packages/turtlebot3_drl-2.0.0-py3.8.egg-info
[0.481s] running install_scripts
[0.491s] Installing drl_agent script to /home/tribble/me696_2/install/turtlebot3_drl/lib/turtlebot3_drl
[0.491s] Installing drl_environment script to /home/tribble/me696_2/install/turtlebot3_drl/lib/turtlebot3_drl
[0.491s] Installing drl_gazebo script to /home/tribble/me696_2/install/turtlebot3_drl/lib/turtlebot3_drl
[0.492s] writing list of installed files to '/home/tribble/me696_2/build/turtlebot3_drl/install.log'
[0.508s] Invoked command in '/home/tribble/me696_2/src/turtlebot3_drlnav/src/turtlebot3_drl' returned '0': AMENT_PREFIX_PATH=/home/tribble/me696_2/install/turtlebot3_msgs:${AMENT_PREFIX_PATH} CMAKE_PREFIX_PATH=/home/tribble/me696_2/install/turtlebot3_msgs LD_LIBRARY_PATH=/home/tribble/me696_2/install/turtlebot3_msgs/lib:${LD_LIBRARY_PATH} PYTHONPATH=/home/tribble/me696_2/build/turtlebot3_drl/prefix_override:/home/tribble/me696_2/install/turtlebot3_drl/lib/python3.8/site-packages:/home/tribble/me696_2/install/turtlebot3_msgs/lib/python3.8/site-packages:${PYTHONPATH} /usr/bin/python3 setup.py egg_info --egg-base ../../../../build/turtlebot3_drl build --build-base /home/tribble/me696_2/build/turtlebot3_drl/build install --record /home/tribble/me696_2/build/turtlebot3_drl/install.log --single-version-externally-managed
