[0.010s] Invoking command in '/home/tribble/me696_2/build/turtlebot3_msgs': /usr/bin/cmake /home/tribble/me696_2/src/turtlebot3_drlnav/src/turtlebot3_msgs -DCMAKE_INSTALL_PREFIX=/home/tribble/me696_2/install/turtlebot3_msgs
[0.059s] -- The C compiler identification is GNU 9.4.0
[0.088s] -- The CXX compiler identification is GNU 9.4.0
[0.090s] -- Check for working C compiler: /usr/bin/cc
[0.127s] -- Check for working C compiler: /usr/bin/cc -- works
[0.127s] -- Detecting C compiler ABI info
[0.164s] -- Detecting C compiler ABI info - done
[0.170s] -- Detecting C compile features
[0.170s] -- Detecting C compile features - done
[0.171s] -- Check for working CXX compiler: /usr/bin/c++
[0.212s] -- Check for working CXX compiler: /usr/bin/c++ -- works
[0.213s] -- Detecting CXX compiler ABI info
[0.254s] -- Detecting CXX compiler ABI info - done
[0.260s] -- Detecting CXX compile features
[0.260s] -- Detecting CXX compile features - done
[0.266s] CMake Error at CMakeLists.txt:18 (find_package):
[0.266s]   By not providing "Findaction_msgs.cmake" in CMAKE_MODULE_PATH this project
[0.266s]   has asked CMake to find a package configuration file provided by
[0.266s]   "action_msgs", but CMake did not find one.
[0.266s] 
[0.266s]   Could not find a package configuration file provided by "action_msgs" with
[0.266s]   any of the following names:
[0.266s] 
[0.266s]     action_msgsConfig.cmake
[0.266s]     action_msgs-config.cmake
[0.266s] 
[0.266s]   Add the installation prefix of "action_msgs" to CMAKE_PREFIX_PATH or set
[0.266s]   "action_msgs_DIR" to a directory containing one of the above files.  If
[0.266s]   "action_msgs" provides a separate development package or SDK, be sure it
[0.266s]   has been installed.
[0.266s] 
[0.266s] 
[0.266s] -- Configuring incomplete, errors occurred!
[0.266s] See also "/home/tribble/me696_2/build/turtlebot3_msgs/CMakeFiles/CMakeOutput.log".
