/home/tribble/me696_2/install/turtlebot3_drl/lib/python3.8/site-packages/turtlebot3_drl/__init__.py
/home/tribble/me696_2/install/turtlebot3_drl/lib/python3.8/site-packages/turtlebot3_drl/drl_gazebo/drl_gazebo.py
/home/tribble/me696_2/install/turtlebot3_drl/lib/python3.8/site-packages/turtlebot3_drl/drl_gazebo/__init__.py
/home/tribble/me696_2/install/turtlebot3_drl/lib/python3.8/site-packages/turtlebot3_drl/common/graph.py
/home/tribble/me696_2/install/turtlebot3_drl/lib/python3.8/site-packages/turtlebot3_drl/common/visual.py
/home/tribble/me696_2/install/turtlebot3_drl/lib/python3.8/site-packages/turtlebot3_drl/common/settings.py
/home/tribble/me696_2/install/turtlebot3_drl/lib/python3.8/site-packages/turtlebot3_drl/common/__init__.py
/home/tribble/me696_2/install/turtlebot3_drl/lib/python3.8/site-packages/turtlebot3_drl/common/ounoise.py
/home/tribble/me696_2/install/turtlebot3_drl/lib/python3.8/site-packages/turtlebot3_drl/common/logger.py
/home/tribble/me696_2/install/turtlebot3_drl/lib/python3.8/site-packages/turtlebot3_drl/common/utilities.py
/home/tribble/me696_2/install/turtlebot3_drl/lib/python3.8/site-packages/turtlebot3_drl/common/replaybuffer.py
/home/tribble/me696_2/install/turtlebot3_drl/lib/python3.8/site-packages/turtlebot3_drl/common/storagemanager.py
/home/tribble/me696_2/install/turtlebot3_drl/lib/python3.8/site-packages/turtlebot3_drl/drl_environment/reward.py
/home/tribble/me696_2/install/turtlebot3_drl/lib/python3.8/site-packages/turtlebot3_drl/drl_environment/__init__.py
/home/tribble/me696_2/install/turtlebot3_drl/lib/python3.8/site-packages/turtlebot3_drl/drl_environment/drl_environment.py
/home/tribble/me696_2/install/turtlebot3_drl/lib/python3.8/site-packages/turtlebot3_drl/drl_agent/ddpg.py
/home/tribble/me696_2/install/turtlebot3_drl/lib/python3.8/site-packages/turtlebot3_drl/drl_agent/td3.py
/home/tribble/me696_2/install/turtlebot3_drl/lib/python3.8/site-packages/turtlebot3_drl/drl_agent/__init__.py
/home/tribble/me696_2/install/turtlebot3_drl/lib/python3.8/site-packages/turtlebot3_drl/drl_agent/drl_agent.py
/home/tribble/me696_2/install/turtlebot3_drl/lib/python3.8/site-packages/turtlebot3_drl/drl_agent/off_policy_agent.py
/home/tribble/me696_2/install/turtlebot3_drl/lib/python3.8/site-packages/turtlebot3_drl/drl_agent/sac.py
/home/tribble/me696_2/install/turtlebot3_drl/lib/python3.8/site-packages/turtlebot3_drl/drl_agent/dqn.py
/home/tribble/me696_2/install/turtlebot3_drl/lib/python3.8/site-packages/turtlebot3_drl/__pycache__/__init__.cpython-38.pyc
/home/tribble/me696_2/install/turtlebot3_drl/lib/python3.8/site-packages/turtlebot3_drl/drl_gazebo/__pycache__/drl_gazebo.cpython-38.pyc
/home/tribble/me696_2/install/turtlebot3_drl/lib/python3.8/site-packages/turtlebot3_drl/drl_gazebo/__pycache__/__init__.cpython-38.pyc
/home/tribble/me696_2/install/turtlebot3_drl/lib/python3.8/site-packages/turtlebot3_drl/common/__pycache__/graph.cpython-38.pyc
/home/tribble/me696_2/install/turtlebot3_drl/lib/python3.8/site-packages/turtlebot3_drl/common/__pycache__/visual.cpython-38.pyc
/home/tribble/me696_2/install/turtlebot3_drl/lib/python3.8/site-packages/turtlebot3_drl/common/__pycache__/settings.cpython-38.pyc
/home/tribble/me696_2/install/turtlebot3_drl/lib/python3.8/site-packages/turtlebot3_drl/common/__pycache__/__init__.cpython-38.pyc
/home/tribble/me696_2/install/turtlebot3_drl/lib/python3.8/site-packages/turtlebot3_drl/common/__pycache__/ounoise.cpython-38.pyc
/home/tribble/me696_2/install/turtlebot3_drl/lib/python3.8/site-packages/turtlebot3_drl/common/__pycache__/logger.cpython-38.pyc
/home/tribble/me696_2/install/turtlebot3_drl/lib/python3.8/site-packages/turtlebot3_drl/common/__pycache__/utilities.cpython-38.pyc
/home/tribble/me696_2/install/turtlebot3_drl/lib/python3.8/site-packages/turtlebot3_drl/common/__pycache__/replaybuffer.cpython-38.pyc
/home/tribble/me696_2/install/turtlebot3_drl/lib/python3.8/site-packages/turtlebot3_drl/common/__pycache__/storagemanager.cpython-38.pyc
/home/tribble/me696_2/install/turtlebot3_drl/lib/python3.8/site-packages/turtlebot3_drl/drl_environment/__pycache__/reward.cpython-38.pyc
/home/tribble/me696_2/install/turtlebot3_drl/lib/python3.8/site-packages/turtlebot3_drl/drl_environment/__pycache__/__init__.cpython-38.pyc
/home/tribble/me696_2/install/turtlebot3_drl/lib/python3.8/site-packages/turtlebot3_drl/drl_environment/__pycache__/drl_environment.cpython-38.pyc
/home/tribble/me696_2/install/turtlebot3_drl/lib/python3.8/site-packages/turtlebot3_drl/drl_agent/__pycache__/ddpg.cpython-38.pyc
/home/tribble/me696_2/install/turtlebot3_drl/lib/python3.8/site-packages/turtlebot3_drl/drl_agent/__pycache__/td3.cpython-38.pyc
/home/tribble/me696_2/install/turtlebot3_drl/lib/python3.8/site-packages/turtlebot3_drl/drl_agent/__pycache__/__init__.cpython-38.pyc
/home/tribble/me696_2/install/turtlebot3_drl/lib/python3.8/site-packages/turtlebot3_drl/drl_agent/__pycache__/drl_agent.cpython-38.pyc
/home/tribble/me696_2/install/turtlebot3_drl/lib/python3.8/site-packages/turtlebot3_drl/drl_agent/__pycache__/off_policy_agent.cpython-38.pyc
/home/tribble/me696_2/install/turtlebot3_drl/lib/python3.8/site-packages/turtlebot3_drl/drl_agent/__pycache__/sac.cpython-38.pyc
/home/tribble/me696_2/install/turtlebot3_drl/lib/python3.8/site-packages/turtlebot3_drl/drl_agent/__pycache__/dqn.cpython-38.pyc
/home/tribble/me696_2/install/turtlebot3_drl/share/ament_index/resource_index/packages/turtlebot3_drl
/home/tribble/me696_2/install/turtlebot3_drl/share/turtlebot3_drl/package.xml
/home/tribble/me696_2/install/turtlebot3_drl/share/turtlebot3_drl/launch
/home/tribble/me696_2/install/turtlebot3_drl/lib/python3.8/site-packages/turtlebot3_drl-2.0.0-py3.8.egg-info/top_level.txt
/home/tribble/me696_2/install/turtlebot3_drl/lib/python3.8/site-packages/turtlebot3_drl-2.0.0-py3.8.egg-info/zip-safe
/home/tribble/me696_2/install/turtlebot3_drl/lib/python3.8/site-packages/turtlebot3_drl-2.0.0-py3.8.egg-info/requires.txt
/home/tribble/me696_2/install/turtlebot3_drl/lib/python3.8/site-packages/turtlebot3_drl-2.0.0-py3.8.egg-info/SOURCES.txt
/home/tribble/me696_2/install/turtlebot3_drl/lib/python3.8/site-packages/turtlebot3_drl-2.0.0-py3.8.egg-info/PKG-INFO
/home/tribble/me696_2/install/turtlebot3_drl/lib/python3.8/site-packages/turtlebot3_drl-2.0.0-py3.8.egg-info/entry_points.txt
/home/tribble/me696_2/install/turtlebot3_drl/lib/python3.8/site-packages/turtlebot3_drl-2.0.0-py3.8.egg-info/dependency_links.txt
/home/tribble/me696_2/install/turtlebot3_drl/lib/turtlebot3_drl/drl_agent
/home/tribble/me696_2/install/turtlebot3_drl/lib/turtlebot3_drl/drl_environment
/home/tribble/me696_2/install/turtlebot3_drl/lib/turtlebot3_drl/drl_gazebo
