[0.345s] Invoking command in '/home/tribble/me696_2/src/me696_hh2_ws/sample_maps': PYTHONPATH=/home/tribble/me696_2/build/sample_maps/prefix_override:/home/tribble/me696_2/install/sample_maps/lib/python3.8/site-packages:${PYTHONPATH} /usr/bin/python3 setup.py egg_info --egg-base ../../../build/sample_maps build --build-base /home/tribble/me696_2/build/sample_maps/build install --record /home/tribble/me696_2/build/sample_maps/install.log --install-scripts $base/lib/sample_maps --single-version-externally-managed
[0.449s] running egg_info
[0.450s] creating ../../../build/sample_maps/sample_maps.egg-info
[0.450s] writing ../../../build/sample_maps/sample_maps.egg-info/PKG-INFO
[0.450s] writing dependency_links to ../../../build/sample_maps/sample_maps.egg-info/dependency_links.txt
[0.450s] writing entry points to ../../../build/sample_maps/sample_maps.egg-info/entry_points.txt
[0.450s] writing requirements to ../../../build/sample_maps/sample_maps.egg-info/requires.txt
[0.450s] writing top-level names to ../../../build/sample_maps/sample_maps.egg-info/top_level.txt
[0.451s] writing manifest file '../../../build/sample_maps/sample_maps.egg-info/SOURCES.txt'
[0.468s] reading manifest file '../../../build/sample_maps/sample_maps.egg-info/SOURCES.txt'
[0.469s] writing manifest file '../../../build/sample_maps/sample_maps.egg-info/SOURCES.txt'
[0.469s] running build
[0.469s] running build_py
[0.469s] creating /home/tribble/me696_2/build/sample_maps/build
[0.469s] creating /home/tribble/me696_2/build/sample_maps/build/lib
[0.469s] creating /home/tribble/me696_2/build/sample_maps/build/lib/sample_maps
[0.469s] copying sample_maps/__init__.py -> /home/tribble/me696_2/build/sample_maps/build/lib/sample_maps
[0.470s] running install
[0.470s] running install_lib
[0.471s] creating /home/tribble/me696_2/install/sample_maps/lib/python3.8/site-packages/sample_maps
[0.471s] copying /home/tribble/me696_2/build/sample_maps/build/lib/sample_maps/__init__.py -> /home/tribble/me696_2/install/sample_maps/lib/python3.8/site-packages/sample_maps
[0.471s] byte-compiling /home/tribble/me696_2/install/sample_maps/lib/python3.8/site-packages/sample_maps/__init__.py to __init__.cpython-38.pyc
[0.472s] running install_data
[0.472s] creating /home/tribble/me696_2/install/sample_maps/share/ament_index
[0.472s] creating /home/tribble/me696_2/install/sample_maps/share/ament_index/resource_index
[0.472s] creating /home/tribble/me696_2/install/sample_maps/share/ament_index/resource_index/packages
[0.472s] copying resource/sample_maps -> /home/tribble/me696_2/install/sample_maps/share/ament_index/resource_index/packages
[0.473s] copying package.xml -> /home/tribble/me696_2/install/sample_maps/share/sample_maps
[0.473s] creating /home/tribble/me696_2/install/sample_maps/share/sample_maps/sample_maps
[0.473s] copying sample_maps/map_distort.pgm -> /home/tribble/me696_2/install/sample_maps/share/sample_maps/sample_maps
[0.474s] copying sample_maps/map_clean.pgm -> /home/tribble/me696_2/install/sample_maps/share/sample_maps/sample_maps
[0.476s] copying sample_maps/map_clean.yaml -> /home/tribble/me696_2/install/sample_maps/share/sample_maps/sample_maps
[0.476s] copying sample_maps/map_distort.yaml -> /home/tribble/me696_2/install/sample_maps/share/sample_maps/sample_maps
[0.476s] copying sample_maps/params_config.yaml -> /home/tribble/me696_2/install/sample_maps/share/sample_maps/sample_maps
[0.477s] running install_egg_info
[0.478s] Copying ../../../build/sample_maps/sample_maps.egg-info to /home/tribble/me696_2/install/sample_maps/lib/python3.8/site-packages/sample_maps-0.0.0-py3.8.egg-info
[0.478s] running install_scripts
[0.488s] writing list of installed files to '/home/tribble/me696_2/build/sample_maps/install.log'
[0.508s] Invoked command in '/home/tribble/me696_2/src/me696_hh2_ws/sample_maps' returned '0': PYTHONPATH=/home/tribble/me696_2/build/sample_maps/prefix_override:/home/tribble/me696_2/install/sample_maps/lib/python3.8/site-packages:${PYTHONPATH} /usr/bin/python3 setup.py egg_info --egg-base ../../../build/sample_maps build --build-base /home/tribble/me696_2/build/sample_maps/build install --record /home/tribble/me696_2/build/sample_maps/install.log --install-scripts $base/lib/sample_maps --single-version-externally-managed
