[0.011s] Invoking command in '/home/tribble/me696_2/build/turtlebot3_fake_node': AMENT_PREFIX_PATH=/home/tribble/me696_2/install/turtlebot3_msgs:${AMENT_PREFIX_PATH} CMAKE_PREFIX_PATH=/home/tribble/me696_2/install/turtlebot3_msgs:/opt/ros/foxy LD_LIBRARY_PATH=/home/tribble/me696_2/install/turtlebot3_msgs/lib:${LD_LIBRARY_PATH} PYTHONPATH=/home/tribble/me696_2/install/turtlebot3_msgs/lib/python3.8/site-packages:${PYTHONPATH} /usr/bin/cmake /home/tribble/me696_2/src/turtlebot3_drlnav/src/turtlebot3_simulations/turtlebot3_fake_node -DCMAKE_INSTALL_PREFIX=/home/tribble/me696_2/install/turtlebot3_fake_node
[0.054s] -- The C compiler identification is GNU 9.4.0
[0.085s] -- The CXX compiler identification is GNU 9.4.0
[0.090s] -- Check for working C compiler: /usr/bin/cc
[0.144s] -- Check for working C compiler: /usr/bin/cc -- works
[0.146s] -- Detecting C compiler ABI info
[0.187s] -- Detecting C compiler ABI info - done
[0.191s] -- Detecting C compile features
[0.191s] -- Detecting C compile features - done
[0.193s] -- Check for working CXX compiler: /usr/bin/c++
[0.239s] -- Check for working CXX compiler: /usr/bin/c++ -- works
[0.239s] -- Detecting CXX compiler ABI info
[0.287s] -- Detecting CXX compiler ABI info - done
[0.290s] -- Detecting CXX compile features
[0.290s] -- Detecting CXX compile features - done
[0.301s] -- Found ament_cmake: 0.9.11 (/opt/ros/foxy/share/ament_cmake/cmake)
[0.335s] -- Found PythonInterp: /usr/bin/python3 (found suitable version "3.8.10", minimum required is "3") 
[0.335s] -- Using PYTHON_EXECUTABLE: /usr/bin/python3
[0.548s] -- Found geometry_msgs: 2.0.5 (/opt/ros/foxy/share/geometry_msgs/cmake)
[0.596s] -- Using all available rosidl_typesupport_c: rosidl_typesupport_fastrtps_c;rosidl_typesupport_introspection_c
[0.602s] -- Found rosidl_adapter: 1.3.0 (/opt/ros/foxy/share/rosidl_adapter/cmake)
[0.742s] -- Found OpenSSL: /usr/lib/x86_64-linux-gnu/libcrypto.so (found version "1.1.1f")  
[0.779s] -- Found FastRTPS: /opt/ros/foxy/include  
[0.903s] -- Using all available rosidl_typesupport_cpp: rosidl_typesupport_fastrtps_cpp;rosidl_typesupport_introspection_cpp
[0.972s] -- Found nav_msgs: 2.0.5 (/opt/ros/foxy/share/nav_msgs/cmake)
[1.016s] -- Found rclcpp: 2.4.2 (/opt/ros/foxy/share/rclcpp/cmake)
[1.055s] -- Found rmw_implementation_cmake: 1.0.3 (/opt/ros/foxy/share/rmw_implementation_cmake/cmake)
[1.056s] -- Using RMW implementation 'rmw_fastrtps_cpp' as default
[1.058s] -- Looking for pthread.h
[1.103s] -- Looking for pthread.h - found
[1.103s] -- Performing Test CMAKE_HAVE_LIBC_PTHREAD
[1.143s] -- Performing Test CMAKE_HAVE_LIBC_PTHREAD - Failed
[1.143s] -- Looking for pthread_create in pthreads
[1.175s] -- Looking for pthread_create in pthreads - not found
[1.175s] -- Looking for pthread_create in pthread
[1.213s] -- Looking for pthread_create in pthread - found
[1.215s] -- Found Threads: TRUE  
[1.373s] -- Found sensor_msgs: 2.0.5 (/opt/ros/foxy/share/sensor_msgs/cmake)
[1.416s] -- Found tf2: 0.13.13 (/opt/ros/foxy/share/tf2/cmake)
[1.424s] -- Found tf2_msgs: 0.13.13 (/opt/ros/foxy/share/tf2_msgs/cmake)
[1.575s] -- Found turtlebot3_msgs: 2.2.1 (/home/tribble/me696_2/install/turtlebot3_msgs/share/turtlebot3_msgs/cmake)
[1.702s] -- Configuring done
[1.719s] -- Generating done
[1.720s] -- Build files have been written to: /home/tribble/me696_2/build/turtlebot3_fake_node
[1.735s] Invoked command in '/home/tribble/me696_2/build/turtlebot3_fake_node' returned '0': AMENT_PREFIX_PATH=/home/tribble/me696_2/install/turtlebot3_msgs:${AMENT_PREFIX_PATH} CMAKE_PREFIX_PATH=/home/tribble/me696_2/install/turtlebot3_msgs:/opt/ros/foxy LD_LIBRARY_PATH=/home/tribble/me696_2/install/turtlebot3_msgs/lib:${LD_LIBRARY_PATH} PYTHONPATH=/home/tribble/me696_2/install/turtlebot3_msgs/lib/python3.8/site-packages:${PYTHONPATH} /usr/bin/cmake /home/tribble/me696_2/src/turtlebot3_drlnav/src/turtlebot3_simulations/turtlebot3_fake_node -DCMAKE_INSTALL_PREFIX=/home/tribble/me696_2/install/turtlebot3_fake_node
[1.736s] Invoking command in '/home/tribble/me696_2/build/turtlebot3_fake_node': AMENT_PREFIX_PATH=/home/tribble/me696_2/install/turtlebot3_msgs:${AMENT_PREFIX_PATH} CMAKE_PREFIX_PATH=/home/tribble/me696_2/install/turtlebot3_msgs:/opt/ros/foxy LD_LIBRARY_PATH=/home/tribble/me696_2/install/turtlebot3_msgs/lib:${LD_LIBRARY_PATH} PYTHONPATH=/home/tribble/me696_2/install/turtlebot3_msgs/lib/python3.8/site-packages:${PYTHONPATH} /usr/bin/cmake --build /home/tribble/me696_2/build/turtlebot3_fake_node -- -j2 -l2
[1.831s] [35m[1mScanning dependencies of target turtlebot3_fake_node[0m
[1.884s] [ 50%] [32mBuilding CXX object CMakeFiles/turtlebot3_fake_node.dir/src/turtlebot3_fake_node.cpp.o[0m
[6.004s] [100%] [32m[1mLinking CXX executable turtlebot3_fake_node[0m
[6.183s] [100%] Built target turtlebot3_fake_node
[6.230s] Invoked command in '/home/tribble/me696_2/build/turtlebot3_fake_node' returned '0': AMENT_PREFIX_PATH=/home/tribble/me696_2/install/turtlebot3_msgs:${AMENT_PREFIX_PATH} CMAKE_PREFIX_PATH=/home/tribble/me696_2/install/turtlebot3_msgs:/opt/ros/foxy LD_LIBRARY_PATH=/home/tribble/me696_2/install/turtlebot3_msgs/lib:${LD_LIBRARY_PATH} PYTHONPATH=/home/tribble/me696_2/install/turtlebot3_msgs/lib/python3.8/site-packages:${PYTHONPATH} /usr/bin/cmake --build /home/tribble/me696_2/build/turtlebot3_fake_node -- -j2 -l2
[6.242s] Invoking command in '/home/tribble/me696_2/build/turtlebot3_fake_node': AMENT_PREFIX_PATH=/home/tribble/me696_2/install/turtlebot3_msgs:${AMENT_PREFIX_PATH} CMAKE_PREFIX_PATH=/home/tribble/me696_2/install/turtlebot3_msgs:/opt/ros/foxy LD_LIBRARY_PATH=/home/tribble/me696_2/install/turtlebot3_msgs/lib:${LD_LIBRARY_PATH} PYTHONPATH=/home/tribble/me696_2/install/turtlebot3_msgs/lib/python3.8/site-packages:${PYTHONPATH} /usr/bin/cmake --install /home/tribble/me696_2/build/turtlebot3_fake_node
[6.247s] -- Install configuration: ""
[6.247s] -- Installing: /home/tribble/me696_2/install/turtlebot3_fake_node/lib/turtlebot3_fake_node/turtlebot3_fake_node
[6.248s] -- Set runtime path of "/home/tribble/me696_2/install/turtlebot3_fake_node/lib/turtlebot3_fake_node/turtlebot3_fake_node" to ""
[6.248s] -- Installing: /home/tribble/me696_2/install/turtlebot3_fake_node/share/turtlebot3_fake_node/launch
[6.248s] -- Installing: /home/tribble/me696_2/install/turtlebot3_fake_node/share/turtlebot3_fake_node/launch/turtlebot3_fake_node.launch.py
[6.249s] -- Installing: /home/tribble/me696_2/install/turtlebot3_fake_node/share/turtlebot3_fake_node/launch/rviz2.launch.py
[6.249s] -- Installing: /home/tribble/me696_2/install/turtlebot3_fake_node/share/turtlebot3_fake_node/param
[6.249s] -- Installing: /home/tribble/me696_2/install/turtlebot3_fake_node/share/turtlebot3_fake_node/param/waffle.yaml
[6.249s] -- Installing: /home/tribble/me696_2/install/turtlebot3_fake_node/share/turtlebot3_fake_node/param/waffle_pi.yaml
[6.250s] -- Installing: /home/tribble/me696_2/install/turtlebot3_fake_node/share/turtlebot3_fake_node/param/burger.yaml
[6.250s] -- Installing: /home/tribble/me696_2/install/turtlebot3_fake_node/share/turtlebot3_fake_node/rviz
[6.250s] -- Installing: /home/tribble/me696_2/install/turtlebot3_fake_node/share/turtlebot3_fake_node/rviz/model.rviz
[6.251s] -- Installing: /home/tribble/me696_2/install/turtlebot3_fake_node/include/
[6.251s] -- Installing: /home/tribble/me696_2/install/turtlebot3_fake_node/include//turtlebot3_fake_node
[6.251s] -- Installing: /home/tribble/me696_2/install/turtlebot3_fake_node/include//turtlebot3_fake_node/turtlebot3_fake_node.hpp
[6.251s] -- Installing: /home/tribble/me696_2/install/turtlebot3_fake_node/share/ament_index/resource_index/package_run_dependencies/turtlebot3_fake_node
[6.251s] -- Installing: /home/tribble/me696_2/install/turtlebot3_fake_node/share/ament_index/resource_index/parent_prefix_path/turtlebot3_fake_node
[6.251s] -- Installing: /home/tribble/me696_2/install/turtlebot3_fake_node/share/turtlebot3_fake_node/environment/ament_prefix_path.sh
[6.251s] -- Installing: /home/tribble/me696_2/install/turtlebot3_fake_node/share/turtlebot3_fake_node/environment/ament_prefix_path.dsv
[6.251s] -- Installing: /home/tribble/me696_2/install/turtlebot3_fake_node/share/turtlebot3_fake_node/environment/path.sh
[6.251s] -- Installing: /home/tribble/me696_2/install/turtlebot3_fake_node/share/turtlebot3_fake_node/environment/path.dsv
[6.251s] -- Installing: /home/tribble/me696_2/install/turtlebot3_fake_node/share/turtlebot3_fake_node/local_setup.bash
[6.251s] -- Installing: /home/tribble/me696_2/install/turtlebot3_fake_node/share/turtlebot3_fake_node/local_setup.sh
[6.251s] -- Installing: /home/tribble/me696_2/install/turtlebot3_fake_node/share/turtlebot3_fake_node/local_setup.zsh
[6.252s] -- Installing: /home/tribble/me696_2/install/turtlebot3_fake_node/share/turtlebot3_fake_node/local_setup.dsv
[6.252s] -- Installing: /home/tribble/me696_2/install/turtlebot3_fake_node/share/turtlebot3_fake_node/package.dsv
[6.252s] -- Installing: /home/tribble/me696_2/install/turtlebot3_fake_node/share/ament_index/resource_index/packages/turtlebot3_fake_node
[6.252s] -- Installing: /home/tribble/me696_2/install/turtlebot3_fake_node/share/turtlebot3_fake_node/cmake/ament_cmake_export_include_directories-extras.cmake
[6.252s] -- Installing: /home/tribble/me696_2/install/turtlebot3_fake_node/share/turtlebot3_fake_node/cmake/ament_cmake_export_dependencies-extras.cmake
[6.252s] -- Installing: /home/tribble/me696_2/install/turtlebot3_fake_node/share/turtlebot3_fake_node/cmake/turtlebot3_fake_nodeConfig.cmake
[6.252s] -- Installing: /home/tribble/me696_2/install/turtlebot3_fake_node/share/turtlebot3_fake_node/cmake/turtlebot3_fake_nodeConfig-version.cmake
[6.252s] -- Installing: /home/tribble/me696_2/install/turtlebot3_fake_node/share/turtlebot3_fake_node/package.xml
[6.258s] Invoked command in '/home/tribble/me696_2/build/turtlebot3_fake_node' returned '0': AMENT_PREFIX_PATH=/home/tribble/me696_2/install/turtlebot3_msgs:${AMENT_PREFIX_PATH} CMAKE_PREFIX_PATH=/home/tribble/me696_2/install/turtlebot3_msgs:/opt/ros/foxy LD_LIBRARY_PATH=/home/tribble/me696_2/install/turtlebot3_msgs/lib:${LD_LIBRARY_PATH} PYTHONPATH=/home/tribble/me696_2/install/turtlebot3_msgs/lib/python3.8/site-packages:${PYTHONPATH} /usr/bin/cmake --install /home/tribble/me696_2/build/turtlebot3_fake_node
