[0.515s] Invoking command in '/home/tribble/me696/ros2_ws/src/me696_hh2_ws/holmes_nav': PYTHONPATH=/home/tribble/me696/ros2_ws/src/me696_hh2_ws/build/holmes_nav/prefix_override:/home/tribble/me696/ros2_ws/src/me696_hh2_ws/install/holmes_nav/lib/python3.8/site-packages:${PYTHONPATH} /usr/bin/python3 setup.py egg_info --egg-base ../build/holmes_nav build --build-base /home/tribble/me696/ros2_ws/src/me696_hh2_ws/build/holmes_nav/build install --record /home/tribble/me696/ros2_ws/src/me696_hh2_ws/build/holmes_nav/install.log --install-scripts $base/lib/holmes_nav --single-version-externally-managed
[0.620s] running egg_info
[0.620s] creating ../build/holmes_nav/holmes_nav.egg-info
[0.620s] writing ../build/holmes_nav/holmes_nav.egg-info/PKG-INFO
[0.621s] writing dependency_links to ../build/holmes_nav/holmes_nav.egg-info/dependency_links.txt
[0.621s] writing entry points to ../build/holmes_nav/holmes_nav.egg-info/entry_points.txt
[0.621s] writing requirements to ../build/holmes_nav/holmes_nav.egg-info/requires.txt
[0.621s] writing top-level names to ../build/holmes_nav/holmes_nav.egg-info/top_level.txt
[0.624s] writing manifest file '../build/holmes_nav/holmes_nav.egg-info/SOURCES.txt'
[0.641s] reading manifest file '../build/holmes_nav/holmes_nav.egg-info/SOURCES.txt'
[0.642s] writing manifest file '../build/holmes_nav/holmes_nav.egg-info/SOURCES.txt'
[0.642s] running build
[0.642s] running build_py
[0.643s] creating /home/tribble/me696/ros2_ws/src/me696_hh2_ws/build/holmes_nav/build
[0.643s] creating /home/tribble/me696/ros2_ws/src/me696_hh2_ws/build/holmes_nav/build/lib
[0.643s] creating /home/tribble/me696/ros2_ws/src/me696_hh2_ws/build/holmes_nav/build/lib/holmes_nav
[0.643s] copying holmes_nav/__init__.py -> /home/tribble/me696/ros2_ws/src/me696_hh2_ws/build/holmes_nav/build/lib/holmes_nav
[0.643s] copying holmes_nav/hh2_node.py -> /home/tribble/me696/ros2_ws/src/me696_hh2_ws/build/holmes_nav/build/lib/holmes_nav
[0.643s] running install
[0.644s] running install_lib
[0.644s] creating /home/tribble/me696/ros2_ws/src/me696_hh2_ws/install/holmes_nav/lib/python3.8/site-packages/holmes_nav
[0.645s] copying /home/tribble/me696/ros2_ws/src/me696_hh2_ws/build/holmes_nav/build/lib/holmes_nav/__init__.py -> /home/tribble/me696/ros2_ws/src/me696_hh2_ws/install/holmes_nav/lib/python3.8/site-packages/holmes_nav
[0.645s] copying /home/tribble/me696/ros2_ws/src/me696_hh2_ws/build/holmes_nav/build/lib/holmes_nav/hh2_node.py -> /home/tribble/me696/ros2_ws/src/me696_hh2_ws/install/holmes_nav/lib/python3.8/site-packages/holmes_nav
[0.645s] byte-compiling /home/tribble/me696/ros2_ws/src/me696_hh2_ws/install/holmes_nav/lib/python3.8/site-packages/holmes_nav/__init__.py to __init__.cpython-38.pyc
[0.646s] byte-compiling /home/tribble/me696/ros2_ws/src/me696_hh2_ws/install/holmes_nav/lib/python3.8/site-packages/holmes_nav/hh2_node.py to hh2_node.cpython-38.pyc
[0.646s] running install_data
[0.646s] creating /home/tribble/me696/ros2_ws/src/me696_hh2_ws/install/holmes_nav/share/ament_index
[0.646s] creating /home/tribble/me696/ros2_ws/src/me696_hh2_ws/install/holmes_nav/share/ament_index/resource_index
[0.646s] creating /home/tribble/me696/ros2_ws/src/me696_hh2_ws/install/holmes_nav/share/ament_index/resource_index/packages
[0.647s] copying resource/holmes_nav -> /home/tribble/me696/ros2_ws/src/me696_hh2_ws/install/holmes_nav/share/ament_index/resource_index/packages
[0.647s] copying package.xml -> /home/tribble/me696/ros2_ws/src/me696_hh2_ws/install/holmes_nav/share/holmes_nav
[0.647s] creating /home/tribble/me696/ros2_ws/src/me696_hh2_ws/install/holmes_nav/share/holmes_nav/launch
[0.647s] copying launch/holmes_hall.launch.py -> /home/tribble/me696/ros2_ws/src/me696_hh2_ws/install/holmes_nav/share/holmes_nav/launch
[0.647s] copying launch/update_slam.xml -> /home/tribble/me696/ros2_ws/src/me696_hh2_ws/install/holmes_nav/share/holmes_nav/launch
[0.647s] creating /home/tribble/me696/ros2_ws/src/me696_hh2_ws/install/holmes_nav/share/holmes_nav/models
[0.647s] creating /home/tribble/me696/ros2_ws/src/me696_hh2_ws/install/holmes_nav/share/holmes_nav/models/hh2
[0.647s] copying models/hh2/model.config -> /home/tribble/me696/ros2_ws/src/me696_hh2_ws/install/holmes_nav/share/holmes_nav/models/hh2
[0.648s] copying models/hh2/model.sdf -> /home/tribble/me696/ros2_ws/src/me696_hh2_ws/install/holmes_nav/share/holmes_nav/models/hh2
[0.648s] creating /home/tribble/me696/ros2_ws/src/me696_hh2_ws/install/holmes_nav/share/holmes_nav/models/hh2/meshes
[0.648s] copying models/hh2/meshes/hh2.stl -> /home/tribble/me696/ros2_ws/src/me696_hh2_ws/install/holmes_nav/share/holmes_nav/models/hh2/meshes
[0.648s] copying models/hh2/meshes/hh2_v2.stl -> /home/tribble/me696/ros2_ws/src/me696_hh2_ws/install/holmes_nav/share/holmes_nav/models/hh2/meshes
[0.648s] copying models/hh2/meshes/hh2_scaledown.stl -> /home/tribble/me696/ros2_ws/src/me696_hh2_ws/install/holmes_nav/share/holmes_nav/models/hh2/meshes
[0.649s] creating /home/tribble/me696/ros2_ws/src/me696_hh2_ws/install/holmes_nav/share/holmes_nav/worlds
[0.649s] creating /home/tribble/me696/ros2_ws/src/me696_hh2_ws/install/holmes_nav/share/holmes_nav/worlds/hh2
[0.649s] copying worlds/hh2/waffle.model -> /home/tribble/me696/ros2_ws/src/me696_hh2_ws/install/holmes_nav/share/holmes_nav/worlds/hh2
[0.649s] running install_egg_info
[0.651s] Copying ../build/holmes_nav/holmes_nav.egg-info to /home/tribble/me696/ros2_ws/src/me696_hh2_ws/install/holmes_nav/lib/python3.8/site-packages/holmes_nav-0.0.0-py3.8.egg-info
[0.651s] running install_scripts
[0.662s] Installing hh2_node script to /home/tribble/me696/ros2_ws/src/me696_hh2_ws/install/holmes_nav/lib/holmes_nav
[0.662s] writing list of installed files to '/home/tribble/me696/ros2_ws/src/me696_hh2_ws/build/holmes_nav/install.log'
[0.675s] Invoked command in '/home/tribble/me696/ros2_ws/src/me696_hh2_ws/holmes_nav' returned '0': PYTHONPATH=/home/tribble/me696/ros2_ws/src/me696_hh2_ws/build/holmes_nav/prefix_override:/home/tribble/me696/ros2_ws/src/me696_hh2_ws/install/holmes_nav/lib/python3.8/site-packages:${PYTHONPATH} /usr/bin/python3 setup.py egg_info --egg-base ../build/holmes_nav build --build-base /home/tribble/me696/ros2_ws/src/me696_hh2_ws/build/holmes_nav/build install --record /home/tribble/me696/ros2_ws/src/me696_hh2_ws/build/holmes_nav/install.log --install-scripts $base/lib/holmes_nav --single-version-externally-managed
