[0.146s] DEBUG:colcon:Command line arguments: ['/usr/bin/colcon', 'build']
[0.146s] DEBUG:colcon:Parsed command line arguments: Namespace(allow_overriding=[], ament_cmake_args=None, base_paths=['.'], build_base='build', catkin_cmake_args=None, catkin_skip_building_tests=False, cmake_args=None, cmake_clean_cache=False, cmake_clean_first=False, cmake_force_configure=False, cmake_target=None, cmake_target_skip_unavailable=False, continue_on_error=False, event_handlers=None, executor='parallel', ignore_user_meta=False, install_base='install', log_base=None, log_level=None, main=<bound method BuildVerb.main of <colcon_core.verb.build.BuildVerb object at 0x7fa984b66490>>, merge_install=False, metas=['./colcon.meta'], packages_above=None, packages_above_and_dependencies=None, packages_above_depth=None, packages_end=None, packages_ignore=None, packages_ignore_regex=None, packages_select=None, packages_select_build_failed=False, packages_select_by_dep=None, packages_select_regex=None, packages_select_test_failures=False, packages_skip=None, packages_skip_build_finished=False, packages_skip_by_dep=None, packages_skip_regex=None, packages_skip_test_passed=False, packages_skip_up_to=None, packages_start=None, packages_up_to=None, packages_up_to_regex=None, parallel_workers=2, paths=None, symlink_install=False, test_result_base=None, verb_extension=<colcon_core.verb.build.BuildVerb object at 0x7fa984b66490>, verb_name='build', verb_parser=<colcon_defaults.argument_parser.defaults.DefaultArgumentsDecorator object at 0x7fa984b669d0>)
[0.162s] Level 1:colcon.colcon_core.package_discovery:discover_packages(colcon_meta) check parameters
[0.162s] Level 1:colcon.colcon_core.package_discovery:discover_packages(recursive) check parameters
[0.162s] Level 1:colcon.colcon_core.package_discovery:discover_packages(ignore) check parameters
[0.162s] Level 1:colcon.colcon_core.package_discovery:discover_packages(path) check parameters
[0.162s] Level 1:colcon.colcon_core.package_discovery:discover_packages(colcon_meta) discover
[0.162s] Level 1:colcon.colcon_core.package_discovery:discover_packages(recursive) discover
[0.162s] INFO:colcon.colcon_core.package_discovery:Crawling recursively for packages in '/home/tribble/me696_2'
[0.162s] Level 1:colcon.colcon_core.package_identification:_identify(.) by extensions ['ignore', 'ignore_ament_install']
[0.162s] Level 1:colcon.colcon_core.package_identification:_identify(.) by extension 'ignore'
[0.162s] Level 1:colcon.colcon_core.package_identification:_identify(.) by extension 'ignore_ament_install'
[0.162s] Level 1:colcon.colcon_core.package_identification:_identify(.) by extensions ['colcon_pkg']
[0.162s] Level 1:colcon.colcon_core.package_identification:_identify(.) by extension 'colcon_pkg'
[0.162s] Level 1:colcon.colcon_core.package_identification:_identify(.) by extensions ['colcon_meta']
[0.162s] Level 1:colcon.colcon_core.package_identification:_identify(.) by extension 'colcon_meta'
[0.162s] Level 1:colcon.colcon_core.package_identification:_identify(.) by extensions ['ros']
[0.162s] Level 1:colcon.colcon_core.package_identification:_identify(.) by extension 'ros'
[0.173s] Level 1:colcon.colcon_core.package_identification:_identify(.) by extensions ['cmake', 'python']
[0.173s] Level 1:colcon.colcon_core.package_identification:_identify(.) by extension 'cmake'
[0.173s] Level 1:colcon.colcon_core.package_identification:_identify(.) by extension 'python'
[0.173s] Level 1:colcon.colcon_core.package_identification:_identify(.) by extensions ['python_setup_py']
[0.173s] Level 1:colcon.colcon_core.package_identification:_identify(.) by extension 'python_setup_py'
[0.174s] Level 1:colcon.colcon_core.package_identification:_identify(build) by extensions ['ignore', 'ignore_ament_install']
[0.174s] Level 1:colcon.colcon_core.package_identification:_identify(build) by extension 'ignore'
[0.174s] Level 1:colcon.colcon_core.package_identification:_identify(build) ignored
[0.174s] Level 1:colcon.colcon_core.package_identification:_identify(install) by extensions ['ignore', 'ignore_ament_install']
[0.174s] Level 1:colcon.colcon_core.package_identification:_identify(install) by extension 'ignore'
[0.174s] Level 1:colcon.colcon_core.package_identification:_identify(install) ignored
[0.174s] Level 1:colcon.colcon_core.package_identification:_identify(log) by extensions ['ignore', 'ignore_ament_install']
[0.174s] Level 1:colcon.colcon_core.package_identification:_identify(log) by extension 'ignore'
[0.174s] Level 1:colcon.colcon_core.package_identification:_identify(log) ignored
[0.174s] Level 1:colcon.colcon_core.package_identification:_identify(turtlebot3_drlnav) by extensions ['ignore', 'ignore_ament_install']
[0.174s] Level 1:colcon.colcon_core.package_identification:_identify(turtlebot3_drlnav) by extension 'ignore'
[0.174s] Level 1:colcon.colcon_core.package_identification:_identify(turtlebot3_drlnav) by extension 'ignore_ament_install'
[0.174s] Level 1:colcon.colcon_core.package_identification:_identify(turtlebot3_drlnav) by extensions ['colcon_pkg']
[0.174s] Level 1:colcon.colcon_core.package_identification:_identify(turtlebot3_drlnav) by extension 'colcon_pkg'
[0.174s] Level 1:colcon.colcon_core.package_identification:_identify(turtlebot3_drlnav) by extensions ['colcon_meta']
[0.174s] Level 1:colcon.colcon_core.package_identification:_identify(turtlebot3_drlnav) by extension 'colcon_meta'
[0.174s] Level 1:colcon.colcon_core.package_identification:_identify(turtlebot3_drlnav) by extensions ['ros']
[0.174s] Level 1:colcon.colcon_core.package_identification:_identify(turtlebot3_drlnav) by extension 'ros'
[0.174s] Level 1:colcon.colcon_core.package_identification:_identify(turtlebot3_drlnav) by extensions ['cmake', 'python']
[0.174s] Level 1:colcon.colcon_core.package_identification:_identify(turtlebot3_drlnav) by extension 'cmake'
[0.174s] Level 1:colcon.colcon_core.package_identification:_identify(turtlebot3_drlnav) by extension 'python'
[0.174s] Level 1:colcon.colcon_core.package_identification:_identify(turtlebot3_drlnav) by extensions ['python_setup_py']
[0.174s] Level 1:colcon.colcon_core.package_identification:_identify(turtlebot3_drlnav) by extension 'python_setup_py'
[0.174s] Level 1:colcon.colcon_core.package_identification:_identify(turtlebot3_drlnav/build) by extensions ['ignore', 'ignore_ament_install']
[0.174s] Level 1:colcon.colcon_core.package_identification:_identify(turtlebot3_drlnav/build) by extension 'ignore'
[0.175s] Level 1:colcon.colcon_core.package_identification:_identify(turtlebot3_drlnav/build) ignored
[0.175s] Level 1:colcon.colcon_core.package_identification:_identify(turtlebot3_drlnav/install) by extensions ['ignore', 'ignore_ament_install']
[0.175s] Level 1:colcon.colcon_core.package_identification:_identify(turtlebot3_drlnav/install) by extension 'ignore'
[0.175s] Level 1:colcon.colcon_core.package_identification:_identify(turtlebot3_drlnav/install) ignored
[0.175s] Level 1:colcon.colcon_core.package_identification:_identify(turtlebot3_drlnav/log) by extensions ['ignore', 'ignore_ament_install']
[0.175s] Level 1:colcon.colcon_core.package_identification:_identify(turtlebot3_drlnav/log) by extension 'ignore'
[0.175s] Level 1:colcon.colcon_core.package_identification:_identify(turtlebot3_drlnav/log) ignored
[0.175s] Level 1:colcon.colcon_core.package_identification:_identify(turtlebot3_drlnav/media) by extensions ['ignore', 'ignore_ament_install']
[0.175s] Level 1:colcon.colcon_core.package_identification:_identify(turtlebot3_drlnav/media) by extension 'ignore'
[0.175s] Level 1:colcon.colcon_core.package_identification:_identify(turtlebot3_drlnav/media) by extension 'ignore_ament_install'
[0.175s] Level 1:colcon.colcon_core.package_identification:_identify(turtlebot3_drlnav/media) by extensions ['colcon_pkg']
[0.175s] Level 1:colcon.colcon_core.package_identification:_identify(turtlebot3_drlnav/media) by extension 'colcon_pkg'
[0.175s] Level 1:colcon.colcon_core.package_identification:_identify(turtlebot3_drlnav/media) by extensions ['colcon_meta']
[0.175s] Level 1:colcon.colcon_core.package_identification:_identify(turtlebot3_drlnav/media) by extension 'colcon_meta'
[0.175s] Level 1:colcon.colcon_core.package_identification:_identify(turtlebot3_drlnav/media) by extensions ['ros']
[0.175s] Level 1:colcon.colcon_core.package_identification:_identify(turtlebot3_drlnav/media) by extension 'ros'
[0.175s] Level 1:colcon.colcon_core.package_identification:_identify(turtlebot3_drlnav/media) by extensions ['cmake', 'python']
[0.175s] Level 1:colcon.colcon_core.package_identification:_identify(turtlebot3_drlnav/media) by extension 'cmake'
[0.175s] Level 1:colcon.colcon_core.package_identification:_identify(turtlebot3_drlnav/media) by extension 'python'
[0.175s] Level 1:colcon.colcon_core.package_identification:_identify(turtlebot3_drlnav/media) by extensions ['python_setup_py']
[0.175s] Level 1:colcon.colcon_core.package_identification:_identify(turtlebot3_drlnav/media) by extension 'python_setup_py'
[0.175s] Level 1:colcon.colcon_core.package_identification:_identify(turtlebot3_drlnav/src) by extensions ['ignore', 'ignore_ament_install']
[0.175s] Level 1:colcon.colcon_core.package_identification:_identify(turtlebot3_drlnav/src) by extension 'ignore'
[0.175s] Level 1:colcon.colcon_core.package_identification:_identify(turtlebot3_drlnav/src) by extension 'ignore_ament_install'
[0.175s] Level 1:colcon.colcon_core.package_identification:_identify(turtlebot3_drlnav/src) by extensions ['colcon_pkg']
[0.175s] Level 1:colcon.colcon_core.package_identification:_identify(turtlebot3_drlnav/src) by extension 'colcon_pkg'
[0.175s] Level 1:colcon.colcon_core.package_identification:_identify(turtlebot3_drlnav/src) by extensions ['colcon_meta']
[0.175s] Level 1:colcon.colcon_core.package_identification:_identify(turtlebot3_drlnav/src) by extension 'colcon_meta'
[0.175s] Level 1:colcon.colcon_core.package_identification:_identify(turtlebot3_drlnav/src) by extensions ['ros']
[0.175s] Level 1:colcon.colcon_core.package_identification:_identify(turtlebot3_drlnav/src) by extension 'ros'
[0.175s] Level 1:colcon.colcon_core.package_identification:_identify(turtlebot3_drlnav/src) by extensions ['cmake', 'python']
[0.175s] Level 1:colcon.colcon_core.package_identification:_identify(turtlebot3_drlnav/src) by extension 'cmake'
[0.175s] Level 1:colcon.colcon_core.package_identification:_identify(turtlebot3_drlnav/src) by extension 'python'
[0.175s] Level 1:colcon.colcon_core.package_identification:_identify(turtlebot3_drlnav/src) by extensions ['python_setup_py']
[0.175s] Level 1:colcon.colcon_core.package_identification:_identify(turtlebot3_drlnav/src) by extension 'python_setup_py'
[0.175s] Level 1:colcon.colcon_core.package_identification:_identify(turtlebot3_drlnav/src/turtlebot3_drl) by extensions ['ignore', 'ignore_ament_install']
[0.175s] Level 1:colcon.colcon_core.package_identification:_identify(turtlebot3_drlnav/src/turtlebot3_drl) by extension 'ignore'
[0.175s] Level 1:colcon.colcon_core.package_identification:_identify(turtlebot3_drlnav/src/turtlebot3_drl) by extension 'ignore_ament_install'
[0.175s] Level 1:colcon.colcon_core.package_identification:_identify(turtlebot3_drlnav/src/turtlebot3_drl) by extensions ['colcon_pkg']
[0.175s] Level 1:colcon.colcon_core.package_identification:_identify(turtlebot3_drlnav/src/turtlebot3_drl) by extension 'colcon_pkg'
[0.175s] Level 1:colcon.colcon_core.package_identification:_identify(turtlebot3_drlnav/src/turtlebot3_drl) by extensions ['colcon_meta']
[0.175s] Level 1:colcon.colcon_core.package_identification:_identify(turtlebot3_drlnav/src/turtlebot3_drl) by extension 'colcon_meta'
[0.175s] Level 1:colcon.colcon_core.package_identification:_identify(turtlebot3_drlnav/src/turtlebot3_drl) by extensions ['ros']
[0.175s] Level 1:colcon.colcon_core.package_identification:_identify(turtlebot3_drlnav/src/turtlebot3_drl) by extension 'ros'
[0.177s] DEBUG:colcon.colcon_core.package_identification:Package 'turtlebot3_drlnav/src/turtlebot3_drl' with type 'ros.ament_python' and name 'turtlebot3_drl'
[0.177s] Level 1:colcon.colcon_core.package_identification:_identify(turtlebot3_drlnav/src/turtlebot3_msgs) by extensions ['ignore', 'ignore_ament_install']
[0.177s] Level 1:colcon.colcon_core.package_identification:_identify(turtlebot3_drlnav/src/turtlebot3_msgs) by extension 'ignore'
[0.177s] Level 1:colcon.colcon_core.package_identification:_identify(turtlebot3_drlnav/src/turtlebot3_msgs) by extension 'ignore_ament_install'
[0.177s] Level 1:colcon.colcon_core.package_identification:_identify(turtlebot3_drlnav/src/turtlebot3_msgs) by extensions ['colcon_pkg']
[0.177s] Level 1:colcon.colcon_core.package_identification:_identify(turtlebot3_drlnav/src/turtlebot3_msgs) by extension 'colcon_pkg'
[0.177s] Level 1:colcon.colcon_core.package_identification:_identify(turtlebot3_drlnav/src/turtlebot3_msgs) by extensions ['colcon_meta']
[0.178s] Level 1:colcon.colcon_core.package_identification:_identify(turtlebot3_drlnav/src/turtlebot3_msgs) by extension 'colcon_meta'
[0.178s] Level 1:colcon.colcon_core.package_identification:_identify(turtlebot3_drlnav/src/turtlebot3_msgs) by extensions ['ros']
[0.178s] Level 1:colcon.colcon_core.package_identification:_identify(turtlebot3_drlnav/src/turtlebot3_msgs) by extension 'ros'
[0.178s] DEBUG:colcon.colcon_core.package_identification:Package 'turtlebot3_drlnav/src/turtlebot3_msgs' with type 'ros.ament_cmake' and name 'turtlebot3_msgs'
[0.178s] Level 1:colcon.colcon_core.package_identification:_identify(turtlebot3_drlnav/src/turtlebot3_simulations) by extensions ['ignore', 'ignore_ament_install']
[0.178s] Level 1:colcon.colcon_core.package_identification:_identify(turtlebot3_drlnav/src/turtlebot3_simulations) by extension 'ignore'
[0.178s] Level 1:colcon.colcon_core.package_identification:_identify(turtlebot3_drlnav/src/turtlebot3_simulations) by extension 'ignore_ament_install'
[0.178s] Level 1:colcon.colcon_core.package_identification:_identify(turtlebot3_drlnav/src/turtlebot3_simulations) by extensions ['colcon_pkg']
[0.178s] Level 1:colcon.colcon_core.package_identification:_identify(turtlebot3_drlnav/src/turtlebot3_simulations) by extension 'colcon_pkg'
[0.178s] Level 1:colcon.colcon_core.package_identification:_identify(turtlebot3_drlnav/src/turtlebot3_simulations) by extensions ['colcon_meta']
[0.178s] Level 1:colcon.colcon_core.package_identification:_identify(turtlebot3_drlnav/src/turtlebot3_simulations) by extension 'colcon_meta'
[0.178s] Level 1:colcon.colcon_core.package_identification:_identify(turtlebot3_drlnav/src/turtlebot3_simulations) by extensions ['ros']
[0.178s] Level 1:colcon.colcon_core.package_identification:_identify(turtlebot3_drlnav/src/turtlebot3_simulations) by extension 'ros'
[0.178s] Level 1:colcon.colcon_core.package_identification:_identify(turtlebot3_drlnav/src/turtlebot3_simulations) by extensions ['cmake', 'python']
[0.178s] Level 1:colcon.colcon_core.package_identification:_identify(turtlebot3_drlnav/src/turtlebot3_simulations) by extension 'cmake'
[0.178s] Level 1:colcon.colcon_core.package_identification:_identify(turtlebot3_drlnav/src/turtlebot3_simulations) by extension 'python'
[0.178s] Level 1:colcon.colcon_core.package_identification:_identify(turtlebot3_drlnav/src/turtlebot3_simulations) by extensions ['python_setup_py']
[0.178s] Level 1:colcon.colcon_core.package_identification:_identify(turtlebot3_drlnav/src/turtlebot3_simulations) by extension 'python_setup_py'
[0.178s] Level 1:colcon.colcon_core.package_identification:_identify(turtlebot3_drlnav/src/turtlebot3_simulations/turtlebot3_fake_node) by extensions ['ignore', 'ignore_ament_install']
[0.178s] Level 1:colcon.colcon_core.package_identification:_identify(turtlebot3_drlnav/src/turtlebot3_simulations/turtlebot3_fake_node) by extension 'ignore'
[0.179s] Level 1:colcon.colcon_core.package_identification:_identify(turtlebot3_drlnav/src/turtlebot3_simulations/turtlebot3_fake_node) by extension 'ignore_ament_install'
[0.179s] Level 1:colcon.colcon_core.package_identification:_identify(turtlebot3_drlnav/src/turtlebot3_simulations/turtlebot3_fake_node) by extensions ['colcon_pkg']
[0.179s] Level 1:colcon.colcon_core.package_identification:_identify(turtlebot3_drlnav/src/turtlebot3_simulations/turtlebot3_fake_node) by extension 'colcon_pkg'
[0.179s] Level 1:colcon.colcon_core.package_identification:_identify(turtlebot3_drlnav/src/turtlebot3_simulations/turtlebot3_fake_node) by extensions ['colcon_meta']
[0.179s] Level 1:colcon.colcon_core.package_identification:_identify(turtlebot3_drlnav/src/turtlebot3_simulations/turtlebot3_fake_node) by extension 'colcon_meta'
[0.179s] Level 1:colcon.colcon_core.package_identification:_identify(turtlebot3_drlnav/src/turtlebot3_simulations/turtlebot3_fake_node) by extensions ['ros']
[0.179s] Level 1:colcon.colcon_core.package_identification:_identify(turtlebot3_drlnav/src/turtlebot3_simulations/turtlebot3_fake_node) by extension 'ros'
[0.179s] DEBUG:colcon.colcon_core.package_identification:Package 'turtlebot3_drlnav/src/turtlebot3_simulations/turtlebot3_fake_node' with type 'ros.ament_cmake' and name 'turtlebot3_fake_node'
[0.179s] Level 1:colcon.colcon_core.package_identification:_identify(turtlebot3_drlnav/src/turtlebot3_simulations/turtlebot3_gazebo) by extensions ['ignore', 'ignore_ament_install']
[0.179s] Level 1:colcon.colcon_core.package_identification:_identify(turtlebot3_drlnav/src/turtlebot3_simulations/turtlebot3_gazebo) by extension 'ignore'
[0.179s] Level 1:colcon.colcon_core.package_identification:_identify(turtlebot3_drlnav/src/turtlebot3_simulations/turtlebot3_gazebo) by extension 'ignore_ament_install'
[0.179s] Level 1:colcon.colcon_core.package_identification:_identify(turtlebot3_drlnav/src/turtlebot3_simulations/turtlebot3_gazebo) by extensions ['colcon_pkg']
[0.179s] Level 1:colcon.colcon_core.package_identification:_identify(turtlebot3_drlnav/src/turtlebot3_simulations/turtlebot3_gazebo) by extension 'colcon_pkg'
[0.179s] Level 1:colcon.colcon_core.package_identification:_identify(turtlebot3_drlnav/src/turtlebot3_simulations/turtlebot3_gazebo) by extensions ['colcon_meta']
[0.179s] Level 1:colcon.colcon_core.package_identification:_identify(turtlebot3_drlnav/src/turtlebot3_simulations/turtlebot3_gazebo) by extension 'colcon_meta'
[0.179s] Level 1:colcon.colcon_core.package_identification:_identify(turtlebot3_drlnav/src/turtlebot3_simulations/turtlebot3_gazebo) by extensions ['ros']
[0.179s] Level 1:colcon.colcon_core.package_identification:_identify(turtlebot3_drlnav/src/turtlebot3_simulations/turtlebot3_gazebo) by extension 'ros'
[0.180s] DEBUG:colcon.colcon_core.package_identification:Package 'turtlebot3_drlnav/src/turtlebot3_simulations/turtlebot3_gazebo' with type 'ros.ament_cmake' and name 'turtlebot3_gazebo'
[0.180s] Level 1:colcon.colcon_core.package_identification:_identify(turtlebot3_drlnav/src/turtlebot3_simulations/turtlebot3_simulations) by extensions ['ignore', 'ignore_ament_install']
[0.180s] Level 1:colcon.colcon_core.package_identification:_identify(turtlebot3_drlnav/src/turtlebot3_simulations/turtlebot3_simulations) by extension 'ignore'
[0.180s] Level 1:colcon.colcon_core.package_identification:_identify(turtlebot3_drlnav/src/turtlebot3_simulations/turtlebot3_simulations) by extension 'ignore_ament_install'
[0.180s] Level 1:colcon.colcon_core.package_identification:_identify(turtlebot3_drlnav/src/turtlebot3_simulations/turtlebot3_simulations) by extensions ['colcon_pkg']
[0.180s] Level 1:colcon.colcon_core.package_identification:_identify(turtlebot3_drlnav/src/turtlebot3_simulations/turtlebot3_simulations) by extension 'colcon_pkg'
[0.180s] Level 1:colcon.colcon_core.package_identification:_identify(turtlebot3_drlnav/src/turtlebot3_simulations/turtlebot3_simulations) by extensions ['colcon_meta']
[0.180s] Level 1:colcon.colcon_core.package_identification:_identify(turtlebot3_drlnav/src/turtlebot3_simulations/turtlebot3_simulations) by extension 'colcon_meta'
[0.180s] Level 1:colcon.colcon_core.package_identification:_identify(turtlebot3_drlnav/src/turtlebot3_simulations/turtlebot3_simulations) by extensions ['ros']
[0.180s] Level 1:colcon.colcon_core.package_identification:_identify(turtlebot3_drlnav/src/turtlebot3_simulations/turtlebot3_simulations) by extension 'ros'
[0.180s] DEBUG:colcon.colcon_core.package_identification:Package 'turtlebot3_drlnav/src/turtlebot3_simulations/turtlebot3_simulations' with type 'ros.ament_cmake' and name 'turtlebot3_simulations'
[0.181s] Level 1:colcon.colcon_core.package_identification:_identify(turtlebot3_drlnav/util) by extensions ['ignore', 'ignore_ament_install']
[0.181s] Level 1:colcon.colcon_core.package_identification:_identify(turtlebot3_drlnav/util) by extension 'ignore'
[0.181s] Level 1:colcon.colcon_core.package_identification:_identify(turtlebot3_drlnav/util) by extension 'ignore_ament_install'
[0.181s] Level 1:colcon.colcon_core.package_identification:_identify(turtlebot3_drlnav/util) by extensions ['colcon_pkg']
[0.181s] Level 1:colcon.colcon_core.package_identification:_identify(turtlebot3_drlnav/util) by extension 'colcon_pkg'
[0.181s] Level 1:colcon.colcon_core.package_identification:_identify(turtlebot3_drlnav/util) by extensions ['colcon_meta']
[0.181s] Level 1:colcon.colcon_core.package_identification:_identify(turtlebot3_drlnav/util) by extension 'colcon_meta'
[0.181s] Level 1:colcon.colcon_core.package_identification:_identify(turtlebot3_drlnav/util) by extensions ['ros']
[0.181s] Level 1:colcon.colcon_core.package_identification:_identify(turtlebot3_drlnav/util) by extension 'ros'
[0.181s] Level 1:colcon.colcon_core.package_identification:_identify(turtlebot3_drlnav/util) by extensions ['cmake', 'python']
[0.181s] Level 1:colcon.colcon_core.package_identification:_identify(turtlebot3_drlnav/util) by extension 'cmake'
[0.181s] Level 1:colcon.colcon_core.package_identification:_identify(turtlebot3_drlnav/util) by extension 'python'
[0.181s] Level 1:colcon.colcon_core.package_identification:_identify(turtlebot3_drlnav/util) by extensions ['python_setup_py']
[0.181s] Level 1:colcon.colcon_core.package_identification:_identify(turtlebot3_drlnav/util) by extension 'python_setup_py'
[0.181s] Level 1:colcon.colcon_core.package_identification:_identify(turtlebot3_drlnav/util/__pycache__) by extensions ['ignore', 'ignore_ament_install']
[0.181s] Level 1:colcon.colcon_core.package_identification:_identify(turtlebot3_drlnav/util/__pycache__) by extension 'ignore'
[0.181s] Level 1:colcon.colcon_core.package_identification:_identify(turtlebot3_drlnav/util/__pycache__) by extension 'ignore_ament_install'
[0.181s] Level 1:colcon.colcon_core.package_identification:_identify(turtlebot3_drlnav/util/__pycache__) by extensions ['colcon_pkg']
[0.181s] Level 1:colcon.colcon_core.package_identification:_identify(turtlebot3_drlnav/util/__pycache__) by extension 'colcon_pkg'
[0.181s] Level 1:colcon.colcon_core.package_identification:_identify(turtlebot3_drlnav/util/__pycache__) by extensions ['colcon_meta']
[0.181s] Level 1:colcon.colcon_core.package_identification:_identify(turtlebot3_drlnav/util/__pycache__) by extension 'colcon_meta'
[0.181s] Level 1:colcon.colcon_core.package_identification:_identify(turtlebot3_drlnav/util/__pycache__) by extensions ['ros']
[0.181s] Level 1:colcon.colcon_core.package_identification:_identify(turtlebot3_drlnav/util/__pycache__) by extension 'ros'
[0.181s] Level 1:colcon.colcon_core.package_identification:_identify(turtlebot3_drlnav/util/__pycache__) by extensions ['cmake', 'python']
[0.181s] Level 1:colcon.colcon_core.package_identification:_identify(turtlebot3_drlnav/util/__pycache__) by extension 'cmake'
[0.181s] Level 1:colcon.colcon_core.package_identification:_identify(turtlebot3_drlnav/util/__pycache__) by extension 'python'
[0.181s] Level 1:colcon.colcon_core.package_identification:_identify(turtlebot3_drlnav/util/__pycache__) by extensions ['python_setup_py']
[0.181s] Level 1:colcon.colcon_core.package_identification:_identify(turtlebot3_drlnav/util/__pycache__) by extension 'python_setup_py'
[0.181s] Level 1:colcon.colcon_core.package_discovery:discover_packages(recursive) using defaults
[0.181s] Level 1:colcon.colcon_core.package_discovery:discover_packages(ignore) discover
[0.181s] Level 1:colcon.colcon_core.package_discovery:discover_packages(ignore) using defaults
[0.181s] Level 1:colcon.colcon_core.package_discovery:discover_packages(path) discover
[0.181s] Level 1:colcon.colcon_core.package_discovery:discover_packages(path) using defaults
[0.193s] Level 1:colcon.colcon_core.package_discovery:discover_packages(prefix_path) check parameters
[0.193s] Level 1:colcon.colcon_core.package_discovery:discover_packages(prefix_path) discover
[0.194s] Level 1:colcon.colcon_core.package_discovery:discover_packages(prefix_path) using defaults
[0.194s] Level 5:colcon.colcon_core.verb:set package 'turtlebot3_gazebo' build argument 'cmake_args' from command line to 'None'
[0.194s] Level 5:colcon.colcon_core.verb:set package 'turtlebot3_gazebo' build argument 'cmake_target' from command line to 'None'
[0.194s] Level 5:colcon.colcon_core.verb:set package 'turtlebot3_gazebo' build argument 'cmake_target_skip_unavailable' from command line to 'False'
[0.194s] Level 5:colcon.colcon_core.verb:set package 'turtlebot3_gazebo' build argument 'cmake_clean_cache' from command line to 'False'
[0.194s] Level 5:colcon.colcon_core.verb:set package 'turtlebot3_gazebo' build argument 'cmake_clean_first' from command line to 'False'
[0.194s] Level 5:colcon.colcon_core.verb:set package 'turtlebot3_gazebo' build argument 'cmake_force_configure' from command line to 'False'
[0.194s] Level 5:colcon.colcon_core.verb:set package 'turtlebot3_gazebo' build argument 'ament_cmake_args' from command line to 'None'
[0.194s] Level 5:colcon.colcon_core.verb:set package 'turtlebot3_gazebo' build argument 'catkin_cmake_args' from command line to 'None'
[0.195s] Level 5:colcon.colcon_core.verb:set package 'turtlebot3_gazebo' build argument 'catkin_skip_building_tests' from command line to 'False'
[0.195s] DEBUG:colcon.colcon_core.verb:Building package 'turtlebot3_gazebo' with the following arguments: {'ament_cmake_args': None, 'build_base': '/home/tribble/me696_2/build/turtlebot3_gazebo', 'catkin_cmake_args': None, 'catkin_skip_building_tests': False, 'cmake_args': None, 'cmake_clean_cache': False, 'cmake_clean_first': False, 'cmake_force_configure': False, 'cmake_target': None, 'cmake_target_skip_unavailable': False, 'install_base': '/home/tribble/me696_2/install/turtlebot3_gazebo', 'merge_install': False, 'path': '/home/tribble/me696_2/turtlebot3_drlnav/src/turtlebot3_simulations/turtlebot3_gazebo', 'symlink_install': False, 'test_result_base': None}
[0.195s] Level 5:colcon.colcon_core.verb:set package 'turtlebot3_msgs' build argument 'cmake_args' from command line to 'None'
[0.195s] Level 5:colcon.colcon_core.verb:set package 'turtlebot3_msgs' build argument 'cmake_target' from command line to 'None'
[0.195s] Level 5:colcon.colcon_core.verb:set package 'turtlebot3_msgs' build argument 'cmake_target_skip_unavailable' from command line to 'False'
[0.195s] Level 5:colcon.colcon_core.verb:set package 'turtlebot3_msgs' build argument 'cmake_clean_cache' from command line to 'False'
[0.195s] Level 5:colcon.colcon_core.verb:set package 'turtlebot3_msgs' build argument 'cmake_clean_first' from command line to 'False'
[0.195s] Level 5:colcon.colcon_core.verb:set package 'turtlebot3_msgs' build argument 'cmake_force_configure' from command line to 'False'
[0.195s] Level 5:colcon.colcon_core.verb:set package 'turtlebot3_msgs' build argument 'ament_cmake_args' from command line to 'None'
[0.195s] Level 5:colcon.colcon_core.verb:set package 'turtlebot3_msgs' build argument 'catkin_cmake_args' from command line to 'None'
[0.195s] Level 5:colcon.colcon_core.verb:set package 'turtlebot3_msgs' build argument 'catkin_skip_building_tests' from command line to 'False'
[0.195s] DEBUG:colcon.colcon_core.verb:Building package 'turtlebot3_msgs' with the following arguments: {'ament_cmake_args': None, 'build_base': '/home/tribble/me696_2/build/turtlebot3_msgs', 'catkin_cmake_args': None, 'catkin_skip_building_tests': False, 'cmake_args': None, 'cmake_clean_cache': False, 'cmake_clean_first': False, 'cmake_force_configure': False, 'cmake_target': None, 'cmake_target_skip_unavailable': False, 'install_base': '/home/tribble/me696_2/install/turtlebot3_msgs', 'merge_install': False, 'path': '/home/tribble/me696_2/turtlebot3_drlnav/src/turtlebot3_msgs', 'symlink_install': False, 'test_result_base': None}
[0.196s] Level 5:colcon.colcon_core.verb:set package 'turtlebot3_drl' build argument 'cmake_args' from command line to 'None'
[0.196s] Level 5:colcon.colcon_core.verb:set package 'turtlebot3_drl' build argument 'cmake_target' from command line to 'None'
[0.196s] Level 5:colcon.colcon_core.verb:set package 'turtlebot3_drl' build argument 'cmake_target_skip_unavailable' from command line to 'False'
[0.196s] Level 5:colcon.colcon_core.verb:set package 'turtlebot3_drl' build argument 'cmake_clean_cache' from command line to 'False'
[0.196s] Level 5:colcon.colcon_core.verb:set package 'turtlebot3_drl' build argument 'cmake_clean_first' from command line to 'False'
[0.196s] Level 5:colcon.colcon_core.verb:set package 'turtlebot3_drl' build argument 'cmake_force_configure' from command line to 'False'
[0.196s] Level 5:colcon.colcon_core.verb:set package 'turtlebot3_drl' build argument 'ament_cmake_args' from command line to 'None'
[0.196s] Level 5:colcon.colcon_core.verb:set package 'turtlebot3_drl' build argument 'catkin_cmake_args' from command line to 'None'
[0.196s] Level 5:colcon.colcon_core.verb:set package 'turtlebot3_drl' build argument 'catkin_skip_building_tests' from command line to 'False'
[0.196s] DEBUG:colcon.colcon_core.verb:Building package 'turtlebot3_drl' with the following arguments: {'ament_cmake_args': None, 'build_base': '/home/tribble/me696_2/build/turtlebot3_drl', 'catkin_cmake_args': None, 'catkin_skip_building_tests': False, 'cmake_args': None, 'cmake_clean_cache': False, 'cmake_clean_first': False, 'cmake_force_configure': False, 'cmake_target': None, 'cmake_target_skip_unavailable': False, 'install_base': '/home/tribble/me696_2/install/turtlebot3_drl', 'merge_install': False, 'path': '/home/tribble/me696_2/turtlebot3_drlnav/src/turtlebot3_drl', 'symlink_install': False, 'test_result_base': None}
[0.197s] Level 5:colcon.colcon_core.verb:set package 'turtlebot3_fake_node' build argument 'cmake_args' from command line to 'None'
[0.197s] Level 5:colcon.colcon_core.verb:set package 'turtlebot3_fake_node' build argument 'cmake_target' from command line to 'None'
[0.197s] Level 5:colcon.colcon_core.verb:set package 'turtlebot3_fake_node' build argument 'cmake_target_skip_unavailable' from command line to 'False'
[0.197s] Level 5:colcon.colcon_core.verb:set package 'turtlebot3_fake_node' build argument 'cmake_clean_cache' from command line to 'False'
[0.197s] Level 5:colcon.colcon_core.verb:set package 'turtlebot3_fake_node' build argument 'cmake_clean_first' from command line to 'False'
[0.197s] Level 5:colcon.colcon_core.verb:set package 'turtlebot3_fake_node' build argument 'cmake_force_configure' from command line to 'False'
[0.197s] Level 5:colcon.colcon_core.verb:set package 'turtlebot3_fake_node' build argument 'ament_cmake_args' from command line to 'None'
[0.197s] Level 5:colcon.colcon_core.verb:set package 'turtlebot3_fake_node' build argument 'catkin_cmake_args' from command line to 'None'
[0.197s] Level 5:colcon.colcon_core.verb:set package 'turtlebot3_fake_node' build argument 'catkin_skip_building_tests' from command line to 'False'
[0.197s] DEBUG:colcon.colcon_core.verb:Building package 'turtlebot3_fake_node' with the following arguments: {'ament_cmake_args': None, 'build_base': '/home/tribble/me696_2/build/turtlebot3_fake_node', 'catkin_cmake_args': None, 'catkin_skip_building_tests': False, 'cmake_args': None, 'cmake_clean_cache': False, 'cmake_clean_first': False, 'cmake_force_configure': False, 'cmake_target': None, 'cmake_target_skip_unavailable': False, 'install_base': '/home/tribble/me696_2/install/turtlebot3_fake_node', 'merge_install': False, 'path': '/home/tribble/me696_2/turtlebot3_drlnav/src/turtlebot3_simulations/turtlebot3_fake_node', 'symlink_install': False, 'test_result_base': None}
[0.197s] Level 5:colcon.colcon_core.verb:set package 'turtlebot3_simulations' build argument 'cmake_args' from command line to 'None'
[0.197s] Level 5:colcon.colcon_core.verb:set package 'turtlebot3_simulations' build argument 'cmake_target' from command line to 'None'
[0.197s] Level 5:colcon.colcon_core.verb:set package 'turtlebot3_simulations' build argument 'cmake_target_skip_unavailable' from command line to 'False'
[0.197s] Level 5:colcon.colcon_core.verb:set package 'turtlebot3_simulations' build argument 'cmake_clean_cache' from command line to 'False'
[0.197s] Level 5:colcon.colcon_core.verb:set package 'turtlebot3_simulations' build argument 'cmake_clean_first' from command line to 'False'
[0.197s] Level 5:colcon.colcon_core.verb:set package 'turtlebot3_simulations' build argument 'cmake_force_configure' from command line to 'False'
[0.197s] Level 5:colcon.colcon_core.verb:set package 'turtlebot3_simulations' build argument 'ament_cmake_args' from command line to 'None'
[0.197s] Level 5:colcon.colcon_core.verb:set package 'turtlebot3_simulations' build argument 'catkin_cmake_args' from command line to 'None'
[0.197s] Level 5:colcon.colcon_core.verb:set package 'turtlebot3_simulations' build argument 'catkin_skip_building_tests' from command line to 'False'
[0.197s] DEBUG:colcon.colcon_core.verb:Building package 'turtlebot3_simulations' with the following arguments: {'ament_cmake_args': None, 'build_base': '/home/tribble/me696_2/build/turtlebot3_simulations', 'catkin_cmake_args': None, 'catkin_skip_building_tests': False, 'cmake_args': None, 'cmake_clean_cache': False, 'cmake_clean_first': False, 'cmake_force_configure': False, 'cmake_target': None, 'cmake_target_skip_unavailable': False, 'install_base': '/home/tribble/me696_2/install/turtlebot3_simulations', 'merge_install': False, 'path': '/home/tribble/me696_2/turtlebot3_drlnav/src/turtlebot3_simulations/turtlebot3_simulations', 'symlink_install': False, 'test_result_base': None}
[0.198s] INFO:colcon.colcon_core.executor:Executing jobs using 'parallel' executor
[0.199s] DEBUG:colcon.colcon_parallel_executor.executor.parallel:run_until_complete
[0.200s] INFO:colcon.colcon_ros.task.ament_cmake.build:Building ROS package in '/home/tribble/me696_2/turtlebot3_drlnav/src/turtlebot3_msgs' with build type 'ament_cmake'
[0.200s] INFO:colcon.colcon_cmake.task.cmake.build:Building CMake package in '/home/tribble/me696_2/turtlebot3_drlnav/src/turtlebot3_msgs'
[0.202s] INFO:colcon.colcon_core.plugin_system:Skipping extension 'colcon_core.shell.bat': Not used on non-Windows systems
[0.202s] INFO:colcon.colcon_core.shell:Skip shell extension 'powershell' for command environment: Not usable outside of PowerShell
[0.202s] DEBUG:colcon.colcon_core.shell:Skip shell extension 'dsv' for command environment
[0.204s] INFO:colcon.colcon_ros.task.ament_cmake.build:Building ROS package in '/home/tribble/me696_2/turtlebot3_drlnav/src/turtlebot3_simulations/turtlebot3_gazebo' with build type 'ament_cmake'
[0.204s] INFO:colcon.colcon_cmake.task.cmake.build:Building CMake package in '/home/tribble/me696_2/turtlebot3_drlnav/src/turtlebot3_simulations/turtlebot3_gazebo'
[0.205s] INFO:colcon.colcon_core.shell:Skip shell extension 'powershell' for command environment: Not usable outside of PowerShell
[0.205s] DEBUG:colcon.colcon_core.shell:Skip shell extension 'dsv' for command environment
[0.218s] DEBUG:colcon.colcon_core.event_handler.log_command:Invoking command in '/home/tribble/me696_2/build/turtlebot3_msgs': /usr/bin/cmake /home/tribble/me696_2/turtlebot3_drlnav/src/turtlebot3_msgs -DCMAKE_INSTALL_PREFIX=/home/tribble/me696_2/install/turtlebot3_msgs
[0.221s] DEBUG:colcon.colcon_core.event_handler.log_command:Invoking command in '/home/tribble/me696_2/build/turtlebot3_gazebo': /usr/bin/cmake /home/tribble/me696_2/turtlebot3_drlnav/src/turtlebot3_simulations/turtlebot3_gazebo -DCMAKE_INSTALL_PREFIX=/home/tribble/me696_2/install/turtlebot3_gazebo
[0.637s] DEBUG:colcon.colcon_core.event_handler.log_command:Invoked command in '/home/tribble/me696_2/build/turtlebot3_msgs' returned '1': /usr/bin/cmake /home/tribble/me696_2/turtlebot3_drlnav/src/turtlebot3_msgs -DCMAKE_INSTALL_PREFIX=/home/tribble/me696_2/install/turtlebot3_msgs
[0.649s] Level 1:colcon.colcon_core.environment:create_environment_scripts_only(turtlebot3_msgs)
[0.652s] Level 1:colcon.colcon_core.environment:checking '/home/tribble/me696_2/install/turtlebot3_msgs' for CMake module files
[0.652s] Level 1:colcon.colcon_core.environment:checking '/home/tribble/me696_2/install/turtlebot3_msgs' for CMake config files
[0.653s] Level 1:colcon.colcon_core.environment:checking '/home/tribble/me696_2/install/turtlebot3_msgs/bin'
[0.653s] Level 1:colcon.colcon_core.environment:checking '/home/tribble/me696_2/install/turtlebot3_msgs/lib/pkgconfig/turtlebot3_msgs.pc'
[0.653s] Level 1:colcon.colcon_core.environment:checking '/home/tribble/me696_2/install/turtlebot3_msgs/lib/python3.8/site-packages'
[0.654s] Level 1:colcon.colcon_core.environment:checking '/home/tribble/me696_2/install/turtlebot3_msgs/bin'
[0.655s] INFO:colcon.colcon_core.shell:Creating package script '/home/tribble/me696_2/install/turtlebot3_msgs/share/turtlebot3_msgs/package.ps1'
[0.655s] INFO:colcon.colcon_core.shell:Creating package descriptor '/home/tribble/me696_2/install/turtlebot3_msgs/share/turtlebot3_msgs/package.dsv'
[0.655s] INFO:colcon.colcon_core.shell:Creating package script '/home/tribble/me696_2/install/turtlebot3_msgs/share/turtlebot3_msgs/package.sh'
[0.656s] INFO:colcon.colcon_core.shell:Creating package script '/home/tribble/me696_2/install/turtlebot3_msgs/share/turtlebot3_msgs/package.bash'
[0.656s] INFO:colcon.colcon_core.shell:Creating package script '/home/tribble/me696_2/install/turtlebot3_msgs/share/turtlebot3_msgs/package.zsh'
[0.656s] Level 1:colcon.colcon_core.environment:create_file_with_runtime_dependencies(/home/tribble/me696_2/install/turtlebot3_msgs/share/colcon-core/packages/turtlebot3_msgs)
[0.731s] DEBUG:colcon.colcon_parallel_executor.executor.parallel:closing loop
[0.731s] DEBUG:colcon.colcon_parallel_executor.executor.parallel:loop closed
[0.731s] DEBUG:colcon.colcon_parallel_executor.executor.parallel:run_until_complete finished with '1'
[0.731s] DEBUG:colcon.colcon_core.event_reactor:joining thread
[0.738s] INFO:colcon.colcon_core.plugin_system:Skipping extension 'colcon_notification.desktop_notification.terminal_notifier': Not used on non-Darwin systems
[0.738s] INFO:colcon.colcon_core.plugin_system:Skipping extension 'colcon_notification.desktop_notification.win32': Not used on non-Windows systems
[0.738s] INFO:colcon.colcon_notification.desktop_notification:Sending desktop notification using 'notify2'
[0.750s] DEBUG:colcon.colcon_core.event_reactor:joined thread
[0.751s] INFO:colcon.colcon_core.shell:Creating prefix script '/home/tribble/me696_2/install/local_setup.ps1'
[0.751s] INFO:colcon.colcon_core.shell:Creating prefix util module '/home/tribble/me696_2/install/_local_setup_util_ps1.py'
[0.752s] INFO:colcon.colcon_core.shell:Creating prefix chain script '/home/tribble/me696_2/install/setup.ps1'
[0.753s] INFO:colcon.colcon_core.shell:Creating prefix script '/home/tribble/me696_2/install/local_setup.sh'
[0.753s] INFO:colcon.colcon_core.shell:Creating prefix util module '/home/tribble/me696_2/install/_local_setup_util_sh.py'
[0.753s] INFO:colcon.colcon_core.shell:Creating prefix chain script '/home/tribble/me696_2/install/setup.sh'
[0.754s] INFO:colcon.colcon_core.shell:Creating prefix script '/home/tribble/me696_2/install/local_setup.bash'
[0.754s] INFO:colcon.colcon_core.shell:Creating prefix chain script '/home/tribble/me696_2/install/setup.bash'
[0.754s] INFO:colcon.colcon_core.shell:Creating prefix script '/home/tribble/me696_2/install/local_setup.zsh'
[0.755s] INFO:colcon.colcon_core.shell:Creating prefix chain script '/home/tribble/me696_2/install/setup.zsh'
