[0.013s] Invoking command in '/home/tribble/me696_2/build/turtlebot3_msgs': CMAKE_PREFIX_PATH=/opt/ros/foxy /usr/bin/cmake /home/tribble/me696_2/src/turtlebot3_drlnav/src/turtlebot3_msgs -DCMAKE_INSTALL_PREFIX=/home/tribble/me696_2/install/turtlebot3_msgs
[0.028s] -- Found action_msgs: 1.0.0 (/opt/ros/foxy/share/action_msgs/cmake)
[0.043s] -- Found PythonInterp: /usr/bin/python3 (found suitable version "3.8.10", minimum required is "3") 
[0.043s] -- Using PYTHON_EXECUTABLE: /usr/bin/python3
[0.164s] -- Using all available rosidl_typesupport_c: rosidl_typesupport_fastrtps_c;rosidl_typesupport_introspection_c
[0.167s] -- Found rosidl_adapter: 1.3.0 (/opt/ros/foxy/share/rosidl_adapter/cmake)
[0.204s] -- Found OpenSSL: /usr/lib/x86_64-linux-gnu/libcrypto.so (found version "1.1.1f")  
[0.219s] -- Found FastRTPS: /opt/ros/foxy/include  
[0.261s] -- Using all available rosidl_typesupport_cpp: rosidl_typesupport_fastrtps_cpp;rosidl_typesupport_introspection_cpp
[0.296s] -- Found rosidl_default_generators: 1.0.1 (/opt/ros/foxy/share/rosidl_default_generators/cmake)
[0.303s] -- Found std_msgs: 2.0.5 (/opt/ros/foxy/share/std_msgs/cmake)
[0.324s] -- Found PythonInterp: /usr/bin/python3 (found version "3.8.10") 
[0.433s] -- Found ament_cmake_cppcheck: 0.9.7 (/opt/ros/foxy/share/ament_cmake_cppcheck/cmake)
[0.435s] -- Found ament_cmake_cpplint: 0.9.7 (/opt/ros/foxy/share/ament_cmake_cpplint/cmake)
[0.436s] -- Found ament_cmake_uncrustify: 0.9.7 (/opt/ros/foxy/share/ament_cmake_uncrustify/cmake)
[0.437s] -- Found ament_cmake_ros: 0.9.2 (/opt/ros/foxy/share/ament_cmake_ros/cmake)
[0.540s] -- Using all available rosidl_typesupport_c: rosidl_typesupport_fastrtps_c;rosidl_typesupport_introspection_c
[0.578s] -- Using all available rosidl_typesupport_cpp: rosidl_typesupport_fastrtps_cpp;rosidl_typesupport_introspection_cpp
[0.596s] -- Found PythonInterp: /usr/bin/python3 (found suitable version "3.8.10", minimum required is "3.5") 
[0.597s] -- Found python_cmake_module: 0.8.1 (/opt/ros/foxy/share/python_cmake_module/cmake)
[0.611s] -- Found PythonLibs: /usr/lib/x86_64-linux-gnu/libpython3.8.so (found suitable version "3.8.10", minimum required is "3.5") 
[0.611s] -- Using PYTHON_EXECUTABLE: /usr/bin/python3
[0.611s] -- Using PYTHON_INCLUDE_DIRS: /usr/include/python3.8
[0.611s] -- Using PYTHON_LIBRARIES: /usr/lib/x86_64-linux-gnu/libpython3.8.so
[0.623s] -- Found PythonExtra: .so  
[0.661s] -- Found ament_cmake_flake8: 0.9.7 (/opt/ros/foxy/share/ament_cmake_flake8/cmake)
[0.662s] -- Found ament_cmake_pep257: 0.9.7 (/opt/ros/foxy/share/ament_cmake_pep257/cmake)
[0.667s] -- Configuring done
[0.704s] -- Generating done
[0.705s] -- Build files have been written to: /home/tribble/me696_2/build/turtlebot3_msgs
[0.709s] Invoked command in '/home/tribble/me696_2/build/turtlebot3_msgs' returned '0': CMAKE_PREFIX_PATH=/opt/ros/foxy /usr/bin/cmake /home/tribble/me696_2/src/turtlebot3_drlnav/src/turtlebot3_msgs -DCMAKE_INSTALL_PREFIX=/home/tribble/me696_2/install/turtlebot3_msgs
[0.711s] Invoking command in '/home/tribble/me696_2/build/turtlebot3_msgs': CMAKE_PREFIX_PATH=/opt/ros/foxy /usr/bin/cmake --build /home/tribble/me696_2/build/turtlebot3_msgs -- -j2 -l2
[0.743s] [35m[1mScanning dependencies of target turtlebot3_msgs__cpp[0m
[0.753s] [  1%] [34m[1mGenerating C code for ROS interfaces[0m
[0.759s] [  2%] [34m[1mGenerating C++ code for ROS interfaces[0m
[1.451s] [  2%] Built target turtlebot3_msgs__cpp
[1.453s] [  3%] [34m[1mGenerating C++ type support dispatch for ROS interfaces[0m
[1.497s] [35m[1mScanning dependencies of target turtlebot3_msgs__rosidl_generator_c[0m
[1.529s] [  4%] [32mBuilding C object CMakeFiles/turtlebot3_msgs__rosidl_generator_c.dir/rosidl_generator_c/turtlebot3_msgs/msg/detail/sensor_state__functions.c.o[0m
[1.609s] [  5%] [32mBuilding C object CMakeFiles/turtlebot3_msgs__rosidl_generator_c.dir/rosidl_generator_c/turtlebot3_msgs/msg/detail/sound__functions.c.o[0m
[1.707s] [  6%] [32mBuilding C object CMakeFiles/turtlebot3_msgs__rosidl_generator_c.dir/rosidl_generator_c/turtlebot3_msgs/msg/detail/version_info__functions.c.o[0m
[1.789s] [  8%] [32mBuilding C object CMakeFiles/turtlebot3_msgs__rosidl_generator_c.dir/rosidl_generator_c/turtlebot3_msgs/srv/detail/sound__functions.c.o[0m
[1.839s] [  9%] [32mBuilding C object CMakeFiles/turtlebot3_msgs__rosidl_generator_c.dir/rosidl_generator_c/turtlebot3_msgs/srv/detail/drl_step__functions.c.o[0m
[1.904s] [35m[1mScanning dependencies of target turtlebot3_msgs__rosidl_typesupport_cpp[0m
[1.913s] [ 10%] [32mBuilding C object CMakeFiles/turtlebot3_msgs__rosidl_generator_c.dir/rosidl_generator_c/turtlebot3_msgs/srv/detail/goal__functions.c.o[0m
[1.919s] [ 11%] [32mBuilding CXX object CMakeFiles/turtlebot3_msgs__rosidl_typesupport_cpp.dir/rosidl_typesupport_cpp/turtlebot3_msgs/msg/sensor_state__type_support.cpp.o[0m
[1.993s] [ 12%] [32mBuilding C object CMakeFiles/turtlebot3_msgs__rosidl_generator_c.dir/rosidl_generator_c/turtlebot3_msgs/srv/detail/ring_goal__functions.c.o[0m
[2.085s] [ 13%] [32mBuilding C object CMakeFiles/turtlebot3_msgs__rosidl_generator_c.dir/rosidl_generator_c/turtlebot3_msgs/action/detail/patrol__functions.c.o[0m
[2.198s] [ 14%] [32mBuilding CXX object CMakeFiles/turtlebot3_msgs__rosidl_typesupport_cpp.dir/rosidl_typesupport_cpp/turtlebot3_msgs/msg/sound__type_support.cpp.o[0m
[2.266s] [ 16%] [32m[1mLinking C shared library libturtlebot3_msgs__rosidl_generator_c.so[0m
[2.366s] [ 16%] Built target turtlebot3_msgs__rosidl_generator_c
[2.406s] [ 17%] [34m[1mGenerating C++ type support for eProsima Fast-RTPS[0m
[2.501s] [ 18%] [32mBuilding CXX object CMakeFiles/turtlebot3_msgs__rosidl_typesupport_cpp.dir/rosidl_typesupport_cpp/turtlebot3_msgs/msg/version_info__type_support.cpp.o[0m
[2.798s] [ 19%] [32mBuilding CXX object CMakeFiles/turtlebot3_msgs__rosidl_typesupport_cpp.dir/rosidl_typesupport_cpp/turtlebot3_msgs/srv/sound__type_support.cpp.o[0m
[3.094s] [ 20%] [32mBuilding CXX object CMakeFiles/turtlebot3_msgs__rosidl_typesupport_cpp.dir/rosidl_typesupport_cpp/turtlebot3_msgs/srv/drl_step__type_support.cpp.o[0m
[3.406s] [ 21%] [32mBuilding CXX object CMakeFiles/turtlebot3_msgs__rosidl_typesupport_cpp.dir/rosidl_typesupport_cpp/turtlebot3_msgs/srv/goal__type_support.cpp.o[0m
[3.494s] [35m[1mScanning dependencies of target turtlebot3_msgs__rosidl_typesupport_fastrtps_cpp[0m
[3.541s] [ 22%] [32mBuilding CXX object CMakeFiles/turtlebot3_msgs__rosidl_typesupport_fastrtps_cpp.dir/rosidl_typesupport_fastrtps_cpp/turtlebot3_msgs/msg/detail/dds_fastrtps/sensor_state__type_support.cpp.o[0m
[3.713s] [ 24%] [32mBuilding CXX object CMakeFiles/turtlebot3_msgs__rosidl_typesupport_cpp.dir/rosidl_typesupport_cpp/turtlebot3_msgs/srv/ring_goal__type_support.cpp.o[0m
[3.974s] [ 25%] [32mBuilding CXX object CMakeFiles/turtlebot3_msgs__rosidl_typesupport_fastrtps_cpp.dir/rosidl_typesupport_fastrtps_cpp/turtlebot3_msgs/msg/detail/dds_fastrtps/sound__type_support.cpp.o[0m
[4.006s] [ 26%] [32mBuilding CXX object CMakeFiles/turtlebot3_msgs__rosidl_typesupport_cpp.dir/rosidl_typesupport_cpp/turtlebot3_msgs/action/patrol__type_support.cpp.o[0m
[4.330s] [ 27%] [32m[1mLinking CXX shared library libturtlebot3_msgs__rosidl_typesupport_cpp.so[0m
[4.382s] [ 27%] Built target turtlebot3_msgs__rosidl_typesupport_cpp
[4.388s] [ 28%] [32mBuilding CXX object CMakeFiles/turtlebot3_msgs__rosidl_typesupport_fastrtps_cpp.dir/rosidl_typesupport_fastrtps_cpp/turtlebot3_msgs/msg/detail/dds_fastrtps/version_info__type_support.cpp.o[0m
[4.394s] [ 29%] [34m[1mGenerating C++ introspection for ROS interfaces[0m
[4.833s] [ 31%] [32mBuilding CXX object CMakeFiles/turtlebot3_msgs__rosidl_typesupport_fastrtps_cpp.dir/rosidl_typesupport_fastrtps_cpp/turtlebot3_msgs/srv/detail/dds_fastrtps/sound__type_support.cpp.o[0m
[5.317s] [ 32%] [32mBuilding CXX object CMakeFiles/turtlebot3_msgs__rosidl_typesupport_fastrtps_cpp.dir/rosidl_typesupport_fastrtps_cpp/turtlebot3_msgs/srv/detail/dds_fastrtps/drl_step__type_support.cpp.o[0m
[5.362s] [35m[1mScanning dependencies of target turtlebot3_msgs__rosidl_typesupport_introspection_cpp[0m
[5.427s] [ 33%] [32mBuilding CXX object CMakeFiles/turtlebot3_msgs__rosidl_typesupport_introspection_cpp.dir/rosidl_typesupport_introspection_cpp/turtlebot3_msgs/msg/detail/sensor_state__type_support.cpp.o[0m
[5.778s] [ 34%] [32mBuilding CXX object CMakeFiles/turtlebot3_msgs__rosidl_typesupport_introspection_cpp.dir/rosidl_typesupport_introspection_cpp/turtlebot3_msgs/msg/detail/sound__type_support.cpp.o[0m
[5.846s] [ 35%] [32mBuilding CXX object CMakeFiles/turtlebot3_msgs__rosidl_typesupport_fastrtps_cpp.dir/rosidl_typesupport_fastrtps_cpp/turtlebot3_msgs/srv/detail/dds_fastrtps/goal__type_support.cpp.o[0m
[6.097s] [ 36%] [32mBuilding CXX object CMakeFiles/turtlebot3_msgs__rosidl_typesupport_introspection_cpp.dir/rosidl_typesupport_introspection_cpp/turtlebot3_msgs/msg/detail/version_info__type_support.cpp.o[0m
[6.306s] [ 37%] [32mBuilding CXX object CMakeFiles/turtlebot3_msgs__rosidl_typesupport_fastrtps_cpp.dir/rosidl_typesupport_fastrtps_cpp/turtlebot3_msgs/srv/detail/dds_fastrtps/ring_goal__type_support.cpp.o[0m
[6.398s] [ 39%] [32mBuilding CXX object CMakeFiles/turtlebot3_msgs__rosidl_typesupport_introspection_cpp.dir/rosidl_typesupport_introspection_cpp/turtlebot3_msgs/srv/detail/sound__type_support.cpp.o[0m
[6.700s] [ 40%] [32mBuilding CXX object CMakeFiles/turtlebot3_msgs__rosidl_typesupport_introspection_cpp.dir/rosidl_typesupport_introspection_cpp/turtlebot3_msgs/srv/detail/drl_step__type_support.cpp.o[0m
[6.754s] [ 41%] [32mBuilding CXX object CMakeFiles/turtlebot3_msgs__rosidl_typesupport_fastrtps_cpp.dir/rosidl_typesupport_fastrtps_cpp/turtlebot3_msgs/action/detail/dds_fastrtps/patrol__type_support.cpp.o[0m
[7.039s] [ 42%] [32mBuilding CXX object CMakeFiles/turtlebot3_msgs__rosidl_typesupport_introspection_cpp.dir/rosidl_typesupport_introspection_cpp/turtlebot3_msgs/srv/detail/goal__type_support.cpp.o[0m
[7.263s] [ 43%] [32m[1mLinking CXX shared library libturtlebot3_msgs__rosidl_typesupport_fastrtps_cpp.so[0m
[7.338s] [ 44%] [32mBuilding CXX object CMakeFiles/turtlebot3_msgs__rosidl_typesupport_introspection_cpp.dir/rosidl_typesupport_introspection_cpp/turtlebot3_msgs/srv/detail/ring_goal__type_support.cpp.o[0m
[7.466s] [ 44%] Built target turtlebot3_msgs__rosidl_typesupport_fastrtps_cpp
[7.526s] [ 45%] [34m[1mGenerating C type support dispatch for ROS interfaces[0m
[7.681s] [ 47%] [32mBuilding CXX object CMakeFiles/turtlebot3_msgs__rosidl_typesupport_introspection_cpp.dir/rosidl_typesupport_introspection_cpp/turtlebot3_msgs/action/detail/patrol__type_support.cpp.o[0m
[8.023s] [ 48%] [32m[1mLinking CXX shared library libturtlebot3_msgs__rosidl_typesupport_introspection_cpp.so[0m
[8.154s] [ 48%] Built target turtlebot3_msgs__rosidl_typesupport_introspection_cpp
[8.181s] [ 49%] [34m[1mGenerating C introspection for ROS interfaces[0m
[8.271s] [35m[1mScanning dependencies of target turtlebot3_msgs__rosidl_typesupport_c[0m
[8.310s] [ 50%] [32mBuilding CXX object CMakeFiles/turtlebot3_msgs__rosidl_typesupport_c.dir/rosidl_typesupport_c/turtlebot3_msgs/msg/sensor_state__type_support.cpp.o[0m
[8.394s] [ 51%] [32mBuilding CXX object CMakeFiles/turtlebot3_msgs__rosidl_typesupport_c.dir/rosidl_typesupport_c/turtlebot3_msgs/msg/sound__type_support.cpp.o[0m
[8.478s] [ 52%] [32mBuilding CXX object CMakeFiles/turtlebot3_msgs__rosidl_typesupport_c.dir/rosidl_typesupport_c/turtlebot3_msgs/msg/version_info__type_support.cpp.o[0m
[8.558s] [ 54%] [32mBuilding CXX object CMakeFiles/turtlebot3_msgs__rosidl_typesupport_c.dir/rosidl_typesupport_c/turtlebot3_msgs/srv/sound__type_support.cpp.o[0m
[8.638s] [ 55%] [32mBuilding CXX object CMakeFiles/turtlebot3_msgs__rosidl_typesupport_c.dir/rosidl_typesupport_c/turtlebot3_msgs/srv/drl_step__type_support.cpp.o[0m
[8.706s] [ 56%] [32mBuilding CXX object CMakeFiles/turtlebot3_msgs__rosidl_typesupport_c.dir/rosidl_typesupport_c/turtlebot3_msgs/srv/goal__type_support.cpp.o[0m
[8.794s] [ 57%] [32mBuilding CXX object CMakeFiles/turtlebot3_msgs__rosidl_typesupport_c.dir/rosidl_typesupport_c/turtlebot3_msgs/srv/ring_goal__type_support.cpp.o[0m
[8.844s] [ 58%] [32mBuilding CXX object CMakeFiles/turtlebot3_msgs__rosidl_typesupport_c.dir/rosidl_typesupport_c/turtlebot3_msgs/action/patrol__type_support.cpp.o[0m
[8.870s] [ 59%] [32m[1mLinking CXX shared library libturtlebot3_msgs__rosidl_typesupport_c.so[0m
[8.930s] [ 59%] Built target turtlebot3_msgs__rosidl_typesupport_c
[8.989s] [ 60%] [34m[1mGenerating C type support for eProsima Fast-RTPS[0m
[9.265s] [35m[1mScanning dependencies of target turtlebot3_msgs__rosidl_typesupport_introspection_c[0m
[9.305s] [ 62%] [32mBuilding C object CMakeFiles/turtlebot3_msgs__rosidl_typesupport_introspection_c.dir/rosidl_typesupport_introspection_c/turtlebot3_msgs/msg/detail/sensor_state__type_support.c.o[0m
[9.430s] [ 63%] [32mBuilding C object CMakeFiles/turtlebot3_msgs__rosidl_typesupport_introspection_c.dir/rosidl_typesupport_introspection_c/turtlebot3_msgs/msg/detail/sound__type_support.c.o[0m
[9.493s] [ 64%] [32mBuilding C object CMakeFiles/turtlebot3_msgs__rosidl_typesupport_introspection_c.dir/rosidl_typesupport_introspection_c/turtlebot3_msgs/msg/detail/version_info__type_support.c.o[0m
[9.562s] [ 65%] [32mBuilding C object CMakeFiles/turtlebot3_msgs__rosidl_typesupport_introspection_c.dir/rosidl_typesupport_introspection_c/turtlebot3_msgs/srv/detail/sound__type_support.c.o[0m
[9.622s] [ 66%] [32mBuilding C object CMakeFiles/turtlebot3_msgs__rosidl_typesupport_introspection_c.dir/rosidl_typesupport_introspection_c/turtlebot3_msgs/srv/detail/drl_step__type_support.c.o[0m
[9.698s] [ 67%] [32mBuilding C object CMakeFiles/turtlebot3_msgs__rosidl_typesupport_introspection_c.dir/rosidl_typesupport_introspection_c/turtlebot3_msgs/srv/detail/goal__type_support.c.o[0m
[9.777s] [ 68%] [32mBuilding C object CMakeFiles/turtlebot3_msgs__rosidl_typesupport_introspection_c.dir/rosidl_typesupport_introspection_c/turtlebot3_msgs/srv/detail/ring_goal__type_support.c.o[0m
[9.858s] [ 70%] [32mBuilding C object CMakeFiles/turtlebot3_msgs__rosidl_typesupport_introspection_c.dir/rosidl_typesupport_introspection_c/turtlebot3_msgs/action/detail/patrol__type_support.c.o[0m
[9.937s] [ 71%] [32m[1mLinking C shared library libturtlebot3_msgs__rosidl_typesupport_introspection_c.so[0m
[10.010s] [ 71%] Built target turtlebot3_msgs__rosidl_typesupport_introspection_c
[10.106s] [35m[1mScanning dependencies of target turtlebot3_msgs__rosidl_typesupport_fastrtps_c[0m
[10.152s] [ 72%] [32mBuilding CXX object CMakeFiles/turtlebot3_msgs__rosidl_typesupport_fastrtps_c.dir/rosidl_typesupport_fastrtps_c/turtlebot3_msgs/msg/detail/sensor_state__type_support_c.cpp.o[0m
[10.169s] [ 73%] [32mBuilding CXX object CMakeFiles/turtlebot3_msgs__rosidl_typesupport_fastrtps_c.dir/rosidl_typesupport_fastrtps_c/turtlebot3_msgs/msg/detail/sound__type_support_c.cpp.o[0m
[10.627s] [ 74%] [32mBuilding CXX object CMakeFiles/turtlebot3_msgs__rosidl_typesupport_fastrtps_c.dir/rosidl_typesupport_fastrtps_c/turtlebot3_msgs/msg/detail/version_info__type_support_c.cpp.o[0m
[10.653s] [ 75%] [32mBuilding CXX object CMakeFiles/turtlebot3_msgs__rosidl_typesupport_fastrtps_c.dir/rosidl_typesupport_fastrtps_c/turtlebot3_msgs/srv/detail/sound__type_support_c.cpp.o[0m
[11.008s] [ 77%] [32mBuilding CXX object CMakeFiles/turtlebot3_msgs__rosidl_typesupport_fastrtps_c.dir/rosidl_typesupport_fastrtps_c/turtlebot3_msgs/srv/detail/drl_step__type_support_c.cpp.o[0m
[11.036s] [ 78%] [32mBuilding CXX object CMakeFiles/turtlebot3_msgs__rosidl_typesupport_fastrtps_c.dir/rosidl_typesupport_fastrtps_c/turtlebot3_msgs/srv/detail/goal__type_support_c.cpp.o[0m
[11.341s] [ 79%] [32mBuilding CXX object CMakeFiles/turtlebot3_msgs__rosidl_typesupport_fastrtps_c.dir/rosidl_typesupport_fastrtps_c/turtlebot3_msgs/srv/detail/ring_goal__type_support_c.cpp.o[0m
[11.425s] [ 80%] [32mBuilding CXX object CMakeFiles/turtlebot3_msgs__rosidl_typesupport_fastrtps_c.dir/rosidl_typesupport_fastrtps_c/turtlebot3_msgs/action/detail/patrol__type_support_c.cpp.o[0m
[11.786s] [ 81%] [32m[1mLinking CXX shared library libturtlebot3_msgs__rosidl_typesupport_fastrtps_c.so[0m
[11.922s] [ 81%] Built target turtlebot3_msgs__rosidl_typesupport_fastrtps_c
[11.941s] [35m[1mScanning dependencies of target turtlebot3_msgs[0m
[11.955s] [ 81%] Built target turtlebot3_msgs
[11.971s] [35m[1mScanning dependencies of target turtlebot3_msgs__py[0m
[11.995s] [ 82%] [34m[1mGenerating Python code for ROS interfaces[0m
[13.783s] [ 82%] Built target turtlebot3_msgs__py
[13.789s] [35m[1mScanning dependencies of target turtlebot3_msgs__python[0m
[13.812s] [ 83%] [32mBuilding C object CMakeFiles/turtlebot3_msgs__python.dir/rosidl_generator_py/turtlebot3_msgs/msg/_sensor_state_s.c.o[0m
[13.817s] [ 85%] [32mBuilding C object CMakeFiles/turtlebot3_msgs__python.dir/rosidl_generator_py/turtlebot3_msgs/msg/_sound_s.c.o[0m
[13.913s] [ 86%] [32mBuilding C object CMakeFiles/turtlebot3_msgs__python.dir/rosidl_generator_py/turtlebot3_msgs/msg/_version_info_s.c.o[0m
[13.937s] [ 87%] [32mBuilding C object CMakeFiles/turtlebot3_msgs__python.dir/rosidl_generator_py/turtlebot3_msgs/srv/_sound_s.c.o[0m
[14.004s] [ 88%] [32mBuilding C object CMakeFiles/turtlebot3_msgs__python.dir/rosidl_generator_py/turtlebot3_msgs/srv/_drl_step_s.c.o[0m
[14.032s] [ 89%] [32mBuilding C object CMakeFiles/turtlebot3_msgs__python.dir/rosidl_generator_py/turtlebot3_msgs/srv/_goal_s.c.o[0m
[14.117s] [ 90%] [32mBuilding C object CMakeFiles/turtlebot3_msgs__python.dir/rosidl_generator_py/turtlebot3_msgs/srv/_ring_goal_s.c.o[0m
[14.128s] [ 91%] [32mBuilding C object CMakeFiles/turtlebot3_msgs__python.dir/rosidl_generator_py/turtlebot3_msgs/action/_patrol_s.c.o[0m
[14.238s] [ 93%] [32m[1mLinking C shared library rosidl_generator_py/turtlebot3_msgs/libturtlebot3_msgs__python.so[0m
[14.267s] [ 93%] Built target turtlebot3_msgs__python
[14.274s] [35m[1mScanning dependencies of target turtlebot3_msgs__rosidl_typesupport_fastrtps_c__pyext[0m
[14.289s] [35m[1mScanning dependencies of target turtlebot3_msgs__rosidl_typesupport_introspection_c__pyext[0m
[14.299s] [ 94%] [32mBuilding C object CMakeFiles/turtlebot3_msgs__rosidl_typesupport_fastrtps_c__pyext.dir/rosidl_generator_py/turtlebot3_msgs/_turtlebot3_msgs_s.ep.rosidl_typesupport_fastrtps_c.c.o[0m
[14.330s] [ 95%] [32mBuilding C object CMakeFiles/turtlebot3_msgs__rosidl_typesupport_introspection_c__pyext.dir/rosidl_generator_py/turtlebot3_msgs/_turtlebot3_msgs_s.ep.rosidl_typesupport_introspection_c.c.o[0m
[14.422s] [ 96%] [32m[1mLinking CXX shared library rosidl_generator_py/turtlebot3_msgs/turtlebot3_msgs_s__rosidl_typesupport_fastrtps_c.cpython-38-x86_64-linux-gnu.so[0m
[14.476s] [ 96%] Built target turtlebot3_msgs__rosidl_typesupport_fastrtps_c__pyext
[14.481s] [ 97%] [32m[1mLinking C shared library rosidl_generator_py/turtlebot3_msgs/turtlebot3_msgs_s__rosidl_typesupport_introspection_c.cpython-38-x86_64-linux-gnu.so[0m
[14.491s] [35m[1mScanning dependencies of target turtlebot3_msgs__rosidl_typesupport_c__pyext[0m
[14.504s] [ 98%] [32mBuilding C object CMakeFiles/turtlebot3_msgs__rosidl_typesupport_c__pyext.dir/rosidl_generator_py/turtlebot3_msgs/_turtlebot3_msgs_s.ep.rosidl_typesupport_c.c.o[0m
[14.570s] [ 98%] Built target turtlebot3_msgs__rosidl_typesupport_introspection_c__pyext
[14.596s] [100%] [32m[1mLinking C shared library rosidl_generator_py/turtlebot3_msgs/turtlebot3_msgs_s__rosidl_typesupport_c.cpython-38-x86_64-linux-gnu.so[0m
[14.619s] [100%] Built target turtlebot3_msgs__rosidl_typesupport_c__pyext
[14.627s] Invoked command in '/home/tribble/me696_2/build/turtlebot3_msgs' returned '0': CMAKE_PREFIX_PATH=/opt/ros/foxy /usr/bin/cmake --build /home/tribble/me696_2/build/turtlebot3_msgs -- -j2 -l2
[14.717s] Invoking command in '/home/tribble/me696_2/build/turtlebot3_msgs': CMAKE_PREFIX_PATH=/opt/ros/foxy /usr/bin/cmake --install /home/tribble/me696_2/build/turtlebot3_msgs
[14.723s] -- Install configuration: ""
[14.723s] -- Installing: /home/tribble/me696_2/install/turtlebot3_msgs/share/ament_index/resource_index/rosidl_interfaces/turtlebot3_msgs
[14.723s] -- Installing: /home/tribble/me696_2/install/turtlebot3_msgs/include/turtlebot3_msgs
[14.724s] -- Installing: /home/tribble/me696_2/install/turtlebot3_msgs/include/turtlebot3_msgs/srv
[14.724s] -- Installing: /home/tribble/me696_2/install/turtlebot3_msgs/include/turtlebot3_msgs/srv/goal.h
[14.724s] -- Installing: /home/tribble/me696_2/install/turtlebot3_msgs/include/turtlebot3_msgs/srv/detail
[14.724s] -- Installing: /home/tribble/me696_2/install/turtlebot3_msgs/include/turtlebot3_msgs/srv/detail/drl_step__functions.c
[14.724s] -- Installing: /home/tribble/me696_2/install/turtlebot3_msgs/include/turtlebot3_msgs/srv/detail/ring_goal__functions.c
[14.724s] -- Installing: /home/tribble/me696_2/install/turtlebot3_msgs/include/turtlebot3_msgs/srv/detail/ring_goal__functions.h
[14.724s] -- Installing: /home/tribble/me696_2/install/turtlebot3_msgs/include/turtlebot3_msgs/srv/detail/sound__struct.h
[14.724s] -- Installing: /home/tribble/me696_2/install/turtlebot3_msgs/include/turtlebot3_msgs/srv/detail/drl_step__functions.h
[14.724s] -- Installing: /home/tribble/me696_2/install/turtlebot3_msgs/include/turtlebot3_msgs/srv/detail/goal__type_support.h
[14.724s] -- Installing: /home/tribble/me696_2/install/turtlebot3_msgs/include/turtlebot3_msgs/srv/detail/drl_step__type_support.h
[14.725s] -- Installing: /home/tribble/me696_2/install/turtlebot3_msgs/include/turtlebot3_msgs/srv/detail/ring_goal__struct.h
[14.725s] -- Installing: /home/tribble/me696_2/install/turtlebot3_msgs/include/turtlebot3_msgs/srv/detail/goal__struct.h
[14.725s] -- Installing: /home/tribble/me696_2/install/turtlebot3_msgs/include/turtlebot3_msgs/srv/detail/ring_goal__type_support.h
[14.725s] -- Installing: /home/tribble/me696_2/install/turtlebot3_msgs/include/turtlebot3_msgs/srv/detail/sound__functions.h
[14.725s] -- Installing: /home/tribble/me696_2/install/turtlebot3_msgs/include/turtlebot3_msgs/srv/detail/sound__type_support.h
[14.725s] -- Installing: /home/tribble/me696_2/install/turtlebot3_msgs/include/turtlebot3_msgs/srv/detail/goal__functions.h
[14.725s] -- Installing: /home/tribble/me696_2/install/turtlebot3_msgs/include/turtlebot3_msgs/srv/detail/sound__functions.c
[14.726s] -- Installing: /home/tribble/me696_2/install/turtlebot3_msgs/include/turtlebot3_msgs/srv/detail/drl_step__struct.h
[14.726s] -- Installing: /home/tribble/me696_2/install/turtlebot3_msgs/include/turtlebot3_msgs/srv/detail/goal__functions.c
[14.726s] -- Installing: /home/tribble/me696_2/install/turtlebot3_msgs/include/turtlebot3_msgs/srv/drl_step.h
[14.726s] -- Installing: /home/tribble/me696_2/install/turtlebot3_msgs/include/turtlebot3_msgs/srv/ring_goal.h
[14.726s] -- Installing: /home/tribble/me696_2/install/turtlebot3_msgs/include/turtlebot3_msgs/srv/sound.h
[14.726s] -- Installing: /home/tribble/me696_2/install/turtlebot3_msgs/include/turtlebot3_msgs/msg
[14.726s] -- Installing: /home/tribble/me696_2/install/turtlebot3_msgs/include/turtlebot3_msgs/msg/version_info.h
[14.727s] -- Installing: /home/tribble/me696_2/install/turtlebot3_msgs/include/turtlebot3_msgs/msg/detail
[14.727s] -- Installing: /home/tribble/me696_2/install/turtlebot3_msgs/include/turtlebot3_msgs/msg/detail/version_info__functions.h
[14.727s] -- Installing: /home/tribble/me696_2/install/turtlebot3_msgs/include/turtlebot3_msgs/msg/detail/version_info__struct.h
[14.727s] -- Installing: /home/tribble/me696_2/install/turtlebot3_msgs/include/turtlebot3_msgs/msg/detail/version_info__functions.c
[14.727s] -- Installing: /home/tribble/me696_2/install/turtlebot3_msgs/include/turtlebot3_msgs/msg/detail/sound__struct.h
[14.727s] -- Installing: /home/tribble/me696_2/install/turtlebot3_msgs/include/turtlebot3_msgs/msg/detail/sensor_state__functions.c
[14.727s] -- Installing: /home/tribble/me696_2/install/turtlebot3_msgs/include/turtlebot3_msgs/msg/detail/sensor_state__functions.h
[14.728s] -- Installing: /home/tribble/me696_2/install/turtlebot3_msgs/include/turtlebot3_msgs/msg/detail/version_info__type_support.h
[14.728s] -- Installing: /home/tribble/me696_2/install/turtlebot3_msgs/include/turtlebot3_msgs/msg/detail/sound__functions.h
[14.728s] -- Installing: /home/tribble/me696_2/install/turtlebot3_msgs/include/turtlebot3_msgs/msg/detail/sound__type_support.h
[14.728s] -- Installing: /home/tribble/me696_2/install/turtlebot3_msgs/include/turtlebot3_msgs/msg/detail/sensor_state__type_support.h
[14.728s] -- Installing: /home/tribble/me696_2/install/turtlebot3_msgs/include/turtlebot3_msgs/msg/detail/sound__functions.c
[14.728s] -- Installing: /home/tribble/me696_2/install/turtlebot3_msgs/include/turtlebot3_msgs/msg/detail/sensor_state__struct.h
[14.728s] -- Installing: /home/tribble/me696_2/install/turtlebot3_msgs/include/turtlebot3_msgs/msg/rosidl_generator_c__visibility_control.h
[14.728s] -- Installing: /home/tribble/me696_2/install/turtlebot3_msgs/include/turtlebot3_msgs/msg/sensor_state.h
[14.728s] -- Installing: /home/tribble/me696_2/install/turtlebot3_msgs/include/turtlebot3_msgs/msg/sound.h
[14.729s] -- Installing: /home/tribble/me696_2/install/turtlebot3_msgs/include/turtlebot3_msgs/action
[14.729s] -- Installing: /home/tribble/me696_2/install/turtlebot3_msgs/include/turtlebot3_msgs/action/detail
[14.729s] -- Installing: /home/tribble/me696_2/install/turtlebot3_msgs/include/turtlebot3_msgs/action/detail/patrol__functions.h
[14.729s] -- Installing: /home/tribble/me696_2/install/turtlebot3_msgs/include/turtlebot3_msgs/action/detail/patrol__functions.c
[14.730s] -- Installing: /home/tribble/me696_2/install/turtlebot3_msgs/include/turtlebot3_msgs/action/detail/patrol__type_support.h
[14.730s] -- Installing: /home/tribble/me696_2/install/turtlebot3_msgs/include/turtlebot3_msgs/action/detail/patrol__struct.h
[14.730s] -- Installing: /home/tribble/me696_2/install/turtlebot3_msgs/include/turtlebot3_msgs/action/patrol.h
[14.737s] -- Installing: /home/tribble/me696_2/install/turtlebot3_msgs/share/turtlebot3_msgs/environment/library_path.sh
[14.737s] -- Installing: /home/tribble/me696_2/install/turtlebot3_msgs/share/turtlebot3_msgs/environment/library_path.dsv
[14.738s] -- Installing: /home/tribble/me696_2/install/turtlebot3_msgs/lib/libturtlebot3_msgs__rosidl_generator_c.so
[14.738s] -- Set runtime path of "/home/tribble/me696_2/install/turtlebot3_msgs/lib/libturtlebot3_msgs__rosidl_generator_c.so" to ""
[14.738s] -- Up-to-date: /home/tribble/me696_2/install/turtlebot3_msgs/include/turtlebot3_msgs
[14.738s] -- Up-to-date: /home/tribble/me696_2/install/turtlebot3_msgs/include/turtlebot3_msgs/srv
[14.739s] -- Up-to-date: /home/tribble/me696_2/install/turtlebot3_msgs/include/turtlebot3_msgs/srv/detail
[14.739s] -- Installing: /home/tribble/me696_2/install/turtlebot3_msgs/include/turtlebot3_msgs/srv/detail/sound__rosidl_typesupport_fastrtps_c.h
[14.739s] -- Installing: /home/tribble/me696_2/install/turtlebot3_msgs/include/turtlebot3_msgs/srv/detail/ring_goal__rosidl_typesupport_fastrtps_c.h
[14.739s] -- Installing: /home/tribble/me696_2/install/turtlebot3_msgs/include/turtlebot3_msgs/srv/detail/drl_step__rosidl_typesupport_fastrtps_c.h
[14.739s] -- Installing: /home/tribble/me696_2/install/turtlebot3_msgs/include/turtlebot3_msgs/srv/detail/goal__rosidl_typesupport_fastrtps_c.h
[14.739s] -- Up-to-date: /home/tribble/me696_2/install/turtlebot3_msgs/include/turtlebot3_msgs/msg
[14.739s] -- Up-to-date: /home/tribble/me696_2/install/turtlebot3_msgs/include/turtlebot3_msgs/msg/detail
[14.739s] -- Installing: /home/tribble/me696_2/install/turtlebot3_msgs/include/turtlebot3_msgs/msg/detail/version_info__rosidl_typesupport_fastrtps_c.h
[14.739s] -- Installing: /home/tribble/me696_2/install/turtlebot3_msgs/include/turtlebot3_msgs/msg/detail/sound__rosidl_typesupport_fastrtps_c.h
[14.739s] -- Installing: /home/tribble/me696_2/install/turtlebot3_msgs/include/turtlebot3_msgs/msg/detail/sensor_state__rosidl_typesupport_fastrtps_c.h
[14.740s] -- Installing: /home/tribble/me696_2/install/turtlebot3_msgs/include/turtlebot3_msgs/msg/rosidl_typesupport_fastrtps_c__visibility_control.h
[14.740s] -- Up-to-date: /home/tribble/me696_2/install/turtlebot3_msgs/include/turtlebot3_msgs/action
[14.740s] -- Up-to-date: /home/tribble/me696_2/install/turtlebot3_msgs/include/turtlebot3_msgs/action/detail
[14.740s] -- Installing: /home/tribble/me696_2/install/turtlebot3_msgs/include/turtlebot3_msgs/action/detail/patrol__rosidl_typesupport_fastrtps_c.h
[14.740s] -- Installing: /home/tribble/me696_2/install/turtlebot3_msgs/lib/libturtlebot3_msgs__rosidl_typesupport_fastrtps_c.so
[14.740s] -- Set runtime path of "/home/tribble/me696_2/install/turtlebot3_msgs/lib/libturtlebot3_msgs__rosidl_typesupport_fastrtps_c.so" to ""
[14.740s] -- Up-to-date: /home/tribble/me696_2/install/turtlebot3_msgs/include/turtlebot3_msgs
[14.741s] -- Up-to-date: /home/tribble/me696_2/install/turtlebot3_msgs/include/turtlebot3_msgs/srv
[14.741s] -- Up-to-date: /home/tribble/me696_2/install/turtlebot3_msgs/include/turtlebot3_msgs/srv/detail
[14.741s] -- Installing: /home/tribble/me696_2/install/turtlebot3_msgs/include/turtlebot3_msgs/srv/detail/drl_step__rosidl_typesupport_fastrtps_cpp.hpp
[14.741s] -- Installing: /home/tribble/me696_2/install/turtlebot3_msgs/include/turtlebot3_msgs/srv/detail/sound__rosidl_typesupport_fastrtps_cpp.hpp
[14.741s] -- Installing: /home/tribble/me696_2/install/turtlebot3_msgs/include/turtlebot3_msgs/srv/detail/dds_fastrtps
[14.741s] -- Installing: /home/tribble/me696_2/install/turtlebot3_msgs/include/turtlebot3_msgs/srv/detail/goal__rosidl_typesupport_fastrtps_cpp.hpp
[14.741s] -- Installing: /home/tribble/me696_2/install/turtlebot3_msgs/include/turtlebot3_msgs/srv/detail/ring_goal__rosidl_typesupport_fastrtps_cpp.hpp
[14.741s] -- Up-to-date: /home/tribble/me696_2/install/turtlebot3_msgs/include/turtlebot3_msgs/msg
[14.741s] -- Up-to-date: /home/tribble/me696_2/install/turtlebot3_msgs/include/turtlebot3_msgs/msg/detail
[14.741s] -- Installing: /home/tribble/me696_2/install/turtlebot3_msgs/include/turtlebot3_msgs/msg/detail/sound__rosidl_typesupport_fastrtps_cpp.hpp
[14.742s] -- Installing: /home/tribble/me696_2/install/turtlebot3_msgs/include/turtlebot3_msgs/msg/detail/dds_fastrtps
[14.742s] -- Installing: /home/tribble/me696_2/install/turtlebot3_msgs/include/turtlebot3_msgs/msg/detail/sensor_state__rosidl_typesupport_fastrtps_cpp.hpp
[14.742s] -- Installing: /home/tribble/me696_2/install/turtlebot3_msgs/include/turtlebot3_msgs/msg/detail/version_info__rosidl_typesupport_fastrtps_cpp.hpp
[14.742s] -- Installing: /home/tribble/me696_2/install/turtlebot3_msgs/include/turtlebot3_msgs/msg/rosidl_typesupport_fastrtps_cpp__visibility_control.h
[14.742s] -- Up-to-date: /home/tribble/me696_2/install/turtlebot3_msgs/include/turtlebot3_msgs/action
[14.742s] -- Up-to-date: /home/tribble/me696_2/install/turtlebot3_msgs/include/turtlebot3_msgs/action/detail
[14.742s] -- Installing: /home/tribble/me696_2/install/turtlebot3_msgs/include/turtlebot3_msgs/action/detail/dds_fastrtps
[14.742s] -- Installing: /home/tribble/me696_2/install/turtlebot3_msgs/include/turtlebot3_msgs/action/detail/patrol__rosidl_typesupport_fastrtps_cpp.hpp
[14.743s] -- Installing: /home/tribble/me696_2/install/turtlebot3_msgs/lib/libturtlebot3_msgs__rosidl_typesupport_fastrtps_cpp.so
[14.743s] -- Set runtime path of "/home/tribble/me696_2/install/turtlebot3_msgs/lib/libturtlebot3_msgs__rosidl_typesupport_fastrtps_cpp.so" to ""
[14.743s] -- Up-to-date: /home/tribble/me696_2/install/turtlebot3_msgs/include/turtlebot3_msgs
[14.743s] -- Up-to-date: /home/tribble/me696_2/install/turtlebot3_msgs/include/turtlebot3_msgs/srv
[14.743s] -- Up-to-date: /home/tribble/me696_2/install/turtlebot3_msgs/include/turtlebot3_msgs/srv/detail
[14.744s] -- Installing: /home/tribble/me696_2/install/turtlebot3_msgs/include/turtlebot3_msgs/srv/detail/ring_goal__type_support.c
[14.744s] -- Installing: /home/tribble/me696_2/install/turtlebot3_msgs/include/turtlebot3_msgs/srv/detail/sound__rosidl_typesupport_introspection_c.h
[14.744s] -- Installing: /home/tribble/me696_2/install/turtlebot3_msgs/include/turtlebot3_msgs/srv/detail/ring_goal__rosidl_typesupport_introspection_c.h
[14.744s] -- Installing: /home/tribble/me696_2/install/turtlebot3_msgs/include/turtlebot3_msgs/srv/detail/drl_step__type_support.c
[14.744s] -- Installing: /home/tribble/me696_2/install/turtlebot3_msgs/include/turtlebot3_msgs/srv/detail/drl_step__rosidl_typesupport_introspection_c.h
[14.744s] -- Installing: /home/tribble/me696_2/install/turtlebot3_msgs/include/turtlebot3_msgs/srv/detail/goal__type_support.c
[14.744s] -- Installing: /home/tribble/me696_2/install/turtlebot3_msgs/include/turtlebot3_msgs/srv/detail/goal__rosidl_typesupport_introspection_c.h
[14.744s] -- Installing: /home/tribble/me696_2/install/turtlebot3_msgs/include/turtlebot3_msgs/srv/detail/sound__type_support.c
[14.745s] -- Up-to-date: /home/tribble/me696_2/install/turtlebot3_msgs/include/turtlebot3_msgs/msg
[14.745s] -- Up-to-date: /home/tribble/me696_2/install/turtlebot3_msgs/include/turtlebot3_msgs/msg/detail
[14.745s] -- Installing: /home/tribble/me696_2/install/turtlebot3_msgs/include/turtlebot3_msgs/msg/detail/version_info__rosidl_typesupport_introspection_c.h
[14.745s] -- Installing: /home/tribble/me696_2/install/turtlebot3_msgs/include/turtlebot3_msgs/msg/detail/sound__rosidl_typesupport_introspection_c.h
[14.745s] -- Installing: /home/tribble/me696_2/install/turtlebot3_msgs/include/turtlebot3_msgs/msg/detail/sensor_state__type_support.c
[14.745s] -- Installing: /home/tribble/me696_2/install/turtlebot3_msgs/include/turtlebot3_msgs/msg/detail/version_info__type_support.c
[14.745s] -- Installing: /home/tribble/me696_2/install/turtlebot3_msgs/include/turtlebot3_msgs/msg/detail/sensor_state__rosidl_typesupport_introspection_c.h
[14.745s] -- Installing: /home/tribble/me696_2/install/turtlebot3_msgs/include/turtlebot3_msgs/msg/detail/sound__type_support.c
[14.745s] -- Installing: /home/tribble/me696_2/install/turtlebot3_msgs/include/turtlebot3_msgs/msg/rosidl_typesupport_introspection_c__visibility_control.h
[14.746s] -- Up-to-date: /home/tribble/me696_2/install/turtlebot3_msgs/include/turtlebot3_msgs/action
[14.746s] -- Up-to-date: /home/tribble/me696_2/install/turtlebot3_msgs/include/turtlebot3_msgs/action/detail
[14.746s] -- Installing: /home/tribble/me696_2/install/turtlebot3_msgs/include/turtlebot3_msgs/action/detail/patrol__type_support.c
[14.746s] -- Installing: /home/tribble/me696_2/install/turtlebot3_msgs/include/turtlebot3_msgs/action/detail/patrol__rosidl_typesupport_introspection_c.h
[14.746s] -- Installing: /home/tribble/me696_2/install/turtlebot3_msgs/lib/libturtlebot3_msgs__rosidl_typesupport_introspection_c.so
[14.746s] -- Set runtime path of "/home/tribble/me696_2/install/turtlebot3_msgs/lib/libturtlebot3_msgs__rosidl_typesupport_introspection_c.so" to ""
[14.746s] -- Installing: /home/tribble/me696_2/install/turtlebot3_msgs/lib/libturtlebot3_msgs__rosidl_typesupport_c.so
[14.747s] -- Set runtime path of "/home/tribble/me696_2/install/turtlebot3_msgs/lib/libturtlebot3_msgs__rosidl_typesupport_c.so" to ""
[14.747s] -- Up-to-date: /home/tribble/me696_2/install/turtlebot3_msgs/include/turtlebot3_msgs
[14.747s] -- Up-to-date: /home/tribble/me696_2/install/turtlebot3_msgs/include/turtlebot3_msgs/srv
[14.747s] -- Up-to-date: /home/tribble/me696_2/install/turtlebot3_msgs/include/turtlebot3_msgs/srv/detail
[14.747s] -- Installing: /home/tribble/me696_2/install/turtlebot3_msgs/include/turtlebot3_msgs/srv/detail/sound__builder.hpp
[14.747s] -- Installing: /home/tribble/me696_2/install/turtlebot3_msgs/include/turtlebot3_msgs/srv/detail/sound__struct.hpp
[14.748s] -- Installing: /home/tribble/me696_2/install/turtlebot3_msgs/include/turtlebot3_msgs/srv/detail/goal__builder.hpp
[14.748s] -- Installing: /home/tribble/me696_2/install/turtlebot3_msgs/include/turtlebot3_msgs/srv/detail/ring_goal__traits.hpp
[14.748s] -- Installing: /home/tribble/me696_2/install/turtlebot3_msgs/include/turtlebot3_msgs/srv/detail/ring_goal__struct.hpp
[14.748s] -- Installing: /home/tribble/me696_2/install/turtlebot3_msgs/include/turtlebot3_msgs/srv/detail/sound__traits.hpp
[14.748s] -- Installing: /home/tribble/me696_2/install/turtlebot3_msgs/include/turtlebot3_msgs/srv/detail/goal__traits.hpp
[14.748s] -- Installing: /home/tribble/me696_2/install/turtlebot3_msgs/include/turtlebot3_msgs/srv/detail/drl_step__traits.hpp
[14.749s] -- Installing: /home/tribble/me696_2/install/turtlebot3_msgs/include/turtlebot3_msgs/srv/detail/goal__struct.hpp
[14.749s] -- Installing: /home/tribble/me696_2/install/turtlebot3_msgs/include/turtlebot3_msgs/srv/detail/ring_goal__builder.hpp
[14.749s] -- Installing: /home/tribble/me696_2/install/turtlebot3_msgs/include/turtlebot3_msgs/srv/detail/drl_step__builder.hpp
[14.749s] -- Installing: /home/tribble/me696_2/install/turtlebot3_msgs/include/turtlebot3_msgs/srv/detail/drl_step__struct.hpp
[14.749s] -- Installing: /home/tribble/me696_2/install/turtlebot3_msgs/include/turtlebot3_msgs/srv/ring_goal.hpp
[14.749s] -- Installing: /home/tribble/me696_2/install/turtlebot3_msgs/include/turtlebot3_msgs/srv/goal.hpp
[14.750s] -- Installing: /home/tribble/me696_2/install/turtlebot3_msgs/include/turtlebot3_msgs/srv/sound.hpp
[14.750s] -- Installing: /home/tribble/me696_2/install/turtlebot3_msgs/include/turtlebot3_msgs/srv/drl_step.hpp
[14.750s] -- Up-to-date: /home/tribble/me696_2/install/turtlebot3_msgs/include/turtlebot3_msgs/msg
[14.750s] -- Up-to-date: /home/tribble/me696_2/install/turtlebot3_msgs/include/turtlebot3_msgs/msg/detail
[14.750s] -- Installing: /home/tribble/me696_2/install/turtlebot3_msgs/include/turtlebot3_msgs/msg/detail/sound__builder.hpp
[14.750s] -- Installing: /home/tribble/me696_2/install/turtlebot3_msgs/include/turtlebot3_msgs/msg/detail/sensor_state__builder.hpp
[14.751s] -- Installing: /home/tribble/me696_2/install/turtlebot3_msgs/include/turtlebot3_msgs/msg/detail/version_info__struct.hpp
[14.751s] -- Installing: /home/tribble/me696_2/install/turtlebot3_msgs/include/turtlebot3_msgs/msg/detail/sound__struct.hpp
[14.751s] -- Installing: /home/tribble/me696_2/install/turtlebot3_msgs/include/turtlebot3_msgs/msg/detail/sound__traits.hpp
[14.751s] -- Installing: /home/tribble/me696_2/install/turtlebot3_msgs/include/turtlebot3_msgs/msg/detail/version_info__builder.hpp
[14.751s] -- Installing: /home/tribble/me696_2/install/turtlebot3_msgs/include/turtlebot3_msgs/msg/detail/sensor_state__struct.hpp
[14.751s] -- Installing: /home/tribble/me696_2/install/turtlebot3_msgs/include/turtlebot3_msgs/msg/detail/version_info__traits.hpp
[14.751s] -- Installing: /home/tribble/me696_2/install/turtlebot3_msgs/include/turtlebot3_msgs/msg/detail/sensor_state__traits.hpp
[14.752s] -- Installing: /home/tribble/me696_2/install/turtlebot3_msgs/include/turtlebot3_msgs/msg/version_info.hpp
[14.752s] -- Installing: /home/tribble/me696_2/install/turtlebot3_msgs/include/turtlebot3_msgs/msg/sensor_state.hpp
[14.752s] -- Installing: /home/tribble/me696_2/install/turtlebot3_msgs/include/turtlebot3_msgs/msg/sound.hpp
[14.752s] -- Up-to-date: /home/tribble/me696_2/install/turtlebot3_msgs/include/turtlebot3_msgs/action
[14.752s] -- Up-to-date: /home/tribble/me696_2/install/turtlebot3_msgs/include/turtlebot3_msgs/action/detail
[14.752s] -- Installing: /home/tribble/me696_2/install/turtlebot3_msgs/include/turtlebot3_msgs/action/detail/patrol__struct.hpp
[14.753s] -- Installing: /home/tribble/me696_2/install/turtlebot3_msgs/include/turtlebot3_msgs/action/detail/patrol__traits.hpp
[14.753s] -- Installing: /home/tribble/me696_2/install/turtlebot3_msgs/include/turtlebot3_msgs/action/detail/patrol__builder.hpp
[14.753s] -- Installing: /home/tribble/me696_2/install/turtlebot3_msgs/include/turtlebot3_msgs/action/patrol.hpp
[14.753s] -- Up-to-date: /home/tribble/me696_2/install/turtlebot3_msgs/include/turtlebot3_msgs
[14.753s] -- Up-to-date: /home/tribble/me696_2/install/turtlebot3_msgs/include/turtlebot3_msgs/srv
[14.753s] -- Up-to-date: /home/tribble/me696_2/install/turtlebot3_msgs/include/turtlebot3_msgs/srv/detail
[14.754s] -- Installing: /home/tribble/me696_2/install/turtlebot3_msgs/include/turtlebot3_msgs/srv/detail/goal__rosidl_typesupport_introspection_cpp.hpp
[14.754s] -- Installing: /home/tribble/me696_2/install/turtlebot3_msgs/include/turtlebot3_msgs/srv/detail/ring_goal__rosidl_typesupport_introspection_cpp.hpp
[14.754s] -- Installing: /home/tribble/me696_2/install/turtlebot3_msgs/include/turtlebot3_msgs/srv/detail/drl_step__type_support.cpp
[14.754s] -- Installing: /home/tribble/me696_2/install/turtlebot3_msgs/include/turtlebot3_msgs/srv/detail/goal__type_support.cpp
[14.754s] -- Installing: /home/tribble/me696_2/install/turtlebot3_msgs/include/turtlebot3_msgs/srv/detail/sound__rosidl_typesupport_introspection_cpp.hpp
[14.754s] -- Installing: /home/tribble/me696_2/install/turtlebot3_msgs/include/turtlebot3_msgs/srv/detail/sound__type_support.cpp
[14.754s] -- Installing: /home/tribble/me696_2/install/turtlebot3_msgs/include/turtlebot3_msgs/srv/detail/ring_goal__type_support.cpp
[14.755s] -- Installing: /home/tribble/me696_2/install/turtlebot3_msgs/include/turtlebot3_msgs/srv/detail/drl_step__rosidl_typesupport_introspection_cpp.hpp
[14.755s] -- Up-to-date: /home/tribble/me696_2/install/turtlebot3_msgs/include/turtlebot3_msgs/msg
[14.755s] -- Up-to-date: /home/tribble/me696_2/install/turtlebot3_msgs/include/turtlebot3_msgs/msg/detail
[14.755s] -- Installing: /home/tribble/me696_2/install/turtlebot3_msgs/include/turtlebot3_msgs/msg/detail/sensor_state__rosidl_typesupport_introspection_cpp.hpp
[14.755s] -- Installing: /home/tribble/me696_2/install/turtlebot3_msgs/include/turtlebot3_msgs/msg/detail/version_info__type_support.cpp
[14.755s] -- Installing: /home/tribble/me696_2/install/turtlebot3_msgs/include/turtlebot3_msgs/msg/detail/version_info__rosidl_typesupport_introspection_cpp.hpp
[14.755s] -- Installing: /home/tribble/me696_2/install/turtlebot3_msgs/include/turtlebot3_msgs/msg/detail/sensor_state__type_support.cpp
[14.756s] -- Installing: /home/tribble/me696_2/install/turtlebot3_msgs/include/turtlebot3_msgs/msg/detail/sound__rosidl_typesupport_introspection_cpp.hpp
[14.756s] -- Installing: /home/tribble/me696_2/install/turtlebot3_msgs/include/turtlebot3_msgs/msg/detail/sound__type_support.cpp
[14.756s] -- Up-to-date: /home/tribble/me696_2/install/turtlebot3_msgs/include/turtlebot3_msgs/action
[14.756s] -- Up-to-date: /home/tribble/me696_2/install/turtlebot3_msgs/include/turtlebot3_msgs/action/detail
[14.756s] -- Installing: /home/tribble/me696_2/install/turtlebot3_msgs/include/turtlebot3_msgs/action/detail/patrol__rosidl_typesupport_introspection_cpp.hpp
[14.756s] -- Installing: /home/tribble/me696_2/install/turtlebot3_msgs/include/turtlebot3_msgs/action/detail/patrol__type_support.cpp
[14.756s] -- Installing: /home/tribble/me696_2/install/turtlebot3_msgs/lib/libturtlebot3_msgs__rosidl_typesupport_introspection_cpp.so
[14.757s] -- Set runtime path of "/home/tribble/me696_2/install/turtlebot3_msgs/lib/libturtlebot3_msgs__rosidl_typesupport_introspection_cpp.so" to ""
[14.757s] -- Installing: /home/tribble/me696_2/install/turtlebot3_msgs/lib/libturtlebot3_msgs__rosidl_typesupport_cpp.so
[14.758s] -- Set runtime path of "/home/tribble/me696_2/install/turtlebot3_msgs/lib/libturtlebot3_msgs__rosidl_typesupport_cpp.so" to ""
[14.758s] -- Installing: /home/tribble/me696_2/install/turtlebot3_msgs/share/turtlebot3_msgs/environment/pythonpath.sh
[14.758s] -- Installing: /home/tribble/me696_2/install/turtlebot3_msgs/share/turtlebot3_msgs/environment/pythonpath.dsv
[14.758s] -- Installing: /home/tribble/me696_2/install/turtlebot3_msgs/lib/python3.8/site-packages/turtlebot3_msgs/__init__.py
[14.777s] Compiling '/home/tribble/me696_2/install/turtlebot3_msgs/lib/python3.8/site-packages/turtlebot3_msgs/__init__.py'...
[14.781s] -- Installing: /home/tribble/me696_2/install/turtlebot3_msgs/lib/python3.8/site-packages/turtlebot3_msgs/msg
[14.781s] -- Installing: /home/tribble/me696_2/install/turtlebot3_msgs/lib/python3.8/site-packages/turtlebot3_msgs/msg/_sensor_state_s.c
[14.781s] -- Installing: /home/tribble/me696_2/install/turtlebot3_msgs/lib/python3.8/site-packages/turtlebot3_msgs/msg/_sensor_state.py
[14.781s] -- Installing: /home/tribble/me696_2/install/turtlebot3_msgs/lib/python3.8/site-packages/turtlebot3_msgs/msg/_version_info_s.c
[14.781s] -- Installing: /home/tribble/me696_2/install/turtlebot3_msgs/lib/python3.8/site-packages/turtlebot3_msgs/msg/__init__.py
[14.781s] -- Installing: /home/tribble/me696_2/install/turtlebot3_msgs/lib/python3.8/site-packages/turtlebot3_msgs/msg/_sound_s.c
[14.781s] -- Installing: /home/tribble/me696_2/install/turtlebot3_msgs/lib/python3.8/site-packages/turtlebot3_msgs/msg/_sound.py
[14.781s] -- Installing: /home/tribble/me696_2/install/turtlebot3_msgs/lib/python3.8/site-packages/turtlebot3_msgs/msg/_version_info.py
[14.782s] -- Installing: /home/tribble/me696_2/install/turtlebot3_msgs/lib/python3.8/site-packages/turtlebot3_msgs/srv
[14.782s] -- Installing: /home/tribble/me696_2/install/turtlebot3_msgs/lib/python3.8/site-packages/turtlebot3_msgs/srv/_goal_s.c
[14.782s] -- Installing: /home/tribble/me696_2/install/turtlebot3_msgs/lib/python3.8/site-packages/turtlebot3_msgs/srv/_goal.py
[14.782s] -- Installing: /home/tribble/me696_2/install/turtlebot3_msgs/lib/python3.8/site-packages/turtlebot3_msgs/srv/_drl_step_s.c
[14.782s] -- Installing: /home/tribble/me696_2/install/turtlebot3_msgs/lib/python3.8/site-packages/turtlebot3_msgs/srv/__init__.py
[14.782s] -- Installing: /home/tribble/me696_2/install/turtlebot3_msgs/lib/python3.8/site-packages/turtlebot3_msgs/srv/_sound_s.c
[14.782s] -- Installing: /home/tribble/me696_2/install/turtlebot3_msgs/lib/python3.8/site-packages/turtlebot3_msgs/srv/_ring_goal.py
[14.782s] -- Installing: /home/tribble/me696_2/install/turtlebot3_msgs/lib/python3.8/site-packages/turtlebot3_msgs/srv/_sound.py
[14.782s] -- Installing: /home/tribble/me696_2/install/turtlebot3_msgs/lib/python3.8/site-packages/turtlebot3_msgs/srv/_drl_step.py
[14.782s] -- Installing: /home/tribble/me696_2/install/turtlebot3_msgs/lib/python3.8/site-packages/turtlebot3_msgs/srv/_ring_goal_s.c
[14.782s] -- Installing: /home/tribble/me696_2/install/turtlebot3_msgs/lib/python3.8/site-packages/turtlebot3_msgs/action
[14.782s] -- Installing: /home/tribble/me696_2/install/turtlebot3_msgs/lib/python3.8/site-packages/turtlebot3_msgs/action/_patrol.py
[14.782s] -- Installing: /home/tribble/me696_2/install/turtlebot3_msgs/lib/python3.8/site-packages/turtlebot3_msgs/action/__init__.py
[14.782s] -- Installing: /home/tribble/me696_2/install/turtlebot3_msgs/lib/python3.8/site-packages/turtlebot3_msgs/action/_patrol_s.c
[14.783s] -- Installing: /home/tribble/me696_2/install/turtlebot3_msgs/lib/python3.8/site-packages/turtlebot3_msgs/turtlebot3_msgs_s__rosidl_typesupport_fastrtps_c.cpython-38-x86_64-linux-gnu.so
[14.785s] -- Set runtime path of "/home/tribble/me696_2/install/turtlebot3_msgs/lib/python3.8/site-packages/turtlebot3_msgs/turtlebot3_msgs_s__rosidl_typesupport_fastrtps_c.cpython-38-x86_64-linux-gnu.so" to ""
[14.785s] -- Installing: /home/tribble/me696_2/install/turtlebot3_msgs/lib/python3.8/site-packages/turtlebot3_msgs/turtlebot3_msgs_s__rosidl_typesupport_introspection_c.cpython-38-x86_64-linux-gnu.so
[14.785s] -- Set runtime path of "/home/tribble/me696_2/install/turtlebot3_msgs/lib/python3.8/site-packages/turtlebot3_msgs/turtlebot3_msgs_s__rosidl_typesupport_introspection_c.cpython-38-x86_64-linux-gnu.so" to ""
[14.785s] -- Installing: /home/tribble/me696_2/install/turtlebot3_msgs/lib/python3.8/site-packages/turtlebot3_msgs/turtlebot3_msgs_s__rosidl_typesupport_c.cpython-38-x86_64-linux-gnu.so
[14.785s] -- Set runtime path of "/home/tribble/me696_2/install/turtlebot3_msgs/lib/python3.8/site-packages/turtlebot3_msgs/turtlebot3_msgs_s__rosidl_typesupport_c.cpython-38-x86_64-linux-gnu.so" to ""
[14.785s] -- Installing: /home/tribble/me696_2/install/turtlebot3_msgs/lib/libturtlebot3_msgs__python.so
[14.785s] -- Set runtime path of "/home/tribble/me696_2/install/turtlebot3_msgs/lib/libturtlebot3_msgs__python.so" to ""
[14.785s] -- Installing: /home/tribble/me696_2/install/turtlebot3_msgs/share/turtlebot3_msgs/msg/SensorState.idl
[14.785s] -- Installing: /home/tribble/me696_2/install/turtlebot3_msgs/share/turtlebot3_msgs/msg/Sound.idl
[14.785s] -- Installing: /home/tribble/me696_2/install/turtlebot3_msgs/share/turtlebot3_msgs/msg/VersionInfo.idl
[14.785s] -- Installing: /home/tribble/me696_2/install/turtlebot3_msgs/share/turtlebot3_msgs/srv/Sound.idl
[14.785s] -- Installing: /home/tribble/me696_2/install/turtlebot3_msgs/share/turtlebot3_msgs/srv/DrlStep.idl
[14.785s] -- Installing: /home/tribble/me696_2/install/turtlebot3_msgs/share/turtlebot3_msgs/srv/Goal.idl
[14.785s] -- Installing: /home/tribble/me696_2/install/turtlebot3_msgs/share/turtlebot3_msgs/srv/RingGoal.idl
[14.785s] -- Installing: /home/tribble/me696_2/install/turtlebot3_msgs/share/turtlebot3_msgs/action/Patrol.idl
[14.785s] -- Installing: /home/tribble/me696_2/install/turtlebot3_msgs/share/turtlebot3_msgs/msg/SensorState.msg
[14.785s] -- Installing: /home/tribble/me696_2/install/turtlebot3_msgs/share/turtlebot3_msgs/msg/Sound.msg
[14.785s] -- Installing: /home/tribble/me696_2/install/turtlebot3_msgs/share/turtlebot3_msgs/msg/VersionInfo.msg
[14.785s] -- Installing: /home/tribble/me696_2/install/turtlebot3_msgs/share/turtlebot3_msgs/srv/Sound.srv
[14.785s] -- Installing: /home/tribble/me696_2/install/turtlebot3_msgs/share/turtlebot3_msgs/srv/Sound_Request.msg
[14.785s] -- Installing: /home/tribble/me696_2/install/turtlebot3_msgs/share/turtlebot3_msgs/srv/Sound_Response.msg
[14.786s] -- Installing: /home/tribble/me696_2/install/turtlebot3_msgs/share/turtlebot3_msgs/srv/DrlStep.srv
[14.786s] -- Installing: /home/tribble/me696_2/install/turtlebot3_msgs/share/turtlebot3_msgs/srv/DrlStep_Request.msg
[14.786s] -- Installing: /home/tribble/me696_2/install/turtlebot3_msgs/share/turtlebot3_msgs/srv/DrlStep_Response.msg
[14.786s] -- Installing: /home/tribble/me696_2/install/turtlebot3_msgs/share/turtlebot3_msgs/srv/Goal.srv
[14.786s] -- Installing: /home/tribble/me696_2/install/turtlebot3_msgs/share/turtlebot3_msgs/srv/Goal_Request.msg
[14.786s] -- Installing: /home/tribble/me696_2/install/turtlebot3_msgs/share/turtlebot3_msgs/srv/Goal_Response.msg
[14.786s] -- Installing: /home/tribble/me696_2/install/turtlebot3_msgs/share/turtlebot3_msgs/srv/RingGoal.srv
[14.787s] -- Installing: /home/tribble/me696_2/install/turtlebot3_msgs/share/turtlebot3_msgs/srv/RingGoal_Request.msg
[14.787s] -- Installing: /home/tribble/me696_2/install/turtlebot3_msgs/share/turtlebot3_msgs/srv/RingGoal_Response.msg
[14.787s] -- Installing: /home/tribble/me696_2/install/turtlebot3_msgs/share/turtlebot3_msgs/action/Patrol.action
[14.787s] -- Installing: /home/tribble/me696_2/install/turtlebot3_msgs/share/ament_index/resource_index/package_run_dependencies/turtlebot3_msgs
[14.787s] -- Installing: /home/tribble/me696_2/install/turtlebot3_msgs/share/ament_index/resource_index/parent_prefix_path/turtlebot3_msgs
[14.788s] -- Installing: /home/tribble/me696_2/install/turtlebot3_msgs/share/turtlebot3_msgs/environment/ament_prefix_path.sh
[14.788s] -- Installing: /home/tribble/me696_2/install/turtlebot3_msgs/share/turtlebot3_msgs/environment/ament_prefix_path.dsv
[14.788s] -- Installing: /home/tribble/me696_2/install/turtlebot3_msgs/share/turtlebot3_msgs/environment/path.sh
[14.789s] -- Installing: /home/tribble/me696_2/install/turtlebot3_msgs/share/turtlebot3_msgs/environment/path.dsv
[14.789s] -- Installing: /home/tribble/me696_2/install/turtlebot3_msgs/share/turtlebot3_msgs/local_setup.bash
[14.789s] -- Installing: /home/tribble/me696_2/install/turtlebot3_msgs/share/turtlebot3_msgs/local_setup.sh
[14.789s] -- Installing: /home/tribble/me696_2/install/turtlebot3_msgs/share/turtlebot3_msgs/local_setup.zsh
[14.789s] -- Installing: /home/tribble/me696_2/install/turtlebot3_msgs/share/turtlebot3_msgs/local_setup.dsv
[14.790s] -- Installing: /home/tribble/me696_2/install/turtlebot3_msgs/share/turtlebot3_msgs/package.dsv
[14.790s] -- Installing: /home/tribble/me696_2/install/turtlebot3_msgs/share/ament_index/resource_index/packages/turtlebot3_msgs
[14.790s] -- Installing: /home/tribble/me696_2/install/turtlebot3_msgs/share/turtlebot3_msgs/cmake/turtlebot3_msgs__rosidl_generator_cExport.cmake
[14.790s] -- Installing: /home/tribble/me696_2/install/turtlebot3_msgs/share/turtlebot3_msgs/cmake/turtlebot3_msgs__rosidl_generator_cExport-noconfig.cmake
[14.791s] -- Installing: /home/tribble/me696_2/install/turtlebot3_msgs/share/turtlebot3_msgs/cmake/turtlebot3_msgs__rosidl_typesupport_introspection_cExport.cmake
[14.791s] -- Installing: /home/tribble/me696_2/install/turtlebot3_msgs/share/turtlebot3_msgs/cmake/turtlebot3_msgs__rosidl_typesupport_introspection_cExport-noconfig.cmake
[14.791s] -- Installing: /home/tribble/me696_2/install/turtlebot3_msgs/share/turtlebot3_msgs/cmake/turtlebot3_msgs__rosidl_typesupport_cExport.cmake
[14.791s] -- Installing: /home/tribble/me696_2/install/turtlebot3_msgs/share/turtlebot3_msgs/cmake/turtlebot3_msgs__rosidl_typesupport_cExport-noconfig.cmake
[14.792s] -- Installing: /home/tribble/me696_2/install/turtlebot3_msgs/share/turtlebot3_msgs/cmake/turtlebot3_msgs__rosidl_generator_cppExport.cmake
[14.792s] -- Installing: /home/tribble/me696_2/install/turtlebot3_msgs/share/turtlebot3_msgs/cmake/turtlebot3_msgs__rosidl_typesupport_introspection_cppExport.cmake
[14.792s] -- Installing: /home/tribble/me696_2/install/turtlebot3_msgs/share/turtlebot3_msgs/cmake/turtlebot3_msgs__rosidl_typesupport_introspection_cppExport-noconfig.cmake
[14.792s] -- Installing: /home/tribble/me696_2/install/turtlebot3_msgs/share/turtlebot3_msgs/cmake/turtlebot3_msgs__rosidl_typesupport_cppExport.cmake
[14.793s] -- Installing: /home/tribble/me696_2/install/turtlebot3_msgs/share/turtlebot3_msgs/cmake/turtlebot3_msgs__rosidl_typesupport_cppExport-noconfig.cmake
[14.793s] -- Installing: /home/tribble/me696_2/install/turtlebot3_msgs/share/turtlebot3_msgs/cmake/rosidl_cmake-extras.cmake
[14.793s] -- Installing: /home/tribble/me696_2/install/turtlebot3_msgs/share/turtlebot3_msgs/cmake/ament_cmake_export_dependencies-extras.cmake
[14.793s] -- Installing: /home/tribble/me696_2/install/turtlebot3_msgs/share/turtlebot3_msgs/cmake/ament_cmake_export_libraries-extras.cmake
[14.794s] -- Installing: /home/tribble/me696_2/install/turtlebot3_msgs/share/turtlebot3_msgs/cmake/ament_cmake_export_targets-extras.cmake
[14.794s] -- Installing: /home/tribble/me696_2/install/turtlebot3_msgs/share/turtlebot3_msgs/cmake/ament_cmake_export_include_directories-extras.cmake
[14.794s] -- Installing: /home/tribble/me696_2/install/turtlebot3_msgs/share/turtlebot3_msgs/cmake/rosidl_cmake_export_typesupport_libraries-extras.cmake
[14.794s] -- Installing: /home/tribble/me696_2/install/turtlebot3_msgs/share/turtlebot3_msgs/cmake/rosidl_cmake_export_typesupport_targets-extras.cmake
[14.795s] -- Installing: /home/tribble/me696_2/install/turtlebot3_msgs/share/turtlebot3_msgs/cmake/turtlebot3_msgsConfig.cmake
[14.795s] -- Installing: /home/tribble/me696_2/install/turtlebot3_msgs/share/turtlebot3_msgs/cmake/turtlebot3_msgsConfig-version.cmake
[14.795s] -- Installing: /home/tribble/me696_2/install/turtlebot3_msgs/share/turtlebot3_msgs/package.xml
[14.797s] Invoked command in '/home/tribble/me696_2/build/turtlebot3_msgs' returned '0': CMAKE_PREFIX_PATH=/opt/ros/foxy /usr/bin/cmake --install /home/tribble/me696_2/build/turtlebot3_msgs
