[0.389s] Invoking command in '/home/tribble/me696_2/src/me696_hh2_ws/holmes_nav': PYTHONPATH=/home/tribble/me696_2/build/holmes_nav/prefix_override:/home/tribble/me696_2/install/holmes_nav/lib/python3.8/site-packages:${PYTHONPATH} /usr/bin/python3 setup.py egg_info --egg-base ../../../build/holmes_nav build --build-base /home/tribble/me696_2/build/holmes_nav/build install --record /home/tribble/me696_2/build/holmes_nav/install.log --install-scripts $base/lib/holmes_nav --single-version-externally-managed
[0.492s] running egg_info
[0.492s] creating ../../../build/holmes_nav/holmes_nav.egg-info
[0.492s] writing ../../../build/holmes_nav/holmes_nav.egg-info/PKG-INFO
[0.493s] writing dependency_links to ../../../build/holmes_nav/holmes_nav.egg-info/dependency_links.txt
[0.493s] writing entry points to ../../../build/holmes_nav/holmes_nav.egg-info/entry_points.txt
[0.493s] writing requirements to ../../../build/holmes_nav/holmes_nav.egg-info/requires.txt
[0.493s] writing top-level names to ../../../build/holmes_nav/holmes_nav.egg-info/top_level.txt
[0.494s] writing manifest file '../../../build/holmes_nav/holmes_nav.egg-info/SOURCES.txt'
[0.511s] reading manifest file '../../../build/holmes_nav/holmes_nav.egg-info/SOURCES.txt'
[0.511s] writing manifest file '../../../build/holmes_nav/holmes_nav.egg-info/SOURCES.txt'
[0.511s] running build
[0.511s] running build_py
[0.512s] creating /home/tribble/me696_2/build/holmes_nav/build
[0.512s] creating /home/tribble/me696_2/build/holmes_nav/build/lib
[0.512s] creating /home/tribble/me696_2/build/holmes_nav/build/lib/holmes_nav
[0.512s] copying holmes_nav/__init__.py -> /home/tribble/me696_2/build/holmes_nav/build/lib/holmes_nav
[0.512s] copying holmes_nav/hh2_node.py -> /home/tribble/me696_2/build/holmes_nav/build/lib/holmes_nav
[0.513s] running install
[0.513s] running install_lib
[0.514s] creating /home/tribble/me696_2/install/holmes_nav/lib/python3.8/site-packages/holmes_nav
[0.514s] copying /home/tribble/me696_2/build/holmes_nav/build/lib/holmes_nav/__init__.py -> /home/tribble/me696_2/install/holmes_nav/lib/python3.8/site-packages/holmes_nav
[0.514s] copying /home/tribble/me696_2/build/holmes_nav/build/lib/holmes_nav/hh2_node.py -> /home/tribble/me696_2/install/holmes_nav/lib/python3.8/site-packages/holmes_nav
[0.514s] byte-compiling /home/tribble/me696_2/install/holmes_nav/lib/python3.8/site-packages/holmes_nav/__init__.py to __init__.cpython-38.pyc
[0.515s] byte-compiling /home/tribble/me696_2/install/holmes_nav/lib/python3.8/site-packages/holmes_nav/hh2_node.py to hh2_node.cpython-38.pyc
[0.515s] running install_data
[0.516s] creating /home/tribble/me696_2/install/holmes_nav/share/ament_index
[0.516s] creating /home/tribble/me696_2/install/holmes_nav/share/ament_index/resource_index
[0.516s] creating /home/tribble/me696_2/install/holmes_nav/share/ament_index/resource_index/packages
[0.516s] copying resource/holmes_nav -> /home/tribble/me696_2/install/holmes_nav/share/ament_index/resource_index/packages
[0.516s] copying package.xml -> /home/tribble/me696_2/install/holmes_nav/share/holmes_nav
[0.517s] creating /home/tribble/me696_2/install/holmes_nav/share/holmes_nav/launch
[0.517s] copying launch/holmes_hall.launch.py -> /home/tribble/me696_2/install/holmes_nav/share/holmes_nav/launch
[0.517s] copying launch/update_slam.xml -> /home/tribble/me696_2/install/holmes_nav/share/holmes_nav/launch
[0.517s] creating /home/tribble/me696_2/install/holmes_nav/share/holmes_nav/models
[0.517s] creating /home/tribble/me696_2/install/holmes_nav/share/holmes_nav/models/hh2
[0.518s] copying models/hh2/model.config -> /home/tribble/me696_2/install/holmes_nav/share/holmes_nav/models/hh2
[0.518s] copying models/hh2/model.sdf -> /home/tribble/me696_2/install/holmes_nav/share/holmes_nav/models/hh2
[0.518s] creating /home/tribble/me696_2/install/holmes_nav/share/holmes_nav/models/hh2/meshes
[0.518s] copying models/hh2/meshes/hh2.stl -> /home/tribble/me696_2/install/holmes_nav/share/holmes_nav/models/hh2/meshes
[0.519s] copying models/hh2/meshes/hh2_v2.stl -> /home/tribble/me696_2/install/holmes_nav/share/holmes_nav/models/hh2/meshes
[0.521s] copying models/hh2/meshes/hh2_scaledown.stl -> /home/tribble/me696_2/install/holmes_nav/share/holmes_nav/models/hh2/meshes
[0.522s] creating /home/tribble/me696_2/install/holmes_nav/share/holmes_nav/worlds
[0.522s] creating /home/tribble/me696_2/install/holmes_nav/share/holmes_nav/worlds/hh2
[0.522s] copying worlds/hh2/waffle.model -> /home/tribble/me696_2/install/holmes_nav/share/holmes_nav/worlds/hh2
[0.522s] running install_egg_info
[0.523s] Copying ../../../build/holmes_nav/holmes_nav.egg-info to /home/tribble/me696_2/install/holmes_nav/lib/python3.8/site-packages/holmes_nav-0.0.0-py3.8.egg-info
[0.524s] running install_scripts
[0.533s] Installing hh2_node script to /home/tribble/me696_2/install/holmes_nav/lib/holmes_nav
[0.534s] writing list of installed files to '/home/tribble/me696_2/build/holmes_nav/install.log'
[0.554s] Invoked command in '/home/tribble/me696_2/src/me696_hh2_ws/holmes_nav' returned '0': PYTHONPATH=/home/tribble/me696_2/build/holmes_nav/prefix_override:/home/tribble/me696_2/install/holmes_nav/lib/python3.8/site-packages:${PYTHONPATH} /usr/bin/python3 setup.py egg_info --egg-base ../../../build/holmes_nav build --build-base /home/tribble/me696_2/build/holmes_nav/build install --record /home/tribble/me696_2/build/holmes_nav/install.log --install-scripts $base/lib/holmes_nav --single-version-externally-managed
