[0.239s] DEBUG:colcon:Command line arguments: ['/usr/bin/colcon', 'build']
[0.239s] DEBUG:colcon:Parsed command line arguments: Namespace(allow_overriding=[], ament_cmake_args=None, base_paths=['.'], build_base='build', catkin_cmake_args=None, catkin_skip_building_tests=False, cmake_args=None, cmake_clean_cache=False, cmake_clean_first=False, cmake_force_configure=False, cmake_target=None, cmake_target_skip_unavailable=False, continue_on_error=False, event_handlers=None, executor='parallel', ignore_user_meta=False, install_base='install', log_base=None, log_level=None, main=<bound method BuildVerb.main of <colcon_core.verb.build.BuildVerb object at 0x7f53927a7a30>>, merge_install=False, metas=['./colcon.meta'], packages_above=None, packages_above_and_dependencies=None, packages_above_depth=None, packages_end=None, packages_ignore=None, packages_ignore_regex=None, packages_select=None, packages_select_build_failed=False, packages_select_by_dep=None, packages_select_regex=None, packages_select_test_failures=False, packages_skip=None, packages_skip_build_finished=False, packages_skip_by_dep=None, packages_skip_regex=None, packages_skip_test_passed=False, packages_skip_up_to=None, packages_start=None, packages_up_to=None, packages_up_to_regex=None, parallel_workers=2, paths=None, symlink_install=False, test_result_base=None, verb_extension=<colcon_core.verb.build.BuildVerb object at 0x7f53927a7a30>, verb_name='build', verb_parser=<colcon_defaults.argument_parser.defaults.DefaultArgumentsDecorator object at 0x7f53927a7fa0>)
[0.262s] Level 1:colcon.colcon_core.package_discovery:discover_packages(colcon_meta) check parameters
[0.262s] Level 1:colcon.colcon_core.package_discovery:discover_packages(recursive) check parameters
[0.262s] Level 1:colcon.colcon_core.package_discovery:discover_packages(ignore) check parameters
[0.262s] Level 1:colcon.colcon_core.package_discovery:discover_packages(path) check parameters
[0.263s] Level 1:colcon.colcon_core.package_discovery:discover_packages(colcon_meta) discover
[0.263s] Level 1:colcon.colcon_core.package_discovery:discover_packages(recursive) discover
[0.263s] INFO:colcon.colcon_core.package_discovery:Crawling recursively for packages in '/home/tribble/me696_2'
[0.263s] Level 1:colcon.colcon_core.package_identification:_identify(.) by extensions ['ignore', 'ignore_ament_install']
[0.263s] Level 1:colcon.colcon_core.package_identification:_identify(.) by extension 'ignore'
[0.263s] Level 1:colcon.colcon_core.package_identification:_identify(.) by extension 'ignore_ament_install'
[0.263s] Level 1:colcon.colcon_core.package_identification:_identify(.) by extensions ['colcon_pkg']
[0.263s] Level 1:colcon.colcon_core.package_identification:_identify(.) by extension 'colcon_pkg'
[0.263s] Level 1:colcon.colcon_core.package_identification:_identify(.) by extensions ['colcon_meta']
[0.263s] Level 1:colcon.colcon_core.package_identification:_identify(.) by extension 'colcon_meta'
[0.263s] Level 1:colcon.colcon_core.package_identification:_identify(.) by extensions ['ros']
[0.263s] Level 1:colcon.colcon_core.package_identification:_identify(.) by extension 'ros'
[0.278s] Level 1:colcon.colcon_core.package_identification:_identify(.) by extensions ['cmake', 'python']
[0.278s] Level 1:colcon.colcon_core.package_identification:_identify(.) by extension 'cmake'
[0.278s] Level 1:colcon.colcon_core.package_identification:_identify(.) by extension 'python'
[0.278s] Level 1:colcon.colcon_core.package_identification:_identify(.) by extensions ['python_setup_py']
[0.278s] Level 1:colcon.colcon_core.package_identification:_identify(.) by extension 'python_setup_py'
[0.278s] Level 1:colcon.colcon_core.package_identification:_identify(build) by extensions ['ignore', 'ignore_ament_install']
[0.278s] Level 1:colcon.colcon_core.package_identification:_identify(build) by extension 'ignore'
[0.278s] Level 1:colcon.colcon_core.package_identification:_identify(build) ignored
[0.278s] Level 1:colcon.colcon_core.package_identification:_identify(install) by extensions ['ignore', 'ignore_ament_install']
[0.278s] Level 1:colcon.colcon_core.package_identification:_identify(install) by extension 'ignore'
[0.278s] Level 1:colcon.colcon_core.package_identification:_identify(install) ignored
[0.279s] Level 1:colcon.colcon_core.package_identification:_identify(log) by extensions ['ignore', 'ignore_ament_install']
[0.279s] Level 1:colcon.colcon_core.package_identification:_identify(log) by extension 'ignore'
[0.279s] Level 1:colcon.colcon_core.package_identification:_identify(log) ignored
[0.279s] Level 1:colcon.colcon_core.package_identification:_identify(src) by extensions ['ignore', 'ignore_ament_install']
[0.279s] Level 1:colcon.colcon_core.package_identification:_identify(src) by extension 'ignore'
[0.279s] Level 1:colcon.colcon_core.package_identification:_identify(src) by extension 'ignore_ament_install'
[0.279s] Level 1:colcon.colcon_core.package_identification:_identify(src) by extensions ['colcon_pkg']
[0.279s] Level 1:colcon.colcon_core.package_identification:_identify(src) by extension 'colcon_pkg'
[0.279s] Level 1:colcon.colcon_core.package_identification:_identify(src) by extensions ['colcon_meta']
[0.279s] Level 1:colcon.colcon_core.package_identification:_identify(src) by extension 'colcon_meta'
[0.279s] Level 1:colcon.colcon_core.package_identification:_identify(src) by extensions ['ros']
[0.279s] Level 1:colcon.colcon_core.package_identification:_identify(src) by extension 'ros'
[0.279s] Level 1:colcon.colcon_core.package_identification:_identify(src) by extensions ['cmake', 'python']
[0.279s] Level 1:colcon.colcon_core.package_identification:_identify(src) by extension 'cmake'
[0.279s] Level 1:colcon.colcon_core.package_identification:_identify(src) by extension 'python'
[0.279s] Level 1:colcon.colcon_core.package_identification:_identify(src) by extensions ['python_setup_py']
[0.279s] Level 1:colcon.colcon_core.package_identification:_identify(src) by extension 'python_setup_py'
[0.280s] Level 1:colcon.colcon_core.package_identification:_identify(src/me696_hh2_ws) by extensions ['ignore', 'ignore_ament_install']
[0.282s] Level 1:colcon.colcon_core.package_identification:_identify(src/me696_hh2_ws) by extension 'ignore'
[0.282s] Level 1:colcon.colcon_core.package_identification:_identify(src/me696_hh2_ws) by extension 'ignore_ament_install'
[0.282s] Level 1:colcon.colcon_core.package_identification:_identify(src/me696_hh2_ws) by extensions ['colcon_pkg']
[0.282s] Level 1:colcon.colcon_core.package_identification:_identify(src/me696_hh2_ws) by extension 'colcon_pkg'
[0.282s] Level 1:colcon.colcon_core.package_identification:_identify(src/me696_hh2_ws) by extensions ['colcon_meta']
[0.282s] Level 1:colcon.colcon_core.package_identification:_identify(src/me696_hh2_ws) by extension 'colcon_meta'
[0.282s] Level 1:colcon.colcon_core.package_identification:_identify(src/me696_hh2_ws) by extensions ['ros']
[0.282s] Level 1:colcon.colcon_core.package_identification:_identify(src/me696_hh2_ws) by extension 'ros'
[0.282s] Level 1:colcon.colcon_core.package_identification:_identify(src/me696_hh2_ws) by extensions ['cmake', 'python']
[0.282s] Level 1:colcon.colcon_core.package_identification:_identify(src/me696_hh2_ws) by extension 'cmake'
[0.282s] Level 1:colcon.colcon_core.package_identification:_identify(src/me696_hh2_ws) by extension 'python'
[0.282s] Level 1:colcon.colcon_core.package_identification:_identify(src/me696_hh2_ws) by extensions ['python_setup_py']
[0.282s] Level 1:colcon.colcon_core.package_identification:_identify(src/me696_hh2_ws) by extension 'python_setup_py'
[0.282s] Level 1:colcon.colcon_core.package_identification:_identify(src/me696_hh2_ws/build) by extensions ['ignore', 'ignore_ament_install']
[0.282s] Level 1:colcon.colcon_core.package_identification:_identify(src/me696_hh2_ws/build) by extension 'ignore'
[0.282s] Level 1:colcon.colcon_core.package_identification:_identify(src/me696_hh2_ws/build) ignored
[0.282s] Level 1:colcon.colcon_core.package_identification:_identify(src/me696_hh2_ws/holmes_nav) by extensions ['ignore', 'ignore_ament_install']
[0.282s] Level 1:colcon.colcon_core.package_identification:_identify(src/me696_hh2_ws/holmes_nav) by extension 'ignore'
[0.282s] Level 1:colcon.colcon_core.package_identification:_identify(src/me696_hh2_ws/holmes_nav) by extension 'ignore_ament_install'
[0.282s] Level 1:colcon.colcon_core.package_identification:_identify(src/me696_hh2_ws/holmes_nav) by extensions ['colcon_pkg']
[0.282s] Level 1:colcon.colcon_core.package_identification:_identify(src/me696_hh2_ws/holmes_nav) by extension 'colcon_pkg'
[0.283s] Level 1:colcon.colcon_core.package_identification:_identify(src/me696_hh2_ws/holmes_nav) by extensions ['colcon_meta']
[0.283s] Level 1:colcon.colcon_core.package_identification:_identify(src/me696_hh2_ws/holmes_nav) by extension 'colcon_meta'
[0.283s] Level 1:colcon.colcon_core.package_identification:_identify(src/me696_hh2_ws/holmes_nav) by extensions ['ros']
[0.283s] Level 1:colcon.colcon_core.package_identification:_identify(src/me696_hh2_ws/holmes_nav) by extension 'ros'
[0.284s] DEBUG:colcon.colcon_core.package_identification:Package 'src/me696_hh2_ws/holmes_nav' with type 'ros.ament_python' and name 'holmes_nav'
[0.284s] Level 1:colcon.colcon_core.package_identification:_identify(src/me696_hh2_ws/install) by extensions ['ignore', 'ignore_ament_install']
[0.284s] Level 1:colcon.colcon_core.package_identification:_identify(src/me696_hh2_ws/install) by extension 'ignore'
[0.285s] Level 1:colcon.colcon_core.package_identification:_identify(src/me696_hh2_ws/install) ignored
[0.285s] Level 1:colcon.colcon_core.package_identification:_identify(src/me696_hh2_ws/log) by extensions ['ignore', 'ignore_ament_install']
[0.285s] Level 1:colcon.colcon_core.package_identification:_identify(src/me696_hh2_ws/log) by extension 'ignore'
[0.285s] Level 1:colcon.colcon_core.package_identification:_identify(src/me696_hh2_ws/log) ignored
[0.285s] Level 1:colcon.colcon_core.package_identification:_identify(src/me696_hh2_ws/sample_maps) by extensions ['ignore', 'ignore_ament_install']
[0.285s] Level 1:colcon.colcon_core.package_identification:_identify(src/me696_hh2_ws/sample_maps) by extension 'ignore'
[0.285s] Level 1:colcon.colcon_core.package_identification:_identify(src/me696_hh2_ws/sample_maps) by extension 'ignore_ament_install'
[0.285s] Level 1:colcon.colcon_core.package_identification:_identify(src/me696_hh2_ws/sample_maps) by extensions ['colcon_pkg']
[0.285s] Level 1:colcon.colcon_core.package_identification:_identify(src/me696_hh2_ws/sample_maps) by extension 'colcon_pkg'
[0.285s] Level 1:colcon.colcon_core.package_identification:_identify(src/me696_hh2_ws/sample_maps) by extensions ['colcon_meta']
[0.285s] Level 1:colcon.colcon_core.package_identification:_identify(src/me696_hh2_ws/sample_maps) by extension 'colcon_meta'
[0.285s] Level 1:colcon.colcon_core.package_identification:_identify(src/me696_hh2_ws/sample_maps) by extensions ['ros']
[0.285s] Level 1:colcon.colcon_core.package_identification:_identify(src/me696_hh2_ws/sample_maps) by extension 'ros'
[0.285s] DEBUG:colcon.colcon_core.package_identification:Package 'src/me696_hh2_ws/sample_maps' with type 'ros.ament_python' and name 'sample_maps'
[0.285s] Level 1:colcon.colcon_core.package_identification:_identify(src/turtlebot3_drlnav) by extensions ['ignore', 'ignore_ament_install']
[0.285s] Level 1:colcon.colcon_core.package_identification:_identify(src/turtlebot3_drlnav) by extension 'ignore'
[0.285s] Level 1:colcon.colcon_core.package_identification:_identify(src/turtlebot3_drlnav) by extension 'ignore_ament_install'
[0.285s] Level 1:colcon.colcon_core.package_identification:_identify(src/turtlebot3_drlnav) by extensions ['colcon_pkg']
[0.285s] Level 1:colcon.colcon_core.package_identification:_identify(src/turtlebot3_drlnav) by extension 'colcon_pkg'
[0.285s] Level 1:colcon.colcon_core.package_identification:_identify(src/turtlebot3_drlnav) by extensions ['colcon_meta']
[0.285s] Level 1:colcon.colcon_core.package_identification:_identify(src/turtlebot3_drlnav) by extension 'colcon_meta'
[0.285s] Level 1:colcon.colcon_core.package_identification:_identify(src/turtlebot3_drlnav) by extensions ['ros']
[0.285s] Level 1:colcon.colcon_core.package_identification:_identify(src/turtlebot3_drlnav) by extension 'ros'
[0.285s] Level 1:colcon.colcon_core.package_identification:_identify(src/turtlebot3_drlnav) by extensions ['cmake', 'python']
[0.286s] Level 1:colcon.colcon_core.package_identification:_identify(src/turtlebot3_drlnav) by extension 'cmake'
[0.286s] Level 1:colcon.colcon_core.package_identification:_identify(src/turtlebot3_drlnav) by extension 'python'
[0.286s] Level 1:colcon.colcon_core.package_identification:_identify(src/turtlebot3_drlnav) by extensions ['python_setup_py']
[0.286s] Level 1:colcon.colcon_core.package_identification:_identify(src/turtlebot3_drlnav) by extension 'python_setup_py'
[0.286s] Level 1:colcon.colcon_core.package_identification:_identify(src/turtlebot3_drlnav/media) by extensions ['ignore', 'ignore_ament_install']
[0.286s] Level 1:colcon.colcon_core.package_identification:_identify(src/turtlebot3_drlnav/media) by extension 'ignore'
[0.286s] Level 1:colcon.colcon_core.package_identification:_identify(src/turtlebot3_drlnav/media) by extension 'ignore_ament_install'
[0.286s] Level 1:colcon.colcon_core.package_identification:_identify(src/turtlebot3_drlnav/media) by extensions ['colcon_pkg']
[0.286s] Level 1:colcon.colcon_core.package_identification:_identify(src/turtlebot3_drlnav/media) by extension 'colcon_pkg'
[0.286s] Level 1:colcon.colcon_core.package_identification:_identify(src/turtlebot3_drlnav/media) by extensions ['colcon_meta']
[0.286s] Level 1:colcon.colcon_core.package_identification:_identify(src/turtlebot3_drlnav/media) by extension 'colcon_meta'
[0.286s] Level 1:colcon.colcon_core.package_identification:_identify(src/turtlebot3_drlnav/media) by extensions ['ros']
[0.286s] Level 1:colcon.colcon_core.package_identification:_identify(src/turtlebot3_drlnav/media) by extension 'ros'
[0.286s] Level 1:colcon.colcon_core.package_identification:_identify(src/turtlebot3_drlnav/media) by extensions ['cmake', 'python']
[0.286s] Level 1:colcon.colcon_core.package_identification:_identify(src/turtlebot3_drlnav/media) by extension 'cmake'
[0.286s] Level 1:colcon.colcon_core.package_identification:_identify(src/turtlebot3_drlnav/media) by extension 'python'
[0.286s] Level 1:colcon.colcon_core.package_identification:_identify(src/turtlebot3_drlnav/media) by extensions ['python_setup_py']
[0.286s] Level 1:colcon.colcon_core.package_identification:_identify(src/turtlebot3_drlnav/media) by extension 'python_setup_py'
[0.286s] Level 1:colcon.colcon_core.package_identification:_identify(src/turtlebot3_drlnav/src) by extensions ['ignore', 'ignore_ament_install']
[0.286s] Level 1:colcon.colcon_core.package_identification:_identify(src/turtlebot3_drlnav/src) by extension 'ignore'
[0.286s] Level 1:colcon.colcon_core.package_identification:_identify(src/turtlebot3_drlnav/src) by extension 'ignore_ament_install'
[0.286s] Level 1:colcon.colcon_core.package_identification:_identify(src/turtlebot3_drlnav/src) by extensions ['colcon_pkg']
[0.287s] Level 1:colcon.colcon_core.package_identification:_identify(src/turtlebot3_drlnav/src) by extension 'colcon_pkg'
[0.287s] Level 1:colcon.colcon_core.package_identification:_identify(src/turtlebot3_drlnav/src) by extensions ['colcon_meta']
[0.287s] Level 1:colcon.colcon_core.package_identification:_identify(src/turtlebot3_drlnav/src) by extension 'colcon_meta'
[0.287s] Level 1:colcon.colcon_core.package_identification:_identify(src/turtlebot3_drlnav/src) by extensions ['ros']
[0.287s] Level 1:colcon.colcon_core.package_identification:_identify(src/turtlebot3_drlnav/src) by extension 'ros'
[0.287s] Level 1:colcon.colcon_core.package_identification:_identify(src/turtlebot3_drlnav/src) by extensions ['cmake', 'python']
[0.287s] Level 1:colcon.colcon_core.package_identification:_identify(src/turtlebot3_drlnav/src) by extension 'cmake'
[0.287s] Level 1:colcon.colcon_core.package_identification:_identify(src/turtlebot3_drlnav/src) by extension 'python'
[0.287s] Level 1:colcon.colcon_core.package_identification:_identify(src/turtlebot3_drlnav/src) by extensions ['python_setup_py']
[0.287s] Level 1:colcon.colcon_core.package_identification:_identify(src/turtlebot3_drlnav/src) by extension 'python_setup_py'
[0.287s] Level 1:colcon.colcon_core.package_identification:_identify(src/turtlebot3_drlnav/src/turtlebot3_drl) by extensions ['ignore', 'ignore_ament_install']
[0.287s] Level 1:colcon.colcon_core.package_identification:_identify(src/turtlebot3_drlnav/src/turtlebot3_drl) by extension 'ignore'
[0.287s] Level 1:colcon.colcon_core.package_identification:_identify(src/turtlebot3_drlnav/src/turtlebot3_drl) by extension 'ignore_ament_install'
[0.287s] Level 1:colcon.colcon_core.package_identification:_identify(src/turtlebot3_drlnav/src/turtlebot3_drl) by extensions ['colcon_pkg']
[0.287s] Level 1:colcon.colcon_core.package_identification:_identify(src/turtlebot3_drlnav/src/turtlebot3_drl) by extension 'colcon_pkg'
[0.287s] Level 1:colcon.colcon_core.package_identification:_identify(src/turtlebot3_drlnav/src/turtlebot3_drl) by extensions ['colcon_meta']
[0.287s] Level 1:colcon.colcon_core.package_identification:_identify(src/turtlebot3_drlnav/src/turtlebot3_drl) by extension 'colcon_meta'
[0.287s] Level 1:colcon.colcon_core.package_identification:_identify(src/turtlebot3_drlnav/src/turtlebot3_drl) by extensions ['ros']
[0.287s] Level 1:colcon.colcon_core.package_identification:_identify(src/turtlebot3_drlnav/src/turtlebot3_drl) by extension 'ros'
[0.287s] DEBUG:colcon.colcon_core.package_identification:Package 'src/turtlebot3_drlnav/src/turtlebot3_drl' with type 'ros.ament_python' and name 'turtlebot3_drl'
[0.287s] Level 1:colcon.colcon_core.package_identification:_identify(src/turtlebot3_drlnav/src/turtlebot3_msgs) by extensions ['ignore', 'ignore_ament_install']
[0.287s] Level 1:colcon.colcon_core.package_identification:_identify(src/turtlebot3_drlnav/src/turtlebot3_msgs) by extension 'ignore'
[0.287s] Level 1:colcon.colcon_core.package_identification:_identify(src/turtlebot3_drlnav/src/turtlebot3_msgs) by extension 'ignore_ament_install'
[0.287s] Level 1:colcon.colcon_core.package_identification:_identify(src/turtlebot3_drlnav/src/turtlebot3_msgs) by extensions ['colcon_pkg']
[0.287s] Level 1:colcon.colcon_core.package_identification:_identify(src/turtlebot3_drlnav/src/turtlebot3_msgs) by extension 'colcon_pkg'
[0.287s] Level 1:colcon.colcon_core.package_identification:_identify(src/turtlebot3_drlnav/src/turtlebot3_msgs) by extensions ['colcon_meta']
[0.288s] Level 1:colcon.colcon_core.package_identification:_identify(src/turtlebot3_drlnav/src/turtlebot3_msgs) by extension 'colcon_meta'
[0.288s] Level 1:colcon.colcon_core.package_identification:_identify(src/turtlebot3_drlnav/src/turtlebot3_msgs) by extensions ['ros']
[0.288s] Level 1:colcon.colcon_core.package_identification:_identify(src/turtlebot3_drlnav/src/turtlebot3_msgs) by extension 'ros'
[0.288s] DEBUG:colcon.colcon_core.package_identification:Package 'src/turtlebot3_drlnav/src/turtlebot3_msgs' with type 'ros.ament_cmake' and name 'turtlebot3_msgs'
[0.288s] Level 1:colcon.colcon_core.package_identification:_identify(src/turtlebot3_drlnav/src/turtlebot3_simulations) by extensions ['ignore', 'ignore_ament_install']
[0.288s] Level 1:colcon.colcon_core.package_identification:_identify(src/turtlebot3_drlnav/src/turtlebot3_simulations) by extension 'ignore'
[0.288s] Level 1:colcon.colcon_core.package_identification:_identify(src/turtlebot3_drlnav/src/turtlebot3_simulations) by extension 'ignore_ament_install'
[0.288s] Level 1:colcon.colcon_core.package_identification:_identify(src/turtlebot3_drlnav/src/turtlebot3_simulations) by extensions ['colcon_pkg']
[0.288s] Level 1:colcon.colcon_core.package_identification:_identify(src/turtlebot3_drlnav/src/turtlebot3_simulations) by extension 'colcon_pkg'
[0.288s] Level 1:colcon.colcon_core.package_identification:_identify(src/turtlebot3_drlnav/src/turtlebot3_simulations) by extensions ['colcon_meta']
[0.288s] Level 1:colcon.colcon_core.package_identification:_identify(src/turtlebot3_drlnav/src/turtlebot3_simulations) by extension 'colcon_meta'
[0.288s] Level 1:colcon.colcon_core.package_identification:_identify(src/turtlebot3_drlnav/src/turtlebot3_simulations) by extensions ['ros']
[0.288s] Level 1:colcon.colcon_core.package_identification:_identify(src/turtlebot3_drlnav/src/turtlebot3_simulations) by extension 'ros'
[0.288s] Level 1:colcon.colcon_core.package_identification:_identify(src/turtlebot3_drlnav/src/turtlebot3_simulations) by extensions ['cmake', 'python']
[0.288s] Level 1:colcon.colcon_core.package_identification:_identify(src/turtlebot3_drlnav/src/turtlebot3_simulations) by extension 'cmake'
[0.288s] Level 1:colcon.colcon_core.package_identification:_identify(src/turtlebot3_drlnav/src/turtlebot3_simulations) by extension 'python'
[0.288s] Level 1:colcon.colcon_core.package_identification:_identify(src/turtlebot3_drlnav/src/turtlebot3_simulations) by extensions ['python_setup_py']
[0.288s] Level 1:colcon.colcon_core.package_identification:_identify(src/turtlebot3_drlnav/src/turtlebot3_simulations) by extension 'python_setup_py'
[0.288s] Level 1:colcon.colcon_core.package_identification:_identify(src/turtlebot3_drlnav/src/turtlebot3_simulations/turtlebot3_fake_node) by extensions ['ignore', 'ignore_ament_install']
[0.288s] Level 1:colcon.colcon_core.package_identification:_identify(src/turtlebot3_drlnav/src/turtlebot3_simulations/turtlebot3_fake_node) by extension 'ignore'
[0.288s] Level 1:colcon.colcon_core.package_identification:_identify(src/turtlebot3_drlnav/src/turtlebot3_simulations/turtlebot3_fake_node) by extension 'ignore_ament_install'
[0.289s] Level 1:colcon.colcon_core.package_identification:_identify(src/turtlebot3_drlnav/src/turtlebot3_simulations/turtlebot3_fake_node) by extensions ['colcon_pkg']
[0.289s] Level 1:colcon.colcon_core.package_identification:_identify(src/turtlebot3_drlnav/src/turtlebot3_simulations/turtlebot3_fake_node) by extension 'colcon_pkg'
[0.289s] Level 1:colcon.colcon_core.package_identification:_identify(src/turtlebot3_drlnav/src/turtlebot3_simulations/turtlebot3_fake_node) by extensions ['colcon_meta']
[0.289s] Level 1:colcon.colcon_core.package_identification:_identify(src/turtlebot3_drlnav/src/turtlebot3_simulations/turtlebot3_fake_node) by extension 'colcon_meta'
[0.289s] Level 1:colcon.colcon_core.package_identification:_identify(src/turtlebot3_drlnav/src/turtlebot3_simulations/turtlebot3_fake_node) by extensions ['ros']
[0.289s] Level 1:colcon.colcon_core.package_identification:_identify(src/turtlebot3_drlnav/src/turtlebot3_simulations/turtlebot3_fake_node) by extension 'ros'
[0.289s] DEBUG:colcon.colcon_core.package_identification:Package 'src/turtlebot3_drlnav/src/turtlebot3_simulations/turtlebot3_fake_node' with type 'ros.ament_cmake' and name 'turtlebot3_fake_node'
[0.289s] Level 1:colcon.colcon_core.package_identification:_identify(src/turtlebot3_drlnav/src/turtlebot3_simulations/turtlebot3_gazebo) by extensions ['ignore', 'ignore_ament_install']
[0.289s] Level 1:colcon.colcon_core.package_identification:_identify(src/turtlebot3_drlnav/src/turtlebot3_simulations/turtlebot3_gazebo) by extension 'ignore'
[0.289s] Level 1:colcon.colcon_core.package_identification:_identify(src/turtlebot3_drlnav/src/turtlebot3_simulations/turtlebot3_gazebo) by extension 'ignore_ament_install'
[0.289s] Level 1:colcon.colcon_core.package_identification:_identify(src/turtlebot3_drlnav/src/turtlebot3_simulations/turtlebot3_gazebo) by extensions ['colcon_pkg']
[0.289s] Level 1:colcon.colcon_core.package_identification:_identify(src/turtlebot3_drlnav/src/turtlebot3_simulations/turtlebot3_gazebo) by extension 'colcon_pkg'
[0.289s] Level 1:colcon.colcon_core.package_identification:_identify(src/turtlebot3_drlnav/src/turtlebot3_simulations/turtlebot3_gazebo) by extensions ['colcon_meta']
[0.289s] Level 1:colcon.colcon_core.package_identification:_identify(src/turtlebot3_drlnav/src/turtlebot3_simulations/turtlebot3_gazebo) by extension 'colcon_meta'
[0.289s] Level 1:colcon.colcon_core.package_identification:_identify(src/turtlebot3_drlnav/src/turtlebot3_simulations/turtlebot3_gazebo) by extensions ['ros']
[0.289s] Level 1:colcon.colcon_core.package_identification:_identify(src/turtlebot3_drlnav/src/turtlebot3_simulations/turtlebot3_gazebo) by extension 'ros'
[0.290s] DEBUG:colcon.colcon_core.package_identification:Package 'src/turtlebot3_drlnav/src/turtlebot3_simulations/turtlebot3_gazebo' with type 'ros.ament_cmake' and name 'turtlebot3_gazebo'
[0.290s] Level 1:colcon.colcon_core.package_identification:_identify(src/turtlebot3_drlnav/src/turtlebot3_simulations/turtlebot3_simulations) by extensions ['ignore', 'ignore_ament_install']
[0.290s] Level 1:colcon.colcon_core.package_identification:_identify(src/turtlebot3_drlnav/src/turtlebot3_simulations/turtlebot3_simulations) by extension 'ignore'
[0.290s] Level 1:colcon.colcon_core.package_identification:_identify(src/turtlebot3_drlnav/src/turtlebot3_simulations/turtlebot3_simulations) by extension 'ignore_ament_install'
[0.290s] Level 1:colcon.colcon_core.package_identification:_identify(src/turtlebot3_drlnav/src/turtlebot3_simulations/turtlebot3_simulations) by extensions ['colcon_pkg']
[0.290s] Level 1:colcon.colcon_core.package_identification:_identify(src/turtlebot3_drlnav/src/turtlebot3_simulations/turtlebot3_simulations) by extension 'colcon_pkg'
[0.290s] Level 1:colcon.colcon_core.package_identification:_identify(src/turtlebot3_drlnav/src/turtlebot3_simulations/turtlebot3_simulations) by extensions ['colcon_meta']
[0.290s] Level 1:colcon.colcon_core.package_identification:_identify(src/turtlebot3_drlnav/src/turtlebot3_simulations/turtlebot3_simulations) by extension 'colcon_meta'
[0.290s] Level 1:colcon.colcon_core.package_identification:_identify(src/turtlebot3_drlnav/src/turtlebot3_simulations/turtlebot3_simulations) by extensions ['ros']
[0.290s] Level 1:colcon.colcon_core.package_identification:_identify(src/turtlebot3_drlnav/src/turtlebot3_simulations/turtlebot3_simulations) by extension 'ros'
[0.290s] DEBUG:colcon.colcon_core.package_identification:Package 'src/turtlebot3_drlnav/src/turtlebot3_simulations/turtlebot3_simulations' with type 'ros.ament_cmake' and name 'turtlebot3_simulations'
[0.291s] Level 1:colcon.colcon_core.package_discovery:discover_packages(recursive) using defaults
[0.291s] Level 1:colcon.colcon_core.package_discovery:discover_packages(ignore) discover
[0.291s] Level 1:colcon.colcon_core.package_discovery:discover_packages(ignore) using defaults
[0.291s] Level 1:colcon.colcon_core.package_discovery:discover_packages(path) discover
[0.291s] Level 1:colcon.colcon_core.package_discovery:discover_packages(path) using defaults
[0.312s] Level 1:colcon.colcon_core.package_discovery:discover_packages(prefix_path) check parameters
[0.313s] Level 1:colcon.colcon_core.package_discovery:discover_packages(prefix_path) discover
[0.316s] DEBUG:colcon.colcon_installed_package_information.package_discovery:Found 2 installed packages in /home/tribble/me696/ros2_ws/install
[0.317s] DEBUG:colcon.colcon_installed_package_information.package_discovery:Found 12 installed packages in /home/tribble/me696/ros2_ws/src/install
[0.318s] DEBUG:colcon.colcon_installed_package_information.package_discovery:Found 317 installed packages in /opt/ros/foxy
[0.319s] Level 1:colcon.colcon_core.package_discovery:discover_packages(prefix_path) using defaults
[0.388s] WARNING:colcon.colcon_core.package_selection:Some selected packages are already built in one or more underlay workspaces:
	'turtlebot3_msgs' is in: /home/tribble/me696/ros2_ws/src/install/turtlebot3_msgs, /opt/ros/foxy
If a package in a merged underlay workspace is overridden and it installs headers, then all packages in the overlay must sort their include directories by workspace order. Failure to do so may result in build failures or undefined behavior at run time.
If the overridden package is used by another package in any underlay, then the overriding package in the overlay must be API and ABI compatible or undefined behavior at run time may occur.

If you understand the risks and want to override a package anyways, add the following to the command line:
	--allow-overriding turtlebot3_msgs

This may be promoted to an error in a future release of colcon-override-check.
[0.389s] Level 5:colcon.colcon_core.verb:set package 'holmes_nav' build argument 'cmake_args' from command line to 'None'
[0.389s] Level 5:colcon.colcon_core.verb:set package 'holmes_nav' build argument 'cmake_target' from command line to 'None'
[0.389s] Level 5:colcon.colcon_core.verb:set package 'holmes_nav' build argument 'cmake_target_skip_unavailable' from command line to 'False'
[0.389s] Level 5:colcon.colcon_core.verb:set package 'holmes_nav' build argument 'cmake_clean_cache' from command line to 'False'
[0.389s] Level 5:colcon.colcon_core.verb:set package 'holmes_nav' build argument 'cmake_clean_first' from command line to 'False'
[0.389s] Level 5:colcon.colcon_core.verb:set package 'holmes_nav' build argument 'cmake_force_configure' from command line to 'False'
[0.389s] Level 5:colcon.colcon_core.verb:set package 'holmes_nav' build argument 'ament_cmake_args' from command line to 'None'
[0.389s] Level 5:colcon.colcon_core.verb:set package 'holmes_nav' build argument 'catkin_cmake_args' from command line to 'None'
[0.389s] Level 5:colcon.colcon_core.verb:set package 'holmes_nav' build argument 'catkin_skip_building_tests' from command line to 'False'
[0.389s] DEBUG:colcon.colcon_core.verb:Building package 'holmes_nav' with the following arguments: {'ament_cmake_args': None, 'build_base': '/home/tribble/me696_2/build/holmes_nav', 'catkin_cmake_args': None, 'catkin_skip_building_tests': False, 'cmake_args': None, 'cmake_clean_cache': False, 'cmake_clean_first': False, 'cmake_force_configure': False, 'cmake_target': None, 'cmake_target_skip_unavailable': False, 'install_base': '/home/tribble/me696_2/install/holmes_nav', 'merge_install': False, 'path': '/home/tribble/me696_2/src/me696_hh2_ws/holmes_nav', 'symlink_install': False, 'test_result_base': None}
[0.390s] Level 5:colcon.colcon_core.verb:set package 'sample_maps' build argument 'cmake_args' from command line to 'None'
[0.390s] Level 5:colcon.colcon_core.verb:set package 'sample_maps' build argument 'cmake_target' from command line to 'None'
[0.390s] Level 5:colcon.colcon_core.verb:set package 'sample_maps' build argument 'cmake_target_skip_unavailable' from command line to 'False'
[0.390s] Level 5:colcon.colcon_core.verb:set package 'sample_maps' build argument 'cmake_clean_cache' from command line to 'False'
[0.390s] Level 5:colcon.colcon_core.verb:set package 'sample_maps' build argument 'cmake_clean_first' from command line to 'False'
[0.390s] Level 5:colcon.colcon_core.verb:set package 'sample_maps' build argument 'cmake_force_configure' from command line to 'False'
[0.390s] Level 5:colcon.colcon_core.verb:set package 'sample_maps' build argument 'ament_cmake_args' from command line to 'None'
[0.390s] Level 5:colcon.colcon_core.verb:set package 'sample_maps' build argument 'catkin_cmake_args' from command line to 'None'
[0.390s] Level 5:colcon.colcon_core.verb:set package 'sample_maps' build argument 'catkin_skip_building_tests' from command line to 'False'
[0.390s] DEBUG:colcon.colcon_core.verb:Building package 'sample_maps' with the following arguments: {'ament_cmake_args': None, 'build_base': '/home/tribble/me696_2/build/sample_maps', 'catkin_cmake_args': None, 'catkin_skip_building_tests': False, 'cmake_args': None, 'cmake_clean_cache': False, 'cmake_clean_first': False, 'cmake_force_configure': False, 'cmake_target': None, 'cmake_target_skip_unavailable': False, 'install_base': '/home/tribble/me696_2/install/sample_maps', 'merge_install': False, 'path': '/home/tribble/me696_2/src/me696_hh2_ws/sample_maps', 'symlink_install': False, 'test_result_base': None}
[0.390s] Level 5:colcon.colcon_core.verb:set package 'turtlebot3_gazebo' build argument 'cmake_args' from command line to 'None'
[0.390s] Level 5:colcon.colcon_core.verb:set package 'turtlebot3_gazebo' build argument 'cmake_target' from command line to 'None'
[0.390s] Level 5:colcon.colcon_core.verb:set package 'turtlebot3_gazebo' build argument 'cmake_target_skip_unavailable' from command line to 'False'
[0.391s] Level 5:colcon.colcon_core.verb:set package 'turtlebot3_gazebo' build argument 'cmake_clean_cache' from command line to 'False'
[0.391s] Level 5:colcon.colcon_core.verb:set package 'turtlebot3_gazebo' build argument 'cmake_clean_first' from command line to 'False'
[0.391s] Level 5:colcon.colcon_core.verb:set package 'turtlebot3_gazebo' build argument 'cmake_force_configure' from command line to 'False'
[0.391s] Level 5:colcon.colcon_core.verb:set package 'turtlebot3_gazebo' build argument 'ament_cmake_args' from command line to 'None'
[0.391s] Level 5:colcon.colcon_core.verb:set package 'turtlebot3_gazebo' build argument 'catkin_cmake_args' from command line to 'None'
[0.391s] Level 5:colcon.colcon_core.verb:set package 'turtlebot3_gazebo' build argument 'catkin_skip_building_tests' from command line to 'False'
[0.391s] DEBUG:colcon.colcon_core.verb:Building package 'turtlebot3_gazebo' with the following arguments: {'ament_cmake_args': None, 'build_base': '/home/tribble/me696_2/build/turtlebot3_gazebo', 'catkin_cmake_args': None, 'catkin_skip_building_tests': False, 'cmake_args': None, 'cmake_clean_cache': False, 'cmake_clean_first': False, 'cmake_force_configure': False, 'cmake_target': None, 'cmake_target_skip_unavailable': False, 'install_base': '/home/tribble/me696_2/install/turtlebot3_gazebo', 'merge_install': False, 'path': '/home/tribble/me696_2/src/turtlebot3_drlnav/src/turtlebot3_simulations/turtlebot3_gazebo', 'symlink_install': False, 'test_result_base': None}
[0.391s] Level 5:colcon.colcon_core.verb:set package 'turtlebot3_msgs' build argument 'cmake_args' from command line to 'None'
[0.391s] Level 5:colcon.colcon_core.verb:set package 'turtlebot3_msgs' build argument 'cmake_target' from command line to 'None'
[0.391s] Level 5:colcon.colcon_core.verb:set package 'turtlebot3_msgs' build argument 'cmake_target_skip_unavailable' from command line to 'False'
[0.391s] Level 5:colcon.colcon_core.verb:set package 'turtlebot3_msgs' build argument 'cmake_clean_cache' from command line to 'False'
[0.391s] Level 5:colcon.colcon_core.verb:set package 'turtlebot3_msgs' build argument 'cmake_clean_first' from command line to 'False'
[0.391s] Level 5:colcon.colcon_core.verb:set package 'turtlebot3_msgs' build argument 'cmake_force_configure' from command line to 'False'
[0.391s] Level 5:colcon.colcon_core.verb:set package 'turtlebot3_msgs' build argument 'ament_cmake_args' from command line to 'None'
[0.391s] Level 5:colcon.colcon_core.verb:set package 'turtlebot3_msgs' build argument 'catkin_cmake_args' from command line to 'None'
[0.391s] Level 5:colcon.colcon_core.verb:set package 'turtlebot3_msgs' build argument 'catkin_skip_building_tests' from command line to 'False'
[0.391s] DEBUG:colcon.colcon_core.verb:Building package 'turtlebot3_msgs' with the following arguments: {'ament_cmake_args': None, 'build_base': '/home/tribble/me696_2/build/turtlebot3_msgs', 'catkin_cmake_args': None, 'catkin_skip_building_tests': False, 'cmake_args': None, 'cmake_clean_cache': False, 'cmake_clean_first': False, 'cmake_force_configure': False, 'cmake_target': None, 'cmake_target_skip_unavailable': False, 'install_base': '/home/tribble/me696_2/install/turtlebot3_msgs', 'merge_install': False, 'path': '/home/tribble/me696_2/src/turtlebot3_drlnav/src/turtlebot3_msgs', 'symlink_install': False, 'test_result_base': None}
[0.392s] Level 5:colcon.colcon_core.verb:set package 'turtlebot3_drl' build argument 'cmake_args' from command line to 'None'
[0.392s] Level 5:colcon.colcon_core.verb:set package 'turtlebot3_drl' build argument 'cmake_target' from command line to 'None'
[0.392s] Level 5:colcon.colcon_core.verb:set package 'turtlebot3_drl' build argument 'cmake_target_skip_unavailable' from command line to 'False'
[0.392s] Level 5:colcon.colcon_core.verb:set package 'turtlebot3_drl' build argument 'cmake_clean_cache' from command line to 'False'
[0.392s] Level 5:colcon.colcon_core.verb:set package 'turtlebot3_drl' build argument 'cmake_clean_first' from command line to 'False'
[0.392s] Level 5:colcon.colcon_core.verb:set package 'turtlebot3_drl' build argument 'cmake_force_configure' from command line to 'False'
[0.392s] Level 5:colcon.colcon_core.verb:set package 'turtlebot3_drl' build argument 'ament_cmake_args' from command line to 'None'
[0.392s] Level 5:colcon.colcon_core.verb:set package 'turtlebot3_drl' build argument 'catkin_cmake_args' from command line to 'None'
[0.392s] Level 5:colcon.colcon_core.verb:set package 'turtlebot3_drl' build argument 'catkin_skip_building_tests' from command line to 'False'
[0.392s] DEBUG:colcon.colcon_core.verb:Building package 'turtlebot3_drl' with the following arguments: {'ament_cmake_args': None, 'build_base': '/home/tribble/me696_2/build/turtlebot3_drl', 'catkin_cmake_args': None, 'catkin_skip_building_tests': False, 'cmake_args': None, 'cmake_clean_cache': False, 'cmake_clean_first': False, 'cmake_force_configure': False, 'cmake_target': None, 'cmake_target_skip_unavailable': False, 'install_base': '/home/tribble/me696_2/install/turtlebot3_drl', 'merge_install': False, 'path': '/home/tribble/me696_2/src/turtlebot3_drlnav/src/turtlebot3_drl', 'symlink_install': False, 'test_result_base': None}
[0.393s] Level 5:colcon.colcon_core.verb:set package 'turtlebot3_fake_node' build argument 'cmake_args' from command line to 'None'
[0.393s] Level 5:colcon.colcon_core.verb:set package 'turtlebot3_fake_node' build argument 'cmake_target' from command line to 'None'
[0.393s] Level 5:colcon.colcon_core.verb:set package 'turtlebot3_fake_node' build argument 'cmake_target_skip_unavailable' from command line to 'False'
[0.393s] Level 5:colcon.colcon_core.verb:set package 'turtlebot3_fake_node' build argument 'cmake_clean_cache' from command line to 'False'
[0.393s] Level 5:colcon.colcon_core.verb:set package 'turtlebot3_fake_node' build argument 'cmake_clean_first' from command line to 'False'
[0.393s] Level 5:colcon.colcon_core.verb:set package 'turtlebot3_fake_node' build argument 'cmake_force_configure' from command line to 'False'
[0.393s] Level 5:colcon.colcon_core.verb:set package 'turtlebot3_fake_node' build argument 'ament_cmake_args' from command line to 'None'
[0.393s] Level 5:colcon.colcon_core.verb:set package 'turtlebot3_fake_node' build argument 'catkin_cmake_args' from command line to 'None'
[0.393s] Level 5:colcon.colcon_core.verb:set package 'turtlebot3_fake_node' build argument 'catkin_skip_building_tests' from command line to 'False'
[0.393s] DEBUG:colcon.colcon_core.verb:Building package 'turtlebot3_fake_node' with the following arguments: {'ament_cmake_args': None, 'build_base': '/home/tribble/me696_2/build/turtlebot3_fake_node', 'catkin_cmake_args': None, 'catkin_skip_building_tests': False, 'cmake_args': None, 'cmake_clean_cache': False, 'cmake_clean_first': False, 'cmake_force_configure': False, 'cmake_target': None, 'cmake_target_skip_unavailable': False, 'install_base': '/home/tribble/me696_2/install/turtlebot3_fake_node', 'merge_install': False, 'path': '/home/tribble/me696_2/src/turtlebot3_drlnav/src/turtlebot3_simulations/turtlebot3_fake_node', 'symlink_install': False, 'test_result_base': None}
[0.393s] Level 5:colcon.colcon_core.verb:set package 'turtlebot3_simulations' build argument 'cmake_args' from command line to 'None'
[0.393s] Level 5:colcon.colcon_core.verb:set package 'turtlebot3_simulations' build argument 'cmake_target' from command line to 'None'
[0.393s] Level 5:colcon.colcon_core.verb:set package 'turtlebot3_simulations' build argument 'cmake_target_skip_unavailable' from command line to 'False'
[0.393s] Level 5:colcon.colcon_core.verb:set package 'turtlebot3_simulations' build argument 'cmake_clean_cache' from command line to 'False'
[0.393s] Level 5:colcon.colcon_core.verb:set package 'turtlebot3_simulations' build argument 'cmake_clean_first' from command line to 'False'
[0.393s] Level 5:colcon.colcon_core.verb:set package 'turtlebot3_simulations' build argument 'cmake_force_configure' from command line to 'False'
[0.393s] Level 5:colcon.colcon_core.verb:set package 'turtlebot3_simulations' build argument 'ament_cmake_args' from command line to 'None'
[0.393s] Level 5:colcon.colcon_core.verb:set package 'turtlebot3_simulations' build argument 'catkin_cmake_args' from command line to 'None'
[0.393s] Level 5:colcon.colcon_core.verb:set package 'turtlebot3_simulations' build argument 'catkin_skip_building_tests' from command line to 'False'
[0.395s] DEBUG:colcon.colcon_core.verb:Building package 'turtlebot3_simulations' with the following arguments: {'ament_cmake_args': None, 'build_base': '/home/tribble/me696_2/build/turtlebot3_simulations', 'catkin_cmake_args': None, 'catkin_skip_building_tests': False, 'cmake_args': None, 'cmake_clean_cache': False, 'cmake_clean_first': False, 'cmake_force_configure': False, 'cmake_target': None, 'cmake_target_skip_unavailable': False, 'install_base': '/home/tribble/me696_2/install/turtlebot3_simulations', 'merge_install': False, 'path': '/home/tribble/me696_2/src/turtlebot3_drlnav/src/turtlebot3_simulations/turtlebot3_simulations', 'symlink_install': False, 'test_result_base': None}
[0.395s] INFO:colcon.colcon_core.executor:Executing jobs using 'parallel' executor
[0.397s] DEBUG:colcon.colcon_parallel_executor.executor.parallel:run_until_complete
[0.398s] INFO:colcon.colcon_ros.task.ament_cmake.build:Building ROS package in '/home/tribble/me696_2/src/turtlebot3_drlnav/src/turtlebot3_msgs' with build type 'ament_cmake'
[0.398s] INFO:colcon.colcon_cmake.task.cmake.build:Building CMake package in '/home/tribble/me696_2/src/turtlebot3_drlnav/src/turtlebot3_msgs'
[0.404s] INFO:colcon.colcon_core.plugin_system:Skipping extension 'colcon_core.shell.bat': Not used on non-Windows systems
[0.404s] INFO:colcon.colcon_core.shell:Skip shell extension 'powershell' for command environment: Not usable outside of PowerShell
[0.404s] DEBUG:colcon.colcon_core.shell:Skip shell extension 'dsv' for command environment
[0.408s] INFO:colcon.colcon_ros.task.ament_cmake.build:Building ROS package in '/home/tribble/me696_2/src/turtlebot3_drlnav/src/turtlebot3_simulations/turtlebot3_gazebo' with build type 'ament_cmake'
[0.409s] INFO:colcon.colcon_cmake.task.cmake.build:Building CMake package in '/home/tribble/me696_2/src/turtlebot3_drlnav/src/turtlebot3_simulations/turtlebot3_gazebo'
[0.409s] INFO:colcon.colcon_core.shell:Skip shell extension 'powershell' for command environment: Not usable outside of PowerShell
[0.409s] DEBUG:colcon.colcon_core.shell:Skip shell extension 'dsv' for command environment
[0.421s] DEBUG:colcon.colcon_core.event_handler.log_command:Invoking command in '/home/tribble/me696_2/build/turtlebot3_msgs': CMAKE_PREFIX_PATH=/home/tribble/me696/ros2_ws/install/turtlesim_services:/home/tribble/me696/ros2_ws/install/turtlesim:/home/tribble/me696/ros2_ws/src/install/turtlesim_services:/home/tribble/me696/ros2_ws/src/install/turtlesim_part3:/home/tribble/me696/ros2_ws/src/install/turtlesim:/home/tribble/me696/ros2_ws/src/install/sample_maps:/home/tribble/me696/ros2_ws/src/install/holmes_nav:/opt/ros/foxy:/home/tribble/me696/ros2_ws/src/install/turtlebot3_wall_crawl:/home/tribble/me696/ros2_ws/src/install/sam_bot_description /usr/bin/cmake --build /home/tribble/me696_2/build/turtlebot3_msgs -- -j2 -l2
[0.428s] DEBUG:colcon.colcon_core.event_handler.log_command:Invoking command in '/home/tribble/me696_2/build/turtlebot3_gazebo': CMAKE_PREFIX_PATH=/home/tribble/me696/ros2_ws/install/turtlesim_services:/home/tribble/me696/ros2_ws/install/turtlesim:/home/tribble/me696/ros2_ws/src/install/turtlesim_services:/home/tribble/me696/ros2_ws/src/install/turtlesim_part3:/home/tribble/me696/ros2_ws/src/install/turtlesim:/home/tribble/me696/ros2_ws/src/install/sample_maps:/home/tribble/me696/ros2_ws/src/install/holmes_nav:/opt/ros/foxy:/home/tribble/me696/ros2_ws/src/install/turtlebot3_wall_crawl:/home/tribble/me696/ros2_ws/src/install/sam_bot_description /usr/bin/cmake --build /home/tribble/me696_2/build/turtlebot3_gazebo -- -j2 -l2
[0.590s] DEBUG:colcon.colcon_core.event_handler.log_command:Invoked command in '/home/tribble/me696_2/build/turtlebot3_gazebo' returned '0': CMAKE_PREFIX_PATH=/home/tribble/me696/ros2_ws/install/turtlesim_services:/home/tribble/me696/ros2_ws/install/turtlesim:/home/tribble/me696/ros2_ws/src/install/turtlesim_services:/home/tribble/me696/ros2_ws/src/install/turtlesim_part3:/home/tribble/me696/ros2_ws/src/install/turtlesim:/home/tribble/me696/ros2_ws/src/install/sample_maps:/home/tribble/me696/ros2_ws/src/install/holmes_nav:/opt/ros/foxy:/home/tribble/me696/ros2_ws/src/install/turtlebot3_wall_crawl:/home/tribble/me696/ros2_ws/src/install/sam_bot_description /usr/bin/cmake --build /home/tribble/me696_2/build/turtlebot3_gazebo -- -j2 -l2
[0.643s] DEBUG:colcon.colcon_core.event_handler.log_command:Invoking command in '/home/tribble/me696_2/build/turtlebot3_gazebo': CMAKE_PREFIX_PATH=/home/tribble/me696/ros2_ws/install/turtlesim_services:/home/tribble/me696/ros2_ws/install/turtlesim:/home/tribble/me696/ros2_ws/src/install/turtlesim_services:/home/tribble/me696/ros2_ws/src/install/turtlesim_part3:/home/tribble/me696/ros2_ws/src/install/turtlesim:/home/tribble/me696/ros2_ws/src/install/sample_maps:/home/tribble/me696/ros2_ws/src/install/holmes_nav:/opt/ros/foxy:/home/tribble/me696/ros2_ws/src/install/turtlebot3_wall_crawl:/home/tribble/me696/ros2_ws/src/install/sam_bot_description /usr/bin/cmake --install /home/tribble/me696_2/build/turtlebot3_gazebo
[0.687s] Level 1:colcon.colcon_core.environment:create_environment_scripts_only(turtlebot3_gazebo)
[0.692s] Level 1:colcon.colcon_core.environment:checking '/home/tribble/me696_2/install/turtlebot3_gazebo' for CMake module files
[0.693s] Level 1:colcon.colcon_core.environment:checking '/home/tribble/me696_2/install/turtlebot3_gazebo' for CMake config files
[0.693s] Level 1:colcon.colcon_core.shell:create_environment_hook('turtlebot3_gazebo', 'cmake_prefix_path')
[0.696s] INFO:colcon.colcon_core.shell:Creating environment hook '/home/tribble/me696_2/install/turtlebot3_gazebo/share/turtlebot3_gazebo/hook/cmake_prefix_path.ps1'
[0.701s] INFO:colcon.colcon_core.shell:Creating environment descriptor '/home/tribble/me696_2/install/turtlebot3_gazebo/share/turtlebot3_gazebo/hook/cmake_prefix_path.dsv'
[0.703s] INFO:colcon.colcon_core.shell:Creating environment hook '/home/tribble/me696_2/install/turtlebot3_gazebo/share/turtlebot3_gazebo/hook/cmake_prefix_path.sh'
[0.704s] Level 1:colcon.colcon_core.environment:checking '/home/tribble/me696_2/install/turtlebot3_gazebo/lib'
[0.704s] Level 1:colcon.colcon_core.environment:checking '/home/tribble/me696_2/install/turtlebot3_gazebo/bin'
[0.704s] Level 1:colcon.colcon_core.environment:checking '/home/tribble/me696_2/install/turtlebot3_gazebo/lib/pkgconfig/turtlebot3_gazebo.pc'
[0.704s] Level 1:colcon.colcon_core.environment:checking '/home/tribble/me696_2/install/turtlebot3_gazebo/lib/python3.8/site-packages'
[0.704s] Level 1:colcon.colcon_core.environment:checking '/home/tribble/me696_2/install/turtlebot3_gazebo/bin'
[0.705s] INFO:colcon.colcon_core.shell:Creating package script '/home/tribble/me696_2/install/turtlebot3_gazebo/share/turtlebot3_gazebo/package.ps1'
[0.706s] INFO:colcon.colcon_core.shell:Creating package descriptor '/home/tribble/me696_2/install/turtlebot3_gazebo/share/turtlebot3_gazebo/package.dsv'
[0.707s] DEBUG:colcon.colcon_core.event_handler.log_command:Invoked command in '/home/tribble/me696_2/build/turtlebot3_gazebo' returned '0': CMAKE_PREFIX_PATH=/home/tribble/me696/ros2_ws/install/turtlesim_services:/home/tribble/me696/ros2_ws/install/turtlesim:/home/tribble/me696/ros2_ws/src/install/turtlesim_services:/home/tribble/me696/ros2_ws/src/install/turtlesim_part3:/home/tribble/me696/ros2_ws/src/install/turtlesim:/home/tribble/me696/ros2_ws/src/install/sample_maps:/home/tribble/me696/ros2_ws/src/install/holmes_nav:/opt/ros/foxy:/home/tribble/me696/ros2_ws/src/install/turtlebot3_wall_crawl:/home/tribble/me696/ros2_ws/src/install/sam_bot_description /usr/bin/cmake --install /home/tribble/me696_2/build/turtlebot3_gazebo
[0.708s] INFO:colcon.colcon_core.shell:Creating package script '/home/tribble/me696_2/install/turtlebot3_gazebo/share/turtlebot3_gazebo/package.sh'
[0.708s] INFO:colcon.colcon_core.shell:Creating package script '/home/tribble/me696_2/install/turtlebot3_gazebo/share/turtlebot3_gazebo/package.bash'
[0.709s] INFO:colcon.colcon_core.shell:Creating package script '/home/tribble/me696_2/install/turtlebot3_gazebo/share/turtlebot3_gazebo/package.zsh'
[0.709s] Level 1:colcon.colcon_core.environment:create_file_with_runtime_dependencies(/home/tribble/me696_2/install/turtlebot3_gazebo/share/colcon-core/packages/turtlebot3_gazebo)
[0.765s] Level 1:colcon.colcon_core.environment:create_environment_scripts_only(turtlebot3_gazebo)
[0.767s] Level 1:colcon.colcon_core.environment:checking '/home/tribble/me696_2/install/turtlebot3_gazebo' for CMake module files
[0.767s] Level 1:colcon.colcon_core.environment:checking '/home/tribble/me696_2/install/turtlebot3_gazebo' for CMake config files
[0.767s] Level 1:colcon.colcon_core.shell:create_environment_hook('turtlebot3_gazebo', 'cmake_prefix_path')
[0.768s] INFO:colcon.colcon_core.shell:Creating environment hook '/home/tribble/me696_2/install/turtlebot3_gazebo/share/turtlebot3_gazebo/hook/cmake_prefix_path.ps1'
[0.769s] INFO:colcon.colcon_core.shell:Creating environment descriptor '/home/tribble/me696_2/install/turtlebot3_gazebo/share/turtlebot3_gazebo/hook/cmake_prefix_path.dsv'
[0.769s] INFO:colcon.colcon_core.shell:Creating environment hook '/home/tribble/me696_2/install/turtlebot3_gazebo/share/turtlebot3_gazebo/hook/cmake_prefix_path.sh'
[0.770s] Level 1:colcon.colcon_core.environment:checking '/home/tribble/me696_2/install/turtlebot3_gazebo/lib'
[0.770s] Level 1:colcon.colcon_core.environment:checking '/home/tribble/me696_2/install/turtlebot3_gazebo/bin'
[0.770s] Level 1:colcon.colcon_core.environment:checking '/home/tribble/me696_2/install/turtlebot3_gazebo/lib/pkgconfig/turtlebot3_gazebo.pc'
[0.770s] Level 1:colcon.colcon_core.environment:checking '/home/tribble/me696_2/install/turtlebot3_gazebo/lib/python3.8/site-packages'
[0.770s] Level 1:colcon.colcon_core.environment:checking '/home/tribble/me696_2/install/turtlebot3_gazebo/bin'
[0.771s] INFO:colcon.colcon_core.shell:Creating package script '/home/tribble/me696_2/install/turtlebot3_gazebo/share/turtlebot3_gazebo/package.ps1'
[0.772s] INFO:colcon.colcon_core.shell:Creating package descriptor '/home/tribble/me696_2/install/turtlebot3_gazebo/share/turtlebot3_gazebo/package.dsv'
[0.774s] INFO:colcon.colcon_core.shell:Creating package script '/home/tribble/me696_2/install/turtlebot3_gazebo/share/turtlebot3_gazebo/package.sh'
[0.775s] INFO:colcon.colcon_core.shell:Creating package script '/home/tribble/me696_2/install/turtlebot3_gazebo/share/turtlebot3_gazebo/package.bash'
[0.775s] INFO:colcon.colcon_core.shell:Creating package script '/home/tribble/me696_2/install/turtlebot3_gazebo/share/turtlebot3_gazebo/package.zsh'
[0.775s] Level 1:colcon.colcon_core.environment:create_file_with_runtime_dependencies(/home/tribble/me696_2/install/turtlebot3_gazebo/share/colcon-core/packages/turtlebot3_gazebo)
[0.776s] INFO:colcon.colcon_ros.task.ament_python.build:Building ROS package in '/home/tribble/me696_2/src/me696_hh2_ws/holmes_nav' with build type 'ament_python'
[0.776s] Level 1:colcon.colcon_core.shell:create_environment_hook('holmes_nav', 'ament_prefix_path')
[0.777s] INFO:colcon.colcon_core.shell:Creating environment hook '/home/tribble/me696_2/install/holmes_nav/share/holmes_nav/hook/ament_prefix_path.ps1'
[0.780s] INFO:colcon.colcon_core.shell:Creating environment descriptor '/home/tribble/me696_2/install/holmes_nav/share/holmes_nav/hook/ament_prefix_path.dsv'
[0.781s] INFO:colcon.colcon_core.shell:Creating environment hook '/home/tribble/me696_2/install/holmes_nav/share/holmes_nav/hook/ament_prefix_path.sh'
[0.782s] INFO:colcon.colcon_core.shell:Skip shell extension 'powershell' for command environment: Not usable outside of PowerShell
[0.782s] DEBUG:colcon.colcon_core.shell:Skip shell extension 'dsv' for command environment
[0.953s] INFO:colcon.colcon_core.task.python.build:Building Python package in '/home/tribble/me696_2/src/me696_hh2_ws/holmes_nav'
[0.954s] INFO:colcon.colcon_core.shell:Skip shell extension 'powershell' for command environment: Not usable outside of PowerShell
[0.954s] DEBUG:colcon.colcon_core.shell:Skip shell extension 'dsv' for command environment
[0.968s] DEBUG:colcon.colcon_core.event_handler.log_command:Invoked command in '/home/tribble/me696_2/build/turtlebot3_msgs' returned '0': CMAKE_PREFIX_PATH=/home/tribble/me696/ros2_ws/install/turtlesim_services:/home/tribble/me696/ros2_ws/install/turtlesim:/home/tribble/me696/ros2_ws/src/install/turtlesim_services:/home/tribble/me696/ros2_ws/src/install/turtlesim_part3:/home/tribble/me696/ros2_ws/src/install/turtlesim:/home/tribble/me696/ros2_ws/src/install/sample_maps:/home/tribble/me696/ros2_ws/src/install/holmes_nav:/opt/ros/foxy:/home/tribble/me696/ros2_ws/src/install/turtlebot3_wall_crawl:/home/tribble/me696/ros2_ws/src/install/sam_bot_description /usr/bin/cmake --build /home/tribble/me696_2/build/turtlebot3_msgs -- -j2 -l2
[1.158s] DEBUG:colcon.colcon_core.event_handler.log_command:Invoking command in '/home/tribble/me696_2/build/turtlebot3_msgs': CMAKE_PREFIX_PATH=/home/tribble/me696/ros2_ws/install/turtlesim_services:/home/tribble/me696/ros2_ws/install/turtlesim:/home/tribble/me696/ros2_ws/src/install/turtlesim_services:/home/tribble/me696/ros2_ws/src/install/turtlesim_part3:/home/tribble/me696/ros2_ws/src/install/turtlesim:/home/tribble/me696/ros2_ws/src/install/sample_maps:/home/tribble/me696/ros2_ws/src/install/holmes_nav:/opt/ros/foxy:/home/tribble/me696/ros2_ws/src/install/turtlebot3_wall_crawl:/home/tribble/me696/ros2_ws/src/install/sam_bot_description /usr/bin/cmake --install /home/tribble/me696_2/build/turtlebot3_msgs
[1.229s] Level 1:colcon.colcon_core.environment:create_environment_scripts_only(turtlebot3_msgs)
[1.232s] Level 1:colcon.colcon_core.environment:checking '/home/tribble/me696_2/install/turtlebot3_msgs' for CMake module files
[1.233s] DEBUG:colcon.colcon_core.event_handler.log_command:Invoked command in '/home/tribble/me696_2/build/turtlebot3_msgs' returned '0': CMAKE_PREFIX_PATH=/home/tribble/me696/ros2_ws/install/turtlesim_services:/home/tribble/me696/ros2_ws/install/turtlesim:/home/tribble/me696/ros2_ws/src/install/turtlesim_services:/home/tribble/me696/ros2_ws/src/install/turtlesim_part3:/home/tribble/me696/ros2_ws/src/install/turtlesim:/home/tribble/me696/ros2_ws/src/install/sample_maps:/home/tribble/me696/ros2_ws/src/install/holmes_nav:/opt/ros/foxy:/home/tribble/me696/ros2_ws/src/install/turtlebot3_wall_crawl:/home/tribble/me696/ros2_ws/src/install/sam_bot_description /usr/bin/cmake --install /home/tribble/me696_2/build/turtlebot3_msgs
[1.233s] Level 1:colcon.colcon_core.environment:checking '/home/tribble/me696_2/install/turtlebot3_msgs' for CMake config files
[1.234s] Level 1:colcon.colcon_core.shell:create_environment_hook('turtlebot3_msgs', 'cmake_prefix_path')
[1.238s] INFO:colcon.colcon_core.shell:Creating environment hook '/home/tribble/me696_2/install/turtlebot3_msgs/share/turtlebot3_msgs/hook/cmake_prefix_path.ps1'
[1.239s] INFO:colcon.colcon_core.shell:Creating environment descriptor '/home/tribble/me696_2/install/turtlebot3_msgs/share/turtlebot3_msgs/hook/cmake_prefix_path.dsv'
[1.239s] INFO:colcon.colcon_core.shell:Creating environment hook '/home/tribble/me696_2/install/turtlebot3_msgs/share/turtlebot3_msgs/hook/cmake_prefix_path.sh'
[1.240s] Level 1:colcon.colcon_core.environment:checking '/home/tribble/me696_2/install/turtlebot3_msgs/lib'
[1.240s] Level 1:colcon.colcon_core.shell:create_environment_hook('turtlebot3_msgs', 'ld_library_path_lib')
[1.241s] INFO:colcon.colcon_core.shell:Creating environment hook '/home/tribble/me696_2/install/turtlebot3_msgs/share/turtlebot3_msgs/hook/ld_library_path_lib.ps1'
[1.241s] INFO:colcon.colcon_core.shell:Creating environment descriptor '/home/tribble/me696_2/install/turtlebot3_msgs/share/turtlebot3_msgs/hook/ld_library_path_lib.dsv'
[1.242s] INFO:colcon.colcon_core.shell:Creating environment hook '/home/tribble/me696_2/install/turtlebot3_msgs/share/turtlebot3_msgs/hook/ld_library_path_lib.sh'
[1.242s] Level 1:colcon.colcon_core.environment:checking '/home/tribble/me696_2/install/turtlebot3_msgs/bin'
[1.242s] Level 1:colcon.colcon_core.environment:checking '/home/tribble/me696_2/install/turtlebot3_msgs/lib/pkgconfig/turtlebot3_msgs.pc'
[1.242s] Level 1:colcon.colcon_core.environment:checking '/home/tribble/me696_2/install/turtlebot3_msgs/lib/python3.8/site-packages'
[1.242s] Level 1:colcon.colcon_core.shell:create_environment_hook('turtlebot3_msgs', 'pythonpath')
[1.244s] INFO:colcon.colcon_core.shell:Creating environment hook '/home/tribble/me696_2/install/turtlebot3_msgs/share/turtlebot3_msgs/hook/pythonpath.ps1'
[1.244s] INFO:colcon.colcon_core.shell:Creating environment descriptor '/home/tribble/me696_2/install/turtlebot3_msgs/share/turtlebot3_msgs/hook/pythonpath.dsv'
[1.245s] INFO:colcon.colcon_core.shell:Creating environment hook '/home/tribble/me696_2/install/turtlebot3_msgs/share/turtlebot3_msgs/hook/pythonpath.sh'
[1.245s] Level 1:colcon.colcon_core.environment:checking '/home/tribble/me696_2/install/turtlebot3_msgs/bin'
[1.246s] INFO:colcon.colcon_core.shell:Creating package script '/home/tribble/me696_2/install/turtlebot3_msgs/share/turtlebot3_msgs/package.ps1'
[1.247s] INFO:colcon.colcon_core.shell:Creating package descriptor '/home/tribble/me696_2/install/turtlebot3_msgs/share/turtlebot3_msgs/package.dsv'
[1.247s] INFO:colcon.colcon_core.shell:Creating package script '/home/tribble/me696_2/install/turtlebot3_msgs/share/turtlebot3_msgs/package.sh'
[1.249s] INFO:colcon.colcon_core.shell:Creating package script '/home/tribble/me696_2/install/turtlebot3_msgs/share/turtlebot3_msgs/package.bash'
[1.250s] INFO:colcon.colcon_core.shell:Creating package script '/home/tribble/me696_2/install/turtlebot3_msgs/share/turtlebot3_msgs/package.zsh'
[1.251s] Level 1:colcon.colcon_core.environment:create_file_with_runtime_dependencies(/home/tribble/me696_2/install/turtlebot3_msgs/share/colcon-core/packages/turtlebot3_msgs)
[1.283s] DEBUG:colcon.colcon_core.event_handler.log_command:Invoking command in '/home/tribble/me696_2/src/me696_hh2_ws/holmes_nav': PYTHONPATH=/home/tribble/me696_2/build/holmes_nav/prefix_override:/home/tribble/me696_2/install/holmes_nav/lib/python3.8/site-packages:${PYTHONPATH} /usr/bin/python3 setup.py egg_info --egg-base ../../../build/holmes_nav build --build-base /home/tribble/me696_2/build/holmes_nav/build install --record /home/tribble/me696_2/build/holmes_nav/install.log --install-scripts $base/lib/holmes_nav --single-version-externally-managed
[1.480s] Level 1:colcon.colcon_core.environment:checking '/home/tribble/me696_2/install/holmes_nav' for CMake module files
[1.480s] Level 1:colcon.colcon_core.environment:checking '/home/tribble/me696_2/install/holmes_nav' for CMake config files
[1.481s] DEBUG:colcon.colcon_core.event_handler.log_command:Invoked command in '/home/tribble/me696_2/src/me696_hh2_ws/holmes_nav' returned '0': PYTHONPATH=/home/tribble/me696_2/build/holmes_nav/prefix_override:/home/tribble/me696_2/install/holmes_nav/lib/python3.8/site-packages:${PYTHONPATH} /usr/bin/python3 setup.py egg_info --egg-base ../../../build/holmes_nav build --build-base /home/tribble/me696_2/build/holmes_nav/build install --record /home/tribble/me696_2/build/holmes_nav/install.log --install-scripts $base/lib/holmes_nav --single-version-externally-managed
[1.482s] Level 1:colcon.colcon_core.environment:checking '/home/tribble/me696_2/install/holmes_nav/lib'
[1.482s] Level 1:colcon.colcon_core.environment:checking '/home/tribble/me696_2/install/holmes_nav/bin'
[1.482s] Level 1:colcon.colcon_core.environment:checking '/home/tribble/me696_2/install/holmes_nav/lib/pkgconfig/holmes_nav.pc'
[1.482s] Level 1:colcon.colcon_core.environment:checking '/home/tribble/me696_2/install/holmes_nav/lib/python3.8/site-packages'
[1.482s] Level 1:colcon.colcon_core.shell:create_environment_hook('holmes_nav', 'pythonpath')
[1.485s] INFO:colcon.colcon_core.shell:Creating environment hook '/home/tribble/me696_2/install/holmes_nav/share/holmes_nav/hook/pythonpath.ps1'
[1.485s] INFO:colcon.colcon_core.shell:Creating environment descriptor '/home/tribble/me696_2/install/holmes_nav/share/holmes_nav/hook/pythonpath.dsv'
[1.486s] INFO:colcon.colcon_core.shell:Creating environment hook '/home/tribble/me696_2/install/holmes_nav/share/holmes_nav/hook/pythonpath.sh'
[1.486s] Level 1:colcon.colcon_core.environment:checking '/home/tribble/me696_2/install/holmes_nav/bin'
[1.486s] Level 1:colcon.colcon_core.environment:create_environment_scripts_only(holmes_nav)
[1.487s] INFO:colcon.colcon_core.shell:Creating package script '/home/tribble/me696_2/install/holmes_nav/share/holmes_nav/package.ps1'
[1.488s] INFO:colcon.colcon_core.shell:Creating package descriptor '/home/tribble/me696_2/install/holmes_nav/share/holmes_nav/package.dsv'
[1.488s] INFO:colcon.colcon_core.shell:Creating package script '/home/tribble/me696_2/install/holmes_nav/share/holmes_nav/package.sh'
[1.489s] INFO:colcon.colcon_core.shell:Creating package script '/home/tribble/me696_2/install/holmes_nav/share/holmes_nav/package.bash'
[1.489s] INFO:colcon.colcon_core.shell:Creating package script '/home/tribble/me696_2/install/holmes_nav/share/holmes_nav/package.zsh'
[1.490s] Level 1:colcon.colcon_core.environment:create_file_with_runtime_dependencies(/home/tribble/me696_2/install/holmes_nav/share/colcon-core/packages/holmes_nav)
[1.490s] INFO:colcon.colcon_ros.task.ament_python.build:Building ROS package in '/home/tribble/me696_2/src/me696_hh2_ws/sample_maps' with build type 'ament_python'
[1.491s] Level 1:colcon.colcon_core.shell:create_environment_hook('sample_maps', 'ament_prefix_path')
[1.492s] INFO:colcon.colcon_core.shell:Creating environment hook '/home/tribble/me696_2/install/sample_maps/share/sample_maps/hook/ament_prefix_path.ps1'
[1.493s] INFO:colcon.colcon_core.shell:Creating environment descriptor '/home/tribble/me696_2/install/sample_maps/share/sample_maps/hook/ament_prefix_path.dsv'
[1.493s] INFO:colcon.colcon_core.shell:Creating environment hook '/home/tribble/me696_2/install/sample_maps/share/sample_maps/hook/ament_prefix_path.sh'
[1.494s] INFO:colcon.colcon_core.shell:Skip shell extension 'powershell' for command environment: Not usable outside of PowerShell
[1.494s] DEBUG:colcon.colcon_core.shell:Skip shell extension 'dsv' for command environment
[1.501s] Level 1:colcon.colcon_core.environment:create_environment_scripts_only(turtlebot3_msgs)
[1.503s] Level 1:colcon.colcon_core.environment:checking '/home/tribble/me696_2/install/turtlebot3_msgs' for CMake module files
[1.504s] Level 1:colcon.colcon_core.environment:checking '/home/tribble/me696_2/install/turtlebot3_msgs' for CMake config files
[1.505s] Level 1:colcon.colcon_core.shell:create_environment_hook('turtlebot3_msgs', 'cmake_prefix_path')
[1.506s] INFO:colcon.colcon_core.shell:Creating environment hook '/home/tribble/me696_2/install/turtlebot3_msgs/share/turtlebot3_msgs/hook/cmake_prefix_path.ps1'
[1.506s] INFO:colcon.colcon_core.shell:Creating environment descriptor '/home/tribble/me696_2/install/turtlebot3_msgs/share/turtlebot3_msgs/hook/cmake_prefix_path.dsv'
[1.507s] INFO:colcon.colcon_core.shell:Creating environment hook '/home/tribble/me696_2/install/turtlebot3_msgs/share/turtlebot3_msgs/hook/cmake_prefix_path.sh'
[1.508s] Level 1:colcon.colcon_core.environment:checking '/home/tribble/me696_2/install/turtlebot3_msgs/lib'
[1.508s] Level 1:colcon.colcon_core.shell:create_environment_hook('turtlebot3_msgs', 'ld_library_path_lib')
[1.509s] INFO:colcon.colcon_core.shell:Creating environment hook '/home/tribble/me696_2/install/turtlebot3_msgs/share/turtlebot3_msgs/hook/ld_library_path_lib.ps1'
[1.509s] INFO:colcon.colcon_core.shell:Creating environment descriptor '/home/tribble/me696_2/install/turtlebot3_msgs/share/turtlebot3_msgs/hook/ld_library_path_lib.dsv'
[1.509s] INFO:colcon.colcon_core.shell:Creating environment hook '/home/tribble/me696_2/install/turtlebot3_msgs/share/turtlebot3_msgs/hook/ld_library_path_lib.sh'
[1.510s] Level 1:colcon.colcon_core.environment:checking '/home/tribble/me696_2/install/turtlebot3_msgs/bin'
[1.510s] Level 1:colcon.colcon_core.environment:checking '/home/tribble/me696_2/install/turtlebot3_msgs/lib/pkgconfig/turtlebot3_msgs.pc'
[1.510s] Level 1:colcon.colcon_core.environment:checking '/home/tribble/me696_2/install/turtlebot3_msgs/lib/python3.8/site-packages'
[1.510s] Level 1:colcon.colcon_core.shell:create_environment_hook('turtlebot3_msgs', 'pythonpath')
[1.511s] INFO:colcon.colcon_core.shell:Creating environment hook '/home/tribble/me696_2/install/turtlebot3_msgs/share/turtlebot3_msgs/hook/pythonpath.ps1'
[1.511s] INFO:colcon.colcon_core.shell:Creating environment descriptor '/home/tribble/me696_2/install/turtlebot3_msgs/share/turtlebot3_msgs/hook/pythonpath.dsv'
[1.512s] INFO:colcon.colcon_core.shell:Creating environment hook '/home/tribble/me696_2/install/turtlebot3_msgs/share/turtlebot3_msgs/hook/pythonpath.sh'
[1.513s] Level 1:colcon.colcon_core.environment:checking '/home/tribble/me696_2/install/turtlebot3_msgs/bin'
[1.514s] INFO:colcon.colcon_core.shell:Creating package script '/home/tribble/me696_2/install/turtlebot3_msgs/share/turtlebot3_msgs/package.ps1'
[1.514s] INFO:colcon.colcon_core.shell:Creating package descriptor '/home/tribble/me696_2/install/turtlebot3_msgs/share/turtlebot3_msgs/package.dsv'
[1.515s] INFO:colcon.colcon_core.shell:Creating package script '/home/tribble/me696_2/install/turtlebot3_msgs/share/turtlebot3_msgs/package.sh'
[1.515s] INFO:colcon.colcon_core.shell:Creating package script '/home/tribble/me696_2/install/turtlebot3_msgs/share/turtlebot3_msgs/package.bash'
[1.516s] INFO:colcon.colcon_core.shell:Creating package script '/home/tribble/me696_2/install/turtlebot3_msgs/share/turtlebot3_msgs/package.zsh'
[1.516s] Level 1:colcon.colcon_core.environment:create_file_with_runtime_dependencies(/home/tribble/me696_2/install/turtlebot3_msgs/share/colcon-core/packages/turtlebot3_msgs)
[1.518s] INFO:colcon.colcon_ros.task.ament_cmake.build:Building ROS package in '/home/tribble/me696_2/src/turtlebot3_drlnav/src/turtlebot3_simulations/turtlebot3_fake_node' with build type 'ament_cmake'
[1.519s] INFO:colcon.colcon_cmake.task.cmake.build:Building CMake package in '/home/tribble/me696_2/src/turtlebot3_drlnav/src/turtlebot3_simulations/turtlebot3_fake_node'
[1.520s] INFO:colcon.colcon_core.shell:Skip shell extension 'powershell' for command environment: Not usable outside of PowerShell
[1.520s] DEBUG:colcon.colcon_core.shell:Skip shell extension 'dsv' for command environment
[1.677s] INFO:colcon.colcon_core.task.python.build:Building Python package in '/home/tribble/me696_2/src/me696_hh2_ws/sample_maps'
[1.679s] INFO:colcon.colcon_core.shell:Skip shell extension 'powershell' for command environment: Not usable outside of PowerShell
[1.679s] DEBUG:colcon.colcon_core.shell:Skip shell extension 'dsv' for command environment
[1.691s] DEBUG:colcon.colcon_core.event_handler.log_command:Invoking command in '/home/tribble/me696_2/build/turtlebot3_fake_node': AMENT_PREFIX_PATH=/home/tribble/me696_2/install/turtlebot3_msgs:${AMENT_PREFIX_PATH} CMAKE_PREFIX_PATH=/home/tribble/me696_2/install/turtlebot3_msgs:/home/tribble/me696/ros2_ws/install/turtlesim_services:/home/tribble/me696/ros2_ws/install/turtlesim:/home/tribble/me696/ros2_ws/src/install/turtlesim_services:/home/tribble/me696/ros2_ws/src/install/turtlesim_part3:/home/tribble/me696/ros2_ws/src/install/turtlesim:/home/tribble/me696/ros2_ws/src/install/sample_maps:/home/tribble/me696/ros2_ws/src/install/holmes_nav:/opt/ros/foxy:/home/tribble/me696/ros2_ws/src/install/turtlebot3_wall_crawl:/home/tribble/me696/ros2_ws/src/install/sam_bot_description LD_LIBRARY_PATH=/home/tribble/me696_2/install/turtlebot3_msgs/lib:${LD_LIBRARY_PATH} PYTHONPATH=/home/tribble/me696_2/install/turtlebot3_msgs/lib/python3.8/site-packages:${PYTHONPATH} /usr/bin/cmake --build /home/tribble/me696_2/build/turtlebot3_fake_node -- -j2 -l2
[1.781s] DEBUG:colcon.colcon_core.event_handler.log_command:Invoked command in '/home/tribble/me696_2/build/turtlebot3_fake_node' returned '0': AMENT_PREFIX_PATH=/home/tribble/me696_2/install/turtlebot3_msgs:${AMENT_PREFIX_PATH} CMAKE_PREFIX_PATH=/home/tribble/me696_2/install/turtlebot3_msgs:/home/tribble/me696/ros2_ws/install/turtlesim_services:/home/tribble/me696/ros2_ws/install/turtlesim:/home/tribble/me696/ros2_ws/src/install/turtlesim_services:/home/tribble/me696/ros2_ws/src/install/turtlesim_part3:/home/tribble/me696/ros2_ws/src/install/turtlesim:/home/tribble/me696/ros2_ws/src/install/sample_maps:/home/tribble/me696/ros2_ws/src/install/holmes_nav:/opt/ros/foxy:/home/tribble/me696/ros2_ws/src/install/turtlebot3_wall_crawl:/home/tribble/me696/ros2_ws/src/install/sam_bot_description LD_LIBRARY_PATH=/home/tribble/me696_2/install/turtlebot3_msgs/lib:${LD_LIBRARY_PATH} PYTHONPATH=/home/tribble/me696_2/install/turtlebot3_msgs/lib/python3.8/site-packages:${PYTHONPATH} /usr/bin/cmake --build /home/tribble/me696_2/build/turtlebot3_fake_node -- -j2 -l2
[1.857s] DEBUG:colcon.colcon_core.event_handler.log_command:Invoking command in '/home/tribble/me696_2/build/turtlebot3_fake_node': AMENT_PREFIX_PATH=/home/tribble/me696_2/install/turtlebot3_msgs:${AMENT_PREFIX_PATH} CMAKE_PREFIX_PATH=/home/tribble/me696_2/install/turtlebot3_msgs:/home/tribble/me696/ros2_ws/install/turtlesim_services:/home/tribble/me696/ros2_ws/install/turtlesim:/home/tribble/me696/ros2_ws/src/install/turtlesim_services:/home/tribble/me696/ros2_ws/src/install/turtlesim_part3:/home/tribble/me696/ros2_ws/src/install/turtlesim:/home/tribble/me696/ros2_ws/src/install/sample_maps:/home/tribble/me696/ros2_ws/src/install/holmes_nav:/opt/ros/foxy:/home/tribble/me696/ros2_ws/src/install/turtlebot3_wall_crawl:/home/tribble/me696/ros2_ws/src/install/sam_bot_description LD_LIBRARY_PATH=/home/tribble/me696_2/install/turtlebot3_msgs/lib:${LD_LIBRARY_PATH} PYTHONPATH=/home/tribble/me696_2/install/turtlebot3_msgs/lib/python3.8/site-packages:${PYTHONPATH} /usr/bin/cmake --install /home/tribble/me696_2/build/turtlebot3_fake_node
[1.875s] Level 1:colcon.colcon_core.environment:create_environment_scripts_only(turtlebot3_fake_node)
[1.875s] DEBUG:colcon.colcon_core.event_handler.log_command:Invoked command in '/home/tribble/me696_2/build/turtlebot3_fake_node' returned '0': AMENT_PREFIX_PATH=/home/tribble/me696_2/install/turtlebot3_msgs:${AMENT_PREFIX_PATH} CMAKE_PREFIX_PATH=/home/tribble/me696_2/install/turtlebot3_msgs:/home/tribble/me696/ros2_ws/install/turtlesim_services:/home/tribble/me696/ros2_ws/install/turtlesim:/home/tribble/me696/ros2_ws/src/install/turtlesim_services:/home/tribble/me696/ros2_ws/src/install/turtlesim_part3:/home/tribble/me696/ros2_ws/src/install/turtlesim:/home/tribble/me696/ros2_ws/src/install/sample_maps:/home/tribble/me696/ros2_ws/src/install/holmes_nav:/opt/ros/foxy:/home/tribble/me696/ros2_ws/src/install/turtlebot3_wall_crawl:/home/tribble/me696/ros2_ws/src/install/sam_bot_description LD_LIBRARY_PATH=/home/tribble/me696_2/install/turtlebot3_msgs/lib:${LD_LIBRARY_PATH} PYTHONPATH=/home/tribble/me696_2/install/turtlebot3_msgs/lib/python3.8/site-packages:${PYTHONPATH} /usr/bin/cmake --install /home/tribble/me696_2/build/turtlebot3_fake_node
[1.876s] Level 1:colcon.colcon_core.environment:checking '/home/tribble/me696_2/install/turtlebot3_fake_node' for CMake module files
[1.879s] Level 1:colcon.colcon_core.environment:checking '/home/tribble/me696_2/install/turtlebot3_fake_node' for CMake config files
[1.880s] Level 1:colcon.colcon_core.shell:create_environment_hook('turtlebot3_fake_node', 'cmake_prefix_path')
[1.881s] INFO:colcon.colcon_core.shell:Creating environment hook '/home/tribble/me696_2/install/turtlebot3_fake_node/share/turtlebot3_fake_node/hook/cmake_prefix_path.ps1'
[1.881s] INFO:colcon.colcon_core.shell:Creating environment descriptor '/home/tribble/me696_2/install/turtlebot3_fake_node/share/turtlebot3_fake_node/hook/cmake_prefix_path.dsv'
[1.881s] INFO:colcon.colcon_core.shell:Creating environment hook '/home/tribble/me696_2/install/turtlebot3_fake_node/share/turtlebot3_fake_node/hook/cmake_prefix_path.sh'
[1.882s] Level 1:colcon.colcon_core.environment:checking '/home/tribble/me696_2/install/turtlebot3_fake_node/lib'
[1.882s] Level 1:colcon.colcon_core.environment:checking '/home/tribble/me696_2/install/turtlebot3_fake_node/bin'
[1.882s] Level 1:colcon.colcon_core.environment:checking '/home/tribble/me696_2/install/turtlebot3_fake_node/lib/pkgconfig/turtlebot3_fake_node.pc'
[1.882s] Level 1:colcon.colcon_core.environment:checking '/home/tribble/me696_2/install/turtlebot3_fake_node/lib/python3.8/site-packages'
[1.882s] Level 1:colcon.colcon_core.environment:checking '/home/tribble/me696_2/install/turtlebot3_fake_node/bin'
[1.883s] INFO:colcon.colcon_core.shell:Creating package script '/home/tribble/me696_2/install/turtlebot3_fake_node/share/turtlebot3_fake_node/package.ps1'
[1.883s] INFO:colcon.colcon_core.shell:Creating package descriptor '/home/tribble/me696_2/install/turtlebot3_fake_node/share/turtlebot3_fake_node/package.dsv'
[1.884s] INFO:colcon.colcon_core.shell:Creating package script '/home/tribble/me696_2/install/turtlebot3_fake_node/share/turtlebot3_fake_node/package.sh'
[1.884s] INFO:colcon.colcon_core.shell:Creating package script '/home/tribble/me696_2/install/turtlebot3_fake_node/share/turtlebot3_fake_node/package.bash'
[1.884s] INFO:colcon.colcon_core.shell:Creating package script '/home/tribble/me696_2/install/turtlebot3_fake_node/share/turtlebot3_fake_node/package.zsh'
[1.885s] Level 1:colcon.colcon_core.environment:create_file_with_runtime_dependencies(/home/tribble/me696_2/install/turtlebot3_fake_node/share/colcon-core/packages/turtlebot3_fake_node)
[1.931s] Level 1:colcon.colcon_core.environment:create_environment_scripts_only(turtlebot3_fake_node)
[1.933s] Level 1:colcon.colcon_core.environment:checking '/home/tribble/me696_2/install/turtlebot3_fake_node' for CMake module files
[1.933s] Level 1:colcon.colcon_core.environment:checking '/home/tribble/me696_2/install/turtlebot3_fake_node' for CMake config files
[1.933s] Level 1:colcon.colcon_core.shell:create_environment_hook('turtlebot3_fake_node', 'cmake_prefix_path')
[1.934s] INFO:colcon.colcon_core.shell:Creating environment hook '/home/tribble/me696_2/install/turtlebot3_fake_node/share/turtlebot3_fake_node/hook/cmake_prefix_path.ps1'
[1.935s] INFO:colcon.colcon_core.shell:Creating environment descriptor '/home/tribble/me696_2/install/turtlebot3_fake_node/share/turtlebot3_fake_node/hook/cmake_prefix_path.dsv'
[1.935s] INFO:colcon.colcon_core.shell:Creating environment hook '/home/tribble/me696_2/install/turtlebot3_fake_node/share/turtlebot3_fake_node/hook/cmake_prefix_path.sh'
[1.935s] Level 1:colcon.colcon_core.environment:checking '/home/tribble/me696_2/install/turtlebot3_fake_node/lib'
[1.935s] Level 1:colcon.colcon_core.environment:checking '/home/tribble/me696_2/install/turtlebot3_fake_node/bin'
[1.935s] Level 1:colcon.colcon_core.environment:checking '/home/tribble/me696_2/install/turtlebot3_fake_node/lib/pkgconfig/turtlebot3_fake_node.pc'
[1.936s] Level 1:colcon.colcon_core.environment:checking '/home/tribble/me696_2/install/turtlebot3_fake_node/lib/python3.8/site-packages'
[1.936s] Level 1:colcon.colcon_core.environment:checking '/home/tribble/me696_2/install/turtlebot3_fake_node/bin'
[1.936s] INFO:colcon.colcon_core.shell:Creating package script '/home/tribble/me696_2/install/turtlebot3_fake_node/share/turtlebot3_fake_node/package.ps1'
[1.937s] INFO:colcon.colcon_core.shell:Creating package descriptor '/home/tribble/me696_2/install/turtlebot3_fake_node/share/turtlebot3_fake_node/package.dsv'
[1.937s] INFO:colcon.colcon_core.shell:Creating package script '/home/tribble/me696_2/install/turtlebot3_fake_node/share/turtlebot3_fake_node/package.sh'
[1.938s] INFO:colcon.colcon_core.shell:Creating package script '/home/tribble/me696_2/install/turtlebot3_fake_node/share/turtlebot3_fake_node/package.bash'
[1.941s] INFO:colcon.colcon_core.shell:Creating package script '/home/tribble/me696_2/install/turtlebot3_fake_node/share/turtlebot3_fake_node/package.zsh'
[1.941s] Level 1:colcon.colcon_core.environment:create_file_with_runtime_dependencies(/home/tribble/me696_2/install/turtlebot3_fake_node/share/colcon-core/packages/turtlebot3_fake_node)
[1.941s] INFO:colcon.colcon_ros.task.ament_python.build:Building ROS package in '/home/tribble/me696_2/src/turtlebot3_drlnav/src/turtlebot3_drl' with build type 'ament_python'
[1.942s] Level 1:colcon.colcon_core.shell:create_environment_hook('turtlebot3_drl', 'ament_prefix_path')
[1.945s] INFO:colcon.colcon_core.shell:Creating environment hook '/home/tribble/me696_2/install/turtlebot3_drl/share/turtlebot3_drl/hook/ament_prefix_path.ps1'
[1.945s] INFO:colcon.colcon_core.shell:Creating environment descriptor '/home/tribble/me696_2/install/turtlebot3_drl/share/turtlebot3_drl/hook/ament_prefix_path.dsv'
[1.945s] INFO:colcon.colcon_core.shell:Creating environment hook '/home/tribble/me696_2/install/turtlebot3_drl/share/turtlebot3_drl/hook/ament_prefix_path.sh'
[1.946s] INFO:colcon.colcon_core.shell:Skip shell extension 'powershell' for command environment: Not usable outside of PowerShell
[1.946s] DEBUG:colcon.colcon_core.shell:Skip shell extension 'dsv' for command environment
[2.120s] INFO:colcon.colcon_core.task.python.build:Building Python package in '/home/tribble/me696_2/src/turtlebot3_drlnav/src/turtlebot3_drl'
[2.121s] INFO:colcon.colcon_core.shell:Skip shell extension 'powershell' for command environment: Not usable outside of PowerShell
[2.121s] DEBUG:colcon.colcon_core.shell:Skip shell extension 'dsv' for command environment
[2.127s] DEBUG:colcon.colcon_core.event_handler.log_command:Invoking command in '/home/tribble/me696_2/src/me696_hh2_ws/sample_maps': PYTHONPATH=/home/tribble/me696_2/build/sample_maps/prefix_override:/home/tribble/me696_2/install/sample_maps/lib/python3.8/site-packages:${PYTHONPATH} /usr/bin/python3 setup.py egg_info --egg-base ../../../build/sample_maps build --build-base /home/tribble/me696_2/build/sample_maps/build install --record /home/tribble/me696_2/build/sample_maps/install.log --install-scripts $base/lib/sample_maps --single-version-externally-managed
[2.417s] Level 1:colcon.colcon_core.environment:checking '/home/tribble/me696_2/install/sample_maps' for CMake module files
[2.417s] Level 1:colcon.colcon_core.environment:checking '/home/tribble/me696_2/install/sample_maps' for CMake config files
[2.417s] DEBUG:colcon.colcon_core.event_handler.log_command:Invoked command in '/home/tribble/me696_2/src/me696_hh2_ws/sample_maps' returned '0': PYTHONPATH=/home/tribble/me696_2/build/sample_maps/prefix_override:/home/tribble/me696_2/install/sample_maps/lib/python3.8/site-packages:${PYTHONPATH} /usr/bin/python3 setup.py egg_info --egg-base ../../../build/sample_maps build --build-base /home/tribble/me696_2/build/sample_maps/build install --record /home/tribble/me696_2/build/sample_maps/install.log --install-scripts $base/lib/sample_maps --single-version-externally-managed
[2.418s] Level 1:colcon.colcon_core.environment:checking '/home/tribble/me696_2/install/sample_maps/lib'
[2.418s] Level 1:colcon.colcon_core.environment:checking '/home/tribble/me696_2/install/sample_maps/bin'
[2.418s] Level 1:colcon.colcon_core.environment:checking '/home/tribble/me696_2/install/sample_maps/lib/pkgconfig/sample_maps.pc'
[2.418s] Level 1:colcon.colcon_core.environment:checking '/home/tribble/me696_2/install/sample_maps/lib/python3.8/site-packages'
[2.418s] Level 1:colcon.colcon_core.shell:create_environment_hook('sample_maps', 'pythonpath')
[2.419s] INFO:colcon.colcon_core.shell:Creating environment hook '/home/tribble/me696_2/install/sample_maps/share/sample_maps/hook/pythonpath.ps1'
[2.419s] INFO:colcon.colcon_core.shell:Creating environment descriptor '/home/tribble/me696_2/install/sample_maps/share/sample_maps/hook/pythonpath.dsv'
[2.420s] INFO:colcon.colcon_core.shell:Creating environment hook '/home/tribble/me696_2/install/sample_maps/share/sample_maps/hook/pythonpath.sh'
[2.420s] Level 1:colcon.colcon_core.environment:checking '/home/tribble/me696_2/install/sample_maps/bin'
[2.420s] Level 1:colcon.colcon_core.environment:create_environment_scripts_only(sample_maps)
[2.421s] INFO:colcon.colcon_core.shell:Creating package script '/home/tribble/me696_2/install/sample_maps/share/sample_maps/package.ps1'
[2.423s] INFO:colcon.colcon_core.shell:Creating package descriptor '/home/tribble/me696_2/install/sample_maps/share/sample_maps/package.dsv'
[2.423s] INFO:colcon.colcon_core.shell:Creating package script '/home/tribble/me696_2/install/sample_maps/share/sample_maps/package.sh'
[2.424s] INFO:colcon.colcon_core.shell:Creating package script '/home/tribble/me696_2/install/sample_maps/share/sample_maps/package.bash'
[2.424s] INFO:colcon.colcon_core.shell:Creating package script '/home/tribble/me696_2/install/sample_maps/share/sample_maps/package.zsh'
[2.425s] Level 1:colcon.colcon_core.environment:create_file_with_runtime_dependencies(/home/tribble/me696_2/install/sample_maps/share/colcon-core/packages/sample_maps)
[2.426s] INFO:colcon.colcon_ros.task.ament_cmake.build:Building ROS package in '/home/tribble/me696_2/src/turtlebot3_drlnav/src/turtlebot3_simulations/turtlebot3_simulations' with build type 'ament_cmake'
[2.426s] INFO:colcon.colcon_cmake.task.cmake.build:Building CMake package in '/home/tribble/me696_2/src/turtlebot3_drlnav/src/turtlebot3_simulations/turtlebot3_simulations'
[2.426s] INFO:colcon.colcon_core.shell:Skip shell extension 'powershell' for command environment: Not usable outside of PowerShell
[2.427s] DEBUG:colcon.colcon_core.shell:Skip shell extension 'dsv' for command environment
[2.435s] DEBUG:colcon.colcon_core.event_handler.log_command:Invoking command in '/home/tribble/me696_2/src/turtlebot3_drlnav/src/turtlebot3_drl': AMENT_PREFIX_PATH=/home/tribble/me696_2/install/turtlebot3_msgs:${AMENT_PREFIX_PATH} CMAKE_PREFIX_PATH=/home/tribble/me696_2/install/turtlebot3_msgs:${CMAKE_PREFIX_PATH} LD_LIBRARY_PATH=/home/tribble/me696_2/install/turtlebot3_msgs/lib:${LD_LIBRARY_PATH} PYTHONPATH=/home/tribble/me696_2/build/turtlebot3_drl/prefix_override:/home/tribble/me696_2/install/turtlebot3_drl/lib/python3.8/site-packages:/home/tribble/me696_2/install/turtlebot3_msgs/lib/python3.8/site-packages:${PYTHONPATH} /usr/bin/python3 setup.py egg_info --egg-base ../../../../build/turtlebot3_drl build --build-base /home/tribble/me696_2/build/turtlebot3_drl/build install --record /home/tribble/me696_2/build/turtlebot3_drl/install.log --single-version-externally-managed
[2.457s] DEBUG:colcon.colcon_core.event_handler.log_command:Invoking command in '/home/tribble/me696_2/build/turtlebot3_simulations': AMENT_PREFIX_PATH=/home/tribble/me696_2/install/turtlebot3_fake_node:/home/tribble/me696_2/install/turtlebot3_msgs:/home/tribble/me696_2/install/turtlebot3_gazebo:${AMENT_PREFIX_PATH} CMAKE_PREFIX_PATH=/home/tribble/me696_2/install/turtlebot3_fake_node:/home/tribble/me696_2/install/turtlebot3_msgs:/home/tribble/me696_2/install/turtlebot3_gazebo:/home/tribble/me696/ros2_ws/install/turtlesim_services:/home/tribble/me696/ros2_ws/install/turtlesim:/home/tribble/me696/ros2_ws/src/install/turtlesim_services:/home/tribble/me696/ros2_ws/src/install/turtlesim_part3:/home/tribble/me696/ros2_ws/src/install/turtlesim:/home/tribble/me696/ros2_ws/src/install/sample_maps:/home/tribble/me696/ros2_ws/src/install/holmes_nav:/opt/ros/foxy:/home/tribble/me696/ros2_ws/src/install/turtlebot3_wall_crawl:/home/tribble/me696/ros2_ws/src/install/sam_bot_description LD_LIBRARY_PATH=/home/tribble/me696_2/install/turtlebot3_msgs/lib:${LD_LIBRARY_PATH} PYTHONPATH=/home/tribble/me696_2/install/turtlebot3_msgs/lib/python3.8/site-packages:${PYTHONPATH} /usr/bin/cmake --build /home/tribble/me696_2/build/turtlebot3_simulations -- -j2 -l2
[2.505s] DEBUG:colcon.colcon_core.event_handler.log_command:Invoked command in '/home/tribble/me696_2/build/turtlebot3_simulations' returned '0': AMENT_PREFIX_PATH=/home/tribble/me696_2/install/turtlebot3_fake_node:/home/tribble/me696_2/install/turtlebot3_msgs:/home/tribble/me696_2/install/turtlebot3_gazebo:${AMENT_PREFIX_PATH} CMAKE_PREFIX_PATH=/home/tribble/me696_2/install/turtlebot3_fake_node:/home/tribble/me696_2/install/turtlebot3_msgs:/home/tribble/me696_2/install/turtlebot3_gazebo:/home/tribble/me696/ros2_ws/install/turtlesim_services:/home/tribble/me696/ros2_ws/install/turtlesim:/home/tribble/me696/ros2_ws/src/install/turtlesim_services:/home/tribble/me696/ros2_ws/src/install/turtlesim_part3:/home/tribble/me696/ros2_ws/src/install/turtlesim:/home/tribble/me696/ros2_ws/src/install/sample_maps:/home/tribble/me696/ros2_ws/src/install/holmes_nav:/opt/ros/foxy:/home/tribble/me696/ros2_ws/src/install/turtlebot3_wall_crawl:/home/tribble/me696/ros2_ws/src/install/sam_bot_description LD_LIBRARY_PATH=/home/tribble/me696_2/install/turtlebot3_msgs/lib:${LD_LIBRARY_PATH} PYTHONPATH=/home/tribble/me696_2/install/turtlebot3_msgs/lib/python3.8/site-packages:${PYTHONPATH} /usr/bin/cmake --build /home/tribble/me696_2/build/turtlebot3_simulations -- -j2 -l2
[2.556s] DEBUG:colcon.colcon_core.event_handler.log_command:Invoking command in '/home/tribble/me696_2/build/turtlebot3_simulations': AMENT_PREFIX_PATH=/home/tribble/me696_2/install/turtlebot3_fake_node:/home/tribble/me696_2/install/turtlebot3_msgs:/home/tribble/me696_2/install/turtlebot3_gazebo:${AMENT_PREFIX_PATH} CMAKE_PREFIX_PATH=/home/tribble/me696_2/install/turtlebot3_fake_node:/home/tribble/me696_2/install/turtlebot3_msgs:/home/tribble/me696_2/install/turtlebot3_gazebo:/home/tribble/me696/ros2_ws/install/turtlesim_services:/home/tribble/me696/ros2_ws/install/turtlesim:/home/tribble/me696/ros2_ws/src/install/turtlesim_services:/home/tribble/me696/ros2_ws/src/install/turtlesim_part3:/home/tribble/me696/ros2_ws/src/install/turtlesim:/home/tribble/me696/ros2_ws/src/install/sample_maps:/home/tribble/me696/ros2_ws/src/install/holmes_nav:/opt/ros/foxy:/home/tribble/me696/ros2_ws/src/install/turtlebot3_wall_crawl:/home/tribble/me696/ros2_ws/src/install/sam_bot_description LD_LIBRARY_PATH=/home/tribble/me696_2/install/turtlebot3_msgs/lib:${LD_LIBRARY_PATH} PYTHONPATH=/home/tribble/me696_2/install/turtlebot3_msgs/lib/python3.8/site-packages:${PYTHONPATH} /usr/bin/cmake --install /home/tribble/me696_2/build/turtlebot3_simulations
[2.564s] Level 1:colcon.colcon_core.environment:create_environment_scripts_only(turtlebot3_simulations)
[2.567s] Level 1:colcon.colcon_core.environment:checking '/home/tribble/me696_2/install/turtlebot3_simulations' for CMake module files
[2.568s] DEBUG:colcon.colcon_core.event_handler.log_command:Invoked command in '/home/tribble/me696_2/build/turtlebot3_simulations' returned '0': AMENT_PREFIX_PATH=/home/tribble/me696_2/install/turtlebot3_fake_node:/home/tribble/me696_2/install/turtlebot3_msgs:/home/tribble/me696_2/install/turtlebot3_gazebo:${AMENT_PREFIX_PATH} CMAKE_PREFIX_PATH=/home/tribble/me696_2/install/turtlebot3_fake_node:/home/tribble/me696_2/install/turtlebot3_msgs:/home/tribble/me696_2/install/turtlebot3_gazebo:/home/tribble/me696/ros2_ws/install/turtlesim_services:/home/tribble/me696/ros2_ws/install/turtlesim:/home/tribble/me696/ros2_ws/src/install/turtlesim_services:/home/tribble/me696/ros2_ws/src/install/turtlesim_part3:/home/tribble/me696/ros2_ws/src/install/turtlesim:/home/tribble/me696/ros2_ws/src/install/sample_maps:/home/tribble/me696/ros2_ws/src/install/holmes_nav:/opt/ros/foxy:/home/tribble/me696/ros2_ws/src/install/turtlebot3_wall_crawl:/home/tribble/me696/ros2_ws/src/install/sam_bot_description LD_LIBRARY_PATH=/home/tribble/me696_2/install/turtlebot3_msgs/lib:${LD_LIBRARY_PATH} PYTHONPATH=/home/tribble/me696_2/install/turtlebot3_msgs/lib/python3.8/site-packages:${PYTHONPATH} /usr/bin/cmake --install /home/tribble/me696_2/build/turtlebot3_simulations
[2.568s] Level 1:colcon.colcon_core.environment:checking '/home/tribble/me696_2/install/turtlebot3_simulations' for CMake config files
[2.568s] Level 1:colcon.colcon_core.shell:create_environment_hook('turtlebot3_simulations', 'cmake_prefix_path')
[2.569s] INFO:colcon.colcon_core.shell:Creating environment hook '/home/tribble/me696_2/install/turtlebot3_simulations/share/turtlebot3_simulations/hook/cmake_prefix_path.ps1'
[2.570s] INFO:colcon.colcon_core.shell:Creating environment descriptor '/home/tribble/me696_2/install/turtlebot3_simulations/share/turtlebot3_simulations/hook/cmake_prefix_path.dsv'
[2.570s] INFO:colcon.colcon_core.shell:Creating environment hook '/home/tribble/me696_2/install/turtlebot3_simulations/share/turtlebot3_simulations/hook/cmake_prefix_path.sh'
[2.571s] Level 1:colcon.colcon_core.environment:checking '/home/tribble/me696_2/install/turtlebot3_simulations/bin'
[2.571s] Level 1:colcon.colcon_core.environment:checking '/home/tribble/me696_2/install/turtlebot3_simulations/lib/pkgconfig/turtlebot3_simulations.pc'
[2.571s] Level 1:colcon.colcon_core.environment:checking '/home/tribble/me696_2/install/turtlebot3_simulations/lib/python3.8/site-packages'
[2.571s] Level 1:colcon.colcon_core.environment:checking '/home/tribble/me696_2/install/turtlebot3_simulations/bin'
[2.572s] INFO:colcon.colcon_core.shell:Creating package script '/home/tribble/me696_2/install/turtlebot3_simulations/share/turtlebot3_simulations/package.ps1'
[2.573s] INFO:colcon.colcon_core.shell:Creating package descriptor '/home/tribble/me696_2/install/turtlebot3_simulations/share/turtlebot3_simulations/package.dsv'
[2.573s] INFO:colcon.colcon_core.shell:Creating package script '/home/tribble/me696_2/install/turtlebot3_simulations/share/turtlebot3_simulations/package.sh'
[2.573s] INFO:colcon.colcon_core.shell:Creating package script '/home/tribble/me696_2/install/turtlebot3_simulations/share/turtlebot3_simulations/package.bash'
[2.573s] INFO:colcon.colcon_core.shell:Creating package script '/home/tribble/me696_2/install/turtlebot3_simulations/share/turtlebot3_simulations/package.zsh'
[2.574s] Level 1:colcon.colcon_core.environment:create_file_with_runtime_dependencies(/home/tribble/me696_2/install/turtlebot3_simulations/share/colcon-core/packages/turtlebot3_simulations)
[2.605s] Level 1:colcon.colcon_core.environment:create_environment_scripts_only(turtlebot3_simulations)
[2.606s] Level 1:colcon.colcon_core.environment:checking '/home/tribble/me696_2/install/turtlebot3_simulations' for CMake module files
[2.607s] Level 1:colcon.colcon_core.environment:checking '/home/tribble/me696_2/install/turtlebot3_simulations' for CMake config files
[2.607s] Level 1:colcon.colcon_core.shell:create_environment_hook('turtlebot3_simulations', 'cmake_prefix_path')
[2.607s] INFO:colcon.colcon_core.shell:Creating environment hook '/home/tribble/me696_2/install/turtlebot3_simulations/share/turtlebot3_simulations/hook/cmake_prefix_path.ps1'
[2.608s] INFO:colcon.colcon_core.shell:Creating environment descriptor '/home/tribble/me696_2/install/turtlebot3_simulations/share/turtlebot3_simulations/hook/cmake_prefix_path.dsv'
[2.611s] INFO:colcon.colcon_core.shell:Creating environment hook '/home/tribble/me696_2/install/turtlebot3_simulations/share/turtlebot3_simulations/hook/cmake_prefix_path.sh'
[2.612s] Level 1:colcon.colcon_core.environment:checking '/home/tribble/me696_2/install/turtlebot3_simulations/bin'
[2.612s] Level 1:colcon.colcon_core.environment:checking '/home/tribble/me696_2/install/turtlebot3_simulations/lib/pkgconfig/turtlebot3_simulations.pc'
[2.612s] Level 1:colcon.colcon_core.environment:checking '/home/tribble/me696_2/install/turtlebot3_simulations/lib/python3.8/site-packages'
[2.612s] Level 1:colcon.colcon_core.environment:checking '/home/tribble/me696_2/install/turtlebot3_simulations/bin'
[2.615s] INFO:colcon.colcon_core.shell:Creating package script '/home/tribble/me696_2/install/turtlebot3_simulations/share/turtlebot3_simulations/package.ps1'
[2.617s] INFO:colcon.colcon_core.shell:Creating package descriptor '/home/tribble/me696_2/install/turtlebot3_simulations/share/turtlebot3_simulations/package.dsv'
[2.618s] INFO:colcon.colcon_core.shell:Creating package script '/home/tribble/me696_2/install/turtlebot3_simulations/share/turtlebot3_simulations/package.sh'
[2.618s] INFO:colcon.colcon_core.shell:Creating package script '/home/tribble/me696_2/install/turtlebot3_simulations/share/turtlebot3_simulations/package.bash'
[2.618s] INFO:colcon.colcon_core.shell:Creating package script '/home/tribble/me696_2/install/turtlebot3_simulations/share/turtlebot3_simulations/package.zsh'
[2.618s] Level 1:colcon.colcon_core.environment:create_file_with_runtime_dependencies(/home/tribble/me696_2/install/turtlebot3_simulations/share/colcon-core/packages/turtlebot3_simulations)
[2.678s] Level 1:colcon.colcon_core.environment:checking '/home/tribble/me696_2/install/turtlebot3_drl' for CMake module files
[2.678s] DEBUG:colcon.colcon_core.event_handler.log_command:Invoked command in '/home/tribble/me696_2/src/turtlebot3_drlnav/src/turtlebot3_drl' returned '0': AMENT_PREFIX_PATH=/home/tribble/me696_2/install/turtlebot3_msgs:${AMENT_PREFIX_PATH} CMAKE_PREFIX_PATH=/home/tribble/me696_2/install/turtlebot3_msgs:${CMAKE_PREFIX_PATH} LD_LIBRARY_PATH=/home/tribble/me696_2/install/turtlebot3_msgs/lib:${LD_LIBRARY_PATH} PYTHONPATH=/home/tribble/me696_2/build/turtlebot3_drl/prefix_override:/home/tribble/me696_2/install/turtlebot3_drl/lib/python3.8/site-packages:/home/tribble/me696_2/install/turtlebot3_msgs/lib/python3.8/site-packages:${PYTHONPATH} /usr/bin/python3 setup.py egg_info --egg-base ../../../../build/turtlebot3_drl build --build-base /home/tribble/me696_2/build/turtlebot3_drl/build install --record /home/tribble/me696_2/build/turtlebot3_drl/install.log --single-version-externally-managed
[2.678s] Level 1:colcon.colcon_core.environment:checking '/home/tribble/me696_2/install/turtlebot3_drl' for CMake config files
[2.679s] Level 1:colcon.colcon_core.environment:checking '/home/tribble/me696_2/install/turtlebot3_drl/lib'
[2.679s] Level 1:colcon.colcon_core.environment:checking '/home/tribble/me696_2/install/turtlebot3_drl/bin'
[2.679s] Level 1:colcon.colcon_core.environment:checking '/home/tribble/me696_2/install/turtlebot3_drl/lib/pkgconfig/turtlebot3_drl.pc'
[2.679s] Level 1:colcon.colcon_core.environment:checking '/home/tribble/me696_2/install/turtlebot3_drl/lib/python3.8/site-packages'
[2.679s] Level 1:colcon.colcon_core.shell:create_environment_hook('turtlebot3_drl', 'pythonpath')
[2.680s] INFO:colcon.colcon_core.shell:Creating environment hook '/home/tribble/me696_2/install/turtlebot3_drl/share/turtlebot3_drl/hook/pythonpath.ps1'
[2.680s] INFO:colcon.colcon_core.shell:Creating environment descriptor '/home/tribble/me696_2/install/turtlebot3_drl/share/turtlebot3_drl/hook/pythonpath.dsv'
[2.680s] INFO:colcon.colcon_core.shell:Creating environment hook '/home/tribble/me696_2/install/turtlebot3_drl/share/turtlebot3_drl/hook/pythonpath.sh'
[2.681s] Level 1:colcon.colcon_core.environment:checking '/home/tribble/me696_2/install/turtlebot3_drl/bin'
[2.681s] Level 1:colcon.colcon_core.environment:create_environment_scripts_only(turtlebot3_drl)
[2.682s] INFO:colcon.colcon_core.shell:Creating package script '/home/tribble/me696_2/install/turtlebot3_drl/share/turtlebot3_drl/package.ps1'
[2.682s] INFO:colcon.colcon_core.shell:Creating package descriptor '/home/tribble/me696_2/install/turtlebot3_drl/share/turtlebot3_drl/package.dsv'
[2.682s] INFO:colcon.colcon_core.shell:Creating package script '/home/tribble/me696_2/install/turtlebot3_drl/share/turtlebot3_drl/package.sh'
[2.683s] INFO:colcon.colcon_core.shell:Creating package script '/home/tribble/me696_2/install/turtlebot3_drl/share/turtlebot3_drl/package.bash'
[2.683s] INFO:colcon.colcon_core.shell:Creating package script '/home/tribble/me696_2/install/turtlebot3_drl/share/turtlebot3_drl/package.zsh'
[2.683s] Level 1:colcon.colcon_core.environment:create_file_with_runtime_dependencies(/home/tribble/me696_2/install/turtlebot3_drl/share/colcon-core/packages/turtlebot3_drl)
[2.683s] DEBUG:colcon.colcon_parallel_executor.executor.parallel:closing loop
[2.683s] DEBUG:colcon.colcon_parallel_executor.executor.parallel:loop closed
[2.684s] DEBUG:colcon.colcon_parallel_executor.executor.parallel:run_until_complete finished with '0'
[2.684s] DEBUG:colcon.colcon_core.event_reactor:joining thread
[2.692s] INFO:colcon.colcon_core.plugin_system:Skipping extension 'colcon_notification.desktop_notification.terminal_notifier': Not used on non-Darwin systems
[2.692s] INFO:colcon.colcon_core.plugin_system:Skipping extension 'colcon_notification.desktop_notification.win32': Not used on non-Windows systems
[2.692s] INFO:colcon.colcon_notification.desktop_notification:Sending desktop notification using 'notify2'
[2.705s] DEBUG:colcon.colcon_core.event_reactor:joined thread
[2.706s] INFO:colcon.colcon_core.shell:Creating prefix script '/home/tribble/me696_2/install/local_setup.ps1'
[2.707s] INFO:colcon.colcon_core.shell:Creating prefix util module '/home/tribble/me696_2/install/_local_setup_util_ps1.py'
[2.708s] INFO:colcon.colcon_core.shell:Creating prefix chain script '/home/tribble/me696_2/install/setup.ps1'
[2.709s] INFO:colcon.colcon_core.shell:Creating prefix script '/home/tribble/me696_2/install/local_setup.sh'
[2.709s] INFO:colcon.colcon_core.shell:Creating prefix util module '/home/tribble/me696_2/install/_local_setup_util_sh.py'
[2.710s] INFO:colcon.colcon_core.shell:Creating prefix chain script '/home/tribble/me696_2/install/setup.sh'
[2.711s] INFO:colcon.colcon_core.shell:Creating prefix script '/home/tribble/me696_2/install/local_setup.bash'
[2.712s] INFO:colcon.colcon_core.shell:Creating prefix chain script '/home/tribble/me696_2/install/setup.bash'
[2.713s] INFO:colcon.colcon_core.shell:Creating prefix script '/home/tribble/me696_2/install/local_setup.zsh'
[2.713s] INFO:colcon.colcon_core.shell:Creating prefix chain script '/home/tribble/me696_2/install/setup.zsh'
