[0.016s] Invoking command in '/home/tribble/me696_2/build/turtlebot3_gazebo': /usr/bin/cmake /home/tribble/me696_2/turtlebot3_drlnav/src/turtlebot3_simulations/turtlebot3_gazebo -DCMAKE_INSTALL_PREFIX=/home/tribble/me696_2/install/turtlebot3_gazebo
[0.054s] CMake Error at CMakeLists.txt:22 (find_package):
[0.055s]   By not providing "Findament_cmake.cmake" in CMAKE_MODULE_PATH this project
[0.055s]   has asked CMake to find a package configuration file provided by
[0.055s]   "ament_cmake", but CMake did not find one.
[0.055s] 
[0.055s]   Could not find a package configuration file provided by "ament_cmake" with
[0.055s]   any of the following names:
[0.055s] 
[0.055s]     ament_cmakeConfig.cmake
[0.055s]     ament_cmake-config.cmake
[0.055s] 
[0.055s]   Add the installation prefix of "ament_cmake" to CMAKE_PREFIX_PATH or set
[0.055s]   "ament_cmake_DIR" to a directory containing one of the above files.  If
[0.055s]   "ament_cmake" provides a separate development package or SDK, be sure it
[0.055s]   has been installed.
[0.055s] 
[0.055s] 
[0.056s] -- Configuring incomplete, errors occurred!
[0.056s] See also "/home/tribble/me696_2/build/turtlebot3_gazebo/CMakeFiles/CMakeOutput.log".
