[0.009s] Invoking command in '/home/tribble/me696_2/build/turtlebot3_simulations': AMENT_PREFIX_PATH=/home/tribble/me696_2/install/turtlebot3_fake_node:/home/tribble/me696_2/install/turtlebot3_msgs:/home/tribble/me696_2/install/turtlebot3_gazebo:${AMENT_PREFIX_PATH} CMAKE_PREFIX_PATH=/home/tribble/me696_2/install/turtlebot3_fake_node:/home/tribble/me696_2/install/turtlebot3_msgs:/home/tribble/me696_2/install/turtlebot3_gazebo:/opt/ros/foxy LD_LIBRARY_PATH=/home/tribble/me696_2/install/turtlebot3_msgs/lib:${LD_LIBRARY_PATH} PYTHONPATH=/home/tribble/me696_2/install/turtlebot3_msgs/lib/python3.8/site-packages:${PYTHONPATH} /usr/bin/cmake /home/tribble/me696_2/src/turtlebot3_drlnav/src/turtlebot3_simulations/turtlebot3_simulations -DCMAKE_INSTALL_PREFIX=/home/tribble/me696_2/install/turtlebot3_simulations
[0.052s] -- The C compiler identification is GNU 9.4.0
[0.082s] -- The CXX compiler identification is GNU 9.4.0
[0.085s] -- Check for working C compiler: /usr/bin/cc
[0.139s] -- Check for working C compiler: /usr/bin/cc -- works
[0.139s] -- Detecting C compiler ABI info
[0.186s] -- Detecting C compiler ABI info - done
[0.193s] -- Detecting C compile features
[0.193s] -- Detecting C compile features - done
[0.195s] -- Check for working CXX compiler: /usr/bin/c++
[0.237s] -- Check for working CXX compiler: /usr/bin/c++ -- works
[0.238s] -- Detecting CXX compiler ABI info
[0.293s] -- Detecting CXX compiler ABI info - done
[0.300s] -- Detecting CXX compile features
[0.300s] -- Detecting CXX compile features - done
[0.302s] -- Found ament_cmake: 0.9.11 (/opt/ros/foxy/share/ament_cmake/cmake)
[0.317s] -- Found PythonInterp: /usr/bin/python3 (found suitable version "3.8.10", minimum required is "3") 
[0.317s] -- Using PYTHON_EXECUTABLE: /usr/bin/python3
[0.448s] -- Configuring done
[0.449s] -- Generating done
[0.449s] -- Build files have been written to: /home/tribble/me696_2/build/turtlebot3_simulations
[0.453s] Invoked command in '/home/tribble/me696_2/build/turtlebot3_simulations' returned '0': AMENT_PREFIX_PATH=/home/tribble/me696_2/install/turtlebot3_fake_node:/home/tribble/me696_2/install/turtlebot3_msgs:/home/tribble/me696_2/install/turtlebot3_gazebo:${AMENT_PREFIX_PATH} CMAKE_PREFIX_PATH=/home/tribble/me696_2/install/turtlebot3_fake_node:/home/tribble/me696_2/install/turtlebot3_msgs:/home/tribble/me696_2/install/turtlebot3_gazebo:/opt/ros/foxy LD_LIBRARY_PATH=/home/tribble/me696_2/install/turtlebot3_msgs/lib:${LD_LIBRARY_PATH} PYTHONPATH=/home/tribble/me696_2/install/turtlebot3_msgs/lib/python3.8/site-packages:${PYTHONPATH} /usr/bin/cmake /home/tribble/me696_2/src/turtlebot3_drlnav/src/turtlebot3_simulations/turtlebot3_simulations -DCMAKE_INSTALL_PREFIX=/home/tribble/me696_2/install/turtlebot3_simulations
[0.453s] Invoking command in '/home/tribble/me696_2/build/turtlebot3_simulations': AMENT_PREFIX_PATH=/home/tribble/me696_2/install/turtlebot3_fake_node:/home/tribble/me696_2/install/turtlebot3_msgs:/home/tribble/me696_2/install/turtlebot3_gazebo:${AMENT_PREFIX_PATH} CMAKE_PREFIX_PATH=/home/tribble/me696_2/install/turtlebot3_fake_node:/home/tribble/me696_2/install/turtlebot3_msgs:/home/tribble/me696_2/install/turtlebot3_gazebo:/opt/ros/foxy LD_LIBRARY_PATH=/home/tribble/me696_2/install/turtlebot3_msgs/lib:${LD_LIBRARY_PATH} PYTHONPATH=/home/tribble/me696_2/install/turtlebot3_msgs/lib/python3.8/site-packages:${PYTHONPATH} /usr/bin/cmake --build /home/tribble/me696_2/build/turtlebot3_simulations -- -j2 -l2
[0.474s] Invoked command in '/home/tribble/me696_2/build/turtlebot3_simulations' returned '0': AMENT_PREFIX_PATH=/home/tribble/me696_2/install/turtlebot3_fake_node:/home/tribble/me696_2/install/turtlebot3_msgs:/home/tribble/me696_2/install/turtlebot3_gazebo:${AMENT_PREFIX_PATH} CMAKE_PREFIX_PATH=/home/tribble/me696_2/install/turtlebot3_fake_node:/home/tribble/me696_2/install/turtlebot3_msgs:/home/tribble/me696_2/install/turtlebot3_gazebo:/opt/ros/foxy LD_LIBRARY_PATH=/home/tribble/me696_2/install/turtlebot3_msgs/lib:${LD_LIBRARY_PATH} PYTHONPATH=/home/tribble/me696_2/install/turtlebot3_msgs/lib/python3.8/site-packages:${PYTHONPATH} /usr/bin/cmake --build /home/tribble/me696_2/build/turtlebot3_simulations -- -j2 -l2
[0.484s] Invoking command in '/home/tribble/me696_2/build/turtlebot3_simulations': AMENT_PREFIX_PATH=/home/tribble/me696_2/install/turtlebot3_fake_node:/home/tribble/me696_2/install/turtlebot3_msgs:/home/tribble/me696_2/install/turtlebot3_gazebo:${AMENT_PREFIX_PATH} CMAKE_PREFIX_PATH=/home/tribble/me696_2/install/turtlebot3_fake_node:/home/tribble/me696_2/install/turtlebot3_msgs:/home/tribble/me696_2/install/turtlebot3_gazebo:/opt/ros/foxy LD_LIBRARY_PATH=/home/tribble/me696_2/install/turtlebot3_msgs/lib:${LD_LIBRARY_PATH} PYTHONPATH=/home/tribble/me696_2/install/turtlebot3_msgs/lib/python3.8/site-packages:${PYTHONPATH} /usr/bin/cmake --install /home/tribble/me696_2/build/turtlebot3_simulations
[0.489s] -- Install configuration: ""
[0.489s] -- Installing: /home/tribble/me696_2/install/turtlebot3_simulations/share/ament_index/resource_index/package_run_dependencies/turtlebot3_simulations
[0.489s] -- Installing: /home/tribble/me696_2/install/turtlebot3_simulations/share/ament_index/resource_index/parent_prefix_path/turtlebot3_simulations
[0.489s] -- Installing: /home/tribble/me696_2/install/turtlebot3_simulations/share/turtlebot3_simulations/environment/ament_prefix_path.sh
[0.489s] -- Installing: /home/tribble/me696_2/install/turtlebot3_simulations/share/turtlebot3_simulations/environment/ament_prefix_path.dsv
[0.489s] -- Installing: /home/tribble/me696_2/install/turtlebot3_simulations/share/turtlebot3_simulations/environment/path.sh
[0.489s] -- Installing: /home/tribble/me696_2/install/turtlebot3_simulations/share/turtlebot3_simulations/environment/path.dsv
[0.489s] -- Installing: /home/tribble/me696_2/install/turtlebot3_simulations/share/turtlebot3_simulations/local_setup.bash
[0.489s] -- Installing: /home/tribble/me696_2/install/turtlebot3_simulations/share/turtlebot3_simulations/local_setup.sh
[0.489s] -- Installing: /home/tribble/me696_2/install/turtlebot3_simulations/share/turtlebot3_simulations/local_setup.zsh
[0.489s] -- Installing: /home/tribble/me696_2/install/turtlebot3_simulations/share/turtlebot3_simulations/local_setup.dsv
[0.489s] -- Installing: /home/tribble/me696_2/install/turtlebot3_simulations/share/turtlebot3_simulations/package.dsv
[0.489s] -- Installing: /home/tribble/me696_2/install/turtlebot3_simulations/share/ament_index/resource_index/packages/turtlebot3_simulations
[0.489s] -- Installing: /home/tribble/me696_2/install/turtlebot3_simulations/share/turtlebot3_simulations/cmake/turtlebot3_simulationsConfig.cmake
[0.490s] -- Installing: /home/tribble/me696_2/install/turtlebot3_simulations/share/turtlebot3_simulations/cmake/turtlebot3_simulationsConfig-version.cmake
[0.490s] -- Installing: /home/tribble/me696_2/install/turtlebot3_simulations/share/turtlebot3_simulations/package.xml
[0.494s] Invoked command in '/home/tribble/me696_2/build/turtlebot3_simulations' returned '0': AMENT_PREFIX_PATH=/home/tribble/me696_2/install/turtlebot3_fake_node:/home/tribble/me696_2/install/turtlebot3_msgs:/home/tribble/me696_2/install/turtlebot3_gazebo:${AMENT_PREFIX_PATH} CMAKE_PREFIX_PATH=/home/tribble/me696_2/install/turtlebot3_fake_node:/home/tribble/me696_2/install/turtlebot3_msgs:/home/tribble/me696_2/install/turtlebot3_gazebo:/opt/ros/foxy LD_LIBRARY_PATH=/home/tribble/me696_2/install/turtlebot3_msgs/lib:${LD_LIBRARY_PATH} PYTHONPATH=/home/tribble/me696_2/install/turtlebot3_msgs/lib/python3.8/site-packages:${PYTHONPATH} /usr/bin/cmake --install /home/tribble/me696_2/build/turtlebot3_simulations
