[0.599s] Invoking command in '/home/tribble/me696_2/src/turtlebot3_drlnav/src/turtlebot3_drl': CMAKE_PREFIX_PATH=/home/tribble/me696_2/install/turtlebot3_msgs:/home/tribble/me696_2/install/turtlebot3_simulations:/home/tribble/me696_2/install/turtlebot3_fake_node:/home/tribble/me696_2/install/turtlebot3_gazebo:/home/tribble/me696/ros2_ws/install/turtlesim_services:/home/tribble/me696/ros2_ws/install/turtlesim:/home/tribble/me696/ros2_ws/src/install/turtlesim_services:/home/tribble/me696/ros2_ws/src/install/turtlesim_part3:/home/tribble/me696/ros2_ws/src/install/turtlesim:/home/tribble/me696/ros2_ws/src/install/turtlebot3_wall_crawl:/home/tribble/me696/ros2_ws/src/install/sam_bot_description PYTHONPATH=/home/tribble/me696_2/build/turtlebot3_drl/prefix_override:/home/tribble/me696_2/install/turtlebot3_drl/lib/python3.8/site-packages:/home/tribble/me696_2/install/turtlebot3_msgs/lib/python3.8/site-packages:/home/tribble/me696_2/install/turtlebot3_drl/lib/python3.8/site-packages:/home/tribble/me696_2/install/sample_maps/lib/python3.8/site-packages:/home/tribble/me696_2/install/holmes_nav/lib/python3.8/site-packages:/home/tribble/me696/ros2_ws/install/turtlesim_services/lib/python3.8/site-packages:/home/tribble/me696/ros2_ws/install/turtlesim/lib/python3.8/site-packages:/home/tribble/me696/ros2_ws/src/install/turtlesim_services/lib/python3.8/site-packages:/home/tribble/me696/ros2_ws/src/install/turtlesim/lib/python3.8/site-packages:/home/tribble/me696/ros2_ws/src/install/sample_maps/lib/python3.8/site-packages:/home/tribble/me696/ros2_ws/src/install/holmes_nav/lib/python3.8/site-packages:/opt/ros/foxy/lib/python3.8/site-packages /usr/bin/python3 setup.py egg_info --egg-base ../../../../build/turtlebot3_drl build --build-base /home/tribble/me696_2/build/turtlebot3_drl/build install --record /home/tribble/me696_2/build/turtlebot3_drl/install.log --single-version-externally-managed
[0.758s] running egg_info
[0.759s] writing ../../../../build/turtlebot3_drl/turtlebot3_drl.egg-info/PKG-INFO
[0.759s] writing dependency_links to ../../../../build/turtlebot3_drl/turtlebot3_drl.egg-info/dependency_links.txt
[0.759s] writing entry points to ../../../../build/turtlebot3_drl/turtlebot3_drl.egg-info/entry_points.txt
[0.761s] writing requirements to ../../../../build/turtlebot3_drl/turtlebot3_drl.egg-info/requires.txt
[0.761s] writing top-level names to ../../../../build/turtlebot3_drl/turtlebot3_drl.egg-info/top_level.txt
[0.781s] reading manifest file '../../../../build/turtlebot3_drl/turtlebot3_drl.egg-info/SOURCES.txt'
[0.782s] writing manifest file '../../../../build/turtlebot3_drl/turtlebot3_drl.egg-info/SOURCES.txt'
[0.782s] running build
[0.782s] running build_py
[0.784s] running install
[0.785s] running install_lib
[0.786s] byte-compiling /home/tribble/me696_2/install/turtlebot3_drl/lib/python3.8/site-packages/turtlebot3_drl/common/utilities.py to utilities.cpython-38.pyc
[0.787s] running install_data
[0.788s] running install_egg_info
[0.789s] removing '/home/tribble/me696_2/install/turtlebot3_drl/lib/python3.8/site-packages/turtlebot3_drl-2.0.0-py3.8.egg-info' (and everything under it)
[0.789s] Copying ../../../../build/turtlebot3_drl/turtlebot3_drl.egg-info to /home/tribble/me696_2/install/turtlebot3_drl/lib/python3.8/site-packages/turtlebot3_drl-2.0.0-py3.8.egg-info
[0.789s] running install_scripts
[0.801s] Installing drl_agent script to /home/tribble/me696_2/install/turtlebot3_drl/lib/turtlebot3_drl
[0.802s] Installing drl_environment script to /home/tribble/me696_2/install/turtlebot3_drl/lib/turtlebot3_drl
[0.802s] Installing drl_gazebo script to /home/tribble/me696_2/install/turtlebot3_drl/lib/turtlebot3_drl
[0.803s] writing list of installed files to '/home/tribble/me696_2/build/turtlebot3_drl/install.log'
[0.817s] Invoked command in '/home/tribble/me696_2/src/turtlebot3_drlnav/src/turtlebot3_drl' returned '0': CMAKE_PREFIX_PATH=/home/tribble/me696_2/install/turtlebot3_msgs:/home/tribble/me696_2/install/turtlebot3_simulations:/home/tribble/me696_2/install/turtlebot3_fake_node:/home/tribble/me696_2/install/turtlebot3_gazebo:/home/tribble/me696/ros2_ws/install/turtlesim_services:/home/tribble/me696/ros2_ws/install/turtlesim:/home/tribble/me696/ros2_ws/src/install/turtlesim_services:/home/tribble/me696/ros2_ws/src/install/turtlesim_part3:/home/tribble/me696/ros2_ws/src/install/turtlesim:/home/tribble/me696/ros2_ws/src/install/turtlebot3_wall_crawl:/home/tribble/me696/ros2_ws/src/install/sam_bot_description PYTHONPATH=/home/tribble/me696_2/build/turtlebot3_drl/prefix_override:/home/tribble/me696_2/install/turtlebot3_drl/lib/python3.8/site-packages:/home/tribble/me696_2/install/turtlebot3_msgs/lib/python3.8/site-packages:/home/tribble/me696_2/install/turtlebot3_drl/lib/python3.8/site-packages:/home/tribble/me696_2/install/sample_maps/lib/python3.8/site-packages:/home/tribble/me696_2/install/holmes_nav/lib/python3.8/site-packages:/home/tribble/me696/ros2_ws/install/turtlesim_services/lib/python3.8/site-packages:/home/tribble/me696/ros2_ws/install/turtlesim/lib/python3.8/site-packages:/home/tribble/me696/ros2_ws/src/install/turtlesim_services/lib/python3.8/site-packages:/home/tribble/me696/ros2_ws/src/install/turtlesim/lib/python3.8/site-packages:/home/tribble/me696/ros2_ws/src/install/sample_maps/lib/python3.8/site-packages:/home/tribble/me696/ros2_ws/src/install/holmes_nav/lib/python3.8/site-packages:/opt/ros/foxy/lib/python3.8/site-packages /usr/bin/python3 setup.py egg_info --egg-base ../../../../build/turtlebot3_drl build --build-base /home/tribble/me696_2/build/turtlebot3_drl/build install --record /home/tribble/me696_2/build/turtlebot3_drl/install.log --single-version-externally-managed
