[0.487s] Invoking command in '/home/tribble/me696_2/src/me696_hh2_ws/holmes_nav': PYTHONPATH=/home/tribble/me696_2/build/holmes_nav/prefix_override:/home/tribble/me696_2/install/holmes_nav/lib/python3.8/site-packages:${PYTHONPATH} /usr/bin/python3 setup.py egg_info --egg-base ../../../build/holmes_nav build --build-base /home/tribble/me696_2/build/holmes_nav/build install --record /home/tribble/me696_2/build/holmes_nav/install.log --install-scripts $base/lib/holmes_nav --single-version-externally-managed
[0.679s] running egg_info
[0.679s] writing ../../../build/holmes_nav/holmes_nav.egg-info/PKG-INFO
[0.679s] writing dependency_links to ../../../build/holmes_nav/holmes_nav.egg-info/dependency_links.txt
[0.679s] writing entry points to ../../../build/holmes_nav/holmes_nav.egg-info/entry_points.txt
[0.680s] writing requirements to ../../../build/holmes_nav/holmes_nav.egg-info/requires.txt
[0.680s] writing top-level names to ../../../build/holmes_nav/holmes_nav.egg-info/top_level.txt
[0.705s] reading manifest file '../../../build/holmes_nav/holmes_nav.egg-info/SOURCES.txt'
[0.706s] writing manifest file '../../../build/holmes_nav/holmes_nav.egg-info/SOURCES.txt'
[0.706s] running build
[0.706s] running build_py
[0.706s] running install
[0.706s] running install_lib
[0.711s] running install_data
[0.713s] running install_egg_info
[0.713s] removing '/home/tribble/me696_2/install/holmes_nav/lib/python3.8/site-packages/holmes_nav-0.0.0-py3.8.egg-info' (and everything under it)
[0.713s] Copying ../../../build/holmes_nav/holmes_nav.egg-info to /home/tribble/me696_2/install/holmes_nav/lib/python3.8/site-packages/holmes_nav-0.0.0-py3.8.egg-info
[0.713s] running install_scripts
[0.728s] Installing hh2_node script to /home/tribble/me696_2/install/holmes_nav/lib/holmes_nav
[0.729s] writing list of installed files to '/home/tribble/me696_2/build/holmes_nav/install.log'
[0.756s] Invoked command in '/home/tribble/me696_2/src/me696_hh2_ws/holmes_nav' returned '0': PYTHONPATH=/home/tribble/me696_2/build/holmes_nav/prefix_override:/home/tribble/me696_2/install/holmes_nav/lib/python3.8/site-packages:${PYTHONPATH} /usr/bin/python3 setup.py egg_info --egg-base ../../../build/holmes_nav build --build-base /home/tribble/me696_2/build/holmes_nav/build install --record /home/tribble/me696_2/build/holmes_nav/install.log --install-scripts $base/lib/holmes_nav --single-version-externally-managed
