[0.143s] DEBUG:colcon:Command line arguments: ['/usr/bin/colcon', 'build']
[0.143s] DEBUG:colcon:Parsed command line arguments: Namespace(allow_overriding=[], ament_cmake_args=None, base_paths=['.'], build_base='build', catkin_cmake_args=None, catkin_skip_building_tests=False, cmake_args=None, cmake_clean_cache=False, cmake_clean_first=False, cmake_force_configure=False, cmake_target=None, cmake_target_skip_unavailable=False, continue_on_error=False, event_handlers=None, executor='parallel', ignore_user_meta=False, install_base='install', log_base=None, log_level=None, main=<bound method BuildVerb.main of <colcon_core.verb.build.BuildVerb object at 0x7fe803b34e20>>, merge_install=False, metas=['./colcon.meta'], packages_above=None, packages_above_and_dependencies=None, packages_above_depth=None, packages_end=None, packages_ignore=None, packages_ignore_regex=None, packages_select=None, packages_select_build_failed=False, packages_select_by_dep=None, packages_select_regex=None, packages_select_test_failures=False, packages_skip=None, packages_skip_build_finished=False, packages_skip_by_dep=None, packages_skip_regex=None, packages_skip_test_passed=False, packages_skip_up_to=None, packages_start=None, packages_up_to=None, packages_up_to_regex=None, parallel_workers=2, paths=None, symlink_install=False, test_result_base=None, verb_extension=<colcon_core.verb.build.BuildVerb object at 0x7fe803b34e20>, verb_name='build', verb_parser=<colcon_defaults.argument_parser.defaults.DefaultArgumentsDecorator object at 0x7fe803b3d3d0>)
[0.157s] Level 1:colcon.colcon_core.package_discovery:discover_packages(colcon_meta) check parameters
[0.157s] Level 1:colcon.colcon_core.package_discovery:discover_packages(recursive) check parameters
[0.157s] Level 1:colcon.colcon_core.package_discovery:discover_packages(ignore) check parameters
[0.157s] Level 1:colcon.colcon_core.package_discovery:discover_packages(path) check parameters
[0.157s] Level 1:colcon.colcon_core.package_discovery:discover_packages(colcon_meta) discover
[0.157s] Level 1:colcon.colcon_core.package_discovery:discover_packages(recursive) discover
[0.157s] INFO:colcon.colcon_core.package_discovery:Crawling recursively for packages in '/home/tribble/me696_2'
[0.157s] Level 1:colcon.colcon_core.package_identification:_identify(.) by extensions ['ignore', 'ignore_ament_install']
[0.157s] Level 1:colcon.colcon_core.package_identification:_identify(.) by extension 'ignore'
[0.157s] Level 1:colcon.colcon_core.package_identification:_identify(.) by extension 'ignore_ament_install'
[0.157s] Level 1:colcon.colcon_core.package_identification:_identify(.) by extensions ['colcon_pkg']
[0.157s] Level 1:colcon.colcon_core.package_identification:_identify(.) by extension 'colcon_pkg'
[0.157s] Level 1:colcon.colcon_core.package_identification:_identify(.) by extensions ['colcon_meta']
[0.157s] Level 1:colcon.colcon_core.package_identification:_identify(.) by extension 'colcon_meta'
[0.157s] Level 1:colcon.colcon_core.package_identification:_identify(.) by extensions ['ros']
[0.157s] Level 1:colcon.colcon_core.package_identification:_identify(.) by extension 'ros'
[0.168s] Level 1:colcon.colcon_core.package_identification:_identify(.) by extensions ['cmake', 'python']
[0.168s] Level 1:colcon.colcon_core.package_identification:_identify(.) by extension 'cmake'
[0.168s] Level 1:colcon.colcon_core.package_identification:_identify(.) by extension 'python'
[0.168s] Level 1:colcon.colcon_core.package_identification:_identify(.) by extensions ['python_setup_py']
[0.168s] Level 1:colcon.colcon_core.package_identification:_identify(.) by extension 'python_setup_py'
[0.168s] Level 1:colcon.colcon_core.package_identification:_identify(build) by extensions ['ignore', 'ignore_ament_install']
[0.168s] Level 1:colcon.colcon_core.package_identification:_identify(build) by extension 'ignore'
[0.168s] Level 1:colcon.colcon_core.package_identification:_identify(build) ignored
[0.168s] Level 1:colcon.colcon_core.package_identification:_identify(install) by extensions ['ignore', 'ignore_ament_install']
[0.168s] Level 1:colcon.colcon_core.package_identification:_identify(install) by extension 'ignore'
[0.168s] Level 1:colcon.colcon_core.package_identification:_identify(install) ignored
[0.168s] Level 1:colcon.colcon_core.package_identification:_identify(log) by extensions ['ignore', 'ignore_ament_install']
[0.168s] Level 1:colcon.colcon_core.package_identification:_identify(log) by extension 'ignore'
[0.168s] Level 1:colcon.colcon_core.package_identification:_identify(log) ignored
[0.168s] Level 1:colcon.colcon_core.package_identification:_identify(src) by extensions ['ignore', 'ignore_ament_install']
[0.168s] Level 1:colcon.colcon_core.package_identification:_identify(src) by extension 'ignore'
[0.168s] Level 1:colcon.colcon_core.package_identification:_identify(src) by extension 'ignore_ament_install'
[0.168s] Level 1:colcon.colcon_core.package_identification:_identify(src) by extensions ['colcon_pkg']
[0.168s] Level 1:colcon.colcon_core.package_identification:_identify(src) by extension 'colcon_pkg'
[0.168s] Level 1:colcon.colcon_core.package_identification:_identify(src) by extensions ['colcon_meta']
[0.168s] Level 1:colcon.colcon_core.package_identification:_identify(src) by extension 'colcon_meta'
[0.168s] Level 1:colcon.colcon_core.package_identification:_identify(src) by extensions ['ros']
[0.168s] Level 1:colcon.colcon_core.package_identification:_identify(src) by extension 'ros'
[0.168s] Level 1:colcon.colcon_core.package_identification:_identify(src) by extensions ['cmake', 'python']
[0.168s] Level 1:colcon.colcon_core.package_identification:_identify(src) by extension 'cmake'
[0.168s] Level 1:colcon.colcon_core.package_identification:_identify(src) by extension 'python'
[0.168s] Level 1:colcon.colcon_core.package_identification:_identify(src) by extensions ['python_setup_py']
[0.168s] Level 1:colcon.colcon_core.package_identification:_identify(src) by extension 'python_setup_py'
[0.168s] Level 1:colcon.colcon_core.package_identification:_identify(src/me696_hh2_ws) by extensions ['ignore', 'ignore_ament_install']
[0.169s] Level 1:colcon.colcon_core.package_identification:_identify(src/me696_hh2_ws) by extension 'ignore'
[0.169s] Level 1:colcon.colcon_core.package_identification:_identify(src/me696_hh2_ws) by extension 'ignore_ament_install'
[0.169s] Level 1:colcon.colcon_core.package_identification:_identify(src/me696_hh2_ws) by extensions ['colcon_pkg']
[0.169s] Level 1:colcon.colcon_core.package_identification:_identify(src/me696_hh2_ws) by extension 'colcon_pkg'
[0.169s] Level 1:colcon.colcon_core.package_identification:_identify(src/me696_hh2_ws) by extensions ['colcon_meta']
[0.169s] Level 1:colcon.colcon_core.package_identification:_identify(src/me696_hh2_ws) by extension 'colcon_meta'
[0.169s] Level 1:colcon.colcon_core.package_identification:_identify(src/me696_hh2_ws) by extensions ['ros']
[0.169s] Level 1:colcon.colcon_core.package_identification:_identify(src/me696_hh2_ws) by extension 'ros'
[0.169s] Level 1:colcon.colcon_core.package_identification:_identify(src/me696_hh2_ws) by extensions ['cmake', 'python']
[0.169s] Level 1:colcon.colcon_core.package_identification:_identify(src/me696_hh2_ws) by extension 'cmake'
[0.169s] Level 1:colcon.colcon_core.package_identification:_identify(src/me696_hh2_ws) by extension 'python'
[0.169s] Level 1:colcon.colcon_core.package_identification:_identify(src/me696_hh2_ws) by extensions ['python_setup_py']
[0.169s] Level 1:colcon.colcon_core.package_identification:_identify(src/me696_hh2_ws) by extension 'python_setup_py'
[0.169s] Level 1:colcon.colcon_core.package_identification:_identify(src/me696_hh2_ws/build) by extensions ['ignore', 'ignore_ament_install']
[0.169s] Level 1:colcon.colcon_core.package_identification:_identify(src/me696_hh2_ws/build) by extension 'ignore'
[0.169s] Level 1:colcon.colcon_core.package_identification:_identify(src/me696_hh2_ws/build) ignored
[0.169s] Level 1:colcon.colcon_core.package_identification:_identify(src/me696_hh2_ws/holmes_nav) by extensions ['ignore', 'ignore_ament_install']
[0.169s] Level 1:colcon.colcon_core.package_identification:_identify(src/me696_hh2_ws/holmes_nav) by extension 'ignore'
[0.169s] Level 1:colcon.colcon_core.package_identification:_identify(src/me696_hh2_ws/holmes_nav) by extension 'ignore_ament_install'
[0.169s] Level 1:colcon.colcon_core.package_identification:_identify(src/me696_hh2_ws/holmes_nav) by extensions ['colcon_pkg']
[0.169s] Level 1:colcon.colcon_core.package_identification:_identify(src/me696_hh2_ws/holmes_nav) by extension 'colcon_pkg'
[0.169s] Level 1:colcon.colcon_core.package_identification:_identify(src/me696_hh2_ws/holmes_nav) by extensions ['colcon_meta']
[0.169s] Level 1:colcon.colcon_core.package_identification:_identify(src/me696_hh2_ws/holmes_nav) by extension 'colcon_meta'
[0.169s] Level 1:colcon.colcon_core.package_identification:_identify(src/me696_hh2_ws/holmes_nav) by extensions ['ros']
[0.169s] Level 1:colcon.colcon_core.package_identification:_identify(src/me696_hh2_ws/holmes_nav) by extension 'ros'
[0.170s] DEBUG:colcon.colcon_core.package_identification:Package 'src/me696_hh2_ws/holmes_nav' with type 'ros.ament_python' and name 'holmes_nav'
[0.171s] Level 1:colcon.colcon_core.package_identification:_identify(src/me696_hh2_ws/install) by extensions ['ignore', 'ignore_ament_install']
[0.171s] Level 1:colcon.colcon_core.package_identification:_identify(src/me696_hh2_ws/install) by extension 'ignore'
[0.171s] Level 1:colcon.colcon_core.package_identification:_identify(src/me696_hh2_ws/install) ignored
[0.171s] Level 1:colcon.colcon_core.package_identification:_identify(src/me696_hh2_ws/log) by extensions ['ignore', 'ignore_ament_install']
[0.171s] Level 1:colcon.colcon_core.package_identification:_identify(src/me696_hh2_ws/log) by extension 'ignore'
[0.171s] Level 1:colcon.colcon_core.package_identification:_identify(src/me696_hh2_ws/log) ignored
[0.171s] Level 1:colcon.colcon_core.package_identification:_identify(src/me696_hh2_ws/sample_maps) by extensions ['ignore', 'ignore_ament_install']
[0.171s] Level 1:colcon.colcon_core.package_identification:_identify(src/me696_hh2_ws/sample_maps) by extension 'ignore'
[0.171s] Level 1:colcon.colcon_core.package_identification:_identify(src/me696_hh2_ws/sample_maps) by extension 'ignore_ament_install'
[0.171s] Level 1:colcon.colcon_core.package_identification:_identify(src/me696_hh2_ws/sample_maps) by extensions ['colcon_pkg']
[0.171s] Level 1:colcon.colcon_core.package_identification:_identify(src/me696_hh2_ws/sample_maps) by extension 'colcon_pkg'
[0.171s] Level 1:colcon.colcon_core.package_identification:_identify(src/me696_hh2_ws/sample_maps) by extensions ['colcon_meta']
[0.171s] Level 1:colcon.colcon_core.package_identification:_identify(src/me696_hh2_ws/sample_maps) by extension 'colcon_meta'
[0.171s] Level 1:colcon.colcon_core.package_identification:_identify(src/me696_hh2_ws/sample_maps) by extensions ['ros']
[0.171s] Level 1:colcon.colcon_core.package_identification:_identify(src/me696_hh2_ws/sample_maps) by extension 'ros'
[0.171s] DEBUG:colcon.colcon_core.package_identification:Package 'src/me696_hh2_ws/sample_maps' with type 'ros.ament_python' and name 'sample_maps'
[0.171s] Level 1:colcon.colcon_core.package_identification:_identify(src/turtlebot3_drlnav) by extensions ['ignore', 'ignore_ament_install']
[0.171s] Level 1:colcon.colcon_core.package_identification:_identify(src/turtlebot3_drlnav) by extension 'ignore'
[0.171s] Level 1:colcon.colcon_core.package_identification:_identify(src/turtlebot3_drlnav) by extension 'ignore_ament_install'
[0.171s] Level 1:colcon.colcon_core.package_identification:_identify(src/turtlebot3_drlnav) by extensions ['colcon_pkg']
[0.171s] Level 1:colcon.colcon_core.package_identification:_identify(src/turtlebot3_drlnav) by extension 'colcon_pkg'
[0.171s] Level 1:colcon.colcon_core.package_identification:_identify(src/turtlebot3_drlnav) by extensions ['colcon_meta']
[0.171s] Level 1:colcon.colcon_core.package_identification:_identify(src/turtlebot3_drlnav) by extension 'colcon_meta'
[0.171s] Level 1:colcon.colcon_core.package_identification:_identify(src/turtlebot3_drlnav) by extensions ['ros']
[0.171s] Level 1:colcon.colcon_core.package_identification:_identify(src/turtlebot3_drlnav) by extension 'ros'
[0.171s] Level 1:colcon.colcon_core.package_identification:_identify(src/turtlebot3_drlnav) by extensions ['cmake', 'python']
[0.172s] Level 1:colcon.colcon_core.package_identification:_identify(src/turtlebot3_drlnav) by extension 'cmake'
[0.172s] Level 1:colcon.colcon_core.package_identification:_identify(src/turtlebot3_drlnav) by extension 'python'
[0.172s] Level 1:colcon.colcon_core.package_identification:_identify(src/turtlebot3_drlnav) by extensions ['python_setup_py']
[0.172s] Level 1:colcon.colcon_core.package_identification:_identify(src/turtlebot3_drlnav) by extension 'python_setup_py'
[0.172s] Level 1:colcon.colcon_core.package_identification:_identify(src/turtlebot3_drlnav/media) by extensions ['ignore', 'ignore_ament_install']
[0.172s] Level 1:colcon.colcon_core.package_identification:_identify(src/turtlebot3_drlnav/media) by extension 'ignore'
[0.172s] Level 1:colcon.colcon_core.package_identification:_identify(src/turtlebot3_drlnav/media) by extension 'ignore_ament_install'
[0.172s] Level 1:colcon.colcon_core.package_identification:_identify(src/turtlebot3_drlnav/media) by extensions ['colcon_pkg']
[0.172s] Level 1:colcon.colcon_core.package_identification:_identify(src/turtlebot3_drlnav/media) by extension 'colcon_pkg'
[0.172s] Level 1:colcon.colcon_core.package_identification:_identify(src/turtlebot3_drlnav/media) by extensions ['colcon_meta']
[0.172s] Level 1:colcon.colcon_core.package_identification:_identify(src/turtlebot3_drlnav/media) by extension 'colcon_meta'
[0.172s] Level 1:colcon.colcon_core.package_identification:_identify(src/turtlebot3_drlnav/media) by extensions ['ros']
[0.172s] Level 1:colcon.colcon_core.package_identification:_identify(src/turtlebot3_drlnav/media) by extension 'ros'
[0.172s] Level 1:colcon.colcon_core.package_identification:_identify(src/turtlebot3_drlnav/media) by extensions ['cmake', 'python']
[0.172s] Level 1:colcon.colcon_core.package_identification:_identify(src/turtlebot3_drlnav/media) by extension 'cmake'
[0.172s] Level 1:colcon.colcon_core.package_identification:_identify(src/turtlebot3_drlnav/media) by extension 'python'
[0.172s] Level 1:colcon.colcon_core.package_identification:_identify(src/turtlebot3_drlnav/media) by extensions ['python_setup_py']
[0.172s] Level 1:colcon.colcon_core.package_identification:_identify(src/turtlebot3_drlnav/media) by extension 'python_setup_py'
[0.172s] Level 1:colcon.colcon_core.package_identification:_identify(src/turtlebot3_drlnav/src) by extensions ['ignore', 'ignore_ament_install']
[0.172s] Level 1:colcon.colcon_core.package_identification:_identify(src/turtlebot3_drlnav/src) by extension 'ignore'
[0.172s] Level 1:colcon.colcon_core.package_identification:_identify(src/turtlebot3_drlnav/src) by extension 'ignore_ament_install'
[0.172s] Level 1:colcon.colcon_core.package_identification:_identify(src/turtlebot3_drlnav/src) by extensions ['colcon_pkg']
[0.172s] Level 1:colcon.colcon_core.package_identification:_identify(src/turtlebot3_drlnav/src) by extension 'colcon_pkg'
[0.172s] Level 1:colcon.colcon_core.package_identification:_identify(src/turtlebot3_drlnav/src) by extensions ['colcon_meta']
[0.172s] Level 1:colcon.colcon_core.package_identification:_identify(src/turtlebot3_drlnav/src) by extension 'colcon_meta'
[0.172s] Level 1:colcon.colcon_core.package_identification:_identify(src/turtlebot3_drlnav/src) by extensions ['ros']
[0.172s] Level 1:colcon.colcon_core.package_identification:_identify(src/turtlebot3_drlnav/src) by extension 'ros'
[0.172s] Level 1:colcon.colcon_core.package_identification:_identify(src/turtlebot3_drlnav/src) by extensions ['cmake', 'python']
[0.172s] Level 1:colcon.colcon_core.package_identification:_identify(src/turtlebot3_drlnav/src) by extension 'cmake'
[0.172s] Level 1:colcon.colcon_core.package_identification:_identify(src/turtlebot3_drlnav/src) by extension 'python'
[0.172s] Level 1:colcon.colcon_core.package_identification:_identify(src/turtlebot3_drlnav/src) by extensions ['python_setup_py']
[0.172s] Level 1:colcon.colcon_core.package_identification:_identify(src/turtlebot3_drlnav/src) by extension 'python_setup_py'
[0.172s] Level 1:colcon.colcon_core.package_identification:_identify(src/turtlebot3_drlnav/src/turtlebot3_drl) by extensions ['ignore', 'ignore_ament_install']
[0.172s] Level 1:colcon.colcon_core.package_identification:_identify(src/turtlebot3_drlnav/src/turtlebot3_drl) by extension 'ignore'
[0.172s] Level 1:colcon.colcon_core.package_identification:_identify(src/turtlebot3_drlnav/src/turtlebot3_drl) by extension 'ignore_ament_install'
[0.172s] Level 1:colcon.colcon_core.package_identification:_identify(src/turtlebot3_drlnav/src/turtlebot3_drl) by extensions ['colcon_pkg']
[0.172s] Level 1:colcon.colcon_core.package_identification:_identify(src/turtlebot3_drlnav/src/turtlebot3_drl) by extension 'colcon_pkg'
[0.172s] Level 1:colcon.colcon_core.package_identification:_identify(src/turtlebot3_drlnav/src/turtlebot3_drl) by extensions ['colcon_meta']
[0.172s] Level 1:colcon.colcon_core.package_identification:_identify(src/turtlebot3_drlnav/src/turtlebot3_drl) by extension 'colcon_meta'
[0.172s] Level 1:colcon.colcon_core.package_identification:_identify(src/turtlebot3_drlnav/src/turtlebot3_drl) by extensions ['ros']
[0.172s] Level 1:colcon.colcon_core.package_identification:_identify(src/turtlebot3_drlnav/src/turtlebot3_drl) by extension 'ros'
[0.173s] DEBUG:colcon.colcon_core.package_identification:Package 'src/turtlebot3_drlnav/src/turtlebot3_drl' with type 'ros.ament_python' and name 'turtlebot3_drl'
[0.173s] Level 1:colcon.colcon_core.package_identification:_identify(src/turtlebot3_drlnav/src/turtlebot3_msgs) by extensions ['ignore', 'ignore_ament_install']
[0.173s] Level 1:colcon.colcon_core.package_identification:_identify(src/turtlebot3_drlnav/src/turtlebot3_msgs) by extension 'ignore'
[0.173s] Level 1:colcon.colcon_core.package_identification:_identify(src/turtlebot3_drlnav/src/turtlebot3_msgs) by extension 'ignore_ament_install'
[0.173s] Level 1:colcon.colcon_core.package_identification:_identify(src/turtlebot3_drlnav/src/turtlebot3_msgs) by extensions ['colcon_pkg']
[0.173s] Level 1:colcon.colcon_core.package_identification:_identify(src/turtlebot3_drlnav/src/turtlebot3_msgs) by extension 'colcon_pkg'
[0.173s] Level 1:colcon.colcon_core.package_identification:_identify(src/turtlebot3_drlnav/src/turtlebot3_msgs) by extensions ['colcon_meta']
[0.173s] Level 1:colcon.colcon_core.package_identification:_identify(src/turtlebot3_drlnav/src/turtlebot3_msgs) by extension 'colcon_meta'
[0.173s] Level 1:colcon.colcon_core.package_identification:_identify(src/turtlebot3_drlnav/src/turtlebot3_msgs) by extensions ['ros']
[0.173s] Level 1:colcon.colcon_core.package_identification:_identify(src/turtlebot3_drlnav/src/turtlebot3_msgs) by extension 'ros'
[0.173s] DEBUG:colcon.colcon_core.package_identification:Package 'src/turtlebot3_drlnav/src/turtlebot3_msgs' with type 'ros.ament_cmake' and name 'turtlebot3_msgs'
[0.173s] Level 1:colcon.colcon_core.package_identification:_identify(src/turtlebot3_drlnav/src/turtlebot3_simulations) by extensions ['ignore', 'ignore_ament_install']
[0.174s] Level 1:colcon.colcon_core.package_identification:_identify(src/turtlebot3_drlnav/src/turtlebot3_simulations) by extension 'ignore'
[0.174s] Level 1:colcon.colcon_core.package_identification:_identify(src/turtlebot3_drlnav/src/turtlebot3_simulations) by extension 'ignore_ament_install'
[0.174s] Level 1:colcon.colcon_core.package_identification:_identify(src/turtlebot3_drlnav/src/turtlebot3_simulations) by extensions ['colcon_pkg']
[0.174s] Level 1:colcon.colcon_core.package_identification:_identify(src/turtlebot3_drlnav/src/turtlebot3_simulations) by extension 'colcon_pkg'
[0.174s] Level 1:colcon.colcon_core.package_identification:_identify(src/turtlebot3_drlnav/src/turtlebot3_simulations) by extensions ['colcon_meta']
[0.174s] Level 1:colcon.colcon_core.package_identification:_identify(src/turtlebot3_drlnav/src/turtlebot3_simulations) by extension 'colcon_meta'
[0.174s] Level 1:colcon.colcon_core.package_identification:_identify(src/turtlebot3_drlnav/src/turtlebot3_simulations) by extensions ['ros']
[0.174s] Level 1:colcon.colcon_core.package_identification:_identify(src/turtlebot3_drlnav/src/turtlebot3_simulations) by extension 'ros'
[0.174s] Level 1:colcon.colcon_core.package_identification:_identify(src/turtlebot3_drlnav/src/turtlebot3_simulations) by extensions ['cmake', 'python']
[0.174s] Level 1:colcon.colcon_core.package_identification:_identify(src/turtlebot3_drlnav/src/turtlebot3_simulations) by extension 'cmake'
[0.174s] Level 1:colcon.colcon_core.package_identification:_identify(src/turtlebot3_drlnav/src/turtlebot3_simulations) by extension 'python'
[0.174s] Level 1:colcon.colcon_core.package_identification:_identify(src/turtlebot3_drlnav/src/turtlebot3_simulations) by extensions ['python_setup_py']
[0.174s] Level 1:colcon.colcon_core.package_identification:_identify(src/turtlebot3_drlnav/src/turtlebot3_simulations) by extension 'python_setup_py'
[0.174s] Level 1:colcon.colcon_core.package_identification:_identify(src/turtlebot3_drlnav/src/turtlebot3_simulations/turtlebot3_fake_node) by extensions ['ignore', 'ignore_ament_install']
[0.174s] Level 1:colcon.colcon_core.package_identification:_identify(src/turtlebot3_drlnav/src/turtlebot3_simulations/turtlebot3_fake_node) by extension 'ignore'
[0.174s] Level 1:colcon.colcon_core.package_identification:_identify(src/turtlebot3_drlnav/src/turtlebot3_simulations/turtlebot3_fake_node) by extension 'ignore_ament_install'
[0.174s] Level 1:colcon.colcon_core.package_identification:_identify(src/turtlebot3_drlnav/src/turtlebot3_simulations/turtlebot3_fake_node) by extensions ['colcon_pkg']
[0.174s] Level 1:colcon.colcon_core.package_identification:_identify(src/turtlebot3_drlnav/src/turtlebot3_simulations/turtlebot3_fake_node) by extension 'colcon_pkg'
[0.174s] Level 1:colcon.colcon_core.package_identification:_identify(src/turtlebot3_drlnav/src/turtlebot3_simulations/turtlebot3_fake_node) by extensions ['colcon_meta']
[0.174s] Level 1:colcon.colcon_core.package_identification:_identify(src/turtlebot3_drlnav/src/turtlebot3_simulations/turtlebot3_fake_node) by extension 'colcon_meta'
[0.174s] Level 1:colcon.colcon_core.package_identification:_identify(src/turtlebot3_drlnav/src/turtlebot3_simulations/turtlebot3_fake_node) by extensions ['ros']
[0.174s] Level 1:colcon.colcon_core.package_identification:_identify(src/turtlebot3_drlnav/src/turtlebot3_simulations/turtlebot3_fake_node) by extension 'ros'
[0.175s] DEBUG:colcon.colcon_core.package_identification:Package 'src/turtlebot3_drlnav/src/turtlebot3_simulations/turtlebot3_fake_node' with type 'ros.ament_cmake' and name 'turtlebot3_fake_node'
[0.175s] Level 1:colcon.colcon_core.package_identification:_identify(src/turtlebot3_drlnav/src/turtlebot3_simulations/turtlebot3_gazebo) by extensions ['ignore', 'ignore_ament_install']
[0.175s] Level 1:colcon.colcon_core.package_identification:_identify(src/turtlebot3_drlnav/src/turtlebot3_simulations/turtlebot3_gazebo) by extension 'ignore'
[0.175s] Level 1:colcon.colcon_core.package_identification:_identify(src/turtlebot3_drlnav/src/turtlebot3_simulations/turtlebot3_gazebo) by extension 'ignore_ament_install'
[0.175s] Level 1:colcon.colcon_core.package_identification:_identify(src/turtlebot3_drlnav/src/turtlebot3_simulations/turtlebot3_gazebo) by extensions ['colcon_pkg']
[0.175s] Level 1:colcon.colcon_core.package_identification:_identify(src/turtlebot3_drlnav/src/turtlebot3_simulations/turtlebot3_gazebo) by extension 'colcon_pkg'
[0.175s] Level 1:colcon.colcon_core.package_identification:_identify(src/turtlebot3_drlnav/src/turtlebot3_simulations/turtlebot3_gazebo) by extensions ['colcon_meta']
[0.175s] Level 1:colcon.colcon_core.package_identification:_identify(src/turtlebot3_drlnav/src/turtlebot3_simulations/turtlebot3_gazebo) by extension 'colcon_meta'
[0.175s] Level 1:colcon.colcon_core.package_identification:_identify(src/turtlebot3_drlnav/src/turtlebot3_simulations/turtlebot3_gazebo) by extensions ['ros']
[0.175s] Level 1:colcon.colcon_core.package_identification:_identify(src/turtlebot3_drlnav/src/turtlebot3_simulations/turtlebot3_gazebo) by extension 'ros'
[0.176s] DEBUG:colcon.colcon_core.package_identification:Package 'src/turtlebot3_drlnav/src/turtlebot3_simulations/turtlebot3_gazebo' with type 'ros.ament_cmake' and name 'turtlebot3_gazebo'
[0.176s] Level 1:colcon.colcon_core.package_identification:_identify(src/turtlebot3_drlnav/src/turtlebot3_simulations/turtlebot3_simulations) by extensions ['ignore', 'ignore_ament_install']
[0.176s] Level 1:colcon.colcon_core.package_identification:_identify(src/turtlebot3_drlnav/src/turtlebot3_simulations/turtlebot3_simulations) by extension 'ignore'
[0.176s] Level 1:colcon.colcon_core.package_identification:_identify(src/turtlebot3_drlnav/src/turtlebot3_simulations/turtlebot3_simulations) by extension 'ignore_ament_install'
[0.176s] Level 1:colcon.colcon_core.package_identification:_identify(src/turtlebot3_drlnav/src/turtlebot3_simulations/turtlebot3_simulations) by extensions ['colcon_pkg']
[0.176s] Level 1:colcon.colcon_core.package_identification:_identify(src/turtlebot3_drlnav/src/turtlebot3_simulations/turtlebot3_simulations) by extension 'colcon_pkg'
[0.176s] Level 1:colcon.colcon_core.package_identification:_identify(src/turtlebot3_drlnav/src/turtlebot3_simulations/turtlebot3_simulations) by extensions ['colcon_meta']
[0.176s] Level 1:colcon.colcon_core.package_identification:_identify(src/turtlebot3_drlnav/src/turtlebot3_simulations/turtlebot3_simulations) by extension 'colcon_meta'
[0.176s] Level 1:colcon.colcon_core.package_identification:_identify(src/turtlebot3_drlnav/src/turtlebot3_simulations/turtlebot3_simulations) by extensions ['ros']
[0.176s] Level 1:colcon.colcon_core.package_identification:_identify(src/turtlebot3_drlnav/src/turtlebot3_simulations/turtlebot3_simulations) by extension 'ros'
[0.176s] DEBUG:colcon.colcon_core.package_identification:Package 'src/turtlebot3_drlnav/src/turtlebot3_simulations/turtlebot3_simulations' with type 'ros.ament_cmake' and name 'turtlebot3_simulations'
[0.176s] Level 1:colcon.colcon_core.package_discovery:discover_packages(recursive) using defaults
[0.176s] Level 1:colcon.colcon_core.package_discovery:discover_packages(ignore) discover
[0.176s] Level 1:colcon.colcon_core.package_discovery:discover_packages(ignore) using defaults
[0.176s] Level 1:colcon.colcon_core.package_discovery:discover_packages(path) discover
[0.176s] Level 1:colcon.colcon_core.package_discovery:discover_packages(path) using defaults
[0.187s] Level 1:colcon.colcon_core.package_discovery:discover_packages(prefix_path) check parameters
[0.187s] Level 1:colcon.colcon_core.package_discovery:discover_packages(prefix_path) discover
[0.189s] DEBUG:colcon.colcon_installed_package_information.package_discovery:Found 317 installed packages in /opt/ros/foxy
[0.190s] Level 1:colcon.colcon_core.package_discovery:discover_packages(prefix_path) using defaults
[0.224s] WARNING:colcon.colcon_core.package_selection:Some selected packages are already built in one or more underlay workspaces:
	'turtlebot3_msgs' is in: /opt/ros/foxy
If a package in a merged underlay workspace is overridden and it installs headers, then all packages in the overlay must sort their include directories by workspace order. Failure to do so may result in build failures or undefined behavior at run time.
If the overridden package is used by another package in any underlay, then the overriding package in the overlay must be API and ABI compatible or undefined behavior at run time may occur.

If you understand the risks and want to override a package anyways, add the following to the command line:
	--allow-overriding turtlebot3_msgs

This may be promoted to an error in a future release of colcon-override-check.
[0.225s] Level 5:colcon.colcon_core.verb:set package 'holmes_nav' build argument 'cmake_args' from command line to 'None'
[0.225s] Level 5:colcon.colcon_core.verb:set package 'holmes_nav' build argument 'cmake_target' from command line to 'None'
[0.225s] Level 5:colcon.colcon_core.verb:set package 'holmes_nav' build argument 'cmake_target_skip_unavailable' from command line to 'False'
[0.225s] Level 5:colcon.colcon_core.verb:set package 'holmes_nav' build argument 'cmake_clean_cache' from command line to 'False'
[0.225s] Level 5:colcon.colcon_core.verb:set package 'holmes_nav' build argument 'cmake_clean_first' from command line to 'False'
[0.225s] Level 5:colcon.colcon_core.verb:set package 'holmes_nav' build argument 'cmake_force_configure' from command line to 'False'
[0.225s] Level 5:colcon.colcon_core.verb:set package 'holmes_nav' build argument 'ament_cmake_args' from command line to 'None'
[0.225s] Level 5:colcon.colcon_core.verb:set package 'holmes_nav' build argument 'catkin_cmake_args' from command line to 'None'
[0.225s] Level 5:colcon.colcon_core.verb:set package 'holmes_nav' build argument 'catkin_skip_building_tests' from command line to 'False'
[0.225s] DEBUG:colcon.colcon_core.verb:Building package 'holmes_nav' with the following arguments: {'ament_cmake_args': None, 'build_base': '/home/tribble/me696_2/build/holmes_nav', 'catkin_cmake_args': None, 'catkin_skip_building_tests': False, 'cmake_args': None, 'cmake_clean_cache': False, 'cmake_clean_first': False, 'cmake_force_configure': False, 'cmake_target': None, 'cmake_target_skip_unavailable': False, 'install_base': '/home/tribble/me696_2/install/holmes_nav', 'merge_install': False, 'path': '/home/tribble/me696_2/src/me696_hh2_ws/holmes_nav', 'symlink_install': False, 'test_result_base': None}
[0.226s] Level 5:colcon.colcon_core.verb:set package 'sample_maps' build argument 'cmake_args' from command line to 'None'
[0.226s] Level 5:colcon.colcon_core.verb:set package 'sample_maps' build argument 'cmake_target' from command line to 'None'
[0.226s] Level 5:colcon.colcon_core.verb:set package 'sample_maps' build argument 'cmake_target_skip_unavailable' from command line to 'False'
[0.226s] Level 5:colcon.colcon_core.verb:set package 'sample_maps' build argument 'cmake_clean_cache' from command line to 'False'
[0.226s] Level 5:colcon.colcon_core.verb:set package 'sample_maps' build argument 'cmake_clean_first' from command line to 'False'
[0.226s] Level 5:colcon.colcon_core.verb:set package 'sample_maps' build argument 'cmake_force_configure' from command line to 'False'
[0.226s] Level 5:colcon.colcon_core.verb:set package 'sample_maps' build argument 'ament_cmake_args' from command line to 'None'
[0.226s] Level 5:colcon.colcon_core.verb:set package 'sample_maps' build argument 'catkin_cmake_args' from command line to 'None'
[0.226s] Level 5:colcon.colcon_core.verb:set package 'sample_maps' build argument 'catkin_skip_building_tests' from command line to 'False'
[0.226s] DEBUG:colcon.colcon_core.verb:Building package 'sample_maps' with the following arguments: {'ament_cmake_args': None, 'build_base': '/home/tribble/me696_2/build/sample_maps', 'catkin_cmake_args': None, 'catkin_skip_building_tests': False, 'cmake_args': None, 'cmake_clean_cache': False, 'cmake_clean_first': False, 'cmake_force_configure': False, 'cmake_target': None, 'cmake_target_skip_unavailable': False, 'install_base': '/home/tribble/me696_2/install/sample_maps', 'merge_install': False, 'path': '/home/tribble/me696_2/src/me696_hh2_ws/sample_maps', 'symlink_install': False, 'test_result_base': None}
[0.226s] Level 5:colcon.colcon_core.verb:set package 'turtlebot3_gazebo' build argument 'cmake_args' from command line to 'None'
[0.226s] Level 5:colcon.colcon_core.verb:set package 'turtlebot3_gazebo' build argument 'cmake_target' from command line to 'None'
[0.226s] Level 5:colcon.colcon_core.verb:set package 'turtlebot3_gazebo' build argument 'cmake_target_skip_unavailable' from command line to 'False'
[0.226s] Level 5:colcon.colcon_core.verb:set package 'turtlebot3_gazebo' build argument 'cmake_clean_cache' from command line to 'False'
[0.226s] Level 5:colcon.colcon_core.verb:set package 'turtlebot3_gazebo' build argument 'cmake_clean_first' from command line to 'False'
[0.226s] Level 5:colcon.colcon_core.verb:set package 'turtlebot3_gazebo' build argument 'cmake_force_configure' from command line to 'False'
[0.226s] Level 5:colcon.colcon_core.verb:set package 'turtlebot3_gazebo' build argument 'ament_cmake_args' from command line to 'None'
[0.226s] Level 5:colcon.colcon_core.verb:set package 'turtlebot3_gazebo' build argument 'catkin_cmake_args' from command line to 'None'
[0.226s] Level 5:colcon.colcon_core.verb:set package 'turtlebot3_gazebo' build argument 'catkin_skip_building_tests' from command line to 'False'
[0.226s] DEBUG:colcon.colcon_core.verb:Building package 'turtlebot3_gazebo' with the following arguments: {'ament_cmake_args': None, 'build_base': '/home/tribble/me696_2/build/turtlebot3_gazebo', 'catkin_cmake_args': None, 'catkin_skip_building_tests': False, 'cmake_args': None, 'cmake_clean_cache': False, 'cmake_clean_first': False, 'cmake_force_configure': False, 'cmake_target': None, 'cmake_target_skip_unavailable': False, 'install_base': '/home/tribble/me696_2/install/turtlebot3_gazebo', 'merge_install': False, 'path': '/home/tribble/me696_2/src/turtlebot3_drlnav/src/turtlebot3_simulations/turtlebot3_gazebo', 'symlink_install': False, 'test_result_base': None}
[0.227s] Level 5:colcon.colcon_core.verb:set package 'turtlebot3_msgs' build argument 'cmake_args' from command line to 'None'
[0.227s] Level 5:colcon.colcon_core.verb:set package 'turtlebot3_msgs' build argument 'cmake_target' from command line to 'None'
[0.227s] Level 5:colcon.colcon_core.verb:set package 'turtlebot3_msgs' build argument 'cmake_target_skip_unavailable' from command line to 'False'
[0.227s] Level 5:colcon.colcon_core.verb:set package 'turtlebot3_msgs' build argument 'cmake_clean_cache' from command line to 'False'
[0.227s] Level 5:colcon.colcon_core.verb:set package 'turtlebot3_msgs' build argument 'cmake_clean_first' from command line to 'False'
[0.227s] Level 5:colcon.colcon_core.verb:set package 'turtlebot3_msgs' build argument 'cmake_force_configure' from command line to 'False'
[0.227s] Level 5:colcon.colcon_core.verb:set package 'turtlebot3_msgs' build argument 'ament_cmake_args' from command line to 'None'
[0.227s] Level 5:colcon.colcon_core.verb:set package 'turtlebot3_msgs' build argument 'catkin_cmake_args' from command line to 'None'
[0.227s] Level 5:colcon.colcon_core.verb:set package 'turtlebot3_msgs' build argument 'catkin_skip_building_tests' from command line to 'False'
[0.227s] DEBUG:colcon.colcon_core.verb:Building package 'turtlebot3_msgs' with the following arguments: {'ament_cmake_args': None, 'build_base': '/home/tribble/me696_2/build/turtlebot3_msgs', 'catkin_cmake_args': None, 'catkin_skip_building_tests': False, 'cmake_args': None, 'cmake_clean_cache': False, 'cmake_clean_first': False, 'cmake_force_configure': False, 'cmake_target': None, 'cmake_target_skip_unavailable': False, 'install_base': '/home/tribble/me696_2/install/turtlebot3_msgs', 'merge_install': False, 'path': '/home/tribble/me696_2/src/turtlebot3_drlnav/src/turtlebot3_msgs', 'symlink_install': False, 'test_result_base': None}
[0.227s] Level 5:colcon.colcon_core.verb:set package 'turtlebot3_drl' build argument 'cmake_args' from command line to 'None'
[0.227s] Level 5:colcon.colcon_core.verb:set package 'turtlebot3_drl' build argument 'cmake_target' from command line to 'None'
[0.227s] Level 5:colcon.colcon_core.verb:set package 'turtlebot3_drl' build argument 'cmake_target_skip_unavailable' from command line to 'False'
[0.227s] Level 5:colcon.colcon_core.verb:set package 'turtlebot3_drl' build argument 'cmake_clean_cache' from command line to 'False'
[0.227s] Level 5:colcon.colcon_core.verb:set package 'turtlebot3_drl' build argument 'cmake_clean_first' from command line to 'False'
[0.227s] Level 5:colcon.colcon_core.verb:set package 'turtlebot3_drl' build argument 'cmake_force_configure' from command line to 'False'
[0.227s] Level 5:colcon.colcon_core.verb:set package 'turtlebot3_drl' build argument 'ament_cmake_args' from command line to 'None'
[0.227s] Level 5:colcon.colcon_core.verb:set package 'turtlebot3_drl' build argument 'catkin_cmake_args' from command line to 'None'
[0.227s] Level 5:colcon.colcon_core.verb:set package 'turtlebot3_drl' build argument 'catkin_skip_building_tests' from command line to 'False'
[0.227s] DEBUG:colcon.colcon_core.verb:Building package 'turtlebot3_drl' with the following arguments: {'ament_cmake_args': None, 'build_base': '/home/tribble/me696_2/build/turtlebot3_drl', 'catkin_cmake_args': None, 'catkin_skip_building_tests': False, 'cmake_args': None, 'cmake_clean_cache': False, 'cmake_clean_first': False, 'cmake_force_configure': False, 'cmake_target': None, 'cmake_target_skip_unavailable': False, 'install_base': '/home/tribble/me696_2/install/turtlebot3_drl', 'merge_install': False, 'path': '/home/tribble/me696_2/src/turtlebot3_drlnav/src/turtlebot3_drl', 'symlink_install': False, 'test_result_base': None}
[0.228s] Level 5:colcon.colcon_core.verb:set package 'turtlebot3_fake_node' build argument 'cmake_args' from command line to 'None'
[0.228s] Level 5:colcon.colcon_core.verb:set package 'turtlebot3_fake_node' build argument 'cmake_target' from command line to 'None'
[0.228s] Level 5:colcon.colcon_core.verb:set package 'turtlebot3_fake_node' build argument 'cmake_target_skip_unavailable' from command line to 'False'
[0.228s] Level 5:colcon.colcon_core.verb:set package 'turtlebot3_fake_node' build argument 'cmake_clean_cache' from command line to 'False'
[0.228s] Level 5:colcon.colcon_core.verb:set package 'turtlebot3_fake_node' build argument 'cmake_clean_first' from command line to 'False'
[0.228s] Level 5:colcon.colcon_core.verb:set package 'turtlebot3_fake_node' build argument 'cmake_force_configure' from command line to 'False'
[0.228s] Level 5:colcon.colcon_core.verb:set package 'turtlebot3_fake_node' build argument 'ament_cmake_args' from command line to 'None'
[0.228s] Level 5:colcon.colcon_core.verb:set package 'turtlebot3_fake_node' build argument 'catkin_cmake_args' from command line to 'None'
[0.228s] Level 5:colcon.colcon_core.verb:set package 'turtlebot3_fake_node' build argument 'catkin_skip_building_tests' from command line to 'False'
[0.228s] DEBUG:colcon.colcon_core.verb:Building package 'turtlebot3_fake_node' with the following arguments: {'ament_cmake_args': None, 'build_base': '/home/tribble/me696_2/build/turtlebot3_fake_node', 'catkin_cmake_args': None, 'catkin_skip_building_tests': False, 'cmake_args': None, 'cmake_clean_cache': False, 'cmake_clean_first': False, 'cmake_force_configure': False, 'cmake_target': None, 'cmake_target_skip_unavailable': False, 'install_base': '/home/tribble/me696_2/install/turtlebot3_fake_node', 'merge_install': False, 'path': '/home/tribble/me696_2/src/turtlebot3_drlnav/src/turtlebot3_simulations/turtlebot3_fake_node', 'symlink_install': False, 'test_result_base': None}
[0.228s] Level 5:colcon.colcon_core.verb:set package 'turtlebot3_simulations' build argument 'cmake_args' from command line to 'None'
[0.228s] Level 5:colcon.colcon_core.verb:set package 'turtlebot3_simulations' build argument 'cmake_target' from command line to 'None'
[0.228s] Level 5:colcon.colcon_core.verb:set package 'turtlebot3_simulations' build argument 'cmake_target_skip_unavailable' from command line to 'False'
[0.228s] Level 5:colcon.colcon_core.verb:set package 'turtlebot3_simulations' build argument 'cmake_clean_cache' from command line to 'False'
[0.228s] Level 5:colcon.colcon_core.verb:set package 'turtlebot3_simulations' build argument 'cmake_clean_first' from command line to 'False'
[0.228s] Level 5:colcon.colcon_core.verb:set package 'turtlebot3_simulations' build argument 'cmake_force_configure' from command line to 'False'
[0.228s] Level 5:colcon.colcon_core.verb:set package 'turtlebot3_simulations' build argument 'ament_cmake_args' from command line to 'None'
[0.228s] Level 5:colcon.colcon_core.verb:set package 'turtlebot3_simulations' build argument 'catkin_cmake_args' from command line to 'None'
[0.228s] Level 5:colcon.colcon_core.verb:set package 'turtlebot3_simulations' build argument 'catkin_skip_building_tests' from command line to 'False'
[0.228s] DEBUG:colcon.colcon_core.verb:Building package 'turtlebot3_simulations' with the following arguments: {'ament_cmake_args': None, 'build_base': '/home/tribble/me696_2/build/turtlebot3_simulations', 'catkin_cmake_args': None, 'catkin_skip_building_tests': False, 'cmake_args': None, 'cmake_clean_cache': False, 'cmake_clean_first': False, 'cmake_force_configure': False, 'cmake_target': None, 'cmake_target_skip_unavailable': False, 'install_base': '/home/tribble/me696_2/install/turtlebot3_simulations', 'merge_install': False, 'path': '/home/tribble/me696_2/src/turtlebot3_drlnav/src/turtlebot3_simulations/turtlebot3_simulations', 'symlink_install': False, 'test_result_base': None}
[0.229s] INFO:colcon.colcon_core.executor:Executing jobs using 'parallel' executor
[0.230s] DEBUG:colcon.colcon_parallel_executor.executor.parallel:run_until_complete
[0.231s] INFO:colcon.colcon_ros.task.ament_cmake.build:Building ROS package in '/home/tribble/me696_2/src/turtlebot3_drlnav/src/turtlebot3_msgs' with build type 'ament_cmake'
[0.231s] INFO:colcon.colcon_cmake.task.cmake.build:Building CMake package in '/home/tribble/me696_2/src/turtlebot3_drlnav/src/turtlebot3_msgs'
[0.234s] INFO:colcon.colcon_core.plugin_system:Skipping extension 'colcon_core.shell.bat': Not used on non-Windows systems
[0.234s] INFO:colcon.colcon_core.shell:Skip shell extension 'powershell' for command environment: Not usable outside of PowerShell
[0.234s] DEBUG:colcon.colcon_core.shell:Skip shell extension 'dsv' for command environment
[0.238s] INFO:colcon.colcon_ros.task.ament_cmake.build:Building ROS package in '/home/tribble/me696_2/src/turtlebot3_drlnav/src/turtlebot3_simulations/turtlebot3_gazebo' with build type 'ament_cmake'
[0.238s] INFO:colcon.colcon_cmake.task.cmake.build:Building CMake package in '/home/tribble/me696_2/src/turtlebot3_drlnav/src/turtlebot3_simulations/turtlebot3_gazebo'
[0.239s] INFO:colcon.colcon_core.shell:Skip shell extension 'powershell' for command environment: Not usable outside of PowerShell
[0.239s] DEBUG:colcon.colcon_core.shell:Skip shell extension 'dsv' for command environment
[0.244s] DEBUG:colcon.colcon_core.event_handler.log_command:Invoking command in '/home/tribble/me696_2/build/turtlebot3_msgs': CMAKE_PREFIX_PATH=/opt/ros/foxy /usr/bin/cmake /home/tribble/me696_2/src/turtlebot3_drlnav/src/turtlebot3_msgs -DCMAKE_INSTALL_PREFIX=/home/tribble/me696_2/install/turtlebot3_msgs
[0.264s] DEBUG:colcon.colcon_core.event_handler.log_command:Invoking command in '/home/tribble/me696_2/build/turtlebot3_gazebo': CMAKE_PREFIX_PATH=/opt/ros/foxy /usr/bin/cmake /home/tribble/me696_2/src/turtlebot3_drlnav/src/turtlebot3_simulations/turtlebot3_gazebo -DCMAKE_INSTALL_PREFIX=/home/tribble/me696_2/install/turtlebot3_gazebo
[0.941s] DEBUG:colcon.colcon_core.event_handler.log_command:Invoked command in '/home/tribble/me696_2/build/turtlebot3_msgs' returned '0': CMAKE_PREFIX_PATH=/opt/ros/foxy /usr/bin/cmake /home/tribble/me696_2/src/turtlebot3_drlnav/src/turtlebot3_msgs -DCMAKE_INSTALL_PREFIX=/home/tribble/me696_2/install/turtlebot3_msgs
[0.943s] DEBUG:colcon.colcon_core.event_handler.log_command:Invoking command in '/home/tribble/me696_2/build/turtlebot3_msgs': CMAKE_PREFIX_PATH=/opt/ros/foxy /usr/bin/cmake --build /home/tribble/me696_2/build/turtlebot3_msgs -- -j2 -l2
[2.028s] DEBUG:colcon.colcon_core.event_handler.log_command:Invoked command in '/home/tribble/me696_2/build/turtlebot3_gazebo' returned '0': CMAKE_PREFIX_PATH=/opt/ros/foxy /usr/bin/cmake /home/tribble/me696_2/src/turtlebot3_drlnav/src/turtlebot3_simulations/turtlebot3_gazebo -DCMAKE_INSTALL_PREFIX=/home/tribble/me696_2/install/turtlebot3_gazebo
[2.030s] DEBUG:colcon.colcon_core.event_handler.log_command:Invoking command in '/home/tribble/me696_2/build/turtlebot3_gazebo': CMAKE_PREFIX_PATH=/opt/ros/foxy /usr/bin/cmake --build /home/tribble/me696_2/build/turtlebot3_gazebo -- -j2 -l2
[14.859s] DEBUG:colcon.colcon_core.event_handler.log_command:Invoked command in '/home/tribble/me696_2/build/turtlebot3_msgs' returned '0': CMAKE_PREFIX_PATH=/opt/ros/foxy /usr/bin/cmake --build /home/tribble/me696_2/build/turtlebot3_msgs -- -j2 -l2
[14.948s] DEBUG:colcon.colcon_core.event_handler.log_command:Invoking command in '/home/tribble/me696_2/build/turtlebot3_msgs': CMAKE_PREFIX_PATH=/opt/ros/foxy /usr/bin/cmake --install /home/tribble/me696_2/build/turtlebot3_msgs
[15.028s] Level 1:colcon.colcon_core.environment:create_environment_scripts_only(turtlebot3_msgs)
[15.029s] DEBUG:colcon.colcon_core.event_handler.log_command:Invoked command in '/home/tribble/me696_2/build/turtlebot3_msgs' returned '0': CMAKE_PREFIX_PATH=/opt/ros/foxy /usr/bin/cmake --install /home/tribble/me696_2/build/turtlebot3_msgs
[15.034s] Level 1:colcon.colcon_core.environment:checking '/home/tribble/me696_2/install/turtlebot3_msgs' for CMake module files
[15.034s] Level 1:colcon.colcon_core.environment:checking '/home/tribble/me696_2/install/turtlebot3_msgs' for CMake config files
[15.035s] Level 1:colcon.colcon_core.shell:create_environment_hook('turtlebot3_msgs', 'cmake_prefix_path')
[15.036s] INFO:colcon.colcon_core.shell:Creating environment hook '/home/tribble/me696_2/install/turtlebot3_msgs/share/turtlebot3_msgs/hook/cmake_prefix_path.ps1'
[15.041s] INFO:colcon.colcon_core.shell:Creating environment descriptor '/home/tribble/me696_2/install/turtlebot3_msgs/share/turtlebot3_msgs/hook/cmake_prefix_path.dsv'
[15.042s] INFO:colcon.colcon_core.shell:Creating environment hook '/home/tribble/me696_2/install/turtlebot3_msgs/share/turtlebot3_msgs/hook/cmake_prefix_path.sh'
[15.043s] Level 1:colcon.colcon_core.environment:checking '/home/tribble/me696_2/install/turtlebot3_msgs/lib'
[15.043s] Level 1:colcon.colcon_core.shell:create_environment_hook('turtlebot3_msgs', 'ld_library_path_lib')
[15.043s] INFO:colcon.colcon_core.shell:Creating environment hook '/home/tribble/me696_2/install/turtlebot3_msgs/share/turtlebot3_msgs/hook/ld_library_path_lib.ps1'
[15.044s] INFO:colcon.colcon_core.shell:Creating environment descriptor '/home/tribble/me696_2/install/turtlebot3_msgs/share/turtlebot3_msgs/hook/ld_library_path_lib.dsv'
[15.044s] INFO:colcon.colcon_core.shell:Creating environment hook '/home/tribble/me696_2/install/turtlebot3_msgs/share/turtlebot3_msgs/hook/ld_library_path_lib.sh'
[15.044s] Level 1:colcon.colcon_core.environment:checking '/home/tribble/me696_2/install/turtlebot3_msgs/bin'
[15.044s] Level 1:colcon.colcon_core.environment:checking '/home/tribble/me696_2/install/turtlebot3_msgs/lib/pkgconfig/turtlebot3_msgs.pc'
[15.044s] Level 1:colcon.colcon_core.environment:checking '/home/tribble/me696_2/install/turtlebot3_msgs/lib/python3.8/site-packages'
[15.044s] Level 1:colcon.colcon_core.shell:create_environment_hook('turtlebot3_msgs', 'pythonpath')
[15.045s] INFO:colcon.colcon_core.shell:Creating environment hook '/home/tribble/me696_2/install/turtlebot3_msgs/share/turtlebot3_msgs/hook/pythonpath.ps1'
[15.045s] INFO:colcon.colcon_core.shell:Creating environment descriptor '/home/tribble/me696_2/install/turtlebot3_msgs/share/turtlebot3_msgs/hook/pythonpath.dsv'
[15.045s] INFO:colcon.colcon_core.shell:Creating environment hook '/home/tribble/me696_2/install/turtlebot3_msgs/share/turtlebot3_msgs/hook/pythonpath.sh'
[15.045s] Level 1:colcon.colcon_core.environment:checking '/home/tribble/me696_2/install/turtlebot3_msgs/bin'
[15.046s] INFO:colcon.colcon_core.shell:Creating package script '/home/tribble/me696_2/install/turtlebot3_msgs/share/turtlebot3_msgs/package.ps1'
[15.057s] INFO:colcon.colcon_core.shell:Creating package descriptor '/home/tribble/me696_2/install/turtlebot3_msgs/share/turtlebot3_msgs/package.dsv'
[15.058s] INFO:colcon.colcon_core.shell:Creating package script '/home/tribble/me696_2/install/turtlebot3_msgs/share/turtlebot3_msgs/package.sh'
[15.059s] INFO:colcon.colcon_core.shell:Creating package script '/home/tribble/me696_2/install/turtlebot3_msgs/share/turtlebot3_msgs/package.bash'
[15.059s] INFO:colcon.colcon_core.shell:Creating package script '/home/tribble/me696_2/install/turtlebot3_msgs/share/turtlebot3_msgs/package.zsh'
[15.060s] Level 1:colcon.colcon_core.environment:create_file_with_runtime_dependencies(/home/tribble/me696_2/install/turtlebot3_msgs/share/colcon-core/packages/turtlebot3_msgs)
[15.277s] Level 1:colcon.colcon_core.environment:create_environment_scripts_only(turtlebot3_msgs)
[15.278s] Level 1:colcon.colcon_core.environment:checking '/home/tribble/me696_2/install/turtlebot3_msgs' for CMake module files
[15.278s] Level 1:colcon.colcon_core.environment:checking '/home/tribble/me696_2/install/turtlebot3_msgs' for CMake config files
[15.278s] Level 1:colcon.colcon_core.shell:create_environment_hook('turtlebot3_msgs', 'cmake_prefix_path')
[15.279s] INFO:colcon.colcon_core.shell:Creating environment hook '/home/tribble/me696_2/install/turtlebot3_msgs/share/turtlebot3_msgs/hook/cmake_prefix_path.ps1'
[15.279s] INFO:colcon.colcon_core.shell:Creating environment descriptor '/home/tribble/me696_2/install/turtlebot3_msgs/share/turtlebot3_msgs/hook/cmake_prefix_path.dsv'
[15.280s] INFO:colcon.colcon_core.shell:Creating environment hook '/home/tribble/me696_2/install/turtlebot3_msgs/share/turtlebot3_msgs/hook/cmake_prefix_path.sh'
[15.280s] Level 1:colcon.colcon_core.environment:checking '/home/tribble/me696_2/install/turtlebot3_msgs/lib'
[15.280s] Level 1:colcon.colcon_core.shell:create_environment_hook('turtlebot3_msgs', 'ld_library_path_lib')
[15.281s] INFO:colcon.colcon_core.shell:Creating environment hook '/home/tribble/me696_2/install/turtlebot3_msgs/share/turtlebot3_msgs/hook/ld_library_path_lib.ps1'
[15.281s] INFO:colcon.colcon_core.shell:Creating environment descriptor '/home/tribble/me696_2/install/turtlebot3_msgs/share/turtlebot3_msgs/hook/ld_library_path_lib.dsv'
[15.281s] INFO:colcon.colcon_core.shell:Creating environment hook '/home/tribble/me696_2/install/turtlebot3_msgs/share/turtlebot3_msgs/hook/ld_library_path_lib.sh'
[15.281s] Level 1:colcon.colcon_core.environment:checking '/home/tribble/me696_2/install/turtlebot3_msgs/bin'
[15.281s] Level 1:colcon.colcon_core.environment:checking '/home/tribble/me696_2/install/turtlebot3_msgs/lib/pkgconfig/turtlebot3_msgs.pc'
[15.282s] Level 1:colcon.colcon_core.environment:checking '/home/tribble/me696_2/install/turtlebot3_msgs/lib/python3.8/site-packages'
[15.282s] Level 1:colcon.colcon_core.shell:create_environment_hook('turtlebot3_msgs', 'pythonpath')
[15.282s] INFO:colcon.colcon_core.shell:Creating environment hook '/home/tribble/me696_2/install/turtlebot3_msgs/share/turtlebot3_msgs/hook/pythonpath.ps1'
[15.282s] INFO:colcon.colcon_core.shell:Creating environment descriptor '/home/tribble/me696_2/install/turtlebot3_msgs/share/turtlebot3_msgs/hook/pythonpath.dsv'
[15.283s] INFO:colcon.colcon_core.shell:Creating environment hook '/home/tribble/me696_2/install/turtlebot3_msgs/share/turtlebot3_msgs/hook/pythonpath.sh'
[15.283s] Level 1:colcon.colcon_core.environment:checking '/home/tribble/me696_2/install/turtlebot3_msgs/bin'
[15.284s] INFO:colcon.colcon_core.shell:Creating package script '/home/tribble/me696_2/install/turtlebot3_msgs/share/turtlebot3_msgs/package.ps1'
[15.284s] INFO:colcon.colcon_core.shell:Creating package descriptor '/home/tribble/me696_2/install/turtlebot3_msgs/share/turtlebot3_msgs/package.dsv'
[15.284s] INFO:colcon.colcon_core.shell:Creating package script '/home/tribble/me696_2/install/turtlebot3_msgs/share/turtlebot3_msgs/package.sh'
[15.285s] INFO:colcon.colcon_core.shell:Creating package script '/home/tribble/me696_2/install/turtlebot3_msgs/share/turtlebot3_msgs/package.bash'
[15.285s] INFO:colcon.colcon_core.shell:Creating package script '/home/tribble/me696_2/install/turtlebot3_msgs/share/turtlebot3_msgs/package.zsh'
[15.285s] Level 1:colcon.colcon_core.environment:create_file_with_runtime_dependencies(/home/tribble/me696_2/install/turtlebot3_msgs/share/colcon-core/packages/turtlebot3_msgs)
[15.286s] INFO:colcon.colcon_ros.task.ament_cmake.build:Building ROS package in '/home/tribble/me696_2/src/turtlebot3_drlnav/src/turtlebot3_simulations/turtlebot3_fake_node' with build type 'ament_cmake'
[15.286s] INFO:colcon.colcon_cmake.task.cmake.build:Building CMake package in '/home/tribble/me696_2/src/turtlebot3_drlnav/src/turtlebot3_simulations/turtlebot3_fake_node'
[15.287s] INFO:colcon.colcon_core.shell:Skip shell extension 'powershell' for command environment: Not usable outside of PowerShell
[15.287s] DEBUG:colcon.colcon_core.shell:Skip shell extension 'dsv' for command environment
[15.297s] DEBUG:colcon.colcon_core.event_handler.log_command:Invoking command in '/home/tribble/me696_2/build/turtlebot3_fake_node': AMENT_PREFIX_PATH=/home/tribble/me696_2/install/turtlebot3_msgs:${AMENT_PREFIX_PATH} CMAKE_PREFIX_PATH=/home/tribble/me696_2/install/turtlebot3_msgs:/opt/ros/foxy LD_LIBRARY_PATH=/home/tribble/me696_2/install/turtlebot3_msgs/lib:${LD_LIBRARY_PATH} PYTHONPATH=/home/tribble/me696_2/install/turtlebot3_msgs/lib/python3.8/site-packages:${PYTHONPATH} /usr/bin/cmake /home/tribble/me696_2/src/turtlebot3_drlnav/src/turtlebot3_simulations/turtlebot3_fake_node -DCMAKE_INSTALL_PREFIX=/home/tribble/me696_2/install/turtlebot3_fake_node
[17.021s] DEBUG:colcon.colcon_core.event_handler.log_command:Invoked command in '/home/tribble/me696_2/build/turtlebot3_fake_node' returned '0': AMENT_PREFIX_PATH=/home/tribble/me696_2/install/turtlebot3_msgs:${AMENT_PREFIX_PATH} CMAKE_PREFIX_PATH=/home/tribble/me696_2/install/turtlebot3_msgs:/opt/ros/foxy LD_LIBRARY_PATH=/home/tribble/me696_2/install/turtlebot3_msgs/lib:${LD_LIBRARY_PATH} PYTHONPATH=/home/tribble/me696_2/install/turtlebot3_msgs/lib/python3.8/site-packages:${PYTHONPATH} /usr/bin/cmake /home/tribble/me696_2/src/turtlebot3_drlnav/src/turtlebot3_simulations/turtlebot3_fake_node -DCMAKE_INSTALL_PREFIX=/home/tribble/me696_2/install/turtlebot3_fake_node
[17.022s] DEBUG:colcon.colcon_core.event_handler.log_command:Invoking command in '/home/tribble/me696_2/build/turtlebot3_fake_node': AMENT_PREFIX_PATH=/home/tribble/me696_2/install/turtlebot3_msgs:${AMENT_PREFIX_PATH} CMAKE_PREFIX_PATH=/home/tribble/me696_2/install/turtlebot3_msgs:/opt/ros/foxy LD_LIBRARY_PATH=/home/tribble/me696_2/install/turtlebot3_msgs/lib:${LD_LIBRARY_PATH} PYTHONPATH=/home/tribble/me696_2/install/turtlebot3_msgs/lib/python3.8/site-packages:${PYTHONPATH} /usr/bin/cmake --build /home/tribble/me696_2/build/turtlebot3_fake_node -- -j2 -l2
[20.076s] DEBUG:colcon.colcon_core.event_handler.log_command:Invoked command in '/home/tribble/me696_2/build/turtlebot3_gazebo' returned '0': CMAKE_PREFIX_PATH=/opt/ros/foxy /usr/bin/cmake --build /home/tribble/me696_2/build/turtlebot3_gazebo -- -j2 -l2
[20.094s] DEBUG:colcon.colcon_core.event_handler.log_command:Invoking command in '/home/tribble/me696_2/build/turtlebot3_gazebo': CMAKE_PREFIX_PATH=/opt/ros/foxy /usr/bin/cmake --install /home/tribble/me696_2/build/turtlebot3_gazebo
[20.289s] Level 1:colcon.colcon_core.environment:create_environment_scripts_only(turtlebot3_gazebo)
[20.290s] DEBUG:colcon.colcon_core.event_handler.log_command:Invoked command in '/home/tribble/me696_2/build/turtlebot3_gazebo' returned '0': CMAKE_PREFIX_PATH=/opt/ros/foxy /usr/bin/cmake --install /home/tribble/me696_2/build/turtlebot3_gazebo
[20.291s] Level 1:colcon.colcon_core.environment:checking '/home/tribble/me696_2/install/turtlebot3_gazebo' for CMake module files
[20.291s] Level 1:colcon.colcon_core.environment:checking '/home/tribble/me696_2/install/turtlebot3_gazebo' for CMake config files
[20.291s] Level 1:colcon.colcon_core.shell:create_environment_hook('turtlebot3_gazebo', 'cmake_prefix_path')
[20.292s] INFO:colcon.colcon_core.shell:Creating environment hook '/home/tribble/me696_2/install/turtlebot3_gazebo/share/turtlebot3_gazebo/hook/cmake_prefix_path.ps1'
[20.292s] INFO:colcon.colcon_core.shell:Creating environment descriptor '/home/tribble/me696_2/install/turtlebot3_gazebo/share/turtlebot3_gazebo/hook/cmake_prefix_path.dsv'
[20.292s] INFO:colcon.colcon_core.shell:Creating environment hook '/home/tribble/me696_2/install/turtlebot3_gazebo/share/turtlebot3_gazebo/hook/cmake_prefix_path.sh'
[20.293s] Level 1:colcon.colcon_core.environment:checking '/home/tribble/me696_2/install/turtlebot3_gazebo/lib'
[20.293s] Level 1:colcon.colcon_core.environment:checking '/home/tribble/me696_2/install/turtlebot3_gazebo/bin'
[20.293s] Level 1:colcon.colcon_core.environment:checking '/home/tribble/me696_2/install/turtlebot3_gazebo/lib/pkgconfig/turtlebot3_gazebo.pc'
[20.293s] Level 1:colcon.colcon_core.environment:checking '/home/tribble/me696_2/install/turtlebot3_gazebo/lib/python3.8/site-packages'
[20.293s] Level 1:colcon.colcon_core.environment:checking '/home/tribble/me696_2/install/turtlebot3_gazebo/bin'
[20.294s] INFO:colcon.colcon_core.shell:Creating package script '/home/tribble/me696_2/install/turtlebot3_gazebo/share/turtlebot3_gazebo/package.ps1'
[20.294s] INFO:colcon.colcon_core.shell:Creating package descriptor '/home/tribble/me696_2/install/turtlebot3_gazebo/share/turtlebot3_gazebo/package.dsv'
[20.294s] INFO:colcon.colcon_core.shell:Creating package script '/home/tribble/me696_2/install/turtlebot3_gazebo/share/turtlebot3_gazebo/package.sh'
[20.295s] INFO:colcon.colcon_core.shell:Creating package script '/home/tribble/me696_2/install/turtlebot3_gazebo/share/turtlebot3_gazebo/package.bash'
[20.295s] INFO:colcon.colcon_core.shell:Creating package script '/home/tribble/me696_2/install/turtlebot3_gazebo/share/turtlebot3_gazebo/package.zsh'
[20.295s] Level 1:colcon.colcon_core.environment:create_file_with_runtime_dependencies(/home/tribble/me696_2/install/turtlebot3_gazebo/share/colcon-core/packages/turtlebot3_gazebo)
[20.312s] Level 1:colcon.colcon_core.environment:create_environment_scripts_only(turtlebot3_gazebo)
[20.313s] Level 1:colcon.colcon_core.environment:checking '/home/tribble/me696_2/install/turtlebot3_gazebo' for CMake module files
[20.313s] Level 1:colcon.colcon_core.environment:checking '/home/tribble/me696_2/install/turtlebot3_gazebo' for CMake config files
[20.314s] Level 1:colcon.colcon_core.shell:create_environment_hook('turtlebot3_gazebo', 'cmake_prefix_path')
[20.314s] INFO:colcon.colcon_core.shell:Creating environment hook '/home/tribble/me696_2/install/turtlebot3_gazebo/share/turtlebot3_gazebo/hook/cmake_prefix_path.ps1'
[20.315s] INFO:colcon.colcon_core.shell:Creating environment descriptor '/home/tribble/me696_2/install/turtlebot3_gazebo/share/turtlebot3_gazebo/hook/cmake_prefix_path.dsv'
[20.315s] INFO:colcon.colcon_core.shell:Creating environment hook '/home/tribble/me696_2/install/turtlebot3_gazebo/share/turtlebot3_gazebo/hook/cmake_prefix_path.sh'
[20.315s] Level 1:colcon.colcon_core.environment:checking '/home/tribble/me696_2/install/turtlebot3_gazebo/lib'
[20.315s] Level 1:colcon.colcon_core.environment:checking '/home/tribble/me696_2/install/turtlebot3_gazebo/bin'
[20.315s] Level 1:colcon.colcon_core.environment:checking '/home/tribble/me696_2/install/turtlebot3_gazebo/lib/pkgconfig/turtlebot3_gazebo.pc'
[20.315s] Level 1:colcon.colcon_core.environment:checking '/home/tribble/me696_2/install/turtlebot3_gazebo/lib/python3.8/site-packages'
[20.316s] Level 1:colcon.colcon_core.environment:checking '/home/tribble/me696_2/install/turtlebot3_gazebo/bin'
[20.316s] INFO:colcon.colcon_core.shell:Creating package script '/home/tribble/me696_2/install/turtlebot3_gazebo/share/turtlebot3_gazebo/package.ps1'
[20.316s] INFO:colcon.colcon_core.shell:Creating package descriptor '/home/tribble/me696_2/install/turtlebot3_gazebo/share/turtlebot3_gazebo/package.dsv'
[20.317s] INFO:colcon.colcon_core.shell:Creating package script '/home/tribble/me696_2/install/turtlebot3_gazebo/share/turtlebot3_gazebo/package.sh'
[20.317s] INFO:colcon.colcon_core.shell:Creating package script '/home/tribble/me696_2/install/turtlebot3_gazebo/share/turtlebot3_gazebo/package.bash'
[20.317s] INFO:colcon.colcon_core.shell:Creating package script '/home/tribble/me696_2/install/turtlebot3_gazebo/share/turtlebot3_gazebo/package.zsh'
[20.317s] Level 1:colcon.colcon_core.environment:create_file_with_runtime_dependencies(/home/tribble/me696_2/install/turtlebot3_gazebo/share/colcon-core/packages/turtlebot3_gazebo)
[20.318s] INFO:colcon.colcon_ros.task.ament_python.build:Building ROS package in '/home/tribble/me696_2/src/me696_hh2_ws/holmes_nav' with build type 'ament_python'
[20.318s] Level 1:colcon.colcon_core.shell:create_environment_hook('holmes_nav', 'ament_prefix_path')
[20.318s] INFO:colcon.colcon_core.shell:Creating environment hook '/home/tribble/me696_2/install/holmes_nav/share/holmes_nav/hook/ament_prefix_path.ps1'
[20.321s] INFO:colcon.colcon_core.shell:Creating environment descriptor '/home/tribble/me696_2/install/holmes_nav/share/holmes_nav/hook/ament_prefix_path.dsv'
[20.321s] INFO:colcon.colcon_core.shell:Creating environment hook '/home/tribble/me696_2/install/holmes_nav/share/holmes_nav/hook/ament_prefix_path.sh'
[20.322s] INFO:colcon.colcon_core.shell:Skip shell extension 'powershell' for command environment: Not usable outside of PowerShell
[20.322s] DEBUG:colcon.colcon_core.shell:Skip shell extension 'dsv' for command environment
[20.491s] INFO:colcon.colcon_core.task.python.build:Building Python package in '/home/tribble/me696_2/src/me696_hh2_ws/holmes_nav'
[20.492s] INFO:colcon.colcon_core.shell:Skip shell extension 'powershell' for command environment: Not usable outside of PowerShell
[20.492s] DEBUG:colcon.colcon_core.shell:Skip shell extension 'dsv' for command environment
[20.708s] DEBUG:colcon.colcon_core.event_handler.log_command:Invoking command in '/home/tribble/me696_2/src/me696_hh2_ws/holmes_nav': PYTHONPATH=/home/tribble/me696_2/build/holmes_nav/prefix_override:/home/tribble/me696_2/install/holmes_nav/lib/python3.8/site-packages:${PYTHONPATH} /usr/bin/python3 setup.py egg_info --egg-base ../../../build/holmes_nav build --build-base /home/tribble/me696_2/build/holmes_nav/build install --record /home/tribble/me696_2/build/holmes_nav/install.log --install-scripts $base/lib/holmes_nav --single-version-externally-managed
[20.866s] Level 1:colcon.colcon_core.environment:checking '/home/tribble/me696_2/install/holmes_nav' for CMake module files
[20.866s] Level 1:colcon.colcon_core.environment:checking '/home/tribble/me696_2/install/holmes_nav' for CMake config files
[20.867s] Level 1:colcon.colcon_core.environment:checking '/home/tribble/me696_2/install/holmes_nav/lib'
[20.867s] Level 1:colcon.colcon_core.environment:checking '/home/tribble/me696_2/install/holmes_nav/bin'
[20.867s] Level 1:colcon.colcon_core.environment:checking '/home/tribble/me696_2/install/holmes_nav/lib/pkgconfig/holmes_nav.pc'
[20.867s] Level 1:colcon.colcon_core.environment:checking '/home/tribble/me696_2/install/holmes_nav/lib/python3.8/site-packages'
[20.867s] Level 1:colcon.colcon_core.shell:create_environment_hook('holmes_nav', 'pythonpath')
[20.868s] INFO:colcon.colcon_core.shell:Creating environment hook '/home/tribble/me696_2/install/holmes_nav/share/holmes_nav/hook/pythonpath.ps1'
[20.868s] INFO:colcon.colcon_core.shell:Creating environment descriptor '/home/tribble/me696_2/install/holmes_nav/share/holmes_nav/hook/pythonpath.dsv'
[20.868s] INFO:colcon.colcon_core.shell:Creating environment hook '/home/tribble/me696_2/install/holmes_nav/share/holmes_nav/hook/pythonpath.sh'
[20.868s] Level 1:colcon.colcon_core.environment:checking '/home/tribble/me696_2/install/holmes_nav/bin'
[20.868s] Level 1:colcon.colcon_core.environment:create_environment_scripts_only(holmes_nav)
[20.869s] INFO:colcon.colcon_core.shell:Creating package script '/home/tribble/me696_2/install/holmes_nav/share/holmes_nav/package.ps1'
[20.869s] INFO:colcon.colcon_core.shell:Creating package descriptor '/home/tribble/me696_2/install/holmes_nav/share/holmes_nav/package.dsv'
[20.869s] INFO:colcon.colcon_core.shell:Creating package script '/home/tribble/me696_2/install/holmes_nav/share/holmes_nav/package.sh'
[20.870s] INFO:colcon.colcon_core.shell:Creating package script '/home/tribble/me696_2/install/holmes_nav/share/holmes_nav/package.bash'
[20.870s] INFO:colcon.colcon_core.shell:Creating package script '/home/tribble/me696_2/install/holmes_nav/share/holmes_nav/package.zsh'
[20.870s] Level 1:colcon.colcon_core.environment:create_file_with_runtime_dependencies(/home/tribble/me696_2/install/holmes_nav/share/colcon-core/packages/holmes_nav)
[20.870s] INFO:colcon.colcon_ros.task.ament_python.build:Building ROS package in '/home/tribble/me696_2/src/me696_hh2_ws/sample_maps' with build type 'ament_python'
[20.870s] Level 1:colcon.colcon_core.shell:create_environment_hook('sample_maps', 'ament_prefix_path')
[20.871s] INFO:colcon.colcon_core.shell:Creating environment hook '/home/tribble/me696_2/install/sample_maps/share/sample_maps/hook/ament_prefix_path.ps1'
[20.871s] INFO:colcon.colcon_core.shell:Creating environment descriptor '/home/tribble/me696_2/install/sample_maps/share/sample_maps/hook/ament_prefix_path.dsv'
[20.871s] INFO:colcon.colcon_core.shell:Creating environment hook '/home/tribble/me696_2/install/sample_maps/share/sample_maps/hook/ament_prefix_path.sh'
[20.872s] INFO:colcon.colcon_core.shell:Skip shell extension 'powershell' for command environment: Not usable outside of PowerShell
[20.872s] DEBUG:colcon.colcon_core.shell:Skip shell extension 'dsv' for command environment
[20.873s] DEBUG:colcon.colcon_core.event_handler.log_command:Invoked command in '/home/tribble/me696_2/src/me696_hh2_ws/holmes_nav' returned '0': PYTHONPATH=/home/tribble/me696_2/build/holmes_nav/prefix_override:/home/tribble/me696_2/install/holmes_nav/lib/python3.8/site-packages:${PYTHONPATH} /usr/bin/python3 setup.py egg_info --egg-base ../../../build/holmes_nav build --build-base /home/tribble/me696_2/build/holmes_nav/build install --record /home/tribble/me696_2/build/holmes_nav/install.log --install-scripts $base/lib/holmes_nav --single-version-externally-managed
[21.001s] INFO:colcon.colcon_core.task.python.build:Building Python package in '/home/tribble/me696_2/src/me696_hh2_ws/sample_maps'
[21.002s] INFO:colcon.colcon_core.shell:Skip shell extension 'powershell' for command environment: Not usable outside of PowerShell
[21.002s] DEBUG:colcon.colcon_core.shell:Skip shell extension 'dsv' for command environment
[21.218s] DEBUG:colcon.colcon_core.event_handler.log_command:Invoking command in '/home/tribble/me696_2/src/me696_hh2_ws/sample_maps': PYTHONPATH=/home/tribble/me696_2/build/sample_maps/prefix_override:/home/tribble/me696_2/install/sample_maps/lib/python3.8/site-packages:${PYTHONPATH} /usr/bin/python3 setup.py egg_info --egg-base ../../../build/sample_maps build --build-base /home/tribble/me696_2/build/sample_maps/build install --record /home/tribble/me696_2/build/sample_maps/install.log --install-scripts $base/lib/sample_maps --single-version-externally-managed
[21.374s] Level 1:colcon.colcon_core.environment:checking '/home/tribble/me696_2/install/sample_maps' for CMake module files
[21.374s] Level 1:colcon.colcon_core.environment:checking '/home/tribble/me696_2/install/sample_maps' for CMake config files
[21.375s] Level 1:colcon.colcon_core.environment:checking '/home/tribble/me696_2/install/sample_maps/lib'
[21.375s] Level 1:colcon.colcon_core.environment:checking '/home/tribble/me696_2/install/sample_maps/bin'
[21.375s] Level 1:colcon.colcon_core.environment:checking '/home/tribble/me696_2/install/sample_maps/lib/pkgconfig/sample_maps.pc'
[21.375s] Level 1:colcon.colcon_core.environment:checking '/home/tribble/me696_2/install/sample_maps/lib/python3.8/site-packages'
[21.375s] Level 1:colcon.colcon_core.shell:create_environment_hook('sample_maps', 'pythonpath')
[21.376s] INFO:colcon.colcon_core.shell:Creating environment hook '/home/tribble/me696_2/install/sample_maps/share/sample_maps/hook/pythonpath.ps1'
[21.376s] INFO:colcon.colcon_core.shell:Creating environment descriptor '/home/tribble/me696_2/install/sample_maps/share/sample_maps/hook/pythonpath.dsv'
[21.376s] INFO:colcon.colcon_core.shell:Creating environment hook '/home/tribble/me696_2/install/sample_maps/share/sample_maps/hook/pythonpath.sh'
[21.376s] Level 1:colcon.colcon_core.environment:checking '/home/tribble/me696_2/install/sample_maps/bin'
[21.376s] Level 1:colcon.colcon_core.environment:create_environment_scripts_only(sample_maps)
[21.377s] INFO:colcon.colcon_core.shell:Creating package script '/home/tribble/me696_2/install/sample_maps/share/sample_maps/package.ps1'
[21.377s] INFO:colcon.colcon_core.shell:Creating package descriptor '/home/tribble/me696_2/install/sample_maps/share/sample_maps/package.dsv'
[21.377s] INFO:colcon.colcon_core.shell:Creating package script '/home/tribble/me696_2/install/sample_maps/share/sample_maps/package.sh'
[21.378s] INFO:colcon.colcon_core.shell:Creating package script '/home/tribble/me696_2/install/sample_maps/share/sample_maps/package.bash'
[21.378s] INFO:colcon.colcon_core.shell:Creating package script '/home/tribble/me696_2/install/sample_maps/share/sample_maps/package.zsh'
[21.378s] Level 1:colcon.colcon_core.environment:create_file_with_runtime_dependencies(/home/tribble/me696_2/install/sample_maps/share/colcon-core/packages/sample_maps)
[21.378s] INFO:colcon.colcon_ros.task.ament_python.build:Building ROS package in '/home/tribble/me696_2/src/turtlebot3_drlnav/src/turtlebot3_drl' with build type 'ament_python'
[21.378s] Level 1:colcon.colcon_core.shell:create_environment_hook('turtlebot3_drl', 'ament_prefix_path')
[21.379s] INFO:colcon.colcon_core.shell:Creating environment hook '/home/tribble/me696_2/install/turtlebot3_drl/share/turtlebot3_drl/hook/ament_prefix_path.ps1'
[21.379s] INFO:colcon.colcon_core.shell:Creating environment descriptor '/home/tribble/me696_2/install/turtlebot3_drl/share/turtlebot3_drl/hook/ament_prefix_path.dsv'
[21.379s] INFO:colcon.colcon_core.shell:Creating environment hook '/home/tribble/me696_2/install/turtlebot3_drl/share/turtlebot3_drl/hook/ament_prefix_path.sh'
[21.380s] INFO:colcon.colcon_core.shell:Skip shell extension 'powershell' for command environment: Not usable outside of PowerShell
[21.380s] DEBUG:colcon.colcon_core.shell:Skip shell extension 'dsv' for command environment
[21.381s] DEBUG:colcon.colcon_core.event_handler.log_command:Invoked command in '/home/tribble/me696_2/src/me696_hh2_ws/sample_maps' returned '0': PYTHONPATH=/home/tribble/me696_2/build/sample_maps/prefix_override:/home/tribble/me696_2/install/sample_maps/lib/python3.8/site-packages:${PYTHONPATH} /usr/bin/python3 setup.py egg_info --egg-base ../../../build/sample_maps build --build-base /home/tribble/me696_2/build/sample_maps/build install --record /home/tribble/me696_2/build/sample_maps/install.log --install-scripts $base/lib/sample_maps --single-version-externally-managed
[21.510s] INFO:colcon.colcon_core.task.python.build:Building Python package in '/home/tribble/me696_2/src/turtlebot3_drlnav/src/turtlebot3_drl'
[21.511s] INFO:colcon.colcon_core.shell:Skip shell extension 'powershell' for command environment: Not usable outside of PowerShell
[21.511s] DEBUG:colcon.colcon_core.shell:Skip shell extension 'dsv' for command environment
[21.516s] DEBUG:colcon.colcon_core.event_handler.log_command:Invoked command in '/home/tribble/me696_2/build/turtlebot3_fake_node' returned '0': AMENT_PREFIX_PATH=/home/tribble/me696_2/install/turtlebot3_msgs:${AMENT_PREFIX_PATH} CMAKE_PREFIX_PATH=/home/tribble/me696_2/install/turtlebot3_msgs:/opt/ros/foxy LD_LIBRARY_PATH=/home/tribble/me696_2/install/turtlebot3_msgs/lib:${LD_LIBRARY_PATH} PYTHONPATH=/home/tribble/me696_2/install/turtlebot3_msgs/lib/python3.8/site-packages:${PYTHONPATH} /usr/bin/cmake --build /home/tribble/me696_2/build/turtlebot3_fake_node -- -j2 -l2
[21.528s] DEBUG:colcon.colcon_core.event_handler.log_command:Invoking command in '/home/tribble/me696_2/build/turtlebot3_fake_node': AMENT_PREFIX_PATH=/home/tribble/me696_2/install/turtlebot3_msgs:${AMENT_PREFIX_PATH} CMAKE_PREFIX_PATH=/home/tribble/me696_2/install/turtlebot3_msgs:/opt/ros/foxy LD_LIBRARY_PATH=/home/tribble/me696_2/install/turtlebot3_msgs/lib:${LD_LIBRARY_PATH} PYTHONPATH=/home/tribble/me696_2/install/turtlebot3_msgs/lib/python3.8/site-packages:${PYTHONPATH} /usr/bin/cmake --install /home/tribble/me696_2/build/turtlebot3_fake_node
[21.539s] Level 1:colcon.colcon_core.environment:create_environment_scripts_only(turtlebot3_fake_node)
[21.540s] Level 1:colcon.colcon_core.environment:checking '/home/tribble/me696_2/install/turtlebot3_fake_node' for CMake module files
[21.540s] Level 1:colcon.colcon_core.environment:checking '/home/tribble/me696_2/install/turtlebot3_fake_node' for CMake config files
[21.541s] Level 1:colcon.colcon_core.shell:create_environment_hook('turtlebot3_fake_node', 'cmake_prefix_path')
[21.541s] INFO:colcon.colcon_core.shell:Creating environment hook '/home/tribble/me696_2/install/turtlebot3_fake_node/share/turtlebot3_fake_node/hook/cmake_prefix_path.ps1'
[21.542s] INFO:colcon.colcon_core.shell:Creating environment descriptor '/home/tribble/me696_2/install/turtlebot3_fake_node/share/turtlebot3_fake_node/hook/cmake_prefix_path.dsv'
[21.542s] INFO:colcon.colcon_core.shell:Creating environment hook '/home/tribble/me696_2/install/turtlebot3_fake_node/share/turtlebot3_fake_node/hook/cmake_prefix_path.sh'
[21.542s] Level 1:colcon.colcon_core.environment:checking '/home/tribble/me696_2/install/turtlebot3_fake_node/lib'
[21.542s] Level 1:colcon.colcon_core.environment:checking '/home/tribble/me696_2/install/turtlebot3_fake_node/bin'
[21.542s] Level 1:colcon.colcon_core.environment:checking '/home/tribble/me696_2/install/turtlebot3_fake_node/lib/pkgconfig/turtlebot3_fake_node.pc'
[21.542s] Level 1:colcon.colcon_core.environment:checking '/home/tribble/me696_2/install/turtlebot3_fake_node/lib/python3.8/site-packages'
[21.542s] Level 1:colcon.colcon_core.environment:checking '/home/tribble/me696_2/install/turtlebot3_fake_node/bin'
[21.543s] INFO:colcon.colcon_core.shell:Creating package script '/home/tribble/me696_2/install/turtlebot3_fake_node/share/turtlebot3_fake_node/package.ps1'
[21.543s] INFO:colcon.colcon_core.shell:Creating package descriptor '/home/tribble/me696_2/install/turtlebot3_fake_node/share/turtlebot3_fake_node/package.dsv'
[21.543s] INFO:colcon.colcon_core.shell:Creating package script '/home/tribble/me696_2/install/turtlebot3_fake_node/share/turtlebot3_fake_node/package.sh'
[21.544s] DEBUG:colcon.colcon_core.event_handler.log_command:Invoked command in '/home/tribble/me696_2/build/turtlebot3_fake_node' returned '0': AMENT_PREFIX_PATH=/home/tribble/me696_2/install/turtlebot3_msgs:${AMENT_PREFIX_PATH} CMAKE_PREFIX_PATH=/home/tribble/me696_2/install/turtlebot3_msgs:/opt/ros/foxy LD_LIBRARY_PATH=/home/tribble/me696_2/install/turtlebot3_msgs/lib:${LD_LIBRARY_PATH} PYTHONPATH=/home/tribble/me696_2/install/turtlebot3_msgs/lib/python3.8/site-packages:${PYTHONPATH} /usr/bin/cmake --install /home/tribble/me696_2/build/turtlebot3_fake_node
[21.544s] INFO:colcon.colcon_core.shell:Creating package script '/home/tribble/me696_2/install/turtlebot3_fake_node/share/turtlebot3_fake_node/package.bash'
[21.544s] INFO:colcon.colcon_core.shell:Creating package script '/home/tribble/me696_2/install/turtlebot3_fake_node/share/turtlebot3_fake_node/package.zsh'
[21.544s] Level 1:colcon.colcon_core.environment:create_file_with_runtime_dependencies(/home/tribble/me696_2/install/turtlebot3_fake_node/share/colcon-core/packages/turtlebot3_fake_node)
[21.569s] Level 1:colcon.colcon_core.environment:create_environment_scripts_only(turtlebot3_fake_node)
[21.570s] Level 1:colcon.colcon_core.environment:checking '/home/tribble/me696_2/install/turtlebot3_fake_node' for CMake module files
[21.570s] Level 1:colcon.colcon_core.environment:checking '/home/tribble/me696_2/install/turtlebot3_fake_node' for CMake config files
[21.570s] Level 1:colcon.colcon_core.shell:create_environment_hook('turtlebot3_fake_node', 'cmake_prefix_path')
[21.571s] INFO:colcon.colcon_core.shell:Creating environment hook '/home/tribble/me696_2/install/turtlebot3_fake_node/share/turtlebot3_fake_node/hook/cmake_prefix_path.ps1'
[21.571s] INFO:colcon.colcon_core.shell:Creating environment descriptor '/home/tribble/me696_2/install/turtlebot3_fake_node/share/turtlebot3_fake_node/hook/cmake_prefix_path.dsv'
[21.571s] INFO:colcon.colcon_core.shell:Creating environment hook '/home/tribble/me696_2/install/turtlebot3_fake_node/share/turtlebot3_fake_node/hook/cmake_prefix_path.sh'
[21.572s] Level 1:colcon.colcon_core.environment:checking '/home/tribble/me696_2/install/turtlebot3_fake_node/lib'
[21.572s] Level 1:colcon.colcon_core.environment:checking '/home/tribble/me696_2/install/turtlebot3_fake_node/bin'
[21.572s] Level 1:colcon.colcon_core.environment:checking '/home/tribble/me696_2/install/turtlebot3_fake_node/lib/pkgconfig/turtlebot3_fake_node.pc'
[21.572s] Level 1:colcon.colcon_core.environment:checking '/home/tribble/me696_2/install/turtlebot3_fake_node/lib/python3.8/site-packages'
[21.572s] Level 1:colcon.colcon_core.environment:checking '/home/tribble/me696_2/install/turtlebot3_fake_node/bin'
[21.573s] INFO:colcon.colcon_core.shell:Creating package script '/home/tribble/me696_2/install/turtlebot3_fake_node/share/turtlebot3_fake_node/package.ps1'
[21.573s] INFO:colcon.colcon_core.shell:Creating package descriptor '/home/tribble/me696_2/install/turtlebot3_fake_node/share/turtlebot3_fake_node/package.dsv'
[21.573s] INFO:colcon.colcon_core.shell:Creating package script '/home/tribble/me696_2/install/turtlebot3_fake_node/share/turtlebot3_fake_node/package.sh'
[21.574s] INFO:colcon.colcon_core.shell:Creating package script '/home/tribble/me696_2/install/turtlebot3_fake_node/share/turtlebot3_fake_node/package.bash'
[21.574s] INFO:colcon.colcon_core.shell:Creating package script '/home/tribble/me696_2/install/turtlebot3_fake_node/share/turtlebot3_fake_node/package.zsh'
[21.574s] Level 1:colcon.colcon_core.environment:create_file_with_runtime_dependencies(/home/tribble/me696_2/install/turtlebot3_fake_node/share/colcon-core/packages/turtlebot3_fake_node)
[21.575s] INFO:colcon.colcon_ros.task.ament_cmake.build:Building ROS package in '/home/tribble/me696_2/src/turtlebot3_drlnav/src/turtlebot3_simulations/turtlebot3_simulations' with build type 'ament_cmake'
[21.575s] INFO:colcon.colcon_cmake.task.cmake.build:Building CMake package in '/home/tribble/me696_2/src/turtlebot3_drlnav/src/turtlebot3_simulations/turtlebot3_simulations'
[21.576s] INFO:colcon.colcon_core.shell:Skip shell extension 'powershell' for command environment: Not usable outside of PowerShell
[21.576s] DEBUG:colcon.colcon_core.shell:Skip shell extension 'dsv' for command environment
[21.584s] DEBUG:colcon.colcon_core.event_handler.log_command:Invoking command in '/home/tribble/me696_2/build/turtlebot3_simulations': AMENT_PREFIX_PATH=/home/tribble/me696_2/install/turtlebot3_fake_node:/home/tribble/me696_2/install/turtlebot3_msgs:/home/tribble/me696_2/install/turtlebot3_gazebo:${AMENT_PREFIX_PATH} CMAKE_PREFIX_PATH=/home/tribble/me696_2/install/turtlebot3_fake_node:/home/tribble/me696_2/install/turtlebot3_msgs:/home/tribble/me696_2/install/turtlebot3_gazebo:/opt/ros/foxy LD_LIBRARY_PATH=/home/tribble/me696_2/install/turtlebot3_msgs/lib:${LD_LIBRARY_PATH} PYTHONPATH=/home/tribble/me696_2/install/turtlebot3_msgs/lib/python3.8/site-packages:${PYTHONPATH} /usr/bin/cmake /home/tribble/me696_2/src/turtlebot3_drlnav/src/turtlebot3_simulations/turtlebot3_simulations -DCMAKE_INSTALL_PREFIX=/home/tribble/me696_2/install/turtlebot3_simulations
[21.723s] DEBUG:colcon.colcon_core.event_handler.log_command:Invoking command in '/home/tribble/me696_2/src/turtlebot3_drlnav/src/turtlebot3_drl': AMENT_PREFIX_PATH=/home/tribble/me696_2/install/turtlebot3_msgs:${AMENT_PREFIX_PATH} CMAKE_PREFIX_PATH=/home/tribble/me696_2/install/turtlebot3_msgs LD_LIBRARY_PATH=/home/tribble/me696_2/install/turtlebot3_msgs/lib:${LD_LIBRARY_PATH} PYTHONPATH=/home/tribble/me696_2/build/turtlebot3_drl/prefix_override:/home/tribble/me696_2/install/turtlebot3_drl/lib/python3.8/site-packages:/home/tribble/me696_2/install/turtlebot3_msgs/lib/python3.8/site-packages:${PYTHONPATH} /usr/bin/python3 setup.py egg_info --egg-base ../../../../build/turtlebot3_drl build --build-base /home/tribble/me696_2/build/turtlebot3_drl/build install --record /home/tribble/me696_2/build/turtlebot3_drl/install.log --single-version-externally-managed
[21.885s] Level 1:colcon.colcon_core.environment:checking '/home/tribble/me696_2/install/turtlebot3_drl' for CMake module files
[21.885s] Level 1:colcon.colcon_core.environment:checking '/home/tribble/me696_2/install/turtlebot3_drl' for CMake config files
[21.886s] Level 1:colcon.colcon_core.environment:checking '/home/tribble/me696_2/install/turtlebot3_drl/lib'
[21.886s] Level 1:colcon.colcon_core.environment:checking '/home/tribble/me696_2/install/turtlebot3_drl/bin'
[21.886s] Level 1:colcon.colcon_core.environment:checking '/home/tribble/me696_2/install/turtlebot3_drl/lib/pkgconfig/turtlebot3_drl.pc'
[21.886s] Level 1:colcon.colcon_core.environment:checking '/home/tribble/me696_2/install/turtlebot3_drl/lib/python3.8/site-packages'
[21.886s] Level 1:colcon.colcon_core.shell:create_environment_hook('turtlebot3_drl', 'pythonpath')
[21.887s] INFO:colcon.colcon_core.shell:Creating environment hook '/home/tribble/me696_2/install/turtlebot3_drl/share/turtlebot3_drl/hook/pythonpath.ps1'
[21.887s] INFO:colcon.colcon_core.shell:Creating environment descriptor '/home/tribble/me696_2/install/turtlebot3_drl/share/turtlebot3_drl/hook/pythonpath.dsv'
[21.887s] INFO:colcon.colcon_core.shell:Creating environment hook '/home/tribble/me696_2/install/turtlebot3_drl/share/turtlebot3_drl/hook/pythonpath.sh'
[21.887s] Level 1:colcon.colcon_core.environment:checking '/home/tribble/me696_2/install/turtlebot3_drl/bin'
[21.887s] Level 1:colcon.colcon_core.environment:create_environment_scripts_only(turtlebot3_drl)
[21.888s] INFO:colcon.colcon_core.shell:Creating package script '/home/tribble/me696_2/install/turtlebot3_drl/share/turtlebot3_drl/package.ps1'
[21.888s] INFO:colcon.colcon_core.shell:Creating package descriptor '/home/tribble/me696_2/install/turtlebot3_drl/share/turtlebot3_drl/package.dsv'
[21.889s] INFO:colcon.colcon_core.shell:Creating package script '/home/tribble/me696_2/install/turtlebot3_drl/share/turtlebot3_drl/package.sh'
[21.889s] DEBUG:colcon.colcon_core.event_handler.log_command:Invoked command in '/home/tribble/me696_2/src/turtlebot3_drlnav/src/turtlebot3_drl' returned '0': AMENT_PREFIX_PATH=/home/tribble/me696_2/install/turtlebot3_msgs:${AMENT_PREFIX_PATH} CMAKE_PREFIX_PATH=/home/tribble/me696_2/install/turtlebot3_msgs LD_LIBRARY_PATH=/home/tribble/me696_2/install/turtlebot3_msgs/lib:${LD_LIBRARY_PATH} PYTHONPATH=/home/tribble/me696_2/build/turtlebot3_drl/prefix_override:/home/tribble/me696_2/install/turtlebot3_drl/lib/python3.8/site-packages:/home/tribble/me696_2/install/turtlebot3_msgs/lib/python3.8/site-packages:${PYTHONPATH} /usr/bin/python3 setup.py egg_info --egg-base ../../../../build/turtlebot3_drl build --build-base /home/tribble/me696_2/build/turtlebot3_drl/build install --record /home/tribble/me696_2/build/turtlebot3_drl/install.log --single-version-externally-managed
[21.889s] INFO:colcon.colcon_core.shell:Creating package script '/home/tribble/me696_2/install/turtlebot3_drl/share/turtlebot3_drl/package.bash'
[21.889s] INFO:colcon.colcon_core.shell:Creating package script '/home/tribble/me696_2/install/turtlebot3_drl/share/turtlebot3_drl/package.zsh'
[21.890s] Level 1:colcon.colcon_core.environment:create_file_with_runtime_dependencies(/home/tribble/me696_2/install/turtlebot3_drl/share/colcon-core/packages/turtlebot3_drl)
[22.028s] DEBUG:colcon.colcon_core.event_handler.log_command:Invoked command in '/home/tribble/me696_2/build/turtlebot3_simulations' returned '0': AMENT_PREFIX_PATH=/home/tribble/me696_2/install/turtlebot3_fake_node:/home/tribble/me696_2/install/turtlebot3_msgs:/home/tribble/me696_2/install/turtlebot3_gazebo:${AMENT_PREFIX_PATH} CMAKE_PREFIX_PATH=/home/tribble/me696_2/install/turtlebot3_fake_node:/home/tribble/me696_2/install/turtlebot3_msgs:/home/tribble/me696_2/install/turtlebot3_gazebo:/opt/ros/foxy LD_LIBRARY_PATH=/home/tribble/me696_2/install/turtlebot3_msgs/lib:${LD_LIBRARY_PATH} PYTHONPATH=/home/tribble/me696_2/install/turtlebot3_msgs/lib/python3.8/site-packages:${PYTHONPATH} /usr/bin/cmake /home/tribble/me696_2/src/turtlebot3_drlnav/src/turtlebot3_simulations/turtlebot3_simulations -DCMAKE_INSTALL_PREFIX=/home/tribble/me696_2/install/turtlebot3_simulations
[22.028s] DEBUG:colcon.colcon_core.event_handler.log_command:Invoking command in '/home/tribble/me696_2/build/turtlebot3_simulations': AMENT_PREFIX_PATH=/home/tribble/me696_2/install/turtlebot3_fake_node:/home/tribble/me696_2/install/turtlebot3_msgs:/home/tribble/me696_2/install/turtlebot3_gazebo:${AMENT_PREFIX_PATH} CMAKE_PREFIX_PATH=/home/tribble/me696_2/install/turtlebot3_fake_node:/home/tribble/me696_2/install/turtlebot3_msgs:/home/tribble/me696_2/install/turtlebot3_gazebo:/opt/ros/foxy LD_LIBRARY_PATH=/home/tribble/me696_2/install/turtlebot3_msgs/lib:${LD_LIBRARY_PATH} PYTHONPATH=/home/tribble/me696_2/install/turtlebot3_msgs/lib/python3.8/site-packages:${PYTHONPATH} /usr/bin/cmake --build /home/tribble/me696_2/build/turtlebot3_simulations -- -j2 -l2
[22.049s] DEBUG:colcon.colcon_core.event_handler.log_command:Invoked command in '/home/tribble/me696_2/build/turtlebot3_simulations' returned '0': AMENT_PREFIX_PATH=/home/tribble/me696_2/install/turtlebot3_fake_node:/home/tribble/me696_2/install/turtlebot3_msgs:/home/tribble/me696_2/install/turtlebot3_gazebo:${AMENT_PREFIX_PATH} CMAKE_PREFIX_PATH=/home/tribble/me696_2/install/turtlebot3_fake_node:/home/tribble/me696_2/install/turtlebot3_msgs:/home/tribble/me696_2/install/turtlebot3_gazebo:/opt/ros/foxy LD_LIBRARY_PATH=/home/tribble/me696_2/install/turtlebot3_msgs/lib:${LD_LIBRARY_PATH} PYTHONPATH=/home/tribble/me696_2/install/turtlebot3_msgs/lib/python3.8/site-packages:${PYTHONPATH} /usr/bin/cmake --build /home/tribble/me696_2/build/turtlebot3_simulations -- -j2 -l2
[22.059s] DEBUG:colcon.colcon_core.event_handler.log_command:Invoking command in '/home/tribble/me696_2/build/turtlebot3_simulations': AMENT_PREFIX_PATH=/home/tribble/me696_2/install/turtlebot3_fake_node:/home/tribble/me696_2/install/turtlebot3_msgs:/home/tribble/me696_2/install/turtlebot3_gazebo:${AMENT_PREFIX_PATH} CMAKE_PREFIX_PATH=/home/tribble/me696_2/install/turtlebot3_fake_node:/home/tribble/me696_2/install/turtlebot3_msgs:/home/tribble/me696_2/install/turtlebot3_gazebo:/opt/ros/foxy LD_LIBRARY_PATH=/home/tribble/me696_2/install/turtlebot3_msgs/lib:${LD_LIBRARY_PATH} PYTHONPATH=/home/tribble/me696_2/install/turtlebot3_msgs/lib/python3.8/site-packages:${PYTHONPATH} /usr/bin/cmake --install /home/tribble/me696_2/build/turtlebot3_simulations
[22.065s] Level 1:colcon.colcon_core.environment:create_environment_scripts_only(turtlebot3_simulations)
[22.067s] Level 1:colcon.colcon_core.environment:checking '/home/tribble/me696_2/install/turtlebot3_simulations' for CMake module files
[22.067s] Level 1:colcon.colcon_core.environment:checking '/home/tribble/me696_2/install/turtlebot3_simulations' for CMake config files
[22.067s] Level 1:colcon.colcon_core.shell:create_environment_hook('turtlebot3_simulations', 'cmake_prefix_path')
[22.068s] INFO:colcon.colcon_core.shell:Creating environment hook '/home/tribble/me696_2/install/turtlebot3_simulations/share/turtlebot3_simulations/hook/cmake_prefix_path.ps1'
[22.068s] INFO:colcon.colcon_core.shell:Creating environment descriptor '/home/tribble/me696_2/install/turtlebot3_simulations/share/turtlebot3_simulations/hook/cmake_prefix_path.dsv'
[22.069s] INFO:colcon.colcon_core.shell:Creating environment hook '/home/tribble/me696_2/install/turtlebot3_simulations/share/turtlebot3_simulations/hook/cmake_prefix_path.sh'
[22.069s] DEBUG:colcon.colcon_core.event_handler.log_command:Invoked command in '/home/tribble/me696_2/build/turtlebot3_simulations' returned '0': AMENT_PREFIX_PATH=/home/tribble/me696_2/install/turtlebot3_fake_node:/home/tribble/me696_2/install/turtlebot3_msgs:/home/tribble/me696_2/install/turtlebot3_gazebo:${AMENT_PREFIX_PATH} CMAKE_PREFIX_PATH=/home/tribble/me696_2/install/turtlebot3_fake_node:/home/tribble/me696_2/install/turtlebot3_msgs:/home/tribble/me696_2/install/turtlebot3_gazebo:/opt/ros/foxy LD_LIBRARY_PATH=/home/tribble/me696_2/install/turtlebot3_msgs/lib:${LD_LIBRARY_PATH} PYTHONPATH=/home/tribble/me696_2/install/turtlebot3_msgs/lib/python3.8/site-packages:${PYTHONPATH} /usr/bin/cmake --install /home/tribble/me696_2/build/turtlebot3_simulations
[22.069s] Level 1:colcon.colcon_core.environment:checking '/home/tribble/me696_2/install/turtlebot3_simulations/bin'
[22.069s] Level 1:colcon.colcon_core.environment:checking '/home/tribble/me696_2/install/turtlebot3_simulations/lib/pkgconfig/turtlebot3_simulations.pc'
[22.069s] Level 1:colcon.colcon_core.environment:checking '/home/tribble/me696_2/install/turtlebot3_simulations/lib/python3.8/site-packages'
[22.069s] Level 1:colcon.colcon_core.environment:checking '/home/tribble/me696_2/install/turtlebot3_simulations/bin'
[22.070s] INFO:colcon.colcon_core.shell:Creating package script '/home/tribble/me696_2/install/turtlebot3_simulations/share/turtlebot3_simulations/package.ps1'
[22.070s] INFO:colcon.colcon_core.shell:Creating package descriptor '/home/tribble/me696_2/install/turtlebot3_simulations/share/turtlebot3_simulations/package.dsv'
[22.070s] INFO:colcon.colcon_core.shell:Creating package script '/home/tribble/me696_2/install/turtlebot3_simulations/share/turtlebot3_simulations/package.sh'
[22.071s] INFO:colcon.colcon_core.shell:Creating package script '/home/tribble/me696_2/install/turtlebot3_simulations/share/turtlebot3_simulations/package.bash'
[22.071s] INFO:colcon.colcon_core.shell:Creating package script '/home/tribble/me696_2/install/turtlebot3_simulations/share/turtlebot3_simulations/package.zsh'
[22.071s] Level 1:colcon.colcon_core.environment:create_file_with_runtime_dependencies(/home/tribble/me696_2/install/turtlebot3_simulations/share/colcon-core/packages/turtlebot3_simulations)
[22.083s] Level 1:colcon.colcon_core.environment:create_environment_scripts_only(turtlebot3_simulations)
[22.084s] Level 1:colcon.colcon_core.environment:checking '/home/tribble/me696_2/install/turtlebot3_simulations' for CMake module files
[22.084s] Level 1:colcon.colcon_core.environment:checking '/home/tribble/me696_2/install/turtlebot3_simulations' for CMake config files
[22.084s] Level 1:colcon.colcon_core.shell:create_environment_hook('turtlebot3_simulations', 'cmake_prefix_path')
[22.085s] INFO:colcon.colcon_core.shell:Creating environment hook '/home/tribble/me696_2/install/turtlebot3_simulations/share/turtlebot3_simulations/hook/cmake_prefix_path.ps1'
[22.085s] INFO:colcon.colcon_core.shell:Creating environment descriptor '/home/tribble/me696_2/install/turtlebot3_simulations/share/turtlebot3_simulations/hook/cmake_prefix_path.dsv'
[22.086s] INFO:colcon.colcon_core.shell:Creating environment hook '/home/tribble/me696_2/install/turtlebot3_simulations/share/turtlebot3_simulations/hook/cmake_prefix_path.sh'
[22.086s] Level 1:colcon.colcon_core.environment:checking '/home/tribble/me696_2/install/turtlebot3_simulations/bin'
[22.086s] Level 1:colcon.colcon_core.environment:checking '/home/tribble/me696_2/install/turtlebot3_simulations/lib/pkgconfig/turtlebot3_simulations.pc'
[22.086s] Level 1:colcon.colcon_core.environment:checking '/home/tribble/me696_2/install/turtlebot3_simulations/lib/python3.8/site-packages'
[22.086s] Level 1:colcon.colcon_core.environment:checking '/home/tribble/me696_2/install/turtlebot3_simulations/bin'
[22.087s] INFO:colcon.colcon_core.shell:Creating package script '/home/tribble/me696_2/install/turtlebot3_simulations/share/turtlebot3_simulations/package.ps1'
[22.087s] INFO:colcon.colcon_core.shell:Creating package descriptor '/home/tribble/me696_2/install/turtlebot3_simulations/share/turtlebot3_simulations/package.dsv'
[22.088s] INFO:colcon.colcon_core.shell:Creating package script '/home/tribble/me696_2/install/turtlebot3_simulations/share/turtlebot3_simulations/package.sh'
[22.088s] INFO:colcon.colcon_core.shell:Creating package script '/home/tribble/me696_2/install/turtlebot3_simulations/share/turtlebot3_simulations/package.bash'
[22.088s] INFO:colcon.colcon_core.shell:Creating package script '/home/tribble/me696_2/install/turtlebot3_simulations/share/turtlebot3_simulations/package.zsh'
[22.088s] Level 1:colcon.colcon_core.environment:create_file_with_runtime_dependencies(/home/tribble/me696_2/install/turtlebot3_simulations/share/colcon-core/packages/turtlebot3_simulations)
[22.089s] DEBUG:colcon.colcon_parallel_executor.executor.parallel:closing loop
[22.089s] DEBUG:colcon.colcon_parallel_executor.executor.parallel:loop closed
[22.089s] DEBUG:colcon.colcon_parallel_executor.executor.parallel:run_until_complete finished with '0'
[22.089s] DEBUG:colcon.colcon_core.event_reactor:joining thread
[22.094s] INFO:colcon.colcon_core.plugin_system:Skipping extension 'colcon_notification.desktop_notification.terminal_notifier': Not used on non-Darwin systems
[22.094s] INFO:colcon.colcon_core.plugin_system:Skipping extension 'colcon_notification.desktop_notification.win32': Not used on non-Windows systems
[22.095s] INFO:colcon.colcon_notification.desktop_notification:Sending desktop notification using 'notify2'
[22.108s] DEBUG:colcon.colcon_core.event_reactor:joined thread
[22.109s] INFO:colcon.colcon_core.shell:Creating prefix script '/home/tribble/me696_2/install/local_setup.ps1'
[22.110s] INFO:colcon.colcon_core.shell:Creating prefix util module '/home/tribble/me696_2/install/_local_setup_util_ps1.py'
[22.111s] INFO:colcon.colcon_core.shell:Creating prefix chain script '/home/tribble/me696_2/install/setup.ps1'
[22.112s] INFO:colcon.colcon_core.shell:Creating prefix script '/home/tribble/me696_2/install/local_setup.sh'
[22.112s] INFO:colcon.colcon_core.shell:Creating prefix util module '/home/tribble/me696_2/install/_local_setup_util_sh.py'
[22.112s] INFO:colcon.colcon_core.shell:Creating prefix chain script '/home/tribble/me696_2/install/setup.sh'
[22.113s] INFO:colcon.colcon_core.shell:Creating prefix script '/home/tribble/me696_2/install/local_setup.bash'
[22.113s] INFO:colcon.colcon_core.shell:Creating prefix chain script '/home/tribble/me696_2/install/setup.bash'
[22.114s] INFO:colcon.colcon_core.shell:Creating prefix script '/home/tribble/me696_2/install/local_setup.zsh'
[22.114s] INFO:colcon.colcon_core.shell:Creating prefix chain script '/home/tribble/me696_2/install/setup.zsh'
