[0.533s] Invoking command in '/home/tribble/me696_2/src/me696_hh2_ws/holmes_nav': PYTHONPATH=/home/tribble/me696_2/build/holmes_nav/prefix_override:/home/tribble/me696_2/install/holmes_nav/lib/python3.8/site-packages:${PYTHONPATH} /usr/bin/python3 setup.py egg_info --egg-base ../../../build/holmes_nav build --build-base /home/tribble/me696_2/build/holmes_nav/build install --record /home/tribble/me696_2/build/holmes_nav/install.log --install-scripts $base/lib/holmes_nav --single-version-externally-managed
[0.699s] running egg_info
[0.700s] writing ../../../build/holmes_nav/holmes_nav.egg-info/PKG-INFO
[0.700s] writing dependency_links to ../../../build/holmes_nav/holmes_nav.egg-info/dependency_links.txt
[0.701s] writing entry points to ../../../build/holmes_nav/holmes_nav.egg-info/entry_points.txt
[0.701s] writing requirements to ../../../build/holmes_nav/holmes_nav.egg-info/requires.txt
[0.701s] writing top-level names to ../../../build/holmes_nav/holmes_nav.egg-info/top_level.txt
[0.746s] reading manifest file '../../../build/holmes_nav/holmes_nav.egg-info/SOURCES.txt'
[0.747s] writing manifest file '../../../build/holmes_nav/holmes_nav.egg-info/SOURCES.txt'
[0.748s] running build
[0.748s] running build_py
[0.748s] running install
[0.749s] running install_lib
[0.752s] running install_data
[0.754s] running install_egg_info
[0.757s] removing '/home/tribble/me696_2/install/holmes_nav/lib/python3.8/site-packages/holmes_nav-0.0.0-py3.8.egg-info' (and everything under it)
[0.757s] Copying ../../../build/holmes_nav/holmes_nav.egg-info to /home/tribble/me696_2/install/holmes_nav/lib/python3.8/site-packages/holmes_nav-0.0.0-py3.8.egg-info
[0.757s] running install_scripts
[0.779s] Installing hh2_node script to /home/tribble/me696_2/install/holmes_nav/lib/holmes_nav
[0.780s] writing list of installed files to '/home/tribble/me696_2/build/holmes_nav/install.log'
[0.802s] Invoked command in '/home/tribble/me696_2/src/me696_hh2_ws/holmes_nav' returned '0': PYTHONPATH=/home/tribble/me696_2/build/holmes_nav/prefix_override:/home/tribble/me696_2/install/holmes_nav/lib/python3.8/site-packages:${PYTHONPATH} /usr/bin/python3 setup.py egg_info --egg-base ../../../build/holmes_nav build --build-base /home/tribble/me696_2/build/holmes_nav/build install --record /home/tribble/me696_2/build/holmes_nav/install.log --install-scripts $base/lib/holmes_nav --single-version-externally-managed
